

================================================================
== Vitis HLS Report for 'relu_array_ap_fixed_10u_array_ap_fixed_20_10_5_3_0_10u_relu_config5_s'
================================================================
* Date:           Fri Oct 10 23:12:25 2025

* Version:        2023.2 (Build 4023990 on Oct 11 2023)
* Project:        myproject_prj
* Solution:       solution1 (Vivado IP Flow Target)
* Product family: kintexuplus
* Target device:  xcku5p-ffvb676-2-e


================================================================
== Performance Estimates
================================================================
+ Timing: 
    * Summary: 
    +--------+---------+----------+------------+
    |  Clock |  Target | Estimated| Uncertainty|
    +--------+---------+----------+------------+
    |ap_clk  |  5.00 ns|  2.961 ns|     0.62 ns|
    +--------+---------+----------+------------+

+ Latency: 
    * Summary: 
    +---------+---------+----------+----------+-----+-----+---------+
    |  Latency (cycles) |  Latency (absolute) |  Interval | Pipeline|
    |   min   |   max   |    min   |    max   | min | max |   Type  |
    +---------+---------+----------+----------+-----+-----+---------+
    |      241|      241|  1.205 us|  1.205 us|  241|  241|       no|
    +---------+---------+----------+----------+-----+-----+---------+

    + Detail: 
        * Instance: 
        N/A

        * Loop: 
        +---------------+---------+---------+----------+-----------+-----------+------+----------+
        |               |  Latency (cycles) | Iteration|  Initiation Interval  | Trip |          |
        |   Loop Name   |   min   |   max   |  Latency |  achieved |   target  | Count| Pipelined|
        +---------------+---------+---------+----------+-----------+-----------+------+----------+
        |- ReLUActLoop  |      239|      239|         3|          1|          1|   238|       yes|
        +---------------+---------+---------+----------+-----------+-----------+------+----------+



================================================================
== Utilization Estimates
================================================================
* Summary: 
+-----------------+---------+------+--------+--------+-----+
|       Name      | BRAM_18K|  DSP |   FF   |   LUT  | URAM|
+-----------------+---------+------+--------+--------+-----+
|DSP              |        -|     -|       -|       -|    -|
|Expression       |        -|     -|       0|     505|    -|
|FIFO             |        -|     -|       -|       -|    -|
|Instance         |        -|     -|       -|       -|    -|
|Memory           |        -|     -|       -|       -|    -|
|Multiplexer      |        -|     -|       -|      54|    -|
|Register         |        -|     -|     212|       -|    -|
+-----------------+---------+------+--------+--------+-----+
|Total            |        0|     0|     212|     559|    0|
+-----------------+---------+------+--------+--------+-----+
|Available        |      960|  1824|  433920|  216960|   64|
+-----------------+---------+------+--------+--------+-----+
|Utilization (%)  |        0|     0|      ~0|      ~0|    0|
+-----------------+---------+------+--------+--------+-----+

+ Detail: 
    * Instance: 
    N/A

    * DSP: 
    N/A

    * Memory: 
    N/A

    * FIFO: 
    N/A

    * Expression: 
    +---------------------------+----------+----+---+----+------------+------------+
    |       Variable Name       | Operation| DSP| FF| LUT| Bitwidth P0| Bitwidth P1|
    +---------------------------+----------+----+---+----+------------+------------+
    |i_4_fu_199_p2              |         +|   0|  0|  15|           8|           1|
    |ap_condition_159           |       and|   0|  0|   2|           1|           1|
    |icmp_ln41_fu_193_p2        |      icmp|   0|  0|  15|           8|           6|
    |icmp_ln51_20_fu_340_p2     |      icmp|   0|  0|  27|          20|           1|
    |icmp_ln51_21_fu_382_p2     |      icmp|   0|  0|  27|          20|           1|
    |icmp_ln51_22_fu_424_p2     |      icmp|   0|  0|  27|          20|           1|
    |icmp_ln51_23_fu_466_p2     |      icmp|   0|  0|  27|          20|           1|
    |icmp_ln51_24_fu_508_p2     |      icmp|   0|  0|  27|          20|           1|
    |icmp_ln51_25_fu_550_p2     |      icmp|   0|  0|  27|          20|           1|
    |icmp_ln51_26_fu_592_p2     |      icmp|   0|  0|  27|          20|           1|
    |icmp_ln51_27_fu_634_p2     |      icmp|   0|  0|  27|          20|           1|
    |icmp_ln51_28_fu_676_p2     |      icmp|   0|  0|  27|          20|           1|
    |icmp_ln51_fu_304_p2        |      icmp|   0|  0|  27|          20|           1|
    |ap_block_pp0_stage0_01001  |        or|   0|  0|   2|           1|           1|
    |select_ln51_60_fu_332_p3   |    select|   0|  0|   3|           1|           3|
    |select_ln51_61_fu_366_p3   |    select|   0|  0|   8|           1|           8|
    |select_ln51_62_fu_374_p3   |    select|   0|  0|   4|           1|           4|
    |select_ln51_63_fu_408_p3   |    select|   0|  0|   8|           1|           8|
    |select_ln51_64_fu_416_p3   |    select|   0|  0|   4|           1|           4|
    |select_ln51_65_fu_450_p3   |    select|   0|  0|   8|           1|           8|
    |select_ln51_66_fu_458_p3   |    select|   0|  0|   4|           1|           4|
    |select_ln51_67_fu_492_p3   |    select|   0|  0|   8|           1|           8|
    |select_ln51_68_fu_500_p3   |    select|   0|  0|   4|           1|           4|
    |select_ln51_69_fu_534_p3   |    select|   0|  0|   8|           1|           8|
    |select_ln51_70_fu_542_p3   |    select|   0|  0|   4|           1|           4|
    |select_ln51_71_fu_576_p3   |    select|   0|  0|   8|           1|           8|
    |select_ln51_72_fu_584_p3   |    select|   0|  0|   4|           1|           4|
    |select_ln51_73_fu_618_p3   |    select|   0|  0|   8|           1|           8|
    |select_ln51_74_fu_626_p3   |    select|   0|  0|   4|           1|           4|
    |select_ln51_75_fu_660_p3   |    select|   0|  0|   8|           1|           8|
    |select_ln51_76_fu_668_p3   |    select|   0|  0|   4|           1|           4|
    |select_ln51_77_fu_702_p3   |    select|   0|  0|   8|           1|           8|
    |select_ln51_78_fu_710_p3   |    select|   0|  0|   4|           1|           4|
    |select_ln51_79_fu_728_p3   |    select|   0|  0|   8|           1|           8|
    |select_ln51_80_fu_746_p3   |    select|   0|  0|   8|           1|           8|
    |select_ln51_81_fu_764_p3   |    select|   0|  0|   8|           1|           8|
    |select_ln51_82_fu_782_p3   |    select|   0|  0|   8|           1|           8|
    |select_ln51_83_fu_800_p3   |    select|   0|  0|   8|           1|           8|
    |select_ln51_84_fu_818_p3   |    select|   0|  0|   8|           1|           8|
    |select_ln51_85_fu_836_p3   |    select|   0|  0|   8|           1|           8|
    |select_ln51_86_fu_854_p3   |    select|   0|  0|   8|           1|           8|
    |select_ln51_87_fu_872_p3   |    select|   0|  0|   8|           1|           8|
    |select_ln51_88_fu_890_p3   |    select|   0|  0|   8|           1|           8|
    |select_ln51_fu_324_p3      |    select|   0|  0|   8|           1|           8|
    |ap_enable_pp0              |       xor|   0|  0|   2|           1|           2|
    +---------------------------+----------+----+---+----+------------+------------+
    |Total                      |          |   0|  0| 505|         249|         220|
    +---------------------------+----------+----+---+----+------------+------------+

    * Multiplexer: 
    +-------------------------+----+-----------+-----+-----------+
    |           Name          | LUT| Input Size| Bits| Total Bits|
    +-------------------------+----+-----------+-----+-----------+
    |ap_done_int              |   9|          2|    1|          2|
    |ap_enable_reg_pp0_iter1  |   9|          2|    1|          2|
    |ap_sig_allocacmp_i_3     |   9|          2|    8|         16|
    |i_fu_168                 |   9|          2|    8|         16|
    |layer4_out_blk_n         |   9|          2|    1|          2|
    |layer5_out_blk_n         |   9|          2|    1|          2|
    +-------------------------+----+-----------+-----+-----------+
    |Total                    |  54|         12|   20|         40|
    +-------------------------+----+-----------+-----+-----------+

    * Register: 
    +----------------------------------+---+----+-----+-----------+
    |               Name               | FF| LUT| Bits| Const Bits|
    +----------------------------------+---+----+-----+-----------+
    |ap_CS_fsm                         |  1|   0|    1|          0|
    |ap_done_reg                       |  1|   0|    1|          0|
    |ap_enable_reg_pp0_iter1           |  1|   0|    1|          0|
    |ap_enable_reg_pp0_iter2           |  1|   0|    1|          0|
    |ap_loop_exit_ready_pp0_iter1_reg  |  1|   0|    1|          0|
    |i_fu_168                          |  8|   0|    8|          0|
    |select_ln51_60_reg_953            |  3|   0|    3|          0|
    |select_ln51_61_reg_958            |  8|   0|    8|          0|
    |select_ln51_62_reg_963            |  4|   0|    4|          0|
    |select_ln51_63_reg_968            |  8|   0|    8|          0|
    |select_ln51_64_reg_973            |  4|   0|    4|          0|
    |select_ln51_65_reg_978            |  8|   0|    8|          0|
    |select_ln51_66_reg_983            |  4|   0|    4|          0|
    |select_ln51_67_reg_988            |  8|   0|    8|          0|
    |select_ln51_68_reg_993            |  4|   0|    4|          0|
    |select_ln51_69_reg_998            |  8|   0|    8|          0|
    |select_ln51_70_reg_1003           |  4|   0|    4|          0|
    |select_ln51_71_reg_1008           |  8|   0|    8|          0|
    |select_ln51_72_reg_1013           |  4|   0|    4|          0|
    |select_ln51_73_reg_1018           |  8|   0|    8|          0|
    |select_ln51_74_reg_1023           |  4|   0|    4|          0|
    |select_ln51_75_reg_1028           |  8|   0|    8|          0|
    |select_ln51_76_reg_1033           |  4|   0|    4|          0|
    |select_ln51_77_reg_1038           |  8|   0|    8|          0|
    |select_ln51_78_reg_1043           |  4|   0|    4|          0|
    |select_ln51_79_reg_1048           |  8|   0|    8|          0|
    |select_ln51_80_reg_1053           |  8|   0|    8|          0|
    |select_ln51_81_reg_1058           |  8|   0|    8|          0|
    |select_ln51_82_reg_1063           |  8|   0|    8|          0|
    |select_ln51_83_reg_1068           |  8|   0|    8|          0|
    |select_ln51_84_reg_1073           |  8|   0|    8|          0|
    |select_ln51_85_reg_1078           |  8|   0|    8|          0|
    |select_ln51_86_reg_1083           |  8|   0|    8|          0|
    |select_ln51_87_reg_1088           |  8|   0|    8|          0|
    |select_ln51_88_reg_1093           |  8|   0|    8|          0|
    |select_ln51_reg_948               |  8|   0|    8|          0|
    +----------------------------------+---+----+-----+-----------+
    |Total                             |212|   0|  212|          0|
    +----------------------------------+---+----+-----+-----------+



================================================================
== Interface
================================================================
* Summary: 
+---------------------------+-----+-----+------------+-------------------------------------------------------------------------+--------------+
|         RTL Ports         | Dir | Bits|  Protocol  |                              Source Object                              |    C Type    |
+---------------------------+-----+-----+------------+-------------------------------------------------------------------------+--------------+
|ap_clk                     |   in|    1|  ap_ctrl_hs|  relu<array<ap_fixed,10u>,array<ap_fixed<20,10,5,3,0>,10u>,relu_config5>|  return value|
|ap_rst                     |   in|    1|  ap_ctrl_hs|  relu<array<ap_fixed,10u>,array<ap_fixed<20,10,5,3,0>,10u>,relu_config5>|  return value|
|ap_start                   |   in|    1|  ap_ctrl_hs|  relu<array<ap_fixed,10u>,array<ap_fixed<20,10,5,3,0>,10u>,relu_config5>|  return value|
|ap_done                    |  out|    1|  ap_ctrl_hs|  relu<array<ap_fixed,10u>,array<ap_fixed<20,10,5,3,0>,10u>,relu_config5>|  return value|
|ap_continue                |   in|    1|  ap_ctrl_hs|  relu<array<ap_fixed,10u>,array<ap_fixed<20,10,5,3,0>,10u>,relu_config5>|  return value|
|ap_idle                    |  out|    1|  ap_ctrl_hs|  relu<array<ap_fixed,10u>,array<ap_fixed<20,10,5,3,0>,10u>,relu_config5>|  return value|
|ap_ready                   |  out|    1|  ap_ctrl_hs|  relu<array<ap_fixed,10u>,array<ap_fixed<20,10,5,3,0>,10u>,relu_config5>|  return value|
|layer4_out_dout            |   in|  200|     ap_fifo|                                                               layer4_out|       pointer|
|layer4_out_num_data_valid  |   in|    9|     ap_fifo|                                                               layer4_out|       pointer|
|layer4_out_fifo_cap        |   in|    9|     ap_fifo|                                                               layer4_out|       pointer|
|layer4_out_empty_n         |   in|    1|     ap_fifo|                                                               layer4_out|       pointer|
|layer4_out_read            |  out|    1|     ap_fifo|                                                               layer4_out|       pointer|
|layer5_out_din             |  out|  200|     ap_fifo|                                                               layer5_out|       pointer|
|layer5_out_num_data_valid  |   in|    9|     ap_fifo|                                                               layer5_out|       pointer|
|layer5_out_fifo_cap        |   in|    9|     ap_fifo|                                                               layer5_out|       pointer|
|layer5_out_full_n          |   in|    1|     ap_fifo|                                                               layer5_out|       pointer|
|layer5_out_write           |  out|    1|     ap_fifo|                                                               layer5_out|       pointer|
+---------------------------+-----+-----+------------+-------------------------------------------------------------------------+--------------+

