Copyright 1986-2022 Xilinx, Inc. All Rights Reserved. Copyright 2022-2023 Advanced Micro Devices, Inc. All Rights Reserved.
---------------------------------------------------------------------------------------------------------------------------------------------
| Tool Version : Vivado v.2023.2 (lin64) Build 4029153 Fri Oct 13 20:13:54 MDT 2023
| Date         : Tue Oct 14 15:44:33 2025
| Host         : dhcp-172-31-232-100.mobile.uci.edu running 64-bit unknown
| Command      : report_utilization -file CNN4HW_TOP_utilization_placed.rpt -pb CNN4HW_TOP_utilization_placed.pb
| Design       : CNN4HW_TOP
| Device       : xcku5p-ffvb676-2-e
| Speed File   : -2
| Design State : Fully Placed
---------------------------------------------------------------------------------------------------------------------------------------------

Utilization Design Information

Table of Contents
-----------------
1. CLB Logic
1.1 Summary of Registers by Type
2. CLB Logic Distribution
3. BLOCKRAM
4. ARITHMETIC
5. I/O
6. CLOCK
7. ADVANCED
8. CONFIGURATION
9. Primitives
10. Black Boxes
11. Instantiated Netlists

1. CLB Logic
------------

+----------------------------+-------+-------+------------+-----------+-------+
|          Site Type         |  Used | Fixed | Prohibited | Available | Util% |
+----------------------------+-------+-------+------------+-----------+-------+
| CLB LUTs                   | 97648 |     0 |          0 |    216960 | 45.01 |
|   LUT as Logic             | 97264 |     0 |          0 |    216960 | 44.83 |
|   LUT as Memory            |   384 |     0 |          0 |     99840 |  0.38 |
|     LUT as Distributed RAM |     0 |     0 |            |           |       |
|     LUT as Shift Register  |   384 |     0 |            |           |       |
| CLB Registers              | 96435 |     0 |          0 |    433920 | 22.22 |
|   Register as Flip Flop    | 96435 |     0 |          0 |    433920 | 22.22 |
|   Register as Latch        |     0 |     0 |          0 |    433920 |  0.00 |
| CARRY8                     | 10293 |     0 |          0 |     27120 | 37.95 |
| F7 Muxes                   |    28 |     0 |          0 |    108480 |  0.03 |
| F8 Muxes                   |     0 |     0 |          0 |     54240 |  0.00 |
| F9 Muxes                   |     0 |     0 |          0 |     27120 |  0.00 |
+----------------------------+-------+-------+------------+-----------+-------+
* Warning! LUT value is adjusted to account for LUT combining.


1.1 Summary of Registers by Type
--------------------------------

+-------+--------------+-------------+--------------+
| Total | Clock Enable | Synchronous | Asynchronous |
+-------+--------------+-------------+--------------+
| 0     |            _ |           - |            - |
| 0     |            _ |           - |          Set |
| 0     |            _ |           - |        Reset |
| 0     |            _ |         Set |            - |
| 0     |            _ |       Reset |            - |
| 0     |          Yes |           - |            - |
| 0     |          Yes |           - |          Set |
| 2     |          Yes |           - |        Reset |
| 36    |          Yes |         Set |            - |
| 96397 |          Yes |       Reset |            - |
+-------+--------------+-------------+--------------+


2. CLB Logic Distribution
-------------------------

+--------------------------------------------+-------+-------+------------+-----------+-------+
|                  Site Type                 |  Used | Fixed | Prohibited | Available | Util% |
+--------------------------------------------+-------+-------+------------+-----------+-------+
| CLB                                        | 22534 |     0 |          0 |     27120 | 83.09 |
|   CLBL                                     | 12062 |     0 |            |           |       |
|   CLBM                                     | 10472 |     0 |            |           |       |
| LUT as Logic                               | 97264 |     0 |          0 |    216960 | 44.83 |
|   using O5 output only                     |    56 |       |            |           |       |
|   using O6 output only                     | 81656 |       |            |           |       |
|   using O5 and O6                          | 15552 |       |            |           |       |
| LUT as Memory                              |   384 |     0 |          0 |     99840 |  0.38 |
|   LUT as Distributed RAM                   |     0 |     0 |            |           |       |
|   LUT as Shift Register                    |   384 |     0 |            |           |       |
|     using O5 output only                   |     0 |       |            |           |       |
|     using O6 output only                   |   384 |       |            |           |       |
|     using O5 and O6                        |     0 |       |            |           |       |
| CLB Registers                              | 96435 |     0 |          0 |    433920 | 22.22 |
|   Register driven from within the CLB      | 38661 |       |            |           |       |
|   Register driven from outside the CLB     | 57774 |       |            |           |       |
|     LUT in front of the register is unused | 39007 |       |            |           |       |
|     LUT in front of the register is used   | 18767 |       |            |           |       |
| Unique Control Sets                        |   593 |       |          0 |     54240 |  1.09 |
+--------------------------------------------+-------+-------+------------+-----------+-------+
* * Note: Available Control Sets calculated as Slices * 2, Review the Control Sets Report for more information regarding control sets.


3. BLOCKRAM
-----------

+-------------------+------+-------+------------+-----------+-------+
|     Site Type     | Used | Fixed | Prohibited | Available | Util% |
+-------------------+------+-------+------------+-----------+-------+
| Block RAM Tile    | 11.5 |     0 |          0 |       480 |  2.40 |
|   RAMB36/FIFO*    |   10 |     0 |          0 |       480 |  2.08 |
|     RAMB36E2 only |   10 |       |            |           |       |
|   RAMB18          |    3 |     0 |          0 |       960 |  0.31 |
|     RAMB18E2 only |    3 |       |            |           |       |
| URAM              |    0 |     0 |          0 |        64 |  0.00 |
+-------------------+------+-------+------------+-----------+-------+
* Note: Each Block RAM Tile only has one FIFO logic available and therefore can accommodate only one FIFO36E2 or one FIFO18E2. However, if a FIFO18E2 occupies a Block RAM Tile, that tile can still accommodate a RAMB18E2


4. ARITHMETIC
-------------

+----------------+------+-------+------------+-----------+-------+
|    Site Type   | Used | Fixed | Prohibited | Available | Util% |
+----------------+------+-------+------------+-----------+-------+
| DSPs           |  648 |     0 |          0 |      1824 | 35.53 |
|   DSP48E2 only |  648 |       |            |           |       |
+----------------+------+-------+------------+-----------+-------+


5. I/O
------

+------------------+------+-------+------------+-----------+-------+
|     Site Type    | Used | Fixed | Prohibited | Available | Util% |
+------------------+------+-------+------------+-----------+-------+
| Bonded IOB       |   42 |     0 |          0 |       280 | 15.00 |
| HPIOB_M          |    0 |     0 |          0 |        96 |  0.00 |
| HPIOB_S          |    0 |     0 |          0 |        96 |  0.00 |
| HDIOB_M          |   21 |     0 |          0 |        36 | 58.33 |
|   INPUT          |   11 |       |            |           |       |
|   OUTPUT         |   10 |       |            |           |       |
|   BIDIR          |    0 |       |            |           |       |
| HDIOB_S          |   21 |     0 |          0 |        36 | 58.33 |
|   INPUT          |   10 |       |            |           |       |
|   OUTPUT         |   11 |       |            |           |       |
|   BIDIR          |    0 |       |            |           |       |
| HPIOB_SNGL       |    0 |     0 |          0 |        16 |  0.00 |
| HPIOBDIFFINBUF   |    0 |     0 |          0 |        96 |  0.00 |
| HPIOBDIFFOUTBUF  |    0 |     0 |          0 |        96 |  0.00 |
| HDIOBDIFFINBUF   |    0 |     0 |          0 |        48 |  0.00 |
| BITSLICE_CONTROL |    0 |     0 |          0 |        32 |  0.00 |
| BITSLICE_RX_TX   |    0 |     0 |          0 |      1248 |  0.00 |
| BITSLICE_TX      |    0 |     0 |          0 |        32 |  0.00 |
| RIU_OR           |    0 |     0 |          0 |        16 |  0.00 |
+------------------+------+-------+------------+-----------+-------+


6. CLOCK
--------

+----------------------+------+-------+------------+-----------+-------+
|       Site Type      | Used | Fixed | Prohibited | Available | Util% |
+----------------------+------+-------+------------+-----------+-------+
| GLOBAL CLOCK BUFFERs |    9 |     0 |          0 |       256 |  3.52 |
|   BUFGCE             |    9 |     0 |          0 |       112 |  8.04 |
|   BUFGCE_DIV         |    0 |     0 |          0 |        16 |  0.00 |
|   BUFG_GT            |    0 |     0 |          0 |        96 |  0.00 |
|   BUFGCTRL*          |    0 |     0 |          0 |        32 |  0.00 |
| PLL                  |    0 |     0 |          0 |         8 |  0.00 |
| MMCM                 |    0 |     0 |          0 |         4 |  0.00 |
+----------------------+------+-------+------------+-----------+-------+
* Note: Each used BUFGCTRL counts as two GLOBAL CLOCK BUFFERs. This table does not include global clocking resources, only buffer cell usage. See the Clock Utilization Report (report_clock_utilization) for detailed accounting of global clocking resource availability.


7. ADVANCED
-----------

+-----------------+------+-------+------------+-----------+-------+
|    Site Type    | Used | Fixed | Prohibited | Available | Util% |
+-----------------+------+-------+------------+-----------+-------+
| CMACE4          |    0 |     0 |          0 |         1 |  0.00 |
| GTYE4_CHANNEL   |    0 |     0 |          0 |        16 |  0.00 |
| GTYE4_COMMON    |    0 |     0 |          0 |         4 |  0.00 |
| OBUFDS_GTE4     |    0 |     0 |          0 |         8 |  0.00 |
| OBUFDS_GTE4_ADV |    0 |     0 |          0 |         8 |  0.00 |
| PCIE40E4        |    0 |     0 |          0 |         1 |  0.00 |
| SYSMONE4        |    0 |     0 |          0 |         1 |  0.00 |
+-----------------+------+-------+------------+-----------+-------+


8. CONFIGURATION
----------------

+-------------+------+-------+------------+-----------+-------+
|  Site Type  | Used | Fixed | Prohibited | Available | Util% |
+-------------+------+-------+------------+-----------+-------+
| BSCANE2     |    0 |     0 |          0 |         4 |  0.00 |
| DNA_PORTE2  |    0 |     0 |          0 |         1 |  0.00 |
| EFUSE_USR   |    0 |     0 |          0 |         1 |  0.00 |
| FRAME_ECCE4 |    0 |     0 |          0 |         1 |  0.00 |
| ICAPE3      |    0 |     0 |          0 |         2 |  0.00 |
| MASTER_JTAG |    0 |     0 |          0 |         1 |  0.00 |
| STARTUPE3   |    0 |     0 |          0 |         1 |  0.00 |
+-------------+------+-------+------------+-----------+-------+


9. Primitives
-------------

+----------+-------+---------------------+
| Ref Name |  Used | Functional Category |
+----------+-------+---------------------+
| FDRE     | 96397 |            Register |
| LUT2     | 44947 |                 CLB |
| LUT6     | 20429 |                 CLB |
| LUT3     | 17617 |                 CLB |
| LUT4     | 15790 |                 CLB |
| LUT5     | 11022 |                 CLB |
| CARRY8   | 10293 |                 CLB |
| LUT1     |  3011 |                 CLB |
| DSP48E2  |   648 |          Arithmetic |
| SRLC32E  |   384 |                 CLB |
| FDSE     |    36 |            Register |
| MUXF7    |    28 |                 CLB |
| OBUF     |    21 |                 I/O |
| INBUF    |    21 |                 I/O |
| IBUFCTRL |    21 |              Others |
| RAMB36E2 |    10 |            BLOCKRAM |
| BUFGCE   |     9 |               Clock |
| RAMB18E2 |     3 |            BLOCKRAM |
| FDCE     |     2 |            Register |
+----------+-------+---------------------+


10. Black Boxes
---------------

+----------+------+
| Ref Name | Used |
+----------+------+


11. Instantiated Netlists
-------------------------

+-------------------+------+
|      Ref Name     | Used |
+-------------------+------+
| hls_cnn_2d_100s_0 |    1 |
+-------------------+------+


