[Info] Logging to: out/log/convert_cnn_hls4ml_20251013_233026.log
[Info] TF version: 2.20.0
[Info] hls4ml version: 0.8.1
[Info] Using config: {
  "model": "/home/work1/Work/CNN_iCube_FPGA_b/models/10.07.25_15-31_100s_2D_CNN_model_2Layer.h5",
  "sample": "/home/work1/Work/CNN_iCube_FPGA_b/out/X_pkl-filtered_float32_N_4_256_1.npy",
  "labels": null,
  "outdir": "hls_cnn_2d_100s",
  "part": "xcku5p-ffvb676-2-e",
  "backend": "Vitis",
  "io": "io_stream",
  "precision": "ap_fixed<16,2>",
  "reuse": 8,
  "strip_dropout": true,
  "do_build": false,
  "test_batch": 8,
  "eval_maxN": 4096,
  "eval_batch": 256,
  "save_preds": false,
  "preds_out": "preds_eval.npz",
  "task_threshold": 0.5
}
[OK] Model input shape verified: (None, 4, 256, 1)

=== Keras Model Summary ===
Model: "converted_model"
_________________________________________________________________
 Layer (type)                Output Shape              Param #   
=================================================================
 input_1 (InputLayer)        [(None, 4, 256, 1)]       0         
                                                                 
 conv2d (Conv2D)             (None, 1, 247, 20)        820       
                                                                 
 conv2d_1 (Conv2D)           (None, 1, 238, 10)        2010      
                                                                 
 flatten (Flatten)           (None, 2380)              0         
                                                                 
 dense (Dense)               (None, 1)                 2381      
                                                                 
=================================================================
Total params: 5211 (20.36 KB)
Trainable params: 5211 (20.36 KB)
Non-trainable params: 0 (0.00 Byte)
_________________________________________________________________

=== Layer Details (Conv2D/Dense) ===
[Conv2D] conv2d filters=20 kernel=(4, 10) stride=(1, 1) padding=valid activation=relu data_format=channels_last
[Conv2D] conv2d_1 filters=10 kernel=(1, 10) stride=(1, 1) padding=valid activation=relu data_format=channels_last
[Dense ] dense units=1 activation=sigmoid

=== HLS Config (compact) ===
{
  "Model": {
    "Precision": "ap_fixed<16,2>",
    "ReuseFactor": 8,
    "Strategy": "Latency",
    "BramFactor": 8000,
    "PipelineStyle": "dataflow",
    "ClockPeriod": 5,
    "IOType": "io_stream"
  },
  "LayerName": {
    "conv2d": {
      "Precision": {
        "result": "ap_fixed<12,2>",
        "weight": "ap_fixed<16,2>",
        "bias": "ap_fixed<16,2>",
        "accum": "ap_fixed<20,4>"
      },
      "ReuseFactor": 8,
      "Strategy": "Latency"
    },
    "conv2d_1": {
      "Precision": {
        "result": "ap_fixed<12,2>",
        "weight": "ap_fixed<16,2>",
        "bias": "ap_fixed<16,2>",
        "accum": "ap_fixed<20,4>"
      },
      "ReuseFactor": 8,
      "Strategy": "Latency"
    },
    "dense": {
      "Precision": {
        "result": "ap_fixed<10,6>",
        "weight": "ap_fixed<16,2>",
        "bias": "ap_fixed<16,2>",
        "accum": "ap_fixed<16,6>"
      },
      "ReuseFactor": 8,
      "Strategy": "Latency"
    }
  }
}

[Step] Converting Keras model → HLS project ...
Interpreting Model
Topology:
Layer name: input_1, layer type: InputLayer, input shapes: [[None, 4, 256, 1]], output shape: [None, 4, 256, 1]
Layer name: conv2d, layer type: Conv2D, input shapes: [[None, 4, 256, 1]], output shape: [None, 1, 247, 20]
Layer name: conv2d_1, layer type: Conv2D, input shapes: [[None, 1, 247, 20]], output shape: [None, 1, 238, 10]
Layer name: flatten, layer type: Reshape, input shapes: [[None, 1, 238, 10]], output shape: [None, np.int64(2380)]
Layer name: dense, layer type: Dense, input shapes: [[None, np.int64(2380)]], output shape: [None, 1]
Creating HLS model
[OK] Conversion done. Project at: hls_cnn_2d_100s
[OK] Updated project.tcl backend to: Vitis

[Step] Compiling HLS C-simulation model ...
Writing HLS project
Done
[OK] C-sim compile done.

>>> Real-batch check:
N=8 | MAE=0.000976235 | MaxΔ=0.000976443

>>> Single sample check (@ sample path):
Keras: 0.9999996423721313  | HLS: 0.9990234375

>>> Random-input diagnostic (not representative):
MAE=0.748657 | MaxΔ=0.999023
Keras preds (first 5): [0.0, 0.0, 0.0, 0.0, 6.523484629797925e-29]
HLS   preds (first 5): [0.994140625, 0.9990234375, 0.0, 0.0, 0.9990234375]

[Level-A] NUMERIC DATASET (per-sample)  N=1341  MAE=0.00788361  RMSE=0.0235104  MaxΔ=0.217915
[Level-A] Top-50 |Δ| samples (idx, y_keras, y_hls, Δ):
  #  121: 0.625141  vs  0.407227   Δ=0.217915
  #   36: 0.502098  vs  0.333984   Δ=0.168114
  #  109: 0.569993  vs  0.407227   Δ=0.162767
  #  530: 0.399053  vs  0.244141   Δ=0.154913
  #   74: 0.524224  vs  0.376953   Δ=0.147270
  #  943: 0.424747  vs  0.281250   Δ=0.143497
  #  566: 0.817187  vs  0.678711   Δ=0.138476
  # 1224: 0.695411  vs  0.561523   Δ=0.133888
  #  168: 0.720704  vs  0.591797   Δ=0.128907
  #  580: 0.688860  vs  0.561523   Δ=0.127337
  # 1101: 0.702253  vs  0.577148   Δ=0.125104
  #  967: 0.624271  vs  0.500000   Δ=0.124271
  # 1310: 0.682507  vs  0.561523   Δ=0.120984
  # 1114: 0.450051  vs  0.333984   Δ=0.116067
  # 1076: 0.613093  vs  0.500000   Δ=0.113093
  #  650: 0.718955  vs  0.607422   Δ=0.111533
  #  421: 0.789339  vs  0.678711   Δ=0.110628
  # 1001: 0.840090  vs  0.730469   Δ=0.109621
  # 1025: 0.746070  vs  0.636719   Δ=0.109352
  #  354: 0.700349  vs  0.591797   Δ=0.108552
  # 1080: 0.700116  vs  0.591797   Δ=0.108319
  #  618: 0.337382  vs  0.233398   Δ=0.103984
  # 1010: 0.649204  vs  0.545898   Δ=0.103305
  # 1100: 0.493749  vs  0.391602   Δ=0.102148
  # 1317: 0.433640  vs  0.333984   Δ=0.099656
  # 1315: 0.803424  vs  0.705078   Δ=0.098346
  #  555: 0.431917  vs  0.333984   Δ=0.097932
  #  366: 0.762560  vs  0.665039   Δ=0.097521
  # 1165: 0.772717  vs  0.678711   Δ=0.094006
  #  517: 0.859624  vs  0.765625   Δ=0.093999
  #  350: 0.811305  vs  0.717773   Δ=0.093532
  # 1068: 0.797739  vs  0.705078   Δ=0.092661
  #  635: 0.835244  vs  0.743164   Δ=0.092080
  # 1007: 0.291231  vs  0.201172   Δ=0.090060
  # 1060: 0.763881  vs  0.678711   Δ=0.085170
  # 1006: 0.748926  vs  0.665039   Δ=0.083887
  #  601: 0.859726  vs  0.776367   Δ=0.083359
  # 1112: 0.747747  vs  0.665039   Δ=0.082708
  # 1102: 0.835465  vs  0.754883   Δ=0.080582
  #  634: 0.846142  vs  0.765625   Δ=0.080517
  #   45: 0.866196  vs  0.787109   Δ=0.079087
  #  173: 0.234275  vs  0.155273   Δ=0.079001
  # 1072: 0.855068  vs  0.776367   Δ=0.078701
  #   21: 0.196866  vs  0.119141   Δ=0.077725
  # 1023: 0.841677  vs  0.765625   Δ=0.076052
  #   44: 0.806407  vs  0.730469   Δ=0.075938
  #  651: 0.343335  vs  0.268555   Δ=0.074781
  # 1016: 0.838573  vs  0.765625   Δ=0.072948
  #  528: 0.837727  vs  0.765625   Δ=0.072102
  #  988: 0.866018  vs  0.797852   Δ=0.068167
[Level-A] Saved CSV comparison (all 1341 samples, sorted by |Δ|) to: out/error_analysis/level_a_comparison_20251013_233026.csv
[Info] Level-B skipped: CONFIG['labels'] is None.
