[Info] Logging to: out/log/convert_cnn_hls4ml_20251013_232806.log
[Info] TF version: 2.20.0
[Info] hls4ml version: 0.8.1
[Info] Using config: {
  "model": "/home/work1/Work/CNN_iCube_FPGA_b/models/10.07.25_15-31_100s_2D_CNN_model_2Layer.h5",
  "sample": "/home/work1/Work/CNN_iCube_FPGA_b/out/X_pkl-filtered_float32_N_4_256_1.npy",
  "labels": null,
  "outdir": "hls_cnn_2d_100s",
  "part": "xcku5p-ffvb676-2-e",
  "backend": "Vitis",
  "io": "io_stream",
  "precision": "ap_fixed<16,2>",
  "reuse": 8,
  "strip_dropout": true,
  "do_build": false,
  "test_batch": 8,
  "eval_maxN": 4096,
  "eval_batch": 256,
  "save_preds": false,
  "preds_out": "preds_eval.npz",
  "task_threshold": 0.5
}
[OK] Model input shape verified: (None, 4, 256, 1)

=== Keras Model Summary ===
Model: "converted_model"
_________________________________________________________________
 Layer (type)                Output Shape              Param #   
=================================================================
 input_1 (InputLayer)        [(None, 4, 256, 1)]       0         
                                                                 
 conv2d (Conv2D)             (None, 1, 247, 20)        820       
                                                                 
 conv2d_1 (Conv2D)           (None, 1, 238, 10)        2010      
                                                                 
 flatten (Flatten)           (None, 2380)              0         
                                                                 
 dense (Dense)               (None, 1)                 2381      
                                                                 
=================================================================
Total params: 5211 (20.36 KB)
Trainable params: 5211 (20.36 KB)
Non-trainable params: 0 (0.00 Byte)
_________________________________________________________________

=== Layer Details (Conv2D/Dense) ===
[Conv2D] conv2d filters=20 kernel=(4, 10) stride=(1, 1) padding=valid activation=relu data_format=channels_last
[Conv2D] conv2d_1 filters=10 kernel=(1, 10) stride=(1, 1) padding=valid activation=relu data_format=channels_last
[Dense ] dense units=1 activation=sigmoid

=== HLS Config (compact) ===
{
  "Model": {
    "Precision": "ap_fixed<16,2>",
    "ReuseFactor": 8,
    "Strategy": "Latency",
    "BramFactor": 8000,
    "PipelineStyle": "dataflow",
    "ClockPeriod": 5,
    "IOType": "io_stream"
  },
  "LayerName": {
    "conv2d": {
      "Precision": {
        "result": "ap_fixed<12,2>",
        "weight": "ap_fixed<16,2>",
        "bias": "ap_fixed<16,2>",
        "accum": "ap_fixed<20,4>"
      },
      "ReuseFactor": 8,
      "Strategy": "Latency"
    },
    "conv2d_1": {
      "Precision": {
        "result": "ap_fixed<12,2>",
        "weight": "ap_fixed<16,2>",
        "bias": "ap_fixed<16,2>",
        "accum": "ap_fixed<20,4>"
      },
      "ReuseFactor": 8,
      "Strategy": "Latency"
    },
    "dense": {
      "Precision": {
        "result": "ap_fixed<10,6>",
        "weight": "ap_fixed<16,2>",
        "bias": "ap_fixed<16,2>",
        "accum": "ap_fixed<20,6>"
      },
      "ReuseFactor": 8,
      "Strategy": "Latency"
    }
  }
}

[Step] Converting Keras model → HLS project ...
Interpreting Model
Topology:
Layer name: input_1, layer type: InputLayer, input shapes: [[None, 4, 256, 1]], output shape: [None, 4, 256, 1]
Layer name: conv2d, layer type: Conv2D, input shapes: [[None, 4, 256, 1]], output shape: [None, 1, 247, 20]
Layer name: conv2d_1, layer type: Conv2D, input shapes: [[None, 1, 247, 20]], output shape: [None, 1, 238, 10]
Layer name: flatten, layer type: Reshape, input shapes: [[None, 1, 238, 10]], output shape: [None, np.int64(2380)]
Layer name: dense, layer type: Dense, input shapes: [[None, np.int64(2380)]], output shape: [None, 1]
Creating HLS model
[OK] Conversion done. Project at: hls_cnn_2d_100s
[OK] Updated project.tcl backend to: Vitis

[Step] Compiling HLS C-simulation model ...
Writing HLS project
Done
[OK] C-sim compile done.

>>> Real-batch check:
N=8 | MAE=0.000976235 | MaxΔ=0.000976443

>>> Single sample check (@ sample path):
Keras: 0.9999996423721313  | HLS: 0.9990234375

>>> Random-input diagnostic (not representative):
MAE=0.499334 | MaxΔ=0.999023
Keras preds (first 5): [0.0, 0.0, 1.3208985771492876e-12, 0.0, 0.0]
HLS   preds (first 5): [0.0, 0.0, 0.0, 0.0, 0.9990234375]

[Level-A] NUMERIC DATASET (per-sample)  N=1341  MAE=0.00339075  RMSE=0.00998877  MaxΔ=0.0941646
[Level-A] Top-50 |Δ| samples (idx, y_keras, y_hls, Δ):
  #  651: 0.343335  vs  0.437500   Δ=0.094165
  #  555: 0.431917  vs  0.514648   Δ=0.082732
  # 1317: 0.433640  vs  0.514648   Δ=0.081008
  #  967: 0.624271  vs  0.692383   Δ=0.068112
  # 1100: 0.493749  vs  0.561523   Δ=0.067774
  # 1080: 0.700116  vs  0.765625   Δ=0.065509
  # 1114: 0.450051  vs  0.514648   Δ=0.064597
  # 1006: 0.748926  vs  0.807617   Δ=0.058691
  # 1007: 0.291231  vs  0.348633   Δ=0.057401
  # 1010: 0.649204  vs  0.705078   Δ=0.055874
  #  366: 0.762560  vs  0.817383   Δ=0.054823
  #  354: 0.700349  vs  0.754883   Δ=0.054533
  #  580: 0.688860  vs  0.743164   Δ=0.054304
  #  618: 0.337382  vs  0.391602   Δ=0.054220
  # 1076: 0.613093  vs  0.665039   Δ=0.051946
  # 1112: 0.747747  vs  0.797852   Δ=0.050105
  # 1310: 0.682507  vs  0.730469   Δ=0.047961
  # 1224: 0.695411  vs  0.743164   Δ=0.047753
  #  173: 0.234275  vs  0.281250   Δ=0.046975
  #  650: 0.718955  vs  0.765625   Δ=0.046670
  #   44: 0.806407  vs  0.851562   Δ=0.045156
  # 1165: 0.772717  vs  0.817383   Δ=0.044666
  #  943: 0.424747  vs  0.468750   Δ=0.044003
  #  484: 0.168075  vs  0.211914   Δ=0.043839
  # 1060: 0.763881  vs  0.807617   Δ=0.043736
  # 1149: 0.816473  vs  0.859375   Δ=0.042902
  # 1025: 0.746070  vs  0.787109   Δ=0.041039
  # 1101: 0.702253  vs  0.743164   Δ=0.040911
  # 1315: 0.803424  vs  0.843750   Δ=0.040326
  #  350: 0.811305  vs  0.851562   Δ=0.040257
  #  530: 0.399053  vs  0.437500   Δ=0.038447
  #   74: 0.524224  vs  0.561523   Δ=0.037300
  # 1068: 0.797739  vs  0.834961   Δ=0.037222
  #  528: 0.837727  vs  0.874023   Δ=0.036297
  # 1016: 0.838573  vs  0.874023   Δ=0.035451
  #  634: 0.846142  vs  0.879883   Δ=0.033741
  #  695: 0.865183  vs  0.898438   Δ=0.033254
  #  988: 0.866018  vs  0.898438   Δ=0.032419
  # 1023: 0.841677  vs  0.874023   Δ=0.032346
  # 1072: 0.855068  vs  0.886719   Δ=0.031651
  #  635: 0.835244  vs  0.866211   Δ=0.030967
  # 1102: 0.835465  vs  0.866211   Δ=0.030746
  #  147: 0.109876  vs  0.139648   Δ=0.029772
  #  984: 0.885018  vs  0.914062   Δ=0.029044
  #   36: 0.502098  vs  0.530273   Δ=0.028175
  #  421: 0.789339  vs  0.817383   Δ=0.028044
  #  556: 0.899788  vs  0.927734   Δ=0.027946
  #  564: 0.900091  vs  0.927734   Δ=0.027643
  #  601: 0.859726  vs  0.886719   Δ=0.026992
  # 1001: 0.840090  vs  0.866211   Δ=0.026121
[Level-A] Saved CSV comparison (all 1341 samples, sorted by |Δ|) to: out/error_analysis/level_a_comparison_20251013_232806.csv
[Info] Level-B skipped: CONFIG['labels'] is None.
