[Info] Logging to: out/log/convert_cnn_hls4ml_20251013_142413.log
[Info] TF version: 2.20.0
[Info] hls4ml version: 0.8.1
[Info] Using config: {
  "model": "/home/work1/Work/CNN_iCube_FPGA_b/models/10.07.25_15-31_100s_2D_CNN_model_2Layer.h5",
  "sample": "/home/work1/Work/CNN_iCube_FPGA_b/out/X_pkl-filtered_float32_N_4_256_1.npy",
  "labels": null,
  "outdir": "hls_cnn_2d_100s",
  "part": "xcku5p-ffvb676-2-e",
  "backend": "Vitis",
  "io": "io_stream",
  "precision": "ap_fixed<20,10>",
  "reuse": 2,
  "strip_dropout": true,
  "do_build": false,
  "test_batch": 8,
  "eval_maxN": 4096,
  "eval_batch": 256,
  "save_preds": false,
  "preds_out": "preds_eval.npz",
  "task_threshold": 0.5
}
[OK] Model input shape verified: (None, 4, 256, 1)

=== Keras Model Summary ===
Model: "converted_model"
_________________________________________________________________
 Layer (type)                Output Shape              Param #   
=================================================================
 input_1 (InputLayer)        [(None, 4, 256, 1)]       0         
                                                                 
 conv2d (Conv2D)             (None, 1, 247, 20)        820       
                                                                 
 conv2d_1 (Conv2D)           (None, 1, 238, 10)        2010      
                                                                 
 flatten (Flatten)           (None, 2380)              0         
                                                                 
 dense (Dense)               (None, 1)                 2381      
                                                                 
=================================================================
Total params: 5211 (20.36 KB)
Trainable params: 5211 (20.36 KB)
Non-trainable params: 0 (0.00 Byte)
_________________________________________________________________

=== Layer Details (Conv2D/Dense) ===
[Conv2D] conv2d filters=20 kernel=(4, 10) stride=(1, 1) padding=valid activation=relu data_format=channels_last
[Conv2D] conv2d_1 filters=10 kernel=(1, 10) stride=(1, 1) padding=valid activation=relu data_format=channels_last
[Dense ] dense units=1 activation=sigmoid

=== HLS Config (compact) ===
{
  "Model": {
    "Precision": "ap_fixed<20,10>",
    "ReuseFactor": 2,
    "Strategy": "Latency",
    "BramFactor": 1000000,
    "PipelineStyle": "dataflow",
    "ClockPeriod": 2,
    "IOType": "io_stream"
  },
  "LayerName": {
    "conv2d": {
      "Precision": {
        "result": "ap_fixed<20,10>",
        "weight": "ap_fixed<20,10>",
        "bias": "ap_fixed<20,10>",
        "accum": "ap_fixed<24,10>"
      },
      "ReuseFactor": 2,
      "Strategy": "Latency"
    },
    "conv2d_1": {
      "Precision": {
        "result": "ap_fixed<20,10>",
        "weight": "ap_fixed<20,10>",
        "bias": "ap_fixed<20,10>",
        "accum": "ap_fixed<24,10>"
      },
      "ReuseFactor": 2,
      "Strategy": "Latency"
    },
    "dense": {
      "Precision": {
        "result": "ap_fixed<24,10>",
        "weight": "ap_fixed<20,10>",
        "bias": "ap_fixed<20,10>",
        "accum": "ap_fixed<28,12>"
      },
      "ReuseFactor": 2,
      "Strategy": "Latency"
    }
  }
}

[Step] Converting Keras model → HLS project ...
Interpreting Model
Topology:
Layer name: input_1, layer type: InputLayer, input shapes: [[None, 4, 256, 1]], output shape: [None, 4, 256, 1]
Layer name: conv2d, layer type: Conv2D, input shapes: [[None, 4, 256, 1]], output shape: [None, 1, 247, 20]
Layer name: conv2d_1, layer type: Conv2D, input shapes: [[None, 1, 247, 20]], output shape: [None, 1, 238, 10]
Layer name: flatten, layer type: Reshape, input shapes: [[None, 1, 238, 10]], output shape: [None, np.int64(2380)]
Layer name: dense, layer type: Dense, input shapes: [[None, np.int64(2380)]], output shape: [None, 1]
Creating HLS model
[OK] Conversion done. Project at: hls_cnn_2d_100s

[Step] Compiling HLS C-simulation model ...
Writing HLS project
Done
[OK] C-sim compile done.

>>> Real-batch check:
N=8 | MAE=0.000976235 | MaxΔ=0.000976443

>>> Single sample check (@ sample path):
Keras: 0.9999996423721313  | HLS: 0.9990234375

>>> Random-input diagnostic (not representative):
MAE=7.12025e-19 | MaxΔ=4.13868e-18
Keras preds (first 5): [4.138684871165154e-18, 1.5575137816150046e-18, 9.230524907013561e-36, 0.0, 0.0]
HLS   preds (first 5): [0.0, 0.0, 0.0, 0.0, 0.0]

[Level-A] NUMERIC DATASET (per-sample)  N=1341  MAE=0.00744776  RMSE=0.0252064  MaxΔ=0.229907
[Level-A] Top-50 |Δ| samples (idx, y_keras, y_hls, Δ):
  #  651: 0.343335  vs  0.573242   Δ=0.229907
  #  555: 0.431917  vs  0.650391   Δ=0.218474
  # 1317: 0.433640  vs  0.650391   Δ=0.216750
  # 1114: 0.450051  vs  0.643555   Δ=0.193504
  # 1100: 0.493749  vs  0.681641   Δ=0.187892
  # 1007: 0.291231  vs  0.472656   Δ=0.181425
  #  618: 0.337382  vs  0.506836   Δ=0.169454
  #  967: 0.624271  vs  0.792969   Δ=0.168697
  #  484: 0.168075  vs  0.324219   Δ=0.156144
  # 1076: 0.613093  vs  0.768555   Δ=0.155462
  # 1010: 0.649204  vs  0.797852   Δ=0.148648
  # 1080: 0.700116  vs  0.845703   Δ=0.145587
  #  354: 0.700349  vs  0.841797   Δ=0.141448
  #  173: 0.234275  vs  0.370117   Δ=0.135842
  #  650: 0.718955  vs  0.851562   Δ=0.132607
  #  580: 0.688860  vs  0.817383   Δ=0.128522
  #  366: 0.762560  vs  0.889648   Δ=0.127088
  # 1112: 0.747747  vs  0.874023   Δ=0.126277
  # 1165: 0.772717  vs  0.897461   Δ=0.124744
  # 1006: 0.748926  vs  0.870117   Δ=0.121191
  #  943: 0.424747  vs  0.538086   Δ=0.113339
  #  147: 0.109876  vs  0.216797   Δ=0.106921
  #   74: 0.524224  vs  0.628906   Δ=0.104683
  # 1310: 0.682507  vs  0.787109   Δ=0.104602
  # 1224: 0.695411  vs  0.797852   Δ=0.102441
  # 1101: 0.702253  vs  0.804688   Δ=0.102435
  #   44: 0.806407  vs  0.908203   Δ=0.101796
  #  350: 0.811305  vs  0.911133   Δ=0.099828
  # 1025: 0.746070  vs  0.836914   Δ=0.090844
  # 1060: 0.763881  vs  0.853516   Δ=0.089635
  # 1149: 0.816473  vs  0.904297   Δ=0.087824
  # 1068: 0.797739  vs  0.883789   Δ=0.086050
  #  530: 0.399053  vs  0.484375   Δ=0.085322
  #   36: 0.502098  vs  0.584961   Δ=0.082863
  #  421: 0.789339  vs  0.870117   Δ=0.080779
  #   14: 0.142789  vs  0.222656   Δ=0.079867
  # 1315: 0.803424  vs  0.881836   Δ=0.078412
  #   21: 0.196866  vs  0.274414   Δ=0.077548
  #  528: 0.837727  vs  0.914062   Δ=0.076336
  # 1023: 0.841677  vs  0.917969   Δ=0.076291
  #  634: 0.846142  vs  0.921875   Δ=0.075733
  # 1001: 0.840090  vs  0.913086   Δ=0.072996
  #  601: 0.859726  vs  0.930664   Δ=0.070938
  #  988: 0.866018  vs  0.935547   Δ=0.069529
  #  695: 0.865183  vs  0.932617   Δ=0.067434
  #  635: 0.835244  vs  0.900391   Δ=0.065146
  # 1016: 0.838573  vs  0.902344   Δ=0.063771
  #  984: 0.885018  vs  0.948242   Δ=0.063224
  # 1072: 0.855068  vs  0.916992   Δ=0.061924
  #  556: 0.899788  vs  0.959961   Δ=0.060173
[Level-A] Saved CSV comparison (all 1341 samples, sorted by |Δ|) to: out/error_analysis/level_a_comparison_20251013_142413.csv
[Info] Level-B skipped: CONFIG['labels'] is None.
