[Info] Logging to: out/log/convert_cnn_hls4ml_20251013_172729.log
[Info] TF version: 2.20.0
[Info] hls4ml version: 0.8.1
[Info] Using config: {
  "model": "/home/work1/Work/CNN_iCube_FPGA_b/models/10.07.25_15-31_100s_2D_CNN_model_2Layer.h5",
  "sample": "/home/work1/Work/CNN_iCube_FPGA_b/out/X_pkl-filtered_float32_N_4_256_1.npy",
  "labels": null,
  "outdir": "hls_cnn_2d_100s",
  "part": "xcku5p-ffvb676-2-e",
  "backend": "Vitis",
  "io": "io_stream",
  "precision": "ap_fixed<16,2>",
  "reuse": 8,
  "strip_dropout": true,
  "do_build": false,
  "test_batch": 8,
  "eval_maxN": 4096,
  "eval_batch": 256,
  "save_preds": false,
  "preds_out": "preds_eval.npz",
  "task_threshold": 0.5
}
[OK] Model input shape verified: (None, 4, 256, 1)

=== Keras Model Summary ===
Model: "converted_model"
_________________________________________________________________
 Layer (type)                Output Shape              Param #   
=================================================================
 input_1 (InputLayer)        [(None, 4, 256, 1)]       0         
                                                                 
 conv2d (Conv2D)             (None, 1, 247, 20)        820       
                                                                 
 conv2d_1 (Conv2D)           (None, 1, 238, 10)        2010      
                                                                 
 flatten (Flatten)           (None, 2380)              0         
                                                                 
 dense (Dense)               (None, 1)                 2381      
                                                                 
=================================================================
Total params: 5211 (20.36 KB)
Trainable params: 5211 (20.36 KB)
Non-trainable params: 0 (0.00 Byte)
_________________________________________________________________

=== Layer Details (Conv2D/Dense) ===
[Conv2D] conv2d filters=20 kernel=(4, 10) stride=(1, 1) padding=valid activation=relu data_format=channels_last
[Conv2D] conv2d_1 filters=10 kernel=(1, 10) stride=(1, 1) padding=valid activation=relu data_format=channels_last
[Dense ] dense units=1 activation=sigmoid

=== HLS Config (compact) ===
{
  "Model": {
    "Precision": "ap_fixed<16,2>",
    "ReuseFactor": 8,
    "Strategy": "Latency",
    "BramFactor": 8000,
    "PipelineStyle": "dataflow",
    "ClockPeriod": 4,
    "IOType": "io_stream"
  },
  "LayerName": {
    "conv2d": {
      "Precision": {
        "result": "ap_fixed<20,10>",
        "weight": "ap_fixed<16,2>",
        "bias": "ap_fixed<16,2>",
        "accum": "ap_fixed<24,10>"
      },
      "ReuseFactor": 8,
      "Strategy": "Latency"
    },
    "conv2d_1": {
      "Precision": {
        "result": "ap_fixed<20,10>",
        "weight": "ap_fixed<16,2>",
        "bias": "ap_fixed<16,2>",
        "accum": "ap_fixed<24,10>"
      },
      "ReuseFactor": 8,
      "Strategy": "Latency"
    },
    "dense": {
      "Precision": {
        "result": "ap_fixed<24,10>",
        "weight": "ap_fixed<16,2>",
        "bias": "ap_fixed<16,2>",
        "accum": "ap_fixed<28,12>"
      },
      "ReuseFactor": 8,
      "Strategy": "Latency"
    }
  }
}

[Step] Converting Keras model → HLS project ...
Interpreting Model
Topology:
Layer name: input_1, layer type: InputLayer, input shapes: [[None, 4, 256, 1]], output shape: [None, 4, 256, 1]
Layer name: conv2d, layer type: Conv2D, input shapes: [[None, 4, 256, 1]], output shape: [None, 1, 247, 20]
Layer name: conv2d_1, layer type: Conv2D, input shapes: [[None, 1, 247, 20]], output shape: [None, 1, 238, 10]
Layer name: flatten, layer type: Reshape, input shapes: [[None, 1, 238, 10]], output shape: [None, np.int64(2380)]
Layer name: dense, layer type: Dense, input shapes: [[None, np.int64(2380)]], output shape: [None, 1]
Creating HLS model
[OK] Conversion done. Project at: hls_cnn_2d_100s
[OK] Updated project.tcl backend to: Vitis

[Step] Compiling HLS C-simulation model ...
Writing HLS project
Done
[OK] C-sim compile done.

>>> Real-batch check:
N=8 | MAE=0.000976235 | MaxΔ=0.000976443

>>> Single sample check (@ sample path):
Keras: 0.9999996423721313  | HLS: 0.9990234375

>>> Random-input diagnostic (not representative):
MAE=0.51001 | MaxΔ=0.999023
Keras preds (first 5): [0.0, 1.576766633926141e-10, 0.0, 0.0, 0.0]
HLS   preds (first 5): [0.0009765625, 0.9990234375, 0.9951171875, 0.6474609375, 0.0]

[Level-A] NUMERIC DATASET (per-sample)  N=1341  MAE=0.0076586  RMSE=0.0253246  MaxΔ=0.226001
[Level-A] Top-50 |Δ| samples (idx, y_keras, y_hls, Δ):
  #  651: 0.343335  vs  0.569336   Δ=0.226001
  #  555: 0.431917  vs  0.643555   Δ=0.211638
  # 1317: 0.433640  vs  0.625977   Δ=0.192336
  # 1297: 0.000036  vs  0.181641   Δ=0.181604
  # 1100: 0.493749  vs  0.665039   Δ=0.171290
  # 1114: 0.450051  vs  0.614258   Δ=0.164207
  #  967: 0.624271  vs  0.787109   Δ=0.162838
  # 1007: 0.291231  vs  0.449219   Δ=0.157987
  #  618: 0.337382  vs  0.488281   Δ=0.150899
  # 1076: 0.613093  vs  0.759766   Δ=0.146672
  #  484: 0.168075  vs  0.313477   Δ=0.145402
  # 1080: 0.700116  vs  0.841797   Δ=0.141681
  # 1010: 0.649204  vs  0.790039   Δ=0.140835
  #  943: 0.424747  vs  0.561523   Δ=0.136776
  #  580: 0.688860  vs  0.824219   Δ=0.135358
  #  354: 0.700349  vs  0.833008   Δ=0.132658
  #  173: 0.234275  vs  0.366211   Δ=0.131936
  #  650: 0.718955  vs  0.845703   Δ=0.126748
  #   74: 0.524224  vs  0.650391   Δ=0.126167
  #  366: 0.762560  vs  0.888672   Δ=0.126112
  # 1224: 0.695411  vs  0.817383   Δ=0.121972
  # 1006: 0.748926  vs  0.870117   Δ=0.121191
  #   36: 0.502098  vs  0.618164   Δ=0.116066
  #  530: 0.399053  vs  0.514648   Δ=0.115595
  # 1112: 0.747747  vs  0.863281   Δ=0.115535
  # 1310: 0.682507  vs  0.792969   Δ=0.110461
  # 1165: 0.772717  vs  0.881836   Δ=0.109119
  # 1101: 0.702253  vs  0.804688   Δ=0.102435
  #  147: 0.109876  vs  0.211914   Δ=0.102038
  # 1025: 0.746070  vs  0.845703   Δ=0.099633
  # 1060: 0.763881  vs  0.861328   Δ=0.097447
  #   44: 0.806407  vs  0.901367   Δ=0.094960
  # 1149: 0.816473  vs  0.911133   Δ=0.094660
  #  350: 0.811305  vs  0.904297   Δ=0.092992
  #   21: 0.196866  vs  0.284180   Δ=0.087314
  # 1315: 0.803424  vs  0.886719   Δ=0.083295
  # 1068: 0.797739  vs  0.878906   Δ=0.081167
  # 1023: 0.841677  vs  0.918945   Δ=0.077268
  #  421: 0.789339  vs  0.866211   Δ=0.076872
  #  634: 0.846142  vs  0.922852   Δ=0.076709
  #  528: 0.837727  vs  0.914062   Δ=0.076336
  # 1016: 0.838573  vs  0.912109   Δ=0.073536
  #   14: 0.142789  vs  0.213867   Δ=0.071078
  #  168: 0.720704  vs  0.790039   Δ=0.069335
  #  635: 0.835244  vs  0.904297   Δ=0.069053
  # 1102: 0.835465  vs  0.904297   Δ=0.068832
  # 1072: 0.855068  vs  0.923828   Δ=0.068760
  #  988: 0.866018  vs  0.934570   Δ=0.068552
  #  695: 0.865183  vs  0.933594   Δ=0.068411
  # 1001: 0.840090  vs  0.908203   Δ=0.068113
[Level-A] Saved CSV comparison (all 1341 samples, sorted by |Δ|) to: out/error_analysis/level_a_comparison_20251013_172729.csv
[Info] Level-B skipped: CONFIG['labels'] is None.
