[Info] Logging to: out/log/convert_cnn_hls4ml_20251013_175645.log
[Info] TF version: 2.20.0
[Info] hls4ml version: 0.8.1
[Info] Using config: {
  "model": "/home/work1/Work/CNN_iCube_FPGA_b/models/10.07.25_15-31_100s_2D_CNN_model_2Layer.h5",
  "sample": "/home/work1/Work/CNN_iCube_FPGA_b/out/X_pkl-filtered_float32_N_4_256_1.npy",
  "labels": null,
  "outdir": "hls_cnn_2d_100s",
  "part": "xcku5p-ffvb676-2-e",
  "backend": "Vitis",
  "io": "io_stream",
  "precision": "ap_fixed<16,2>",
  "reuse": 8,
  "strip_dropout": true,
  "do_build": false,
  "test_batch": 8,
  "eval_maxN": 4096,
  "eval_batch": 256,
  "save_preds": false,
  "preds_out": "preds_eval.npz",
  "task_threshold": 0.5
}
[OK] Model input shape verified: (None, 4, 256, 1)

=== Keras Model Summary ===
Model: "converted_model"
_________________________________________________________________
 Layer (type)                Output Shape              Param #   
=================================================================
 input_1 (InputLayer)        [(None, 4, 256, 1)]       0         
                                                                 
 conv2d (Conv2D)             (None, 1, 247, 20)        820       
                                                                 
 conv2d_1 (Conv2D)           (None, 1, 238, 10)        2010      
                                                                 
 flatten (Flatten)           (None, 2380)              0         
                                                                 
 dense (Dense)               (None, 1)                 2381      
                                                                 
=================================================================
Total params: 5211 (20.36 KB)
Trainable params: 5211 (20.36 KB)
Non-trainable params: 0 (0.00 Byte)
_________________________________________________________________

=== Layer Details (Conv2D/Dense) ===
[Conv2D] conv2d filters=20 kernel=(4, 10) stride=(1, 1) padding=valid activation=relu data_format=channels_last
[Conv2D] conv2d_1 filters=10 kernel=(1, 10) stride=(1, 1) padding=valid activation=relu data_format=channels_last
[Dense ] dense units=1 activation=sigmoid

=== HLS Config (compact) ===
{
  "Model": {
    "Precision": "ap_fixed<16,2>",
    "ReuseFactor": 8,
    "Strategy": "Latency",
    "BramFactor": 8000,
    "PipelineStyle": "dataflow",
    "ClockPeriod": 4,
    "IOType": "io_stream"
  },
  "LayerName": {
    "conv2d": {
      "Precision": {
        "result": "ap_fixed<16,2>",
        "weight": "ap_fixed<16,2>",
        "bias": "ap_fixed<16,2>",
        "accum": "ap_fixed<18,4>"
      },
      "ReuseFactor": 8,
      "Strategy": "Latency"
    },
    "conv2d_1": {
      "Precision": {
        "result": "ap_fixed<16,2>",
        "weight": "ap_fixed<16,2>",
        "bias": "ap_fixed<16,2>",
        "accum": "ap_fixed<18,4>"
      },
      "ReuseFactor": 8,
      "Strategy": "Latency"
    },
    "dense": {
      "Precision": {
        "result": "ap_fixed<12,6>",
        "weight": "ap_fixed<16,2>",
        "bias": "ap_fixed<16,2>",
        "accum": "ap_fixed<20,10>"
      },
      "ReuseFactor": 8,
      "Strategy": "Latency"
    }
  }
}

[Step] Converting Keras model → HLS project ...
Interpreting Model
Topology:
Layer name: input_1, layer type: InputLayer, input shapes: [[None, 4, 256, 1]], output shape: [None, 4, 256, 1]
Layer name: conv2d, layer type: Conv2D, input shapes: [[None, 4, 256, 1]], output shape: [None, 1, 247, 20]
Layer name: conv2d_1, layer type: Conv2D, input shapes: [[None, 1, 247, 20]], output shape: [None, 1, 238, 10]
Layer name: flatten, layer type: Reshape, input shapes: [[None, 1, 238, 10]], output shape: [None, np.int64(2380)]
Layer name: dense, layer type: Dense, input shapes: [[None, np.int64(2380)]], output shape: [None, 1]
Creating HLS model
[OK] Conversion done. Project at: hls_cnn_2d_100s
[OK] Updated project.tcl backend to: Vitis

[Step] Compiling HLS C-simulation model ...
Writing HLS project
Done
[OK] C-sim compile done.

>>> Real-batch check:
N=8 | MAE=0.000976235 | MaxΔ=0.000976443

>>> Single sample check (@ sample path):
Keras: 0.9999996423721313  | HLS: 0.9990234375

>>> Random-input diagnostic (not representative):
MAE=0.499512 | MaxΔ=0.999023
Keras preds (first 5): [0.0, 2.6363916639161437e-20, 0.0, 0.0, 4.655183544576807e-33]
HLS   preds (first 5): [0.9990234375, 0.0, 0.0, 0.0, 0.9990234375]

[Level-A] NUMERIC DATASET (per-sample)  N=1341  MAE=0.00497868  RMSE=0.015522  MaxΔ=0.191547
[Level-A] Top-50 |Δ| samples (idx, y_keras, y_hls, Δ):
  #  121: 0.625141  vs  0.433594   Δ=0.191547
  #   36: 0.502098  vs  0.366211   Δ=0.135887
  #  109: 0.569993  vs  0.437500   Δ=0.132493
  #  530: 0.399053  vs  0.277344   Δ=0.121710
  #   74: 0.524224  vs  0.410156   Δ=0.114067
  #  566: 0.817187  vs  0.708984   Δ=0.108202
  #  943: 0.424747  vs  0.317383   Δ=0.107365
  #  168: 0.720704  vs  0.614258   Δ=0.106446
  # 1224: 0.695411  vs  0.595703   Δ=0.099708
  # 1101: 0.702253  vs  0.607422   Δ=0.094831
  #  967: 0.624271  vs  0.545898   Δ=0.078373
  # 1001: 0.840090  vs  0.762695   Δ=0.077395
  # 1114: 0.450051  vs  0.373047   Δ=0.077004
  #  580: 0.688860  vs  0.614258   Δ=0.074603
  # 1025: 0.746070  vs  0.674805   Δ=0.071266
  # 1310: 0.682507  vs  0.611328   Δ=0.071179
  #  517: 0.859624  vs  0.790039   Δ=0.069585
  #  618: 0.337382  vs  0.268555   Δ=0.068827
  #  421: 0.789339  vs  0.721680   Δ=0.067659
  # 1076: 0.613093  vs  0.545898   Δ=0.067195
  #  635: 0.835244  vs  0.768555   Δ=0.066690
  #   21: 0.196866  vs  0.135742   Δ=0.061123
  #  650: 0.718955  vs  0.658203   Δ=0.060752
  # 1010: 0.649204  vs  0.588867   Δ=0.060337
  # 1068: 0.797739  vs  0.739258   Δ=0.058482
  # 1315: 0.803424  vs  0.746094   Δ=0.057330
  #  354: 0.700349  vs  0.643555   Δ=0.056795
  #   45: 0.866196  vs  0.809570   Δ=0.056626
  # 1007: 0.291231  vs  0.236328   Δ=0.054903
  # 1317: 0.433640  vs  0.380859   Δ=0.052781
  #  350: 0.811305  vs  0.759766   Δ=0.051540
  # 1102: 0.835465  vs  0.785156   Δ=0.050308
  # 1080: 0.700116  vs  0.650391   Δ=0.049726
  #  173: 0.234275  vs  0.184570   Δ=0.049705
  # 1060: 0.763881  vs  0.717773   Δ=0.046107
  # 1072: 0.855068  vs  0.809570   Δ=0.045498
  #  146: 0.911595  vs  0.866211   Δ=0.045384
  #  601: 0.859726  vs  0.814453   Δ=0.045273
  #   14: 0.142789  vs  0.097656   Δ=0.045133
  #  366: 0.762560  vs  0.717773   Δ=0.044787
  # 1086: 0.915650  vs  0.872070   Δ=0.043579
  # 1301: 0.914100  vs  0.872070   Δ=0.042029
  # 1115: 0.897183  vs  0.855469   Δ=0.041714
  #  201: 0.938181  vs  0.897461   Δ=0.040720
  # 1100: 0.493749  vs  0.453125   Δ=0.040624
  #  619: 0.095130  vs  0.055664   Δ=0.039466
  # 1165: 0.772717  vs  0.733398   Δ=0.039319
  # 1070: 0.882325  vs  0.843750   Δ=0.038575
  #  634: 0.846142  vs  0.807617   Δ=0.038525
  #  984: 0.885018  vs  0.847656   Δ=0.037362
[Level-A] Saved CSV comparison (all 1341 samples, sorted by |Δ|) to: out/error_analysis/level_a_comparison_20251013_175645.csv
[Info] Level-B skipped: CONFIG['labels'] is None.
