[Info] Logging to: out/log/convert_cnn_hls4ml_20251013_231706.log
[Info] TF version: 2.20.0
[Info] hls4ml version: 0.8.1
[Info] Using config: {
  "model": "/home/work1/Work/CNN_iCube_FPGA_b/models/10.07.25_15-31_100s_2D_CNN_model_2Layer.h5",
  "sample": "/home/work1/Work/CNN_iCube_FPGA_b/out/X_pkl-filtered_float32_N_4_256_1.npy",
  "labels": null,
  "outdir": "hls_cnn_2d_100s",
  "part": "xcku5p-ffvb676-2-e",
  "backend": "Vitis",
  "io": "io_stream",
  "precision": "ap_fixed<16,2>",
  "reuse": 8,
  "strip_dropout": true,
  "do_build": false,
  "test_batch": 8,
  "eval_maxN": 4096,
  "eval_batch": 256,
  "save_preds": false,
  "preds_out": "preds_eval.npz",
  "task_threshold": 0.5
}
[OK] Model input shape verified: (None, 4, 256, 1)

=== Keras Model Summary ===
Model: "converted_model"
_________________________________________________________________
 Layer (type)                Output Shape              Param #   
=================================================================
 input_1 (InputLayer)        [(None, 4, 256, 1)]       0         
                                                                 
 conv2d (Conv2D)             (None, 1, 247, 20)        820       
                                                                 
 conv2d_1 (Conv2D)           (None, 1, 238, 10)        2010      
                                                                 
 flatten (Flatten)           (None, 2380)              0         
                                                                 
 dense (Dense)               (None, 1)                 2381      
                                                                 
=================================================================
Total params: 5211 (20.36 KB)
Trainable params: 5211 (20.36 KB)
Non-trainable params: 0 (0.00 Byte)
_________________________________________________________________

=== Layer Details (Conv2D/Dense) ===
[Conv2D] conv2d filters=20 kernel=(4, 10) stride=(1, 1) padding=valid activation=relu data_format=channels_last
[Conv2D] conv2d_1 filters=10 kernel=(1, 10) stride=(1, 1) padding=valid activation=relu data_format=channels_last
[Dense ] dense units=1 activation=sigmoid

=== HLS Config (compact) ===
{
  "Model": {
    "Precision": "ap_fixed<16,2>",
    "ReuseFactor": 8,
    "Strategy": "Latency",
    "BramFactor": 8000,
    "PipelineStyle": "dataflow",
    "ClockPeriod": 5,
    "IOType": "io_stream"
  },
  "LayerName": {
    "conv2d": {
      "Precision": {
        "result": "ap_fixed<12,2>",
        "weight": "ap_fixed<16,2>",
        "bias": "ap_fixed<16,2>",
        "accum": "ap_fixed<20,4>"
      },
      "ReuseFactor": 8,
      "Strategy": "Latency"
    },
    "conv2d_1": {
      "Precision": {
        "result": "ap_fixed<12,2>",
        "weight": "ap_fixed<16,2>",
        "bias": "ap_fixed<16,2>",
        "accum": "ap_fixed<20,4>"
      },
      "ReuseFactor": 8,
      "Strategy": "Latency"
    },
    "dense": {
      "Precision": {
        "result": "ap_fixed<12,5>",
        "weight": "ap_fixed<16,2>",
        "bias": "ap_fixed<16,2>",
        "accum": "ap_fixed<26,10>"
      },
      "ReuseFactor": 8,
      "Strategy": "Latency"
    }
  }
}

[Step] Converting Keras model → HLS project ...
Interpreting Model
Topology:
Layer name: input_1, layer type: InputLayer, input shapes: [[None, 4, 256, 1]], output shape: [None, 4, 256, 1]
Layer name: conv2d, layer type: Conv2D, input shapes: [[None, 4, 256, 1]], output shape: [None, 1, 247, 20]
Layer name: conv2d_1, layer type: Conv2D, input shapes: [[None, 1, 247, 20]], output shape: [None, 1, 238, 10]
Layer name: flatten, layer type: Reshape, input shapes: [[None, 1, 238, 10]], output shape: [None, np.int64(2380)]
Layer name: dense, layer type: Dense, input shapes: [[None, np.int64(2380)]], output shape: [None, 1]
Creating HLS model
[OK] Conversion done. Project at: hls_cnn_2d_100s
[OK] Updated project.tcl backend to: Vitis

[Step] Compiling HLS C-simulation model ...
Writing HLS project
Done
[OK] C-sim compile done.

>>> Real-batch check:
N=8 | MAE=0.125854 | MaxΔ=1

>>> Single sample check (@ sample path):
Keras: 0.9999996423721313  | HLS: 0.9990234375

>>> Random-input diagnostic (not representative):
MAE=0.646851 | MaxΔ=0.999023
Keras preds (first 5): [0.0, 4.947406017770872e-19, 0.0, 5.886403904056504e-35, 0.0]
HLS   preds (first 5): [0.1435546875, 0.9990234375, 0.998046875, 0.9990234375, 0.9052734375]

[Level-A] NUMERIC DATASET (per-sample)  N=1341  MAE=0.0271501  RMSE=0.15253  MaxΔ=1
[Level-A] Top-50 |Δ| samples (idx, y_keras, y_hls, Δ):
  # 1295: 1.000000  vs  0.000000   Δ=1.000000
  # 1274: 1.000000  vs  0.000000   Δ=1.000000
  #  136: 1.000000  vs  0.000000   Δ=1.000000
  #  111: 1.000000  vs  0.000000   Δ=1.000000
  #   52: 1.000000  vs  0.000000   Δ=1.000000
  # 1299: 1.000000  vs  0.000000   Δ=1.000000
  #   60: 1.000000  vs  0.000000   Δ=1.000000
  #   43: 1.000000  vs  0.000000   Δ=1.000000
  #   78: 1.000000  vs  0.000000   Δ=1.000000
  #  151: 1.000000  vs  0.000000   Δ=1.000000
  #  184: 1.000000  vs  0.000000   Δ=1.000000
  #   84: 1.000000  vs  0.000000   Δ=1.000000
  #   73: 1.000000  vs  0.000000   Δ=1.000000
  #   72: 1.000000  vs  0.000000   Δ=1.000000
  #  197: 1.000000  vs  0.000000   Δ=1.000000
  #   47: 1.000000  vs  0.000000   Δ=1.000000
  #  160: 1.000000  vs  0.000000   Δ=1.000000
  #  193: 1.000000  vs  0.000000   Δ=1.000000
  #  165: 1.000000  vs  0.000000   Δ=1.000000
  #  195: 1.000000  vs  0.000000   Δ=1.000000
  #  174: 1.000000  vs  0.000000   Δ=1.000000
  #   93: 1.000000  vs  0.000000   Δ=1.000000
  #  177: 1.000000  vs  0.000000   Δ=1.000000
  #  171: 1.000000  vs  0.000000   Δ=1.000000
  #   89: 1.000000  vs  0.000000   Δ=1.000000
  # 1306: 1.000000  vs  0.000000   Δ=1.000000
  #  139: 1.000000  vs  0.000000   Δ=1.000000
  #  402: 1.000000  vs  0.000000   Δ=1.000000
  #    4: 1.000000  vs  0.000000   Δ=1.000000
  #   53: 1.000000  vs  0.000000   Δ=1.000000
  # 1302: 0.000000  vs  0.999023   Δ=0.999023
  #  651: 0.343335  vs  0.449219   Δ=0.105883
  #  555: 0.431917  vs  0.530273   Δ=0.098357
  # 1317: 0.433640  vs  0.530273   Δ=0.096633
  # 1100: 0.493749  vs  0.577148   Δ=0.083399
  #  967: 0.624271  vs  0.705078   Δ=0.080807
  # 1114: 0.450051  vs  0.526367   Δ=0.076316
  # 1080: 0.700116  vs  0.774414   Δ=0.074298
  # 1010: 0.649204  vs  0.721680   Δ=0.072476
  # 1076: 0.613093  vs  0.685547   Δ=0.072454
  # 1007: 0.291231  vs  0.362305   Δ=0.071073
  #  580: 0.688860  vs  0.759766   Δ=0.070905
  #  618: 0.337382  vs  0.407227   Δ=0.069845
  #  366: 0.762560  vs  0.831055   Δ=0.068494
  #  354: 0.700349  vs  0.768555   Δ=0.068205
  # 1006: 0.748926  vs  0.814453   Δ=0.065527
  #  943: 0.424747  vs  0.488281   Δ=0.063534
  # 1224: 0.695411  vs  0.756836   Δ=0.061425
  #  650: 0.718955  vs  0.779297   Δ=0.060342
  # 1112: 0.747747  vs  0.807617   Δ=0.059871
[Level-A] Saved CSV comparison (all 1341 samples, sorted by |Δ|) to: out/error_analysis/level_a_comparison_20251013_231706.csv
[Info] Level-B skipped: CONFIG['labels'] is None.
