[Info] Logging to: out/log/convert_cnn_hls4ml_20251013_231136.log
[Info] TF version: 2.20.0
[Info] hls4ml version: 0.8.1
[Info] Using config: {
  "model": "/home/work1/Work/CNN_iCube_FPGA_b/models/10.07.25_15-31_100s_2D_CNN_model_2Layer.h5",
  "sample": "/home/work1/Work/CNN_iCube_FPGA_b/out/X_pkl-filtered_float32_N_4_256_1.npy",
  "labels": null,
  "outdir": "hls_cnn_2d_100s",
  "part": "xcku5p-ffvb676-2-e",
  "backend": "Vitis",
  "io": "io_stream",
  "precision": "ap_fixed<16,2>",
  "reuse": 8,
  "strip_dropout": true,
  "do_build": false,
  "test_batch": 8,
  "eval_maxN": 4096,
  "eval_batch": 256,
  "save_preds": false,
  "preds_out": "preds_eval.npz",
  "task_threshold": 0.5
}
[OK] Model input shape verified: (None, 4, 256, 1)

=== Keras Model Summary ===
Model: "converted_model"
_________________________________________________________________
 Layer (type)                Output Shape              Param #   
=================================================================
 input_1 (InputLayer)        [(None, 4, 256, 1)]       0         
                                                                 
 conv2d (Conv2D)             (None, 1, 247, 20)        820       
                                                                 
 conv2d_1 (Conv2D)           (None, 1, 238, 10)        2010      
                                                                 
 flatten (Flatten)           (None, 2380)              0         
                                                                 
 dense (Dense)               (None, 1)                 2381      
                                                                 
=================================================================
Total params: 5211 (20.36 KB)
Trainable params: 5211 (20.36 KB)
Non-trainable params: 0 (0.00 Byte)
_________________________________________________________________

=== Layer Details (Conv2D/Dense) ===
[Conv2D] conv2d filters=20 kernel=(4, 10) stride=(1, 1) padding=valid activation=relu data_format=channels_last
[Conv2D] conv2d_1 filters=10 kernel=(1, 10) stride=(1, 1) padding=valid activation=relu data_format=channels_last
[Dense ] dense units=1 activation=sigmoid

=== HLS Config (compact) ===
{
  "Model": {
    "Precision": "ap_fixed<16,2>",
    "ReuseFactor": 8,
    "Strategy": "Latency",
    "BramFactor": 8000,
    "PipelineStyle": "dataflow",
    "ClockPeriod": 5,
    "IOType": "io_stream"
  },
  "LayerName": {
    "conv2d": {
      "Precision": {
        "result": "ap_fixed<10,2>",
        "weight": "ap_fixed<16,2>",
        "bias": "ap_fixed<16,2>",
        "accum": "ap_fixed<20,4>"
      },
      "ReuseFactor": 8,
      "Strategy": "Latency"
    },
    "conv2d_1": {
      "Precision": {
        "result": "ap_fixed<10,2>",
        "weight": "ap_fixed<16,2>",
        "bias": "ap_fixed<16,2>",
        "accum": "ap_fixed<20,4>"
      },
      "ReuseFactor": 8,
      "Strategy": "Latency"
    },
    "dense": {
      "Precision": {
        "result": "ap_fixed<12,6>",
        "weight": "ap_fixed<16,2>",
        "bias": "ap_fixed<16,2>",
        "accum": "ap_fixed<26,10>"
      },
      "ReuseFactor": 8,
      "Strategy": "Latency"
    }
  }
}

[Step] Converting Keras model → HLS project ...
Interpreting Model
Topology:
Layer name: input_1, layer type: InputLayer, input shapes: [[None, 4, 256, 1]], output shape: [None, 4, 256, 1]
Layer name: conv2d, layer type: Conv2D, input shapes: [[None, 4, 256, 1]], output shape: [None, 1, 247, 20]
Layer name: conv2d_1, layer type: Conv2D, input shapes: [[None, 1, 247, 20]], output shape: [None, 1, 238, 10]
Layer name: flatten, layer type: Reshape, input shapes: [[None, 1, 238, 10]], output shape: [None, np.int64(2380)]
Layer name: dense, layer type: Dense, input shapes: [[None, np.int64(2380)]], output shape: [None, 1]
Creating HLS model
[OK] Conversion done. Project at: hls_cnn_2d_100s
[OK] Updated project.tcl backend to: Vitis

[Step] Compiling HLS C-simulation model ...
Writing HLS project
Done
[OK] C-sim compile done.

>>> Real-batch check:
N=8 | MAE=0.000976235 | MaxΔ=0.000976443

>>> Single sample check (@ sample path):
Keras: 0.9999996423721313  | HLS: 0.9990234375

>>> Random-input diagnostic (not representative):
MAE=0.499512 | MaxΔ=0.999023
Keras preds (first 5): [0.0, 0.0, 0.0, 0.0, 0.0]
HLS   preds (first 5): [0.9990234375, 0.9990234375, 0.0, 0.9990234375, 0.0]

[Level-A] NUMERIC DATASET (per-sample)  N=1341  MAE=0.00967108  RMSE=0.032814  MaxΔ=0.307055
[Level-A] Top-50 |Δ| samples (idx, y_keras, y_hls, Δ):
  #  651: 0.343335  vs  0.650391   Δ=0.307055
  #  555: 0.431917  vs  0.714844   Δ=0.282927
  # 1317: 0.433640  vs  0.702148   Δ=0.268508
  # 1007: 0.291231  vs  0.526367   Δ=0.235136
  # 1114: 0.450051  vs  0.681641   Δ=0.231590
  # 1100: 0.493749  vs  0.724609   Δ=0.230860
  #  967: 0.624271  vs  0.838867   Δ=0.214596
  #  618: 0.337382  vs  0.545898   Δ=0.208516
  #  943: 0.424747  vs  0.614258   Δ=0.189510
  # 1080: 0.700116  vs  0.888672   Δ=0.188556
  #  484: 0.168075  vs  0.355469   Δ=0.187394
  # 1076: 0.613093  vs  0.797852   Δ=0.184758
  # 1010: 0.649204  vs  0.824219   Δ=0.175015
  #  354: 0.700349  vs  0.875000   Δ=0.174651
  #   74: 0.524224  vs  0.695312   Δ=0.171089
  #  530: 0.399053  vs  0.569336   Δ=0.170282
  #  580: 0.688860  vs  0.853516   Δ=0.164655
  #   36: 0.502098  vs  0.665039   Δ=0.162941
  # 1224: 0.695411  vs  0.857422   Δ=0.162011
  #  366: 0.762560  vs  0.923828   Δ=0.161268
  #  650: 0.718955  vs  0.872070   Δ=0.153115
  # 1310: 0.682507  vs  0.831055   Δ=0.148547
  # 1112: 0.747747  vs  0.895508   Δ=0.147761
  #  173: 0.234275  vs  0.380859   Δ=0.146585
  # 1006: 0.748926  vs  0.895508   Δ=0.146582
  #  147: 0.109876  vs  0.255859   Δ=0.145983
  # 1165: 0.772717  vs  0.911133   Δ=0.138416
  # 1025: 0.746070  vs  0.881836   Δ=0.135766
  # 1101: 0.702253  vs  0.834961   Δ=0.132708
  # 1060: 0.763881  vs  0.886719   Δ=0.122838
  # 1149: 0.816473  vs  0.936523   Δ=0.120051
  #   44: 0.806407  vs  0.924805   Δ=0.118398
  #  350: 0.811305  vs  0.924805   Δ=0.113500
  # 1068: 0.797739  vs  0.908203   Δ=0.110464
  # 1315: 0.803424  vs  0.913086   Δ=0.109662
  #   21: 0.196866  vs  0.303711   Δ=0.106845
  #  168: 0.720704  vs  0.824219   Δ=0.103515
  #  421: 0.789339  vs  0.892578   Δ=0.103240
  #  634: 0.846142  vs  0.942383   Δ=0.096241
  #  528: 0.837727  vs  0.933594   Δ=0.095867
  # 1023: 0.841677  vs  0.936523   Δ=0.094846
  # 1016: 0.838573  vs  0.930664   Δ=0.092091
  #  695: 0.865183  vs  0.954102   Δ=0.088918
  # 1072: 0.855068  vs  0.943359   Δ=0.088292
  #   14: 0.142789  vs  0.230469   Δ=0.087679
  # 1001: 0.840090  vs  0.927734   Δ=0.087644
  #  601: 0.859726  vs  0.947266   Δ=0.087539
  #  988: 0.866018  vs  0.953125   Δ=0.087107
  #  635: 0.835244  vs  0.921875   Δ=0.086631
  # 1102: 0.835465  vs  0.919922   Δ=0.084457
[Level-A] Saved CSV comparison (all 1341 samples, sorted by |Δ|) to: out/error_analysis/level_a_comparison_20251013_231136.csv
[Info] Level-B skipped: CONFIG['labels'] is None.
