[Info] Logging to: out/log/convert_cnn_hls4ml_20251013_232147.log
[Info] TF version: 2.20.0
[Info] hls4ml version: 0.8.1
[Info] Using config: {
  "model": "/home/work1/Work/CNN_iCube_FPGA_b/models/10.07.25_15-31_100s_2D_CNN_model_2Layer.h5",
  "sample": "/home/work1/Work/CNN_iCube_FPGA_b/out/X_pkl-filtered_float32_N_4_256_1.npy",
  "labels": null,
  "outdir": "hls_cnn_2d_100s",
  "part": "xcku5p-ffvb676-2-e",
  "backend": "Vitis",
  "io": "io_stream",
  "precision": "ap_fixed<16,2>",
  "reuse": 8,
  "strip_dropout": true,
  "do_build": false,
  "test_batch": 8,
  "eval_maxN": 4096,
  "eval_batch": 256,
  "save_preds": false,
  "preds_out": "preds_eval.npz",
  "task_threshold": 0.5
}
[OK] Model input shape verified: (None, 4, 256, 1)

=== Keras Model Summary ===
Model: "converted_model"
_________________________________________________________________
 Layer (type)                Output Shape              Param #   
=================================================================
 input_1 (InputLayer)        [(None, 4, 256, 1)]       0         
                                                                 
 conv2d (Conv2D)             (None, 1, 247, 20)        820       
                                                                 
 conv2d_1 (Conv2D)           (None, 1, 238, 10)        2010      
                                                                 
 flatten (Flatten)           (None, 2380)              0         
                                                                 
 dense (Dense)               (None, 1)                 2381      
                                                                 
=================================================================
Total params: 5211 (20.36 KB)
Trainable params: 5211 (20.36 KB)
Non-trainable params: 0 (0.00 Byte)
_________________________________________________________________

=== Layer Details (Conv2D/Dense) ===
[Conv2D] conv2d filters=20 kernel=(4, 10) stride=(1, 1) padding=valid activation=relu data_format=channels_last
[Conv2D] conv2d_1 filters=10 kernel=(1, 10) stride=(1, 1) padding=valid activation=relu data_format=channels_last
[Dense ] dense units=1 activation=sigmoid

=== HLS Config (compact) ===
{
  "Model": {
    "Precision": "ap_fixed<16,2>",
    "ReuseFactor": 8,
    "Strategy": "Latency",
    "BramFactor": 8000,
    "PipelineStyle": "dataflow",
    "ClockPeriod": 5,
    "IOType": "io_stream"
  },
  "LayerName": {
    "conv2d": {
      "Precision": {
        "result": "ap_fixed<12,2>",
        "weight": "ap_fixed<16,2>",
        "bias": "ap_fixed<16,2>",
        "accum": "ap_fixed<20,4>"
      },
      "ReuseFactor": 8,
      "Strategy": "Latency"
    },
    "conv2d_1": {
      "Precision": {
        "result": "ap_fixed<12,2>",
        "weight": "ap_fixed<16,2>",
        "bias": "ap_fixed<16,2>",
        "accum": "ap_fixed<20,4>"
      },
      "ReuseFactor": 8,
      "Strategy": "Latency"
    },
    "dense": {
      "Precision": {
        "result": "ap_fixed<10,6>",
        "weight": "ap_fixed<16,2>",
        "bias": "ap_fixed<16,2>",
        "accum": "ap_fixed<26,8>"
      },
      "ReuseFactor": 8,
      "Strategy": "Latency"
    }
  }
}

[Step] Converting Keras model → HLS project ...
Interpreting Model
Topology:
Layer name: input_1, layer type: InputLayer, input shapes: [[None, 4, 256, 1]], output shape: [None, 4, 256, 1]
Layer name: conv2d, layer type: Conv2D, input shapes: [[None, 4, 256, 1]], output shape: [None, 1, 247, 20]
Layer name: conv2d_1, layer type: Conv2D, input shapes: [[None, 1, 247, 20]], output shape: [None, 1, 238, 10]
Layer name: flatten, layer type: Reshape, input shapes: [[None, 1, 238, 10]], output shape: [None, np.int64(2380)]
Layer name: dense, layer type: Dense, input shapes: [[None, np.int64(2380)]], output shape: [None, 1]
Creating HLS model
[OK] Conversion done. Project at: hls_cnn_2d_100s
[OK] Updated project.tcl backend to: Vitis

[Step] Compiling HLS C-simulation model ...
Writing HLS project
Done
[OK] C-sim compile done.

>>> Real-batch check:
N=8 | MAE=0.000976235 | MaxΔ=0.000976443

>>> Single sample check (@ sample path):
Keras: 0.9999996423721313  | HLS: 0.9990234375

>>> Random-input diagnostic (not representative):
MAE=0.62439 | MaxΔ=0.999023
Keras preds (first 5): [1.0149242509772523e-27, 4.363371591986112e-20, 1.910636058255477e-07, 0.0, 6.1313345227783186e-21]
HLS   preds (first 5): [0.0, 0.9990234375, 0.9990234375, 0.0, 0.0]

[Level-A] NUMERIC DATASET (per-sample)  N=1341  MAE=0.00390563  RMSE=0.0117696  MaxΔ=0.0983569
[Level-A] Top-50 |Δ| samples (idx, y_keras, y_hls, Δ):
  #  555: 0.431917  vs  0.530273   Δ=0.098357
  # 1317: 0.433640  vs  0.530273   Δ=0.096633
  #  651: 0.343335  vs  0.437500   Δ=0.094165
  # 1100: 0.493749  vs  0.577148   Δ=0.083399
  #  967: 0.624271  vs  0.705078   Δ=0.080807
  # 1114: 0.450051  vs  0.530273   Δ=0.080222
  # 1080: 0.700116  vs  0.776367   Δ=0.076251
  # 1007: 0.291231  vs  0.362305   Δ=0.071073
  #  618: 0.337382  vs  0.407227   Δ=0.069845
  # 1010: 0.649204  vs  0.717773   Δ=0.068570
  #  580: 0.688860  vs  0.754883   Δ=0.066022
  # 1076: 0.613093  vs  0.678711   Δ=0.065618
  #  354: 0.700349  vs  0.765625   Δ=0.065276
  #  366: 0.762560  vs  0.826172   Δ=0.063612
  # 1112: 0.747747  vs  0.807617   Δ=0.059871
  #  943: 0.424747  vs  0.484375   Δ=0.059628
  # 1224: 0.695411  vs  0.754883   Δ=0.059472
  # 1006: 0.748926  vs  0.807617   Δ=0.058691
  #  650: 0.718955  vs  0.776367   Δ=0.057412
  #  484: 0.168075  vs  0.222656   Δ=0.054581
  #  530: 0.399053  vs  0.453125   Δ=0.054072
  # 1165: 0.772717  vs  0.826172   Δ=0.053455
  #   74: 0.524224  vs  0.577148   Δ=0.052925
  # 1101: 0.702253  vs  0.754883   Δ=0.052630
  # 1025: 0.746070  vs  0.797852   Δ=0.051781
  # 1149: 0.816473  vs  0.866211   Δ=0.049738
  #  350: 0.811305  vs  0.859375   Δ=0.048070
  # 1310: 0.682507  vs  0.730469   Δ=0.047961
  #  173: 0.234275  vs  0.281250   Δ=0.046975
  #   44: 0.806407  vs  0.851562   Δ=0.045156
  #   36: 0.502098  vs  0.545898   Δ=0.043800
  # 1060: 0.763881  vs  0.807617   Δ=0.043736
  #  528: 0.837727  vs  0.879883   Δ=0.042156
  #  634: 0.846142  vs  0.886719   Δ=0.040577
  # 1315: 0.803424  vs  0.843750   Δ=0.040326
  #  695: 0.865183  vs  0.904297   Δ=0.039114
  #  635: 0.835244  vs  0.874023   Δ=0.038779
  # 1023: 0.841677  vs  0.879883   Δ=0.038205
  #  147: 0.109876  vs  0.147461   Δ=0.037585
  # 1072: 0.855068  vs  0.892578   Δ=0.037510
  # 1068: 0.797739  vs  0.834961   Δ=0.037222
  #  421: 0.789339  vs  0.826172   Δ=0.036833
  #   21: 0.196866  vs  0.233398   Δ=0.036533
  # 1016: 0.838573  vs  0.874023   Δ=0.035451
  #  168: 0.720704  vs  0.754883   Δ=0.034179
  # 1001: 0.840090  vs  0.874023   Δ=0.033933
  #  601: 0.859726  vs  0.892578   Δ=0.032852
  #  988: 0.866018  vs  0.898438   Δ=0.032419
  #  556: 0.899788  vs  0.931641   Δ=0.031852
  # 1102: 0.835465  vs  0.866211   Δ=0.030746
[Level-A] Saved CSV comparison (all 1341 samples, sorted by |Δ|) to: out/error_analysis/level_a_comparison_20251013_232147.csv
[Info] Level-B skipped: CONFIG['labels'] is None.
