#-----------------------------------------------------------
# Vivado v2023.2 (64-bit)
# SW Build 4029153 on Fri Oct 13 20:13:54 MDT 2023
# IP Build 4028589 on Sat Oct 14 00:45:43 MDT 2023
# SharedData Build 4025554 on Tue Oct 10 17:18:54 MDT 2023
# Start of session at: Fri Oct 10 23:15:48 2025
# Process ID: 1496578
# Current directory: /home/work1/.local/share/Trash/files/hls_cnn_2d_100s.11/myproject_prj/solution1/impl/ip
# Command line: vivado -notrace -mode batch -source run_ippack.tcl
# Log file: /home/work1/.local/share/Trash/files/hls_cnn_2d_100s.11/myproject_prj/solution1/impl/ip/vivado.log
# Journal file: /home/work1/.local/share/Trash/files/hls_cnn_2d_100s.11/myproject_prj/solution1/impl/ip/vivado.jou
# Running On: dhcp-172-31-232-100.mobile.uci.edu, OS: Linux, CPU Frequency: 3370.401 MHz, CPU Physical cores: 24, Host memory: 16427 MB
#-----------------------------------------------------------
WARNING: [Runs 36-547] User Strategy 'Vivado Implementation Defaults' from file '/home/work1/.Xilinx/Vivado/2023.2/strategies/Vivado Implementation Defaults.Vivado Implementation 2020.psg' discarded because strategy with same name already parsed from '/home/work1/Work/Xilinx/Vivado/2023.2/strategies/VDI2020.psg'
WARNING: [Runs 36-547] User Strategy 'Vivado Synthesis Defaults' from file '/home/work1/.Xilinx/Vivado/2023.2/strategies/Vivado Synthesis Defaults.Vivado Synthesis 2020.psg' discarded because strategy with same name already parsed from '/home/work1/Work/Xilinx/Vivado/2023.2/strategies/VDS2020.psg'
source run_ippack.tcl -notrace
INFO: [IP_Flow 19-234] Refreshing IP repositories
INFO: [IP_Flow 19-1704] No user IP repositories specified
INFO: [IP_Flow 19-2313] Loaded Vivado IP repository '/home/work1/Work/Xilinx/Vivado/2023.2/data/ip'.
INFO: [Common 17-206] Exiting Vivado at Fri Oct 10 23:15:58 2025...
