

================================================================
== Vitis HLS Report for 'relu_array_ap_fixed_10u_array_ap_fixed_16_2_5_3_0_10u_relu_config5_s'
================================================================
* Date:           Wed Oct 15 23:49:32 2025

* Version:        2023.2 (Build 4023990 on Oct 11 2023)
* Project:        hls_cnn_2d_100s_prj
* Solution:       solution1 (Vivado IP Flow Target)
* Product family: kintexuplus
* Target device:  xcku5p-ffvb676-2-e


================================================================
== Performance Estimates
================================================================
+ Timing: 
    * Summary: 
    +--------+---------+----------+------------+
    |  Clock |  Target | Estimated| Uncertainty|
    +--------+---------+----------+------------+
    |ap_clk  |  5.00 ns|  2.489 ns|     0.62 ns|
    +--------+---------+----------+------------+

+ Latency: 
    * Summary: 
    +---------+---------+----------+----------+-----+-----+---------+
    |  Latency (cycles) |  Latency (absolute) |  Interval | Pipeline|
    |   min   |   max   |    min   |    max   | min | max |   Type  |
    +---------+---------+----------+----------+-----+-----+---------+
    |      241|      241|  1.205 us|  1.205 us|  241|  241|       no|
    +---------+---------+----------+----------+-----+-----+---------+

    + Detail: 
        * Instance: 
        N/A

        * Loop: 
        +---------------+---------+---------+----------+-----------+-----------+------+----------+
        |               |  Latency (cycles) | Iteration|  Initiation Interval  | Trip |          |
        |   Loop Name   |   min   |   max   |  Latency |  achieved |   target  | Count| Pipelined|
        +---------------+---------+---------+----------+-----------+-----------+------+----------+
        |- ReLUActLoop  |      239|      239|         3|          1|          1|   238|       yes|
        +---------------+---------+---------+----------+-----------+-----------+------+----------+



================================================================
== Utilization Estimates
================================================================
* Summary: 
+-----------------+---------+------+--------+--------+-----+
|       Name      | BRAM_18K|  DSP |   FF   |   LUT  | URAM|
+-----------------+---------+------+--------+--------+-----+
|DSP              |        -|     -|       -|       -|    -|
|Expression       |        -|     -|       0|     376|    -|
|FIFO             |        -|     -|       -|       -|    -|
|Instance         |        -|     -|       -|       -|    -|
|Memory           |        -|     -|       -|       -|    -|
|Multiplexer      |        -|     -|       -|      63|    -|
|Register         |        -|     -|     134|       -|    -|
+-----------------+---------+------+--------+--------+-----+
|Total            |        0|     0|     134|     439|    0|
+-----------------+---------+------+--------+--------+-----+
|Available        |      960|  1824|  433920|  216960|   64|
+-----------------+---------+------+--------+--------+-----+
|Utilization (%)  |        0|     0|      ~0|      ~0|    0|
+-----------------+---------+------+--------+--------+-----+

+ Detail: 
    * Instance: 
    N/A

    * DSP: 
    N/A

    * Memory: 
    N/A

    * FIFO: 
    N/A

    * Expression: 
    +---------------------------+----------+----+---+----+------------+------------+
    |       Variable Name       | Operation| DSP| FF| LUT| Bitwidth P0| Bitwidth P1|
    +---------------------------+----------+----+---+----+------------+------------+
    |i_4_fu_135_p2              |         +|   0|  0|  15|           8|           1|
    |ap_condition_153           |       and|   0|  0|   2|           1|           1|
    |icmp_ln41_fu_129_p2        |      icmp|   0|  0|  15|           8|           6|
    |icmp_ln51_20_fu_250_p2     |      icmp|   0|  0|  19|          12|           1|
    |icmp_ln51_21_fu_266_p2     |      icmp|   0|  0|  19|          12|           1|
    |icmp_ln51_22_fu_282_p2     |      icmp|   0|  0|  19|          12|           1|
    |icmp_ln51_23_fu_298_p2     |      icmp|   0|  0|  19|          12|           1|
    |icmp_ln51_24_fu_314_p2     |      icmp|   0|  0|  19|          12|           1|
    |icmp_ln51_25_fu_330_p2     |      icmp|   0|  0|  19|          12|           1|
    |icmp_ln51_26_fu_346_p2     |      icmp|   0|  0|  19|          12|           1|
    |icmp_ln51_27_fu_362_p2     |      icmp|   0|  0|  19|          12|           1|
    |icmp_ln51_28_fu_378_p2     |      icmp|   0|  0|  19|          12|           1|
    |icmp_ln51_fu_240_p2        |      icmp|   0|  0|  19|          12|           1|
    |ap_block_pp0_stage0_01001  |        or|   0|  0|   2|           1|           1|
    |out_data_10_fu_419_p3      |    select|   0|  0|  15|           1|          15|
    |out_data_12_fu_437_p3      |    select|   0|  0|  15|           1|          15|
    |out_data_14_fu_455_p3      |    select|   0|  0|  15|           1|          15|
    |out_data_8_fu_401_p3       |    select|   0|  0|  15|           1|          15|
    |select_ln51_16_fu_491_p3   |    select|   0|  0|  15|           1|          15|
    |select_ln51_17_fu_509_p3   |    select|   0|  0|  15|           1|          15|
    |select_ln51_18_fu_527_p3   |    select|   0|  0|  15|           1|          15|
    |select_ln51_19_fu_545_p3   |    select|   0|  0|  15|           1|          15|
    |select_ln51_20_fu_563_p3   |    select|   0|  0|  15|           1|          15|
    |select_ln51_fu_473_p3      |    select|   0|  0|  15|           1|          15|
    |ap_enable_pp0              |       xor|   0|  0|   2|           1|           2|
    +---------------------------+----------+----+---+----+------------+------------+
    |Total                      |          |   0|  0| 376|         149|         171|
    +---------------------------+----------+----+---+----+------------+------------+

    * Multiplexer: 
    +-------------------------+----+-----------+-----+-----------+
    |           Name          | LUT| Input Size| Bits| Total Bits|
    +-------------------------+----+-----------+-----+-----------+
    |ap_done_int              |   9|          2|    1|          2|
    |ap_enable_reg_pp0_iter1  |   9|          2|    1|          2|
    |ap_sig_allocacmp_i_3     |   9|          2|    8|         16|
    |i_fu_104                 |   9|          2|    8|         16|
    |layer4_out_blk_n         |   9|          2|    1|          2|
    |layer5_out_blk_n         |   9|          2|    1|          2|
    |real_start               |   9|          2|    1|          2|
    +-------------------------+----+-----------+-----+-----------+
    |Total                    |  63|         14|   21|         42|
    +-------------------------+----+-----------+-----+-----------+

    * Register: 
    +----------------------------------+----+----+-----+-----------+
    |               Name               | FF | LUT| Bits| Const Bits|
    +----------------------------------+----+----+-----+-----------+
    |ap_CS_fsm                         |   1|   0|    1|          0|
    |ap_done_reg                       |   1|   0|    1|          0|
    |ap_enable_reg_pp0_iter1           |   1|   0|    1|          0|
    |ap_enable_reg_pp0_iter2           |   1|   0|    1|          0|
    |ap_loop_exit_ready_pp0_iter1_reg  |   1|   0|    1|          0|
    |i_fu_104                          |   8|   0|    8|          0|
    |icmp_ln51_20_reg_620              |   1|   0|    1|          0|
    |icmp_ln51_21_reg_630              |   1|   0|    1|          0|
    |icmp_ln51_22_reg_640              |   1|   0|    1|          0|
    |icmp_ln51_23_reg_650              |   1|   0|    1|          0|
    |icmp_ln51_24_reg_660              |   1|   0|    1|          0|
    |icmp_ln51_25_reg_670              |   1|   0|    1|          0|
    |icmp_ln51_26_reg_680              |   1|   0|    1|          0|
    |icmp_ln51_27_reg_690              |   1|   0|    1|          0|
    |icmp_ln51_28_reg_700              |   1|   0|    1|          0|
    |icmp_ln51_reg_610                 |   1|   0|    1|          0|
    |start_once_reg                    |   1|   0|    1|          0|
    |tmp_19_reg_635                    |  11|   0|   11|          0|
    |tmp_20_reg_645                    |  11|   0|   11|          0|
    |tmp_21_reg_655                    |  11|   0|   11|          0|
    |tmp_22_reg_665                    |  11|   0|   11|          0|
    |tmp_23_reg_675                    |  11|   0|   11|          0|
    |tmp_24_reg_685                    |  11|   0|   11|          0|
    |tmp_25_reg_695                    |  11|   0|   11|          0|
    |tmp_26_reg_705                    |  11|   0|   11|          0|
    |tmp_s_reg_625                     |  11|   0|   11|          0|
    |trunc_ln52_reg_615                |  11|   0|   11|          0|
    +----------------------------------+----+----+-----+-----------+
    |Total                             | 134|   0|  134|          0|
    +----------------------------------+----+----+-----+-----------+



================================================================
== Interface
================================================================
* Summary: 
+---------------------------+-----+-----+------------+------------------------------------------------------------------------+--------------+
|         RTL Ports         | Dir | Bits|  Protocol  |                              Source Object                             |    C Type    |
+---------------------------+-----+-----+------------+------------------------------------------------------------------------+--------------+
|ap_clk                     |   in|    1|  ap_ctrl_hs|  relu<array<ap_fixed,10u>,array<ap_fixed<16,2,5,3,0>,10u>,relu_config5>|  return value|
|ap_rst                     |   in|    1|  ap_ctrl_hs|  relu<array<ap_fixed,10u>,array<ap_fixed<16,2,5,3,0>,10u>,relu_config5>|  return value|
|ap_start                   |   in|    1|  ap_ctrl_hs|  relu<array<ap_fixed,10u>,array<ap_fixed<16,2,5,3,0>,10u>,relu_config5>|  return value|
|start_full_n               |   in|    1|  ap_ctrl_hs|  relu<array<ap_fixed,10u>,array<ap_fixed<16,2,5,3,0>,10u>,relu_config5>|  return value|
|ap_done                    |  out|    1|  ap_ctrl_hs|  relu<array<ap_fixed,10u>,array<ap_fixed<16,2,5,3,0>,10u>,relu_config5>|  return value|
|ap_continue                |   in|    1|  ap_ctrl_hs|  relu<array<ap_fixed,10u>,array<ap_fixed<16,2,5,3,0>,10u>,relu_config5>|  return value|
|ap_idle                    |  out|    1|  ap_ctrl_hs|  relu<array<ap_fixed,10u>,array<ap_fixed<16,2,5,3,0>,10u>,relu_config5>|  return value|
|ap_ready                   |  out|    1|  ap_ctrl_hs|  relu<array<ap_fixed,10u>,array<ap_fixed<16,2,5,3,0>,10u>,relu_config5>|  return value|
|start_out                  |  out|    1|  ap_ctrl_hs|  relu<array<ap_fixed,10u>,array<ap_fixed<16,2,5,3,0>,10u>,relu_config5>|  return value|
|start_write                |  out|    1|  ap_ctrl_hs|  relu<array<ap_fixed,10u>,array<ap_fixed<16,2,5,3,0>,10u>,relu_config5>|  return value|
|layer4_out_dout            |   in|  120|     ap_fifo|                                                              layer4_out|       pointer|
|layer4_out_num_data_valid  |   in|    9|     ap_fifo|                                                              layer4_out|       pointer|
|layer4_out_fifo_cap        |   in|    9|     ap_fifo|                                                              layer4_out|       pointer|
|layer4_out_empty_n         |   in|    1|     ap_fifo|                                                              layer4_out|       pointer|
|layer4_out_read            |  out|    1|     ap_fifo|                                                              layer4_out|       pointer|
|layer5_out_din             |  out|  160|     ap_fifo|                                                              layer5_out|       pointer|
|layer5_out_num_data_valid  |   in|    9|     ap_fifo|                                                              layer5_out|       pointer|
|layer5_out_fifo_cap        |   in|    9|     ap_fifo|                                                              layer5_out|       pointer|
|layer5_out_full_n          |   in|    1|     ap_fifo|                                                              layer5_out|       pointer|
|layer5_out_write           |  out|    1|     ap_fifo|                                                              layer5_out|       pointer|
+---------------------------+-----+-----+------------+------------------------------------------------------------------------+--------------+

