

================================================================
== Vitis HLS Report for 'relu_array_ap_fixed_20u_array_ap_fixed_16_2_5_3_0_20u_relu_config3_s'
================================================================
* Date:           Wed Oct 15 23:48:13 2025

* Version:        2023.2 (Build 4023990 on Oct 11 2023)
* Project:        hls_cnn_2d_100s_prj
* Solution:       solution1 (Vivado IP Flow Target)
* Product family: kintexuplus
* Target device:  xcku5p-ffvb676-2-e


================================================================
== Performance Estimates
================================================================
+ Timing: 
    * Summary: 
    +--------+---------+----------+------------+
    |  Clock |  Target | Estimated| Uncertainty|
    +--------+---------+----------+------------+
    |ap_clk  |  5.00 ns|  2.477 ns|     0.62 ns|
    +--------+---------+----------+------------+

+ Latency: 
    * Summary: 
    +---------+---------+----------+----------+-----+-----+---------+
    |  Latency (cycles) |  Latency (absolute) |  Interval | Pipeline|
    |   min   |   max   |    min   |    max   | min | max |   Type  |
    +---------+---------+----------+----------+-----+-----+---------+
    |      250|      250|  1.250 us|  1.250 us|  250|  250|       no|
    +---------+---------+----------+----------+-----+-----+---------+

    + Detail: 
        * Instance: 
        N/A

        * Loop: 
        +---------------+---------+---------+----------+-----------+-----------+------+----------+
        |               |  Latency (cycles) | Iteration|  Initiation Interval  | Trip |          |
        |   Loop Name   |   min   |   max   |  Latency |  achieved |   target  | Count| Pipelined|
        +---------------+---------+---------+----------+-----------+-----------+------+----------+
        |- ReLUActLoop  |      248|      248|         3|          1|          1|   247|       yes|
        +---------------+---------+---------+----------+-----------+-----------+------+----------+

============================================================
+ Verbose Summary: Synthesis Manager
============================================================
InlineROM: 1
ExposeGlobal: 0
============================================================
+ Verbose Summary: CDFG Model
============================================================
IsTopModel: 0
ResetActiveHigh: 1
IsCombinational: 2
IsDatapathOnly: 0
HasWiredReturn: 1
HasMFsm: 2
HasVarLatency: 1
IsPipeline: 0
IsRtlPipelined: 0
IsInstanceOverlapped: 0
IsDontTouch: 0
HasImplIP: 0
IsGatedGlobalClock: 0

+ Individual pipeline summary: 
  * Pipeline-0: initiation interval (II) = 1, depth = 3


============================================================
+ Verbose Summary: Schedule
============================================================
* Number of FSM states : 3
* Pipeline : 1
  Pipeline-0 : II = 1, D = 3, States = { 1 2 3 }
* Dataflow Pipeline: 0

* FSM state transitions: 
1 --> 2 
2 --> 3 
3 --> 

* FSM state operations: 

State 1 <SV = 0> <Delay = 1.61>
ST_1 : Operation 6 [1/1] (0.00ns)   --->   "%i = alloca i32 1" [firmware/nnet_utils/nnet_activation_stream.h:41]   --->   Operation 6 'alloca' 'i' <Predicate = true> <Delay = 0.00>
ST_1 : Operation 7 [1/1] (0.00ns)   --->   "%specinterface_ln0 = specinterface void @_ssdm_op_SpecInterface, i320 %layer3_out, void @empty_4, i32 0, i32 0, void @empty_5, i32 0, i32 0, void @empty_5, void @empty_5, void @empty_5, i32 0, i32 0, i32 0, i32 0, void @empty_5, void @empty_5, i32 4294967295, i32 0"   --->   Operation 7 'specinterface' 'specinterface_ln0' <Predicate = true> <Delay = 0.00>
ST_1 : Operation 8 [1/1] (0.00ns)   --->   "%specinterface_ln0 = specinterface void @_ssdm_op_SpecInterface, i240 %layer2_out, void @empty_4, i32 0, i32 0, void @empty_5, i32 0, i32 0, void @empty_5, void @empty_5, void @empty_5, i32 0, i32 0, i32 0, i32 0, void @empty_5, void @empty_5, i32 4294967295, i32 0"   --->   Operation 8 'specinterface' 'specinterface_ln0' <Predicate = true> <Delay = 0.00>
ST_1 : Operation 9 [1/1] (0.42ns)   --->   "%store_ln41 = store i8 0, i8 %i" [firmware/nnet_utils/nnet_activation_stream.h:41]   --->   Operation 9 'store' 'store_ln41' <Predicate = true> <Delay = 0.42>
ST_1 : Operation 10 [1/1] (0.00ns)   --->   "%br_ln41 = br void %ReLUPackLoop" [firmware/nnet_utils/nnet_activation_stream.h:41]   --->   Operation 10 'br' 'br_ln41' <Predicate = true> <Delay = 0.00>
ST_1 : Operation 11 [1/1] (0.00ns)   --->   "%i_1 = load i8 %i" [firmware/nnet_utils/nnet_activation_stream.h:41]   --->   Operation 11 'load' 'i_1' <Predicate = true> <Delay = 0.00>
ST_1 : Operation 12 [1/1] (0.76ns)   --->   "%icmp_ln41 = icmp_eq  i8 %i_1, i8 247" [firmware/nnet_utils/nnet_activation_stream.h:41]   --->   Operation 12 'icmp' 'icmp_ln41' <Predicate = true> <Delay = 0.76> <CoreInst = "Cmp">   --->   Core 9 'Cmp' <Latency = 0> <II = 1> <Delay = 0.76> <FuncUnit> <Opcode : 'icmp'> <InPorts = 2> <OutPorts = 1>
ST_1 : Operation 13 [1/1] (0.76ns)   --->   "%i_2 = add i8 %i_1, i8 1" [firmware/nnet_utils/nnet_activation_stream.h:41]   --->   Operation 13 'add' 'i_2' <Predicate = true> <Delay = 0.76> <CoreInst = "Adder">   --->   Core 1 'Adder' <Latency = 0> <II = 1> <Delay = 0.76> <FuncUnit> <Opcode : 'add' 'sub'> <InPorts = 2> <OutPorts = 1>
ST_1 : Operation 14 [1/1] (0.00ns)   --->   "%br_ln41 = br i1 %icmp_ln41, void %ReLUPackLoop.split, void %for.end15" [firmware/nnet_utils/nnet_activation_stream.h:41]   --->   Operation 14 'br' 'br_ln41' <Predicate = true> <Delay = 0.00>
ST_1 : Operation 15 [1/1] (0.42ns)   --->   "%store_ln41 = store i8 %i_2, i8 %i" [firmware/nnet_utils/nnet_activation_stream.h:41]   --->   Operation 15 'store' 'store_ln41' <Predicate = (!icmp_ln41)> <Delay = 0.42>

State 2 <SV = 1> <Delay = 2.47>
ST_2 : Operation 16 [1/1] (1.66ns)   --->   "%layer2_out_read = read i240 @_ssdm_op_Read.ap_fifo.volatile.i240P0A, i240 %layer2_out" [firmware/nnet_utils/nnet_activation_stream.h:44]   --->   Operation 16 'read' 'layer2_out_read' <Predicate = true> <Delay = 1.66> <CoreInst = "FIFO">   --->   Core 78 'FIFO' <Latency = 0> <II = 1> <Delay = 1.66> <Storage> <Opcode : 'read' 'write' 'nbread' 'nbwrite'> <Ports = 0> <Width = 240> <Depth = 247> <FIFO>
ST_2 : Operation 17 [1/1] (0.00ns)   --->   "%trunc_ln44 = trunc i240 %layer2_out_read" [firmware/nnet_utils/nnet_activation_stream.h:44]   --->   Operation 17 'trunc' 'trunc_ln44' <Predicate = true> <Delay = 0.00>
ST_2 : Operation 18 [1/1] (0.00ns)   --->   "%trunc_ln44_1 = partselect i12 @_ssdm_op_PartSelect.i12.i240.i32.i32, i240 %layer2_out_read, i32 12, i32 23" [firmware/nnet_utils/nnet_activation_stream.h:44]   --->   Operation 18 'partselect' 'trunc_ln44_1' <Predicate = true> <Delay = 0.00>
ST_2 : Operation 19 [1/1] (0.00ns)   --->   "%trunc_ln44_2 = partselect i12 @_ssdm_op_PartSelect.i12.i240.i32.i32, i240 %layer2_out_read, i32 24, i32 35" [firmware/nnet_utils/nnet_activation_stream.h:44]   --->   Operation 19 'partselect' 'trunc_ln44_2' <Predicate = true> <Delay = 0.00>
ST_2 : Operation 20 [1/1] (0.00ns)   --->   "%trunc_ln44_3 = partselect i12 @_ssdm_op_PartSelect.i12.i240.i32.i32, i240 %layer2_out_read, i32 36, i32 47" [firmware/nnet_utils/nnet_activation_stream.h:44]   --->   Operation 20 'partselect' 'trunc_ln44_3' <Predicate = true> <Delay = 0.00>
ST_2 : Operation 21 [1/1] (0.00ns)   --->   "%trunc_ln44_4 = partselect i12 @_ssdm_op_PartSelect.i12.i240.i32.i32, i240 %layer2_out_read, i32 48, i32 59" [firmware/nnet_utils/nnet_activation_stream.h:44]   --->   Operation 21 'partselect' 'trunc_ln44_4' <Predicate = true> <Delay = 0.00>
ST_2 : Operation 22 [1/1] (0.00ns)   --->   "%trunc_ln44_5 = partselect i12 @_ssdm_op_PartSelect.i12.i240.i32.i32, i240 %layer2_out_read, i32 60, i32 71" [firmware/nnet_utils/nnet_activation_stream.h:44]   --->   Operation 22 'partselect' 'trunc_ln44_5' <Predicate = true> <Delay = 0.00>
ST_2 : Operation 23 [1/1] (0.00ns)   --->   "%trunc_ln44_6 = partselect i12 @_ssdm_op_PartSelect.i12.i240.i32.i32, i240 %layer2_out_read, i32 72, i32 83" [firmware/nnet_utils/nnet_activation_stream.h:44]   --->   Operation 23 'partselect' 'trunc_ln44_6' <Predicate = true> <Delay = 0.00>
ST_2 : Operation 24 [1/1] (0.00ns)   --->   "%trunc_ln44_7 = partselect i12 @_ssdm_op_PartSelect.i12.i240.i32.i32, i240 %layer2_out_read, i32 84, i32 95" [firmware/nnet_utils/nnet_activation_stream.h:44]   --->   Operation 24 'partselect' 'trunc_ln44_7' <Predicate = true> <Delay = 0.00>
ST_2 : Operation 25 [1/1] (0.00ns)   --->   "%trunc_ln44_8 = partselect i12 @_ssdm_op_PartSelect.i12.i240.i32.i32, i240 %layer2_out_read, i32 96, i32 107" [firmware/nnet_utils/nnet_activation_stream.h:44]   --->   Operation 25 'partselect' 'trunc_ln44_8' <Predicate = true> <Delay = 0.00>
ST_2 : Operation 26 [1/1] (0.00ns)   --->   "%trunc_ln44_9 = partselect i12 @_ssdm_op_PartSelect.i12.i240.i32.i32, i240 %layer2_out_read, i32 108, i32 119" [firmware/nnet_utils/nnet_activation_stream.h:44]   --->   Operation 26 'partselect' 'trunc_ln44_9' <Predicate = true> <Delay = 0.00>
ST_2 : Operation 27 [1/1] (0.00ns)   --->   "%trunc_ln44_s = partselect i12 @_ssdm_op_PartSelect.i12.i240.i32.i32, i240 %layer2_out_read, i32 120, i32 131" [firmware/nnet_utils/nnet_activation_stream.h:44]   --->   Operation 27 'partselect' 'trunc_ln44_s' <Predicate = true> <Delay = 0.00>
ST_2 : Operation 28 [1/1] (0.00ns)   --->   "%trunc_ln44_10 = partselect i12 @_ssdm_op_PartSelect.i12.i240.i32.i32, i240 %layer2_out_read, i32 132, i32 143" [firmware/nnet_utils/nnet_activation_stream.h:44]   --->   Operation 28 'partselect' 'trunc_ln44_10' <Predicate = true> <Delay = 0.00>
ST_2 : Operation 29 [1/1] (0.00ns)   --->   "%trunc_ln44_11 = partselect i12 @_ssdm_op_PartSelect.i12.i240.i32.i32, i240 %layer2_out_read, i32 144, i32 155" [firmware/nnet_utils/nnet_activation_stream.h:44]   --->   Operation 29 'partselect' 'trunc_ln44_11' <Predicate = true> <Delay = 0.00>
ST_2 : Operation 30 [1/1] (0.00ns)   --->   "%trunc_ln44_12 = partselect i12 @_ssdm_op_PartSelect.i12.i240.i32.i32, i240 %layer2_out_read, i32 156, i32 167" [firmware/nnet_utils/nnet_activation_stream.h:44]   --->   Operation 30 'partselect' 'trunc_ln44_12' <Predicate = true> <Delay = 0.00>
ST_2 : Operation 31 [1/1] (0.00ns)   --->   "%trunc_ln44_13 = partselect i12 @_ssdm_op_PartSelect.i12.i240.i32.i32, i240 %layer2_out_read, i32 168, i32 179" [firmware/nnet_utils/nnet_activation_stream.h:44]   --->   Operation 31 'partselect' 'trunc_ln44_13' <Predicate = true> <Delay = 0.00>
ST_2 : Operation 32 [1/1] (0.00ns)   --->   "%trunc_ln44_14 = partselect i12 @_ssdm_op_PartSelect.i12.i240.i32.i32, i240 %layer2_out_read, i32 180, i32 191" [firmware/nnet_utils/nnet_activation_stream.h:44]   --->   Operation 32 'partselect' 'trunc_ln44_14' <Predicate = true> <Delay = 0.00>
ST_2 : Operation 33 [1/1] (0.00ns)   --->   "%trunc_ln44_15 = partselect i12 @_ssdm_op_PartSelect.i12.i240.i32.i32, i240 %layer2_out_read, i32 192, i32 203" [firmware/nnet_utils/nnet_activation_stream.h:44]   --->   Operation 33 'partselect' 'trunc_ln44_15' <Predicate = true> <Delay = 0.00>
ST_2 : Operation 34 [1/1] (0.00ns)   --->   "%trunc_ln44_16 = partselect i12 @_ssdm_op_PartSelect.i12.i240.i32.i32, i240 %layer2_out_read, i32 204, i32 215" [firmware/nnet_utils/nnet_activation_stream.h:44]   --->   Operation 34 'partselect' 'trunc_ln44_16' <Predicate = true> <Delay = 0.00>
ST_2 : Operation 35 [1/1] (0.00ns)   --->   "%trunc_ln44_17 = partselect i12 @_ssdm_op_PartSelect.i12.i240.i32.i32, i240 %layer2_out_read, i32 216, i32 227" [firmware/nnet_utils/nnet_activation_stream.h:44]   --->   Operation 35 'partselect' 'trunc_ln44_17' <Predicate = true> <Delay = 0.00>
ST_2 : Operation 36 [1/1] (0.00ns)   --->   "%trunc_ln44_18 = partselect i12 @_ssdm_op_PartSelect.i12.i240.i32.i32, i240 %layer2_out_read, i32 228, i32 239" [firmware/nnet_utils/nnet_activation_stream.h:44]   --->   Operation 36 'partselect' 'trunc_ln44_18' <Predicate = true> <Delay = 0.00>
ST_2 : Operation 37 [1/1] (0.80ns)   --->   "%icmp_ln51 = icmp_sgt  i12 %trunc_ln44, i12 0" [firmware/nnet_utils/nnet_activation_stream.h:51]   --->   Operation 37 'icmp' 'icmp_ln51' <Predicate = true> <Delay = 0.80> <CoreInst = "Cmp">   --->   Core 9 'Cmp' <Latency = 0> <II = 1> <Delay = 0.80> <FuncUnit> <Opcode : 'icmp'> <InPorts = 2> <OutPorts = 1>
ST_2 : Operation 38 [1/1] (0.00ns)   --->   "%trunc_ln52 = trunc i240 %layer2_out_read" [firmware/nnet_utils/nnet_activation_stream.h:52]   --->   Operation 38 'trunc' 'trunc_ln52' <Predicate = true> <Delay = 0.00>
ST_2 : Operation 39 [1/1] (0.80ns)   --->   "%icmp_ln51_1 = icmp_sgt  i12 %trunc_ln44_1, i12 0" [firmware/nnet_utils/nnet_activation_stream.h:51]   --->   Operation 39 'icmp' 'icmp_ln51_1' <Predicate = true> <Delay = 0.80> <CoreInst = "Cmp">   --->   Core 9 'Cmp' <Latency = 0> <II = 1> <Delay = 0.80> <FuncUnit> <Opcode : 'icmp'> <InPorts = 2> <OutPorts = 1>
ST_2 : Operation 40 [1/1] (0.00ns)   --->   "%tmp_1 = partselect i11 @_ssdm_op_PartSelect.i11.i240.i32.i32, i240 %layer2_out_read, i32 12, i32 22" [firmware/nnet_utils/nnet_activation_stream.h:52]   --->   Operation 40 'partselect' 'tmp_1' <Predicate = true> <Delay = 0.00>
ST_2 : Operation 41 [1/1] (0.80ns)   --->   "%icmp_ln51_2 = icmp_sgt  i12 %trunc_ln44_2, i12 0" [firmware/nnet_utils/nnet_activation_stream.h:51]   --->   Operation 41 'icmp' 'icmp_ln51_2' <Predicate = true> <Delay = 0.80> <CoreInst = "Cmp">   --->   Core 9 'Cmp' <Latency = 0> <II = 1> <Delay = 0.80> <FuncUnit> <Opcode : 'icmp'> <InPorts = 2> <OutPorts = 1>
ST_2 : Operation 42 [1/1] (0.00ns)   --->   "%tmp_2 = partselect i11 @_ssdm_op_PartSelect.i11.i240.i32.i32, i240 %layer2_out_read, i32 24, i32 34" [firmware/nnet_utils/nnet_activation_stream.h:52]   --->   Operation 42 'partselect' 'tmp_2' <Predicate = true> <Delay = 0.00>
ST_2 : Operation 43 [1/1] (0.80ns)   --->   "%icmp_ln51_3 = icmp_sgt  i12 %trunc_ln44_3, i12 0" [firmware/nnet_utils/nnet_activation_stream.h:51]   --->   Operation 43 'icmp' 'icmp_ln51_3' <Predicate = true> <Delay = 0.80> <CoreInst = "Cmp">   --->   Core 9 'Cmp' <Latency = 0> <II = 1> <Delay = 0.80> <FuncUnit> <Opcode : 'icmp'> <InPorts = 2> <OutPorts = 1>
ST_2 : Operation 44 [1/1] (0.00ns)   --->   "%tmp_3 = partselect i11 @_ssdm_op_PartSelect.i11.i240.i32.i32, i240 %layer2_out_read, i32 36, i32 46" [firmware/nnet_utils/nnet_activation_stream.h:52]   --->   Operation 44 'partselect' 'tmp_3' <Predicate = true> <Delay = 0.00>
ST_2 : Operation 45 [1/1] (0.80ns)   --->   "%icmp_ln51_4 = icmp_sgt  i12 %trunc_ln44_4, i12 0" [firmware/nnet_utils/nnet_activation_stream.h:51]   --->   Operation 45 'icmp' 'icmp_ln51_4' <Predicate = true> <Delay = 0.80> <CoreInst = "Cmp">   --->   Core 9 'Cmp' <Latency = 0> <II = 1> <Delay = 0.80> <FuncUnit> <Opcode : 'icmp'> <InPorts = 2> <OutPorts = 1>
ST_2 : Operation 46 [1/1] (0.00ns)   --->   "%tmp_4 = partselect i11 @_ssdm_op_PartSelect.i11.i240.i32.i32, i240 %layer2_out_read, i32 48, i32 58" [firmware/nnet_utils/nnet_activation_stream.h:52]   --->   Operation 46 'partselect' 'tmp_4' <Predicate = true> <Delay = 0.00>
ST_2 : Operation 47 [1/1] (0.80ns)   --->   "%icmp_ln51_5 = icmp_sgt  i12 %trunc_ln44_5, i12 0" [firmware/nnet_utils/nnet_activation_stream.h:51]   --->   Operation 47 'icmp' 'icmp_ln51_5' <Predicate = true> <Delay = 0.80> <CoreInst = "Cmp">   --->   Core 9 'Cmp' <Latency = 0> <II = 1> <Delay = 0.80> <FuncUnit> <Opcode : 'icmp'> <InPorts = 2> <OutPorts = 1>
ST_2 : Operation 48 [1/1] (0.00ns)   --->   "%tmp_5 = partselect i11 @_ssdm_op_PartSelect.i11.i240.i32.i32, i240 %layer2_out_read, i32 60, i32 70" [firmware/nnet_utils/nnet_activation_stream.h:52]   --->   Operation 48 'partselect' 'tmp_5' <Predicate = true> <Delay = 0.00>
ST_2 : Operation 49 [1/1] (0.80ns)   --->   "%icmp_ln51_6 = icmp_sgt  i12 %trunc_ln44_6, i12 0" [firmware/nnet_utils/nnet_activation_stream.h:51]   --->   Operation 49 'icmp' 'icmp_ln51_6' <Predicate = true> <Delay = 0.80> <CoreInst = "Cmp">   --->   Core 9 'Cmp' <Latency = 0> <II = 1> <Delay = 0.80> <FuncUnit> <Opcode : 'icmp'> <InPorts = 2> <OutPorts = 1>
ST_2 : Operation 50 [1/1] (0.00ns)   --->   "%tmp_6 = partselect i11 @_ssdm_op_PartSelect.i11.i240.i32.i32, i240 %layer2_out_read, i32 72, i32 82" [firmware/nnet_utils/nnet_activation_stream.h:52]   --->   Operation 50 'partselect' 'tmp_6' <Predicate = true> <Delay = 0.00>
ST_2 : Operation 51 [1/1] (0.80ns)   --->   "%icmp_ln51_7 = icmp_sgt  i12 %trunc_ln44_7, i12 0" [firmware/nnet_utils/nnet_activation_stream.h:51]   --->   Operation 51 'icmp' 'icmp_ln51_7' <Predicate = true> <Delay = 0.80> <CoreInst = "Cmp">   --->   Core 9 'Cmp' <Latency = 0> <II = 1> <Delay = 0.80> <FuncUnit> <Opcode : 'icmp'> <InPorts = 2> <OutPorts = 1>
ST_2 : Operation 52 [1/1] (0.00ns)   --->   "%tmp_7 = partselect i11 @_ssdm_op_PartSelect.i11.i240.i32.i32, i240 %layer2_out_read, i32 84, i32 94" [firmware/nnet_utils/nnet_activation_stream.h:52]   --->   Operation 52 'partselect' 'tmp_7' <Predicate = true> <Delay = 0.00>
ST_2 : Operation 53 [1/1] (0.80ns)   --->   "%icmp_ln51_8 = icmp_sgt  i12 %trunc_ln44_8, i12 0" [firmware/nnet_utils/nnet_activation_stream.h:51]   --->   Operation 53 'icmp' 'icmp_ln51_8' <Predicate = true> <Delay = 0.80> <CoreInst = "Cmp">   --->   Core 9 'Cmp' <Latency = 0> <II = 1> <Delay = 0.80> <FuncUnit> <Opcode : 'icmp'> <InPorts = 2> <OutPorts = 1>
ST_2 : Operation 54 [1/1] (0.00ns)   --->   "%tmp_8 = partselect i11 @_ssdm_op_PartSelect.i11.i240.i32.i32, i240 %layer2_out_read, i32 96, i32 106" [firmware/nnet_utils/nnet_activation_stream.h:52]   --->   Operation 54 'partselect' 'tmp_8' <Predicate = true> <Delay = 0.00>
ST_2 : Operation 55 [1/1] (0.80ns)   --->   "%icmp_ln51_9 = icmp_sgt  i12 %trunc_ln44_9, i12 0" [firmware/nnet_utils/nnet_activation_stream.h:51]   --->   Operation 55 'icmp' 'icmp_ln51_9' <Predicate = true> <Delay = 0.80> <CoreInst = "Cmp">   --->   Core 9 'Cmp' <Latency = 0> <II = 1> <Delay = 0.80> <FuncUnit> <Opcode : 'icmp'> <InPorts = 2> <OutPorts = 1>
ST_2 : Operation 56 [1/1] (0.00ns)   --->   "%tmp_9 = partselect i11 @_ssdm_op_PartSelect.i11.i240.i32.i32, i240 %layer2_out_read, i32 108, i32 118" [firmware/nnet_utils/nnet_activation_stream.h:52]   --->   Operation 56 'partselect' 'tmp_9' <Predicate = true> <Delay = 0.00>
ST_2 : Operation 57 [1/1] (0.80ns)   --->   "%icmp_ln51_10 = icmp_sgt  i12 %trunc_ln44_s, i12 0" [firmware/nnet_utils/nnet_activation_stream.h:51]   --->   Operation 57 'icmp' 'icmp_ln51_10' <Predicate = true> <Delay = 0.80> <CoreInst = "Cmp">   --->   Core 9 'Cmp' <Latency = 0> <II = 1> <Delay = 0.80> <FuncUnit> <Opcode : 'icmp'> <InPorts = 2> <OutPorts = 1>
ST_2 : Operation 58 [1/1] (0.00ns)   --->   "%tmp_s = partselect i11 @_ssdm_op_PartSelect.i11.i240.i32.i32, i240 %layer2_out_read, i32 120, i32 130" [firmware/nnet_utils/nnet_activation_stream.h:52]   --->   Operation 58 'partselect' 'tmp_s' <Predicate = true> <Delay = 0.00>
ST_2 : Operation 59 [1/1] (0.80ns)   --->   "%icmp_ln51_11 = icmp_sgt  i12 %trunc_ln44_10, i12 0" [firmware/nnet_utils/nnet_activation_stream.h:51]   --->   Operation 59 'icmp' 'icmp_ln51_11' <Predicate = true> <Delay = 0.80> <CoreInst = "Cmp">   --->   Core 9 'Cmp' <Latency = 0> <II = 1> <Delay = 0.80> <FuncUnit> <Opcode : 'icmp'> <InPorts = 2> <OutPorts = 1>
ST_2 : Operation 60 [1/1] (0.00ns)   --->   "%tmp_10 = partselect i11 @_ssdm_op_PartSelect.i11.i240.i32.i32, i240 %layer2_out_read, i32 132, i32 142" [firmware/nnet_utils/nnet_activation_stream.h:52]   --->   Operation 60 'partselect' 'tmp_10' <Predicate = true> <Delay = 0.00>
ST_2 : Operation 61 [1/1] (0.80ns)   --->   "%icmp_ln51_12 = icmp_sgt  i12 %trunc_ln44_11, i12 0" [firmware/nnet_utils/nnet_activation_stream.h:51]   --->   Operation 61 'icmp' 'icmp_ln51_12' <Predicate = true> <Delay = 0.80> <CoreInst = "Cmp">   --->   Core 9 'Cmp' <Latency = 0> <II = 1> <Delay = 0.80> <FuncUnit> <Opcode : 'icmp'> <InPorts = 2> <OutPorts = 1>
ST_2 : Operation 62 [1/1] (0.00ns)   --->   "%tmp_11 = partselect i11 @_ssdm_op_PartSelect.i11.i240.i32.i32, i240 %layer2_out_read, i32 144, i32 154" [firmware/nnet_utils/nnet_activation_stream.h:52]   --->   Operation 62 'partselect' 'tmp_11' <Predicate = true> <Delay = 0.00>
ST_2 : Operation 63 [1/1] (0.80ns)   --->   "%icmp_ln51_13 = icmp_sgt  i12 %trunc_ln44_12, i12 0" [firmware/nnet_utils/nnet_activation_stream.h:51]   --->   Operation 63 'icmp' 'icmp_ln51_13' <Predicate = true> <Delay = 0.80> <CoreInst = "Cmp">   --->   Core 9 'Cmp' <Latency = 0> <II = 1> <Delay = 0.80> <FuncUnit> <Opcode : 'icmp'> <InPorts = 2> <OutPorts = 1>
ST_2 : Operation 64 [1/1] (0.00ns)   --->   "%tmp_12 = partselect i11 @_ssdm_op_PartSelect.i11.i240.i32.i32, i240 %layer2_out_read, i32 156, i32 166" [firmware/nnet_utils/nnet_activation_stream.h:52]   --->   Operation 64 'partselect' 'tmp_12' <Predicate = true> <Delay = 0.00>
ST_2 : Operation 65 [1/1] (0.80ns)   --->   "%icmp_ln51_14 = icmp_sgt  i12 %trunc_ln44_13, i12 0" [firmware/nnet_utils/nnet_activation_stream.h:51]   --->   Operation 65 'icmp' 'icmp_ln51_14' <Predicate = true> <Delay = 0.80> <CoreInst = "Cmp">   --->   Core 9 'Cmp' <Latency = 0> <II = 1> <Delay = 0.80> <FuncUnit> <Opcode : 'icmp'> <InPorts = 2> <OutPorts = 1>
ST_2 : Operation 66 [1/1] (0.00ns)   --->   "%tmp_13 = partselect i11 @_ssdm_op_PartSelect.i11.i240.i32.i32, i240 %layer2_out_read, i32 168, i32 178" [firmware/nnet_utils/nnet_activation_stream.h:52]   --->   Operation 66 'partselect' 'tmp_13' <Predicate = true> <Delay = 0.00>
ST_2 : Operation 67 [1/1] (0.80ns)   --->   "%icmp_ln51_15 = icmp_sgt  i12 %trunc_ln44_14, i12 0" [firmware/nnet_utils/nnet_activation_stream.h:51]   --->   Operation 67 'icmp' 'icmp_ln51_15' <Predicate = true> <Delay = 0.80> <CoreInst = "Cmp">   --->   Core 9 'Cmp' <Latency = 0> <II = 1> <Delay = 0.80> <FuncUnit> <Opcode : 'icmp'> <InPorts = 2> <OutPorts = 1>
ST_2 : Operation 68 [1/1] (0.00ns)   --->   "%tmp_14 = partselect i11 @_ssdm_op_PartSelect.i11.i240.i32.i32, i240 %layer2_out_read, i32 180, i32 190" [firmware/nnet_utils/nnet_activation_stream.h:52]   --->   Operation 68 'partselect' 'tmp_14' <Predicate = true> <Delay = 0.00>
ST_2 : Operation 69 [1/1] (0.80ns)   --->   "%icmp_ln51_16 = icmp_sgt  i12 %trunc_ln44_15, i12 0" [firmware/nnet_utils/nnet_activation_stream.h:51]   --->   Operation 69 'icmp' 'icmp_ln51_16' <Predicate = true> <Delay = 0.80> <CoreInst = "Cmp">   --->   Core 9 'Cmp' <Latency = 0> <II = 1> <Delay = 0.80> <FuncUnit> <Opcode : 'icmp'> <InPorts = 2> <OutPorts = 1>
ST_2 : Operation 70 [1/1] (0.00ns)   --->   "%tmp_15 = partselect i11 @_ssdm_op_PartSelect.i11.i240.i32.i32, i240 %layer2_out_read, i32 192, i32 202" [firmware/nnet_utils/nnet_activation_stream.h:52]   --->   Operation 70 'partselect' 'tmp_15' <Predicate = true> <Delay = 0.00>
ST_2 : Operation 71 [1/1] (0.80ns)   --->   "%icmp_ln51_17 = icmp_sgt  i12 %trunc_ln44_16, i12 0" [firmware/nnet_utils/nnet_activation_stream.h:51]   --->   Operation 71 'icmp' 'icmp_ln51_17' <Predicate = true> <Delay = 0.80> <CoreInst = "Cmp">   --->   Core 9 'Cmp' <Latency = 0> <II = 1> <Delay = 0.80> <FuncUnit> <Opcode : 'icmp'> <InPorts = 2> <OutPorts = 1>
ST_2 : Operation 72 [1/1] (0.00ns)   --->   "%tmp_16 = partselect i11 @_ssdm_op_PartSelect.i11.i240.i32.i32, i240 %layer2_out_read, i32 204, i32 214" [firmware/nnet_utils/nnet_activation_stream.h:52]   --->   Operation 72 'partselect' 'tmp_16' <Predicate = true> <Delay = 0.00>
ST_2 : Operation 73 [1/1] (0.80ns)   --->   "%icmp_ln51_18 = icmp_sgt  i12 %trunc_ln44_17, i12 0" [firmware/nnet_utils/nnet_activation_stream.h:51]   --->   Operation 73 'icmp' 'icmp_ln51_18' <Predicate = true> <Delay = 0.80> <CoreInst = "Cmp">   --->   Core 9 'Cmp' <Latency = 0> <II = 1> <Delay = 0.80> <FuncUnit> <Opcode : 'icmp'> <InPorts = 2> <OutPorts = 1>
ST_2 : Operation 74 [1/1] (0.00ns)   --->   "%tmp_17 = partselect i11 @_ssdm_op_PartSelect.i11.i240.i32.i32, i240 %layer2_out_read, i32 216, i32 226" [firmware/nnet_utils/nnet_activation_stream.h:52]   --->   Operation 74 'partselect' 'tmp_17' <Predicate = true> <Delay = 0.00>
ST_2 : Operation 75 [1/1] (0.80ns)   --->   "%icmp_ln51_19 = icmp_sgt  i12 %trunc_ln44_18, i12 0" [firmware/nnet_utils/nnet_activation_stream.h:51]   --->   Operation 75 'icmp' 'icmp_ln51_19' <Predicate = true> <Delay = 0.80> <CoreInst = "Cmp">   --->   Core 9 'Cmp' <Latency = 0> <II = 1> <Delay = 0.80> <FuncUnit> <Opcode : 'icmp'> <InPorts = 2> <OutPorts = 1>
ST_2 : Operation 76 [1/1] (0.00ns)   --->   "%tmp_18 = partselect i11 @_ssdm_op_PartSelect.i11.i240.i32.i32, i240 %layer2_out_read, i32 228, i32 238" [firmware/nnet_utils/nnet_activation_stream.h:52]   --->   Operation 76 'partselect' 'tmp_18' <Predicate = true> <Delay = 0.00>
ST_2 : Operation 143 [1/1] (0.00ns)   --->   "%ret_ln59 = ret" [firmware/nnet_utils/nnet_activation_stream.h:59]   --->   Operation 143 'ret' 'ret_ln59' <Predicate = (icmp_ln41)> <Delay = 0.00>

State 3 <SV = 2> <Delay = 2.06>
ST_3 : Operation 77 [1/1] (0.00ns)   --->   "%specpipeline_ln42 = specpipeline void @_ssdm_op_SpecPipeline, i32 4294967295, i32 0, i32 0, i32 0, void @empty_5" [firmware/nnet_utils/nnet_activation_stream.h:42]   --->   Operation 77 'specpipeline' 'specpipeline_ln42' <Predicate = true> <Delay = 0.00>
ST_3 : Operation 78 [1/1] (0.00ns)   --->   "%speclooptripcount_ln41 = speclooptripcount void @_ssdm_op_SpecLoopTripCount, i64 247, i64 247, i64 247" [firmware/nnet_utils/nnet_activation_stream.h:41]   --->   Operation 78 'speclooptripcount' 'speclooptripcount_ln41' <Predicate = true> <Delay = 0.00>
ST_3 : Operation 79 [1/1] (0.00ns)   --->   "%specloopname_ln41 = specloopname void @_ssdm_op_SpecLoopName, void @empty_1" [firmware/nnet_utils/nnet_activation_stream.h:41]   --->   Operation 79 'specloopname' 'specloopname_ln41' <Predicate = true> <Delay = 0.00>
ST_3 : Operation 80 [1/1] (0.00ns)   --->   "%out_data = bitconcatenate i15 @_ssdm_op_BitConcatenate.i15.i11.i4, i11 %trunc_ln52, i4 0" [firmware/nnet_utils/nnet_activation_stream.h:52]   --->   Operation 80 'bitconcatenate' 'out_data' <Predicate = (icmp_ln51)> <Delay = 0.00>
ST_3 : Operation 81 [1/1] (0.39ns)   --->   "%out_data_1 = select i1 %icmp_ln51, i15 %out_data, i15 0" [firmware/nnet_utils/nnet_activation_stream.h:51]   --->   Operation 81 'select' 'out_data_1' <Predicate = true> <Delay = 0.39> <CoreInst = "Sel">   --->   Core 73 'Sel' <Latency = 0> <II = 1> <Delay = 0.39> <FuncUnit> <Opcode : 'select'> <InPorts = 3> <OutPorts = 1>
ST_3 : Operation 82 [1/1] (0.00ns)   --->   "%zext_ln45 = zext i15 %out_data_1" [firmware/nnet_utils/nnet_activation_stream.h:45]   --->   Operation 82 'zext' 'zext_ln45' <Predicate = true> <Delay = 0.00>
ST_3 : Operation 83 [1/1] (0.00ns)   --->   "%out_data_2 = bitconcatenate i15 @_ssdm_op_BitConcatenate.i15.i11.i4, i11 %tmp_1, i4 0" [firmware/nnet_utils/nnet_activation_stream.h:52]   --->   Operation 83 'bitconcatenate' 'out_data_2' <Predicate = (icmp_ln51_1)> <Delay = 0.00>
ST_3 : Operation 84 [1/1] (0.39ns)   --->   "%out_data_3 = select i1 %icmp_ln51_1, i15 %out_data_2, i15 0" [firmware/nnet_utils/nnet_activation_stream.h:51]   --->   Operation 84 'select' 'out_data_3' <Predicate = true> <Delay = 0.39> <CoreInst = "Sel">   --->   Core 73 'Sel' <Latency = 0> <II = 1> <Delay = 0.39> <FuncUnit> <Opcode : 'select'> <InPorts = 3> <OutPorts = 1>
ST_3 : Operation 85 [1/1] (0.00ns)   --->   "%zext_ln45_1 = zext i15 %out_data_3" [firmware/nnet_utils/nnet_activation_stream.h:45]   --->   Operation 85 'zext' 'zext_ln45_1' <Predicate = true> <Delay = 0.00>
ST_3 : Operation 86 [1/1] (0.00ns)   --->   "%out_data_4 = bitconcatenate i15 @_ssdm_op_BitConcatenate.i15.i11.i4, i11 %tmp_2, i4 0" [firmware/nnet_utils/nnet_activation_stream.h:52]   --->   Operation 86 'bitconcatenate' 'out_data_4' <Predicate = (icmp_ln51_2)> <Delay = 0.00>
ST_3 : Operation 87 [1/1] (0.39ns)   --->   "%out_data_5 = select i1 %icmp_ln51_2, i15 %out_data_4, i15 0" [firmware/nnet_utils/nnet_activation_stream.h:51]   --->   Operation 87 'select' 'out_data_5' <Predicate = true> <Delay = 0.39> <CoreInst = "Sel">   --->   Core 73 'Sel' <Latency = 0> <II = 1> <Delay = 0.39> <FuncUnit> <Opcode : 'select'> <InPorts = 3> <OutPorts = 1>
ST_3 : Operation 88 [1/1] (0.00ns)   --->   "%zext_ln45_2 = zext i15 %out_data_5" [firmware/nnet_utils/nnet_activation_stream.h:45]   --->   Operation 88 'zext' 'zext_ln45_2' <Predicate = true> <Delay = 0.00>
ST_3 : Operation 89 [1/1] (0.00ns)   --->   "%out_data_6 = bitconcatenate i15 @_ssdm_op_BitConcatenate.i15.i11.i4, i11 %tmp_3, i4 0" [firmware/nnet_utils/nnet_activation_stream.h:52]   --->   Operation 89 'bitconcatenate' 'out_data_6' <Predicate = (icmp_ln51_3)> <Delay = 0.00>
ST_3 : Operation 90 [1/1] (0.39ns)   --->   "%out_data_7 = select i1 %icmp_ln51_3, i15 %out_data_6, i15 0" [firmware/nnet_utils/nnet_activation_stream.h:51]   --->   Operation 90 'select' 'out_data_7' <Predicate = true> <Delay = 0.39> <CoreInst = "Sel">   --->   Core 73 'Sel' <Latency = 0> <II = 1> <Delay = 0.39> <FuncUnit> <Opcode : 'select'> <InPorts = 3> <OutPorts = 1>
ST_3 : Operation 91 [1/1] (0.00ns)   --->   "%zext_ln45_3 = zext i15 %out_data_7" [firmware/nnet_utils/nnet_activation_stream.h:45]   --->   Operation 91 'zext' 'zext_ln45_3' <Predicate = true> <Delay = 0.00>
ST_3 : Operation 92 [1/1] (0.00ns)   --->   "%shl_ln = bitconcatenate i15 @_ssdm_op_BitConcatenate.i15.i11.i4, i11 %tmp_4, i4 0" [firmware/nnet_utils/nnet_activation_stream.h:52]   --->   Operation 92 'bitconcatenate' 'shl_ln' <Predicate = (icmp_ln51_4)> <Delay = 0.00>
ST_3 : Operation 93 [1/1] (0.39ns)   --->   "%select_ln51 = select i1 %icmp_ln51_4, i15 %shl_ln, i15 0" [firmware/nnet_utils/nnet_activation_stream.h:51]   --->   Operation 93 'select' 'select_ln51' <Predicate = true> <Delay = 0.39> <CoreInst = "Sel">   --->   Core 73 'Sel' <Latency = 0> <II = 1> <Delay = 0.39> <FuncUnit> <Opcode : 'select'> <InPorts = 3> <OutPorts = 1>
ST_3 : Operation 94 [1/1] (0.00ns)   --->   "%zext_ln51 = zext i15 %select_ln51" [firmware/nnet_utils/nnet_activation_stream.h:51]   --->   Operation 94 'zext' 'zext_ln51' <Predicate = true> <Delay = 0.00>
ST_3 : Operation 95 [1/1] (0.00ns)   --->   "%shl_ln52_1 = bitconcatenate i15 @_ssdm_op_BitConcatenate.i15.i11.i4, i11 %tmp_5, i4 0" [firmware/nnet_utils/nnet_activation_stream.h:52]   --->   Operation 95 'bitconcatenate' 'shl_ln52_1' <Predicate = (icmp_ln51_5)> <Delay = 0.00>
ST_3 : Operation 96 [1/1] (0.39ns)   --->   "%select_ln51_1 = select i1 %icmp_ln51_5, i15 %shl_ln52_1, i15 0" [firmware/nnet_utils/nnet_activation_stream.h:51]   --->   Operation 96 'select' 'select_ln51_1' <Predicate = true> <Delay = 0.39> <CoreInst = "Sel">   --->   Core 73 'Sel' <Latency = 0> <II = 1> <Delay = 0.39> <FuncUnit> <Opcode : 'select'> <InPorts = 3> <OutPorts = 1>
ST_3 : Operation 97 [1/1] (0.00ns)   --->   "%zext_ln51_1 = zext i15 %select_ln51_1" [firmware/nnet_utils/nnet_activation_stream.h:51]   --->   Operation 97 'zext' 'zext_ln51_1' <Predicate = true> <Delay = 0.00>
ST_3 : Operation 98 [1/1] (0.00ns)   --->   "%shl_ln52_2 = bitconcatenate i15 @_ssdm_op_BitConcatenate.i15.i11.i4, i11 %tmp_6, i4 0" [firmware/nnet_utils/nnet_activation_stream.h:52]   --->   Operation 98 'bitconcatenate' 'shl_ln52_2' <Predicate = (icmp_ln51_6)> <Delay = 0.00>
ST_3 : Operation 99 [1/1] (0.39ns)   --->   "%select_ln51_2 = select i1 %icmp_ln51_6, i15 %shl_ln52_2, i15 0" [firmware/nnet_utils/nnet_activation_stream.h:51]   --->   Operation 99 'select' 'select_ln51_2' <Predicate = true> <Delay = 0.39> <CoreInst = "Sel">   --->   Core 73 'Sel' <Latency = 0> <II = 1> <Delay = 0.39> <FuncUnit> <Opcode : 'select'> <InPorts = 3> <OutPorts = 1>
ST_3 : Operation 100 [1/1] (0.00ns)   --->   "%zext_ln51_2 = zext i15 %select_ln51_2" [firmware/nnet_utils/nnet_activation_stream.h:51]   --->   Operation 100 'zext' 'zext_ln51_2' <Predicate = true> <Delay = 0.00>
ST_3 : Operation 101 [1/1] (0.00ns)   --->   "%shl_ln52_3 = bitconcatenate i15 @_ssdm_op_BitConcatenate.i15.i11.i4, i11 %tmp_7, i4 0" [firmware/nnet_utils/nnet_activation_stream.h:52]   --->   Operation 101 'bitconcatenate' 'shl_ln52_3' <Predicate = (icmp_ln51_7)> <Delay = 0.00>
ST_3 : Operation 102 [1/1] (0.39ns)   --->   "%select_ln51_3 = select i1 %icmp_ln51_7, i15 %shl_ln52_3, i15 0" [firmware/nnet_utils/nnet_activation_stream.h:51]   --->   Operation 102 'select' 'select_ln51_3' <Predicate = true> <Delay = 0.39> <CoreInst = "Sel">   --->   Core 73 'Sel' <Latency = 0> <II = 1> <Delay = 0.39> <FuncUnit> <Opcode : 'select'> <InPorts = 3> <OutPorts = 1>
ST_3 : Operation 103 [1/1] (0.00ns)   --->   "%zext_ln51_3 = zext i15 %select_ln51_3" [firmware/nnet_utils/nnet_activation_stream.h:51]   --->   Operation 103 'zext' 'zext_ln51_3' <Predicate = true> <Delay = 0.00>
ST_3 : Operation 104 [1/1] (0.00ns)   --->   "%shl_ln52_4 = bitconcatenate i15 @_ssdm_op_BitConcatenate.i15.i11.i4, i11 %tmp_8, i4 0" [firmware/nnet_utils/nnet_activation_stream.h:52]   --->   Operation 104 'bitconcatenate' 'shl_ln52_4' <Predicate = (icmp_ln51_8)> <Delay = 0.00>
ST_3 : Operation 105 [1/1] (0.39ns)   --->   "%select_ln51_4 = select i1 %icmp_ln51_8, i15 %shl_ln52_4, i15 0" [firmware/nnet_utils/nnet_activation_stream.h:51]   --->   Operation 105 'select' 'select_ln51_4' <Predicate = true> <Delay = 0.39> <CoreInst = "Sel">   --->   Core 73 'Sel' <Latency = 0> <II = 1> <Delay = 0.39> <FuncUnit> <Opcode : 'select'> <InPorts = 3> <OutPorts = 1>
ST_3 : Operation 106 [1/1] (0.00ns)   --->   "%zext_ln51_4 = zext i15 %select_ln51_4" [firmware/nnet_utils/nnet_activation_stream.h:51]   --->   Operation 106 'zext' 'zext_ln51_4' <Predicate = true> <Delay = 0.00>
ST_3 : Operation 107 [1/1] (0.00ns)   --->   "%shl_ln52_5 = bitconcatenate i15 @_ssdm_op_BitConcatenate.i15.i11.i4, i11 %tmp_9, i4 0" [firmware/nnet_utils/nnet_activation_stream.h:52]   --->   Operation 107 'bitconcatenate' 'shl_ln52_5' <Predicate = (icmp_ln51_9)> <Delay = 0.00>
ST_3 : Operation 108 [1/1] (0.39ns)   --->   "%select_ln51_5 = select i1 %icmp_ln51_9, i15 %shl_ln52_5, i15 0" [firmware/nnet_utils/nnet_activation_stream.h:51]   --->   Operation 108 'select' 'select_ln51_5' <Predicate = true> <Delay = 0.39> <CoreInst = "Sel">   --->   Core 73 'Sel' <Latency = 0> <II = 1> <Delay = 0.39> <FuncUnit> <Opcode : 'select'> <InPorts = 3> <OutPorts = 1>
ST_3 : Operation 109 [1/1] (0.00ns)   --->   "%zext_ln51_5 = zext i15 %select_ln51_5" [firmware/nnet_utils/nnet_activation_stream.h:51]   --->   Operation 109 'zext' 'zext_ln51_5' <Predicate = true> <Delay = 0.00>
ST_3 : Operation 110 [1/1] (0.00ns)   --->   "%shl_ln52_6 = bitconcatenate i15 @_ssdm_op_BitConcatenate.i15.i11.i4, i11 %tmp_s, i4 0" [firmware/nnet_utils/nnet_activation_stream.h:52]   --->   Operation 110 'bitconcatenate' 'shl_ln52_6' <Predicate = (icmp_ln51_10)> <Delay = 0.00>
ST_3 : Operation 111 [1/1] (0.39ns)   --->   "%select_ln51_6 = select i1 %icmp_ln51_10, i15 %shl_ln52_6, i15 0" [firmware/nnet_utils/nnet_activation_stream.h:51]   --->   Operation 111 'select' 'select_ln51_6' <Predicate = true> <Delay = 0.39> <CoreInst = "Sel">   --->   Core 73 'Sel' <Latency = 0> <II = 1> <Delay = 0.39> <FuncUnit> <Opcode : 'select'> <InPorts = 3> <OutPorts = 1>
ST_3 : Operation 112 [1/1] (0.00ns)   --->   "%zext_ln51_6 = zext i15 %select_ln51_6" [firmware/nnet_utils/nnet_activation_stream.h:51]   --->   Operation 112 'zext' 'zext_ln51_6' <Predicate = true> <Delay = 0.00>
ST_3 : Operation 113 [1/1] (0.00ns)   --->   "%shl_ln52_7 = bitconcatenate i15 @_ssdm_op_BitConcatenate.i15.i11.i4, i11 %tmp_10, i4 0" [firmware/nnet_utils/nnet_activation_stream.h:52]   --->   Operation 113 'bitconcatenate' 'shl_ln52_7' <Predicate = (icmp_ln51_11)> <Delay = 0.00>
ST_3 : Operation 114 [1/1] (0.39ns)   --->   "%select_ln51_7 = select i1 %icmp_ln51_11, i15 %shl_ln52_7, i15 0" [firmware/nnet_utils/nnet_activation_stream.h:51]   --->   Operation 114 'select' 'select_ln51_7' <Predicate = true> <Delay = 0.39> <CoreInst = "Sel">   --->   Core 73 'Sel' <Latency = 0> <II = 1> <Delay = 0.39> <FuncUnit> <Opcode : 'select'> <InPorts = 3> <OutPorts = 1>
ST_3 : Operation 115 [1/1] (0.00ns)   --->   "%zext_ln51_7 = zext i15 %select_ln51_7" [firmware/nnet_utils/nnet_activation_stream.h:51]   --->   Operation 115 'zext' 'zext_ln51_7' <Predicate = true> <Delay = 0.00>
ST_3 : Operation 116 [1/1] (0.00ns)   --->   "%shl_ln52_8 = bitconcatenate i15 @_ssdm_op_BitConcatenate.i15.i11.i4, i11 %tmp_11, i4 0" [firmware/nnet_utils/nnet_activation_stream.h:52]   --->   Operation 116 'bitconcatenate' 'shl_ln52_8' <Predicate = (icmp_ln51_12)> <Delay = 0.00>
ST_3 : Operation 117 [1/1] (0.39ns)   --->   "%select_ln51_8 = select i1 %icmp_ln51_12, i15 %shl_ln52_8, i15 0" [firmware/nnet_utils/nnet_activation_stream.h:51]   --->   Operation 117 'select' 'select_ln51_8' <Predicate = true> <Delay = 0.39> <CoreInst = "Sel">   --->   Core 73 'Sel' <Latency = 0> <II = 1> <Delay = 0.39> <FuncUnit> <Opcode : 'select'> <InPorts = 3> <OutPorts = 1>
ST_3 : Operation 118 [1/1] (0.00ns)   --->   "%zext_ln51_8 = zext i15 %select_ln51_8" [firmware/nnet_utils/nnet_activation_stream.h:51]   --->   Operation 118 'zext' 'zext_ln51_8' <Predicate = true> <Delay = 0.00>
ST_3 : Operation 119 [1/1] (0.00ns)   --->   "%shl_ln52_9 = bitconcatenate i15 @_ssdm_op_BitConcatenate.i15.i11.i4, i11 %tmp_12, i4 0" [firmware/nnet_utils/nnet_activation_stream.h:52]   --->   Operation 119 'bitconcatenate' 'shl_ln52_9' <Predicate = (icmp_ln51_13)> <Delay = 0.00>
ST_3 : Operation 120 [1/1] (0.39ns)   --->   "%select_ln51_9 = select i1 %icmp_ln51_13, i15 %shl_ln52_9, i15 0" [firmware/nnet_utils/nnet_activation_stream.h:51]   --->   Operation 120 'select' 'select_ln51_9' <Predicate = true> <Delay = 0.39> <CoreInst = "Sel">   --->   Core 73 'Sel' <Latency = 0> <II = 1> <Delay = 0.39> <FuncUnit> <Opcode : 'select'> <InPorts = 3> <OutPorts = 1>
ST_3 : Operation 121 [1/1] (0.00ns)   --->   "%zext_ln51_9 = zext i15 %select_ln51_9" [firmware/nnet_utils/nnet_activation_stream.h:51]   --->   Operation 121 'zext' 'zext_ln51_9' <Predicate = true> <Delay = 0.00>
ST_3 : Operation 122 [1/1] (0.00ns)   --->   "%shl_ln52_s = bitconcatenate i15 @_ssdm_op_BitConcatenate.i15.i11.i4, i11 %tmp_13, i4 0" [firmware/nnet_utils/nnet_activation_stream.h:52]   --->   Operation 122 'bitconcatenate' 'shl_ln52_s' <Predicate = (icmp_ln51_14)> <Delay = 0.00>
ST_3 : Operation 123 [1/1] (0.39ns)   --->   "%select_ln51_10 = select i1 %icmp_ln51_14, i15 %shl_ln52_s, i15 0" [firmware/nnet_utils/nnet_activation_stream.h:51]   --->   Operation 123 'select' 'select_ln51_10' <Predicate = true> <Delay = 0.39> <CoreInst = "Sel">   --->   Core 73 'Sel' <Latency = 0> <II = 1> <Delay = 0.39> <FuncUnit> <Opcode : 'select'> <InPorts = 3> <OutPorts = 1>
ST_3 : Operation 124 [1/1] (0.00ns)   --->   "%zext_ln51_10 = zext i15 %select_ln51_10" [firmware/nnet_utils/nnet_activation_stream.h:51]   --->   Operation 124 'zext' 'zext_ln51_10' <Predicate = true> <Delay = 0.00>
ST_3 : Operation 125 [1/1] (0.00ns)   --->   "%shl_ln52_10 = bitconcatenate i15 @_ssdm_op_BitConcatenate.i15.i11.i4, i11 %tmp_14, i4 0" [firmware/nnet_utils/nnet_activation_stream.h:52]   --->   Operation 125 'bitconcatenate' 'shl_ln52_10' <Predicate = (icmp_ln51_15)> <Delay = 0.00>
ST_3 : Operation 126 [1/1] (0.39ns)   --->   "%select_ln51_11 = select i1 %icmp_ln51_15, i15 %shl_ln52_10, i15 0" [firmware/nnet_utils/nnet_activation_stream.h:51]   --->   Operation 126 'select' 'select_ln51_11' <Predicate = true> <Delay = 0.39> <CoreInst = "Sel">   --->   Core 73 'Sel' <Latency = 0> <II = 1> <Delay = 0.39> <FuncUnit> <Opcode : 'select'> <InPorts = 3> <OutPorts = 1>
ST_3 : Operation 127 [1/1] (0.00ns)   --->   "%zext_ln51_11 = zext i15 %select_ln51_11" [firmware/nnet_utils/nnet_activation_stream.h:51]   --->   Operation 127 'zext' 'zext_ln51_11' <Predicate = true> <Delay = 0.00>
ST_3 : Operation 128 [1/1] (0.00ns)   --->   "%shl_ln52_11 = bitconcatenate i15 @_ssdm_op_BitConcatenate.i15.i11.i4, i11 %tmp_15, i4 0" [firmware/nnet_utils/nnet_activation_stream.h:52]   --->   Operation 128 'bitconcatenate' 'shl_ln52_11' <Predicate = (icmp_ln51_16)> <Delay = 0.00>
ST_3 : Operation 129 [1/1] (0.39ns)   --->   "%select_ln51_12 = select i1 %icmp_ln51_16, i15 %shl_ln52_11, i15 0" [firmware/nnet_utils/nnet_activation_stream.h:51]   --->   Operation 129 'select' 'select_ln51_12' <Predicate = true> <Delay = 0.39> <CoreInst = "Sel">   --->   Core 73 'Sel' <Latency = 0> <II = 1> <Delay = 0.39> <FuncUnit> <Opcode : 'select'> <InPorts = 3> <OutPorts = 1>
ST_3 : Operation 130 [1/1] (0.00ns)   --->   "%zext_ln51_12 = zext i15 %select_ln51_12" [firmware/nnet_utils/nnet_activation_stream.h:51]   --->   Operation 130 'zext' 'zext_ln51_12' <Predicate = true> <Delay = 0.00>
ST_3 : Operation 131 [1/1] (0.00ns)   --->   "%shl_ln52_12 = bitconcatenate i15 @_ssdm_op_BitConcatenate.i15.i11.i4, i11 %tmp_16, i4 0" [firmware/nnet_utils/nnet_activation_stream.h:52]   --->   Operation 131 'bitconcatenate' 'shl_ln52_12' <Predicate = (icmp_ln51_17)> <Delay = 0.00>
ST_3 : Operation 132 [1/1] (0.39ns)   --->   "%select_ln51_13 = select i1 %icmp_ln51_17, i15 %shl_ln52_12, i15 0" [firmware/nnet_utils/nnet_activation_stream.h:51]   --->   Operation 132 'select' 'select_ln51_13' <Predicate = true> <Delay = 0.39> <CoreInst = "Sel">   --->   Core 73 'Sel' <Latency = 0> <II = 1> <Delay = 0.39> <FuncUnit> <Opcode : 'select'> <InPorts = 3> <OutPorts = 1>
ST_3 : Operation 133 [1/1] (0.00ns)   --->   "%zext_ln51_13 = zext i15 %select_ln51_13" [firmware/nnet_utils/nnet_activation_stream.h:51]   --->   Operation 133 'zext' 'zext_ln51_13' <Predicate = true> <Delay = 0.00>
ST_3 : Operation 134 [1/1] (0.00ns)   --->   "%shl_ln52_13 = bitconcatenate i15 @_ssdm_op_BitConcatenate.i15.i11.i4, i11 %tmp_17, i4 0" [firmware/nnet_utils/nnet_activation_stream.h:52]   --->   Operation 134 'bitconcatenate' 'shl_ln52_13' <Predicate = (icmp_ln51_18)> <Delay = 0.00>
ST_3 : Operation 135 [1/1] (0.39ns)   --->   "%select_ln51_14 = select i1 %icmp_ln51_18, i15 %shl_ln52_13, i15 0" [firmware/nnet_utils/nnet_activation_stream.h:51]   --->   Operation 135 'select' 'select_ln51_14' <Predicate = true> <Delay = 0.39> <CoreInst = "Sel">   --->   Core 73 'Sel' <Latency = 0> <II = 1> <Delay = 0.39> <FuncUnit> <Opcode : 'select'> <InPorts = 3> <OutPorts = 1>
ST_3 : Operation 136 [1/1] (0.00ns)   --->   "%zext_ln51_14 = zext i15 %select_ln51_14" [firmware/nnet_utils/nnet_activation_stream.h:51]   --->   Operation 136 'zext' 'zext_ln51_14' <Predicate = true> <Delay = 0.00>
ST_3 : Operation 137 [1/1] (0.00ns)   --->   "%shl_ln52_14 = bitconcatenate i15 @_ssdm_op_BitConcatenate.i15.i11.i4, i11 %tmp_18, i4 0" [firmware/nnet_utils/nnet_activation_stream.h:52]   --->   Operation 137 'bitconcatenate' 'shl_ln52_14' <Predicate = (icmp_ln51_19)> <Delay = 0.00>
ST_3 : Operation 138 [1/1] (0.39ns)   --->   "%select_ln51_15 = select i1 %icmp_ln51_19, i15 %shl_ln52_14, i15 0" [firmware/nnet_utils/nnet_activation_stream.h:51]   --->   Operation 138 'select' 'select_ln51_15' <Predicate = true> <Delay = 0.39> <CoreInst = "Sel">   --->   Core 73 'Sel' <Latency = 0> <II = 1> <Delay = 0.39> <FuncUnit> <Opcode : 'select'> <InPorts = 3> <OutPorts = 1>
ST_3 : Operation 139 [1/1] (0.00ns)   --->   "%or_ln57_s = bitconcatenate i319 @_ssdm_op_BitConcatenate.i319.i15.i16.i16.i16.i16.i16.i16.i16.i16.i16.i16.i16.i16.i16.i16.i16.i16.i16.i16.i16, i15 %select_ln51_15, i16 %zext_ln51_14, i16 %zext_ln51_13, i16 %zext_ln51_12, i16 %zext_ln51_11, i16 %zext_ln51_10, i16 %zext_ln51_9, i16 %zext_ln51_8, i16 %zext_ln51_7, i16 %zext_ln51_6, i16 %zext_ln51_5, i16 %zext_ln51_4, i16 %zext_ln51_3, i16 %zext_ln51_2, i16 %zext_ln51_1, i16 %zext_ln51, i16 %zext_ln45_3, i16 %zext_ln45_2, i16 %zext_ln45_1, i16 %zext_ln45" [firmware/nnet_utils/nnet_activation_stream.h:57]   --->   Operation 139 'bitconcatenate' 'or_ln57_s' <Predicate = true> <Delay = 0.00>
ST_3 : Operation 140 [1/1] (0.00ns)   --->   "%zext_ln57 = zext i319 %or_ln57_s" [firmware/nnet_utils/nnet_activation_stream.h:57]   --->   Operation 140 'zext' 'zext_ln57' <Predicate = true> <Delay = 0.00>
ST_3 : Operation 141 [1/1] (1.66ns)   --->   "%write_ln57 = write void @_ssdm_op_Write.ap_fifo.volatile.i320P0A, i320 %layer3_out, i320 %zext_ln57" [firmware/nnet_utils/nnet_activation_stream.h:57]   --->   Operation 141 'write' 'write_ln57' <Predicate = true> <Delay = 1.66> <CoreInst = "FIFO">   --->   Core 78 'FIFO' <Latency = 0> <II = 1> <Delay = 1.66> <Storage> <Opcode : 'read' 'write' 'nbread' 'nbwrite'> <Ports = 0> <Width = 320> <Depth = 247> <FIFO>
ST_3 : Operation 142 [1/1] (0.00ns)   --->   "%br_ln41 = br void %ReLUPackLoop" [firmware/nnet_utils/nnet_activation_stream.h:41]   --->   Operation 142 'br' 'br_ln41' <Predicate = true> <Delay = 0.00>


============================================================
+ Verbose Summary: Timing violations
============================================================
Target clock period: 5.000ns, clock uncertainty: 0.625ns.

 <State 1>: 1.619ns
The critical path consists of the following:
	'store' operation 0 bit ('store_ln41', firmware/nnet_utils/nnet_activation_stream.h:41) of constant 0 on local variable 'i', firmware/nnet_utils/nnet_activation_stream.h:41 [6]  (0.427 ns)
	'load' operation 8 bit ('i', firmware/nnet_utils/nnet_activation_stream.h:41) on local variable 'i', firmware/nnet_utils/nnet_activation_stream.h:41 [9]  (0.000 ns)
	'add' operation 8 bit ('i', firmware/nnet_utils/nnet_activation_stream.h:41) [11]  (0.765 ns)
	'store' operation 0 bit ('store_ln41', firmware/nnet_utils/nnet_activation_stream.h:41) of variable 'i', firmware/nnet_utils/nnet_activation_stream.h:41 on local variable 'i', firmware/nnet_utils/nnet_activation_stream.h:41 [140]  (0.427 ns)

 <State 2>: 2.477ns
The critical path consists of the following:
	fifo read operation ('layer2_out_read', firmware/nnet_utils/nnet_activation_stream.h:44) on port 'layer2_out' (firmware/nnet_utils/nnet_activation_stream.h:44) [17]  (1.668 ns)
	'icmp' operation 1 bit ('icmp_ln51', firmware/nnet_utils/nnet_activation_stream.h:51) [38]  (0.809 ns)

 <State 3>: 2.062ns
The critical path consists of the following:
	'select' operation 15 bit ('out_data', firmware/nnet_utils/nnet_activation_stream.h:51) [41]  (0.395 ns)
	fifo write operation ('write_ln57', firmware/nnet_utils/nnet_activation_stream.h:57) on port 'layer3_out' (firmware/nnet_utils/nnet_activation_stream.h:57) [139]  (1.668 ns)


============================================================
+ Verbose Summary: Binding
============================================================
N/A
* FSMD analyzer results:
  - Output states:
 - Input state : 
  - Chain level:
	State 1
	State 2
	State 3


============================================================
+ Verbose Summary: Datapath Resource usage 
============================================================
N/A
