#-----------------------------------------------------------
# xsim v2023.2 (64-bit)
# SW Build 4029153 on Fri Oct 13 20:13:54 MDT 2023
# IP Build 4028589 on Sat Oct 14 00:45:43 MDT 2023
# SharedData Build 4025554 on Tue Oct 10 17:18:54 MDT 2023
# Start of session at: Sun Oct 19 15:33:47 2025
# Process ID: 1021365
# Current directory: /home/albertu/Works/hls_cnn_2d_100s/hls_cnn_2d_100s_prj/solution1/sim/verilog
# Command line: xsim -mode tcl -source {xsim.dir/hls_cnn_2d_100s/xsim_script.tcl}
# Log file: /home/albertu/Works/hls_cnn_2d_100s/hls_cnn_2d_100s_prj/solution1/sim/verilog/xsim.log
# Journal file: /home/albertu/Works/hls_cnn_2d_100s/hls_cnn_2d_100s_prj/solution1/sim/verilog/xsim.jou
# Running On: dell-OptiPlex-7050, OS: Linux, CPU Frequency: 800.000 MHz, CPU Physical cores: 4, Host memory: 8184 MB
#-----------------------------------------------------------
source xsim.dir/hls_cnn_2d_100s/xsim_script.tcl
# xsim {hls_cnn_2d_100s} -view {{hls_cnn_2d_100s_dataflow_ana.wcfg}} -tclbatch {hls_cnn_2d_100s.tcl} -protoinst {hls_cnn_2d_100s.protoinst}
INFO: [Wavedata 42-565] Reading protoinst file hls_cnn_2d_100s.protoinst
INFO: [Wavedata 42-564]   Found protocol instance at /apatb_hls_cnn_2d_100s_top/AESL_inst_hls_cnn_2d_100s//AESL_inst_hls_cnn_2d_100s_activity
INFO: [Wavedata 42-564]   Found protocol instance at /apatb_hls_cnn_2d_100s_top/AESL_inst_hls_cnn_2d_100s/conv_2d_cl_array_ap_fixed_1u_array_ap_fixed_12_2_5_3_0_20u_config2_U0/conv_2d_cl_array_ap_fixed_1u_array_ap_fixed_12_2_5_3_0_20u_config2_U0_activity
INFO: [Wavedata 42-564]   Found protocol instance at /apatb_hls_cnn_2d_100s_top/AESL_inst_hls_cnn_2d_100s/conv_2d_cl_array_ap_fixed_1u_array_ap_fixed_12_2_5_3_0_20u_config2_U0/grp_compute_output_buffer_2d_array_array_ap_fixed_12_2_5_3_0_20u_config2_s_fu_146/call_ln286_shift_line_buffer_array_ap_fixed_16_2_5_3_0_1u_config2_s_fu_156/call_ln286_shift_line_buffer_array_ap_fixed_16_2_5_3_0_1u_config2_s_fu_156_activity
INFO: [Wavedata 42-564]   Found protocol instance at /apatb_hls_cnn_2d_100s_top/AESL_inst_hls_cnn_2d_100s/conv_2d_cl_array_ap_fixed_1u_array_ap_fixed_12_2_5_3_0_20u_config2_U0/grp_compute_output_buffer_2d_array_array_ap_fixed_12_2_5_3_0_20u_config2_s_fu_146/grp_compute_output_buffer_2d_array_array_ap_fixed_12_2_5_3_0_20u_config2_s_fu_146_activity
INFO: [Wavedata 42-564]   Found protocol instance at /apatb_hls_cnn_2d_100s_top/AESL_inst_hls_cnn_2d_100s/conv_2d_cl_array_ap_fixed_1u_array_ap_fixed_12_2_5_3_0_20u_config2_U0/grp_compute_output_buffer_2d_array_array_ap_fixed_12_2_5_3_0_20u_config2_s_fu_146/grp_dense_latency_ap_fixed_16_2_5_3_0_ap_fixed_12_2_5_3_0_config2_mult_s_fu_248/grp_dense_latency_ap_fixed_16_2_5_3_0_ap_fixed_12_2_5_3_0_config2_mult_s_fu_248_activity
INFO: [Wavedata 42-564]   Found protocol instance at /apatb_hls_cnn_2d_100s_top/AESL_inst_hls_cnn_2d_100s/conv_2d_cl_array_ap_fixed_20u_array_ap_fixed_12_2_5_3_0_10u_config4_U0/conv_2d_cl_array_ap_fixed_20u_array_ap_fixed_12_2_5_3_0_10u_config4_U0_activity
INFO: [Wavedata 42-564]   Found protocol instance at /apatb_hls_cnn_2d_100s_top/AESL_inst_hls_cnn_2d_100s/conv_2d_cl_array_ap_fixed_20u_array_ap_fixed_12_2_5_3_0_10u_config4_U0/grp_dense_latency_ap_fixed_16_2_5_3_0_ap_fixed_12_2_5_3_0_config4_mult_s_fu_556/grp_dense_latency_ap_fixed_16_2_5_3_0_ap_fixed_12_2_5_3_0_config4_mult_s_fu_556_activity
INFO: [Wavedata 42-564]   Found protocol instance at /apatb_hls_cnn_2d_100s_top/AESL_inst_hls_cnn_2d_100s/dense_array_ap_fixed_10u_array_ap_fixed_10_6_5_3_0_1u_config7_U0/dense_array_ap_fixed_10u_array_ap_fixed_10_6_5_3_0_1u_config7_U0_activity
INFO: [Wavedata 42-564]   Found protocol instance at /apatb_hls_cnn_2d_100s_top/AESL_inst_hls_cnn_2d_100s/dense_array_ap_fixed_10u_array_ap_fixed_10_6_5_3_0_1u_config7_U0/grp_dense_array_array_ap_fixed_10_6_5_3_0_1u_config7_Pipeline_DataPrepare_fu_10682/grp_dense_array_array_ap_fixed_10_6_5_3_0_1u_config7_Pipeline_DataPrepare_fu_10682_activity
INFO: [Wavedata 42-564]   Found protocol instance at /apatb_hls_cnn_2d_100s_top/AESL_inst_hls_cnn_2d_100s/relu_array_ap_fixed_10u_array_ap_fixed_16_2_5_3_0_10u_relu_config5_U0/relu_array_ap_fixed_10u_array_ap_fixed_16_2_5_3_0_10u_relu_config5_U0_activity
INFO: [Wavedata 42-564]   Found protocol instance at /apatb_hls_cnn_2d_100s_top/AESL_inst_hls_cnn_2d_100s/relu_array_ap_fixed_20u_array_ap_fixed_16_2_5_3_0_20u_relu_config3_U0/relu_array_ap_fixed_20u_array_ap_fixed_16_2_5_3_0_20u_relu_config3_U0_activity
INFO: [Wavedata 42-564]   Found protocol instance at /apatb_hls_cnn_2d_100s_top/AESL_inst_hls_cnn_2d_100s/sigmoid_array_array_ap_fixed_16_2_5_3_0_1u_sigmoid_config8_U0/sigmoid_array_array_ap_fixed_16_2_5_3_0_1u_sigmoid_config8_U0_activity
Time resolution is 1 ps
open_wave_config hls_cnn_2d_100s_dataflow_ana.wcfg
source hls_cnn_2d_100s.tcl
## set designtopgroup [add_wave_group "Design Top Signals"]
## set coutputgroup [add_wave_group "C Outputs" -into $designtopgroup]
## set return_group [add_wave_group return(axis) -into $coutputgroup]
## add_wave /apatb_hls_cnn_2d_100s_top/AESL_inst_hls_cnn_2d_100s/layer8_out_TREADY -into $return_group -color #ffff00 -radix hex
## add_wave /apatb_hls_cnn_2d_100s_top/AESL_inst_hls_cnn_2d_100s/layer8_out_TVALID -into $return_group -color #ffff00 -radix hex
## add_wave /apatb_hls_cnn_2d_100s_top/AESL_inst_hls_cnn_2d_100s/layer8_out_TDATA -into $return_group -radix hex
## set cinputgroup [add_wave_group "C Inputs" -into $designtopgroup]
## set return_group [add_wave_group return(axis) -into $cinputgroup]
## add_wave /apatb_hls_cnn_2d_100s_top/AESL_inst_hls_cnn_2d_100s/input_1_TREADY -into $return_group -color #ffff00 -radix hex
## add_wave /apatb_hls_cnn_2d_100s_top/AESL_inst_hls_cnn_2d_100s/input_1_TVALID -into $return_group -color #ffff00 -radix hex
## add_wave /apatb_hls_cnn_2d_100s_top/AESL_inst_hls_cnn_2d_100s/input_1_TDATA -into $return_group -radix hex
## set blocksiggroup [add_wave_group "Block-level IO Handshake" -into $designtopgroup]
## add_wave /apatb_hls_cnn_2d_100s_top/AESL_inst_hls_cnn_2d_100s/ap_start -into $blocksiggroup
## add_wave /apatb_hls_cnn_2d_100s_top/AESL_inst_hls_cnn_2d_100s/ap_done -into $blocksiggroup
## add_wave /apatb_hls_cnn_2d_100s_top/AESL_inst_hls_cnn_2d_100s/ap_ready -into $blocksiggroup
## add_wave /apatb_hls_cnn_2d_100s_top/AESL_inst_hls_cnn_2d_100s/ap_idle -into $blocksiggroup
## set resetgroup [add_wave_group "Reset" -into $designtopgroup]
## add_wave /apatb_hls_cnn_2d_100s_top/AESL_inst_hls_cnn_2d_100s/ap_rst_n -into $resetgroup
## set clockgroup [add_wave_group "Clock" -into $designtopgroup]
## add_wave /apatb_hls_cnn_2d_100s_top/AESL_inst_hls_cnn_2d_100s/ap_clk -into $clockgroup
## set testbenchgroup [add_wave_group "Test Bench Signals"]
## set tbinternalsiggroup [add_wave_group "Internal Signals" -into $testbenchgroup]
## set tb_simstatus_group [add_wave_group "Simulation Status" -into $tbinternalsiggroup]
## set tb_portdepth_group [add_wave_group "Port Depth" -into $tbinternalsiggroup]
## add_wave /apatb_hls_cnn_2d_100s_top/AUTOTB_TRANSACTION_NUM -into $tb_simstatus_group -radix hex
## add_wave /apatb_hls_cnn_2d_100s_top/ready_cnt -into $tb_simstatus_group -radix hex
## add_wave /apatb_hls_cnn_2d_100s_top/done_cnt -into $tb_simstatus_group -radix hex
## add_wave /apatb_hls_cnn_2d_100s_top/LENGTH_input_1 -into $tb_portdepth_group -radix hex
## add_wave /apatb_hls_cnn_2d_100s_top/LENGTH_layer8_out -into $tb_portdepth_group -radix hex
## set tbcoutputgroup [add_wave_group "C Outputs" -into $testbenchgroup]
## set tb_return_group [add_wave_group return(axis) -into $tbcoutputgroup]
## add_wave /apatb_hls_cnn_2d_100s_top/layer8_out_TREADY -into $tb_return_group -color #ffff00 -radix hex
## add_wave /apatb_hls_cnn_2d_100s_top/layer8_out_TVALID -into $tb_return_group -color #ffff00 -radix hex
## add_wave /apatb_hls_cnn_2d_100s_top/layer8_out_TDATA -into $tb_return_group -radix hex
## set tbcinputgroup [add_wave_group "C Inputs" -into $testbenchgroup]
## set tb_return_group [add_wave_group return(axis) -into $tbcinputgroup]
## add_wave /apatb_hls_cnn_2d_100s_top/input_1_TREADY -into $tb_return_group -color #ffff00 -radix hex
## add_wave /apatb_hls_cnn_2d_100s_top/input_1_TVALID -into $tb_return_group -color #ffff00 -radix hex
## add_wave /apatb_hls_cnn_2d_100s_top/input_1_TDATA -into $tb_return_group -radix hex
## save_wave_config hls_cnn_2d_100s.wcfg
## run all
////////////////////////////////////////////////////////////////////////////////////
// Inter-Transaction Progress: Completed Transaction / Total Transaction
// Intra-Transaction Progress: Measured Latency / Latency Estimation * 100%
//
// RTL Simulation : "Inter-Transaction Progress" ["Intra-Transaction Progress"] @ "Simulation Time"
////////////////////////////////////////////////////////////////////////////////////
// RTL Simulation : 0 / 1 [0.00%] @ "113000"
// RTL Simulation : 1 / 1 [100.00%] @ "45988000"
////////////////////////////////////////////////////////////////////////////////////
$finish called at time : 46017500 ps : File "/home/albertu/Works/hls_cnn_2d_100s/hls_cnn_2d_100s_prj/solution1/sim/verilog/hls_cnn_2d_100s.autotb.v" Line 249
## quit
INFO: [Common 17-206] Exiting xsim at Sun Oct 19 15:34:11 2025...
