

================================================================
== Vitis HLS Report for 'conv_2d_cl_array_ap_fixed_1u_array_ap_fixed_12_2_5_3_0_20u_config2_s'
================================================================
* Date:           Sun Oct 19 15:30:38 2025

* Version:        2023.2 (Build 4023990 on Oct 11 2023)
* Project:        hls_cnn_2d_100s_prj
* Solution:       solution1 (Vivado IP Flow Target)
* Product family: kintexuplus
* Target device:  xcku5p-ffvb676-2-e


================================================================
== Performance Estimates
================================================================
+ Timing: 
    * Summary: 
    +--------+---------+----------+------------+
    |  Clock |  Target | Estimated| Uncertainty|
    +--------+---------+----------+------------+
    |ap_clk  |  5.00 ns|  4.096 ns|     0.62 ns|
    +--------+---------+----------+------------+

+ Latency: 
    * Summary: 
    +---------+---------+-----------+-----------+------+------+---------+
    |  Latency (cycles) |   Latency (absolute)  |   Interval  | Pipeline|
    |   min   |   max   |    min    |    max    |  min |  max |   Type  |
    +---------+---------+-----------+-----------+------+------+---------+
    |     6147|     6147|  30.735 us|  30.735 us|  6147|  6147|       no|
    +---------+---------+-----------+-----------+------+------+---------+

    + Detail: 
        * Instance: 
        N/A

        * Loop: 
        +----------------------------------+---------+---------+----------+-----------+-----------+------+----------+
        |                                  |  Latency (cycles) | Iteration|  Initiation Interval  | Trip |          |
        |             Loop Name            |   min   |   max   |  Latency |  achieved |   target  | Count| Pipelined|
        +----------------------------------+---------+---------+----------+-----------+-----------+------+----------+
        |- ReadInputHeight_ReadInputWidth  |     6145|     6145|         8|          6|          4|  1024|       yes|
        +----------------------------------+---------+---------+----------+-----------+-----------+------+----------+

============================================================
+ Verbose Summary: Synthesis Manager
============================================================
InlineROM: 1
ExposeGlobal: 0
============================================================
+ Verbose Summary: CDFG Model
============================================================
IsTopModel: 0
ResetActiveHigh: 1
IsCombinational: 2
IsDatapathOnly: 0
HasWiredReturn: 1
HasMFsm: 2
HasVarLatency: 1
IsPipeline: 0
IsRtlPipelined: 0
IsInstanceOverlapped: 0
IsDontTouch: 0
HasImplIP: 0
IsGatedGlobalClock: 0

+ Individual pipeline summary: 
  * Pipeline-0: initiation interval (II) = 6, depth = 8


============================================================
+ Verbose Summary: Schedule
============================================================
* Number of FSM states : 8
* Pipeline : 1
  Pipeline-0 : II = 6, D = 8, States = { 1 2 3 4 5 6 7 8 }
* Dataflow Pipeline: 0

* FSM state transitions: 
1 --> 2 
2 --> 3 
3 --> 4 
4 --> 5 
5 --> 6 
6 --> 7 
7 --> 8 
8 --> 

* FSM state operations: 

State 1 <SV = 0> <Delay = 1.65>
ST_1 : Operation 11 [1/1] (0.00ns)   --->   "%indvar_flatten = alloca i32 1"   --->   Operation 11 'alloca' 'indvar_flatten' <Predicate = true> <Delay = 0.00>
ST_1 : Operation 12 [1/1] (0.00ns)   --->   "%specinterface_ln0 = specinterface void @_ssdm_op_SpecInterface, i240 %layer2_out, void @empty_4, i32 0, i32 0, void @empty_5, i32 0, i32 0, void @empty_5, void @empty_5, void @empty_5, i32 0, i32 0, i32 0, i32 0, void @empty_5, void @empty_5, i32 4294967295, i32 0"   --->   Operation 12 'specinterface' 'specinterface_ln0' <Predicate = true> <Delay = 0.00>
ST_1 : Operation 13 [1/1] (0.00ns)   --->   "%specinterface_ln0 = specinterface void @_ssdm_op_SpecInterface, i16 %input_1, void @empty_6, i32 1, i32 1, void @empty_7, i32 0, i32 0, void @empty_5, void @empty_5, void @empty_5, i32 0, i32 0, i32 0, i32 0, void @empty_5, void @empty_5, i32 4294967295, i32 0"   --->   Operation 13 'specinterface' 'specinterface_ln0' <Predicate = true> <Delay = 0.00>
ST_1 : Operation 14 [1/1] (0.42ns)   --->   "%store_ln0 = store i11 0, i11 %indvar_flatten"   --->   Operation 14 'store' 'store_ln0' <Predicate = true> <Delay = 0.42>
ST_1 : Operation 15 [1/1] (0.00ns)   --->   "%br_ln24 = br void %for.body12.i" [firmware/nnet_utils/nnet_conv2d_stream.h:24->firmware/nnet_utils/nnet_conv2d_stream.h:75]   --->   Operation 15 'br' 'br_ln24' <Predicate = true> <Delay = 0.00>
ST_1 : Operation 16 [1/1] (0.00ns)   --->   "%indvar_flatten_load = load i11 %indvar_flatten" [firmware/nnet_utils/nnet_conv2d_stream.h:24->firmware/nnet_utils/nnet_conv2d_stream.h:75]   --->   Operation 16 'load' 'indvar_flatten_load' <Predicate = true> <Delay = 0.00>
ST_1 : Operation 17 [1/1] (0.79ns)   --->   "%icmp_ln24 = icmp_eq  i11 %indvar_flatten_load, i11 1024" [firmware/nnet_utils/nnet_conv2d_stream.h:24->firmware/nnet_utils/nnet_conv2d_stream.h:75]   --->   Operation 17 'icmp' 'icmp_ln24' <Predicate = true> <Delay = 0.79> <CoreInst = "Cmp">   --->   Core 9 'Cmp' <Latency = 0> <II = 1> <Delay = 0.79> <FuncUnit> <Opcode : 'icmp'> <InPorts = 2> <OutPorts = 1>
ST_1 : Operation 18 [1/1] (0.79ns)   --->   "%add_ln24 = add i11 %indvar_flatten_load, i11 1" [firmware/nnet_utils/nnet_conv2d_stream.h:24->firmware/nnet_utils/nnet_conv2d_stream.h:75]   --->   Operation 18 'add' 'add_ln24' <Predicate = true> <Delay = 0.79> <CoreInst = "Adder">   --->   Core 1 'Adder' <Latency = 0> <II = 1> <Delay = 0.79> <FuncUnit> <Opcode : 'add' 'sub'> <InPorts = 2> <OutPorts = 1>
ST_1 : Operation 19 [1/1] (0.00ns)   --->   "%br_ln24 = br i1 %icmp_ln24, void %for.cond.cleanup11.i, void %_ZN4nnet25conv_2d_buffer_latency_clINS_5arrayI8ap_fixedILi16ELi2EL9ap_q_mode5EL9ap_o_mode3ELi0EELj1EEENS1_IS2_ILi12ELi2ELS3_5ELS4_3ELi0EELj20EEE7config2EEvRN3hls6streamIT_Li0EEERNSB_IT0_Li0EEEPNT1_8weight_tEPNSI_6bias_tE.53.exit" [firmware/nnet_utils/nnet_conv2d_stream.h:24->firmware/nnet_utils/nnet_conv2d_stream.h:75]   --->   Operation 19 'br' 'br_ln24' <Predicate = true> <Delay = 0.00>
ST_1 : Operation 20 [1/1] (0.42ns)   --->   "%store_ln24 = store i11 %add_ln24, i11 %indvar_flatten" [firmware/nnet_utils/nnet_conv2d_stream.h:24->firmware/nnet_utils/nnet_conv2d_stream.h:75]   --->   Operation 20 'store' 'store_ln24' <Predicate = (!icmp_ln24)> <Delay = 0.42>

State 2 <SV = 1> <Delay = 1.00>
ST_2 : Operation 21 [1/1] (1.00ns)   --->   "%input_1_read = read i16 @_ssdm_op_Read.axis.volatile.i16P128A, i16 %input_1" [firmware/nnet_utils/nnet_conv2d_stream.h:31->firmware/nnet_utils/nnet_conv2d_stream.h:75]   --->   Operation 21 'read' 'input_1_read' <Predicate = (!icmp_ln24)> <Delay = 1.00> <CoreInst = "axis">   --->   Core 123 'axis' <Latency = 0> <II = 1> <Delay = 1.00> <Adapter> <Opcode : >
ST_2 : Operation 22 [7/7] (0.00ns)   --->   "%call_ln31 = call void @compute_output_buffer_2d<array,array<ap_fixed<12,2,5,3,0>,20u>,config2>, i16 %input_1_read, i240 %layer2_out, i16 %void_compute_output_buffer_2d_array_const_ap_shift_reg_n_chan_stream_weig_8, i16 %void_compute_output_buffer_2d_array_const_ap_shift_reg_n_chan_stream_weig_9, i16 %p_ZZN4nnet24compute_output_buffer_2dINS_5arrayI8ap_fixedILi16ELi2EL9ap_q_mode5EL9_28, i16 %p_ZZN4nnet24compute_output_buffer_2dINS_5arrayI8ap_fixedILi16ELi2EL9ap_q_mode5EL9_29, i16 %p_ZZN4nnet24compute_output_buffer_2dINS_5arrayI8ap_fixedILi16ELi2EL9ap_q_mode5EL9_18, i16 %p_ZZN4nnet24compute_output_buffer_2dINS_5arrayI8ap_fixedILi16ELi2EL9ap_q_mode5EL9_19, i16 %p_ZZN4nnet24compute_output_buffer_2dINS_5arrayI8ap_fixedILi16ELi2EL9ap_q_mode5EL9_8, i16 %p_ZZN4nnet24compute_output_buffer_2dINS_5arrayI8ap_fixedILi16ELi2EL9ap_q_mode5EL9_9, i16 %void_compute_output_buffer_2d_array_const_ap_shift_reg_n_chan_stream_weig_7, i16 %p_ZZN4nnet24compute_output_buffer_2dINS_5arrayI8ap_fixedILi16ELi2EL9ap_q_mode5EL9_27, i16 %p_ZZN4nnet24compute_output_buffer_2dINS_5arrayI8ap_fixedILi16ELi2EL9ap_q_mode5EL9_17, i16 %p_ZZN4nnet24compute_output_buffer_2dINS_5arrayI8ap_fixedILi16ELi2EL9ap_q_mode5EL9_7, i16 %void_compute_output_buffer_2d_array_const_ap_shift_reg_n_chan_stream_weig_6, i16 %p_ZZN4nnet24compute_output_buffer_2dINS_5arrayI8ap_fixedILi16ELi2EL9ap_q_mode5EL9_26, i16 %p_ZZN4nnet24compute_output_buffer_2dINS_5arrayI8ap_fixedILi16ELi2EL9ap_q_mode5EL9_16, i16 %p_ZZN4nnet24compute_output_buffer_2dINS_5arrayI8ap_fixedILi16ELi2EL9ap_q_mode5EL9_6, i16 %void_compute_output_buffer_2d_array_const_ap_shift_reg_n_chan_stream_weig_5, i16 %p_ZZN4nnet24compute_output_buffer_2dINS_5arrayI8ap_fixedILi16ELi2EL9ap_q_mode5EL9_25, i16 %p_ZZN4nnet24compute_output_buffer_2dINS_5arrayI8ap_fixedILi16ELi2EL9ap_q_mode5EL9_15, i16 %p_ZZN4nnet24compute_output_buffer_2dINS_5arrayI8ap_fixedILi16ELi2EL9ap_q_mode5EL9_5, i16 %void_compute_output_buffer_2d_array_const_ap_shift_reg_n_chan_stream_weig_4, i16 %p_ZZN4nnet24compute_output_buffer_2dINS_5arrayI8ap_fixedILi16ELi2EL9ap_q_mode5EL9_24, i16 %p_ZZN4nnet24compute_output_buffer_2dINS_5arrayI8ap_fixedILi16ELi2EL9ap_q_mode5EL9_14, i16 %p_ZZN4nnet24compute_output_buffer_2dINS_5arrayI8ap_fixedILi16ELi2EL9ap_q_mode5EL9_4, i16 %void_compute_output_buffer_2d_array_const_ap_shift_reg_n_chan_stream_weig_3, i16 %p_ZZN4nnet24compute_output_buffer_2dINS_5arrayI8ap_fixedILi16ELi2EL9ap_q_mode5EL9_23, i16 %p_ZZN4nnet24compute_output_buffer_2dINS_5arrayI8ap_fixedILi16ELi2EL9ap_q_mode5EL9_13, i16 %p_ZZN4nnet24compute_output_buffer_2dINS_5arrayI8ap_fixedILi16ELi2EL9ap_q_mode5EL9_3, i16 %void_compute_output_buffer_2d_array_const_ap_shift_reg_n_chan_stream_weig_2, i16 %p_ZZN4nnet24compute_output_buffer_2dINS_5arrayI8ap_fixedILi16ELi2EL9ap_q_mode5EL9_22, i16 %p_ZZN4nnet24compute_output_buffer_2dINS_5arrayI8ap_fixedILi16ELi2EL9ap_q_mode5EL9_12, i16 %p_ZZN4nnet24compute_output_buffer_2dINS_5arrayI8ap_fixedILi16ELi2EL9ap_q_mode5EL9_2, i16 %void_compute_output_buffer_2d_array_const_ap_shift_reg_n_chan_stream_weig_1, i16 %p_ZZN4nnet24compute_output_buffer_2dINS_5arrayI8ap_fixedILi16ELi2EL9ap_q_mode5EL9_21, i16 %p_ZZN4nnet24compute_output_buffer_2dINS_5arrayI8ap_fixedILi16ELi2EL9ap_q_mode5EL9_11, i16 %p_ZZN4nnet24compute_output_buffer_2dINS_5arrayI8ap_fixedILi16ELi2EL9ap_q_mode5EL9_1, i16 %void_compute_output_buffer_2d_array_const_ap_shift_reg_n_chan_stream_weig, i16 %p_ZZN4nnet24compute_output_buffer_2dINS_5arrayI8ap_fixedILi16ELi2EL9ap_q_mode5EL9_20, i16 %p_ZZN4nnet24compute_output_buffer_2dINS_5arrayI8ap_fixedILi16ELi2EL9ap_q_mode5EL9_10, i16 %p_ZZN4nnet24compute_output_buffer_2dINS_5arrayI8ap_fixedILi16ELi2EL9ap_q_mode5EL9, i16 %void_conv_2d_buffer_latency_cl_stream_stream_weight_t_bias_t_line_buffer_2, i16 %void_conv_2d_buffer_latency_cl_stream_stream_weight_t_bias_t_line_buffer_1, i16 %void_conv_2d_buffer_latency_cl_stream_stream_weight_t_bias_t_line_buffer, i32 %sX, i32 %sY, i32 %pY, i32 %pX" [firmware/nnet_utils/nnet_conv2d_stream.h:31->firmware/nnet_utils/nnet_conv2d_stream.h:75]   --->   Operation 22 'call' 'call_ln31' <Predicate = (!icmp_ln24)> <Delay = 0.00> <CoreType = "Generic">   --->   Core 0 '' <Latency = 0> <II = 1> <Delay = 1.00> <Generic> <Opcode : >
ST_2 : Operation 33 [1/1] (0.00ns)   --->   "%ret_ln79 = ret" [firmware/nnet_utils/nnet_conv2d_stream.h:79]   --->   Operation 33 'ret' 'ret_ln79' <Predicate = (icmp_ln24)> <Delay = 0.00>

State 3 <SV = 2> <Delay = 0.00>
ST_3 : Operation 23 [6/7] (0.00ns)   --->   "%call_ln31 = call void @compute_output_buffer_2d<array,array<ap_fixed<12,2,5,3,0>,20u>,config2>, i16 %input_1_read, i240 %layer2_out, i16 %void_compute_output_buffer_2d_array_const_ap_shift_reg_n_chan_stream_weig_8, i16 %void_compute_output_buffer_2d_array_const_ap_shift_reg_n_chan_stream_weig_9, i16 %p_ZZN4nnet24compute_output_buffer_2dINS_5arrayI8ap_fixedILi16ELi2EL9ap_q_mode5EL9_28, i16 %p_ZZN4nnet24compute_output_buffer_2dINS_5arrayI8ap_fixedILi16ELi2EL9ap_q_mode5EL9_29, i16 %p_ZZN4nnet24compute_output_buffer_2dINS_5arrayI8ap_fixedILi16ELi2EL9ap_q_mode5EL9_18, i16 %p_ZZN4nnet24compute_output_buffer_2dINS_5arrayI8ap_fixedILi16ELi2EL9ap_q_mode5EL9_19, i16 %p_ZZN4nnet24compute_output_buffer_2dINS_5arrayI8ap_fixedILi16ELi2EL9ap_q_mode5EL9_8, i16 %p_ZZN4nnet24compute_output_buffer_2dINS_5arrayI8ap_fixedILi16ELi2EL9ap_q_mode5EL9_9, i16 %void_compute_output_buffer_2d_array_const_ap_shift_reg_n_chan_stream_weig_7, i16 %p_ZZN4nnet24compute_output_buffer_2dINS_5arrayI8ap_fixedILi16ELi2EL9ap_q_mode5EL9_27, i16 %p_ZZN4nnet24compute_output_buffer_2dINS_5arrayI8ap_fixedILi16ELi2EL9ap_q_mode5EL9_17, i16 %p_ZZN4nnet24compute_output_buffer_2dINS_5arrayI8ap_fixedILi16ELi2EL9ap_q_mode5EL9_7, i16 %void_compute_output_buffer_2d_array_const_ap_shift_reg_n_chan_stream_weig_6, i16 %p_ZZN4nnet24compute_output_buffer_2dINS_5arrayI8ap_fixedILi16ELi2EL9ap_q_mode5EL9_26, i16 %p_ZZN4nnet24compute_output_buffer_2dINS_5arrayI8ap_fixedILi16ELi2EL9ap_q_mode5EL9_16, i16 %p_ZZN4nnet24compute_output_buffer_2dINS_5arrayI8ap_fixedILi16ELi2EL9ap_q_mode5EL9_6, i16 %void_compute_output_buffer_2d_array_const_ap_shift_reg_n_chan_stream_weig_5, i16 %p_ZZN4nnet24compute_output_buffer_2dINS_5arrayI8ap_fixedILi16ELi2EL9ap_q_mode5EL9_25, i16 %p_ZZN4nnet24compute_output_buffer_2dINS_5arrayI8ap_fixedILi16ELi2EL9ap_q_mode5EL9_15, i16 %p_ZZN4nnet24compute_output_buffer_2dINS_5arrayI8ap_fixedILi16ELi2EL9ap_q_mode5EL9_5, i16 %void_compute_output_buffer_2d_array_const_ap_shift_reg_n_chan_stream_weig_4, i16 %p_ZZN4nnet24compute_output_buffer_2dINS_5arrayI8ap_fixedILi16ELi2EL9ap_q_mode5EL9_24, i16 %p_ZZN4nnet24compute_output_buffer_2dINS_5arrayI8ap_fixedILi16ELi2EL9ap_q_mode5EL9_14, i16 %p_ZZN4nnet24compute_output_buffer_2dINS_5arrayI8ap_fixedILi16ELi2EL9ap_q_mode5EL9_4, i16 %void_compute_output_buffer_2d_array_const_ap_shift_reg_n_chan_stream_weig_3, i16 %p_ZZN4nnet24compute_output_buffer_2dINS_5arrayI8ap_fixedILi16ELi2EL9ap_q_mode5EL9_23, i16 %p_ZZN4nnet24compute_output_buffer_2dINS_5arrayI8ap_fixedILi16ELi2EL9ap_q_mode5EL9_13, i16 %p_ZZN4nnet24compute_output_buffer_2dINS_5arrayI8ap_fixedILi16ELi2EL9ap_q_mode5EL9_3, i16 %void_compute_output_buffer_2d_array_const_ap_shift_reg_n_chan_stream_weig_2, i16 %p_ZZN4nnet24compute_output_buffer_2dINS_5arrayI8ap_fixedILi16ELi2EL9ap_q_mode5EL9_22, i16 %p_ZZN4nnet24compute_output_buffer_2dINS_5arrayI8ap_fixedILi16ELi2EL9ap_q_mode5EL9_12, i16 %p_ZZN4nnet24compute_output_buffer_2dINS_5arrayI8ap_fixedILi16ELi2EL9ap_q_mode5EL9_2, i16 %void_compute_output_buffer_2d_array_const_ap_shift_reg_n_chan_stream_weig_1, i16 %p_ZZN4nnet24compute_output_buffer_2dINS_5arrayI8ap_fixedILi16ELi2EL9ap_q_mode5EL9_21, i16 %p_ZZN4nnet24compute_output_buffer_2dINS_5arrayI8ap_fixedILi16ELi2EL9ap_q_mode5EL9_11, i16 %p_ZZN4nnet24compute_output_buffer_2dINS_5arrayI8ap_fixedILi16ELi2EL9ap_q_mode5EL9_1, i16 %void_compute_output_buffer_2d_array_const_ap_shift_reg_n_chan_stream_weig, i16 %p_ZZN4nnet24compute_output_buffer_2dINS_5arrayI8ap_fixedILi16ELi2EL9ap_q_mode5EL9_20, i16 %p_ZZN4nnet24compute_output_buffer_2dINS_5arrayI8ap_fixedILi16ELi2EL9ap_q_mode5EL9_10, i16 %p_ZZN4nnet24compute_output_buffer_2dINS_5arrayI8ap_fixedILi16ELi2EL9ap_q_mode5EL9, i16 %void_conv_2d_buffer_latency_cl_stream_stream_weight_t_bias_t_line_buffer_2, i16 %void_conv_2d_buffer_latency_cl_stream_stream_weight_t_bias_t_line_buffer_1, i16 %void_conv_2d_buffer_latency_cl_stream_stream_weight_t_bias_t_line_buffer, i32 %sX, i32 %sY, i32 %pY, i32 %pX" [firmware/nnet_utils/nnet_conv2d_stream.h:31->firmware/nnet_utils/nnet_conv2d_stream.h:75]   --->   Operation 23 'call' 'call_ln31' <Predicate = (!icmp_ln24)> <Delay = 0.00> <CoreType = "Generic">   --->   Core 0 '' <Latency = 0> <II = 1> <Delay = 1.00> <Generic> <Opcode : >

State 4 <SV = 3> <Delay = 0.00>
ST_4 : Operation 24 [5/7] (0.00ns)   --->   "%call_ln31 = call void @compute_output_buffer_2d<array,array<ap_fixed<12,2,5,3,0>,20u>,config2>, i16 %input_1_read, i240 %layer2_out, i16 %void_compute_output_buffer_2d_array_const_ap_shift_reg_n_chan_stream_weig_8, i16 %void_compute_output_buffer_2d_array_const_ap_shift_reg_n_chan_stream_weig_9, i16 %p_ZZN4nnet24compute_output_buffer_2dINS_5arrayI8ap_fixedILi16ELi2EL9ap_q_mode5EL9_28, i16 %p_ZZN4nnet24compute_output_buffer_2dINS_5arrayI8ap_fixedILi16ELi2EL9ap_q_mode5EL9_29, i16 %p_ZZN4nnet24compute_output_buffer_2dINS_5arrayI8ap_fixedILi16ELi2EL9ap_q_mode5EL9_18, i16 %p_ZZN4nnet24compute_output_buffer_2dINS_5arrayI8ap_fixedILi16ELi2EL9ap_q_mode5EL9_19, i16 %p_ZZN4nnet24compute_output_buffer_2dINS_5arrayI8ap_fixedILi16ELi2EL9ap_q_mode5EL9_8, i16 %p_ZZN4nnet24compute_output_buffer_2dINS_5arrayI8ap_fixedILi16ELi2EL9ap_q_mode5EL9_9, i16 %void_compute_output_buffer_2d_array_const_ap_shift_reg_n_chan_stream_weig_7, i16 %p_ZZN4nnet24compute_output_buffer_2dINS_5arrayI8ap_fixedILi16ELi2EL9ap_q_mode5EL9_27, i16 %p_ZZN4nnet24compute_output_buffer_2dINS_5arrayI8ap_fixedILi16ELi2EL9ap_q_mode5EL9_17, i16 %p_ZZN4nnet24compute_output_buffer_2dINS_5arrayI8ap_fixedILi16ELi2EL9ap_q_mode5EL9_7, i16 %void_compute_output_buffer_2d_array_const_ap_shift_reg_n_chan_stream_weig_6, i16 %p_ZZN4nnet24compute_output_buffer_2dINS_5arrayI8ap_fixedILi16ELi2EL9ap_q_mode5EL9_26, i16 %p_ZZN4nnet24compute_output_buffer_2dINS_5arrayI8ap_fixedILi16ELi2EL9ap_q_mode5EL9_16, i16 %p_ZZN4nnet24compute_output_buffer_2dINS_5arrayI8ap_fixedILi16ELi2EL9ap_q_mode5EL9_6, i16 %void_compute_output_buffer_2d_array_const_ap_shift_reg_n_chan_stream_weig_5, i16 %p_ZZN4nnet24compute_output_buffer_2dINS_5arrayI8ap_fixedILi16ELi2EL9ap_q_mode5EL9_25, i16 %p_ZZN4nnet24compute_output_buffer_2dINS_5arrayI8ap_fixedILi16ELi2EL9ap_q_mode5EL9_15, i16 %p_ZZN4nnet24compute_output_buffer_2dINS_5arrayI8ap_fixedILi16ELi2EL9ap_q_mode5EL9_5, i16 %void_compute_output_buffer_2d_array_const_ap_shift_reg_n_chan_stream_weig_4, i16 %p_ZZN4nnet24compute_output_buffer_2dINS_5arrayI8ap_fixedILi16ELi2EL9ap_q_mode5EL9_24, i16 %p_ZZN4nnet24compute_output_buffer_2dINS_5arrayI8ap_fixedILi16ELi2EL9ap_q_mode5EL9_14, i16 %p_ZZN4nnet24compute_output_buffer_2dINS_5arrayI8ap_fixedILi16ELi2EL9ap_q_mode5EL9_4, i16 %void_compute_output_buffer_2d_array_const_ap_shift_reg_n_chan_stream_weig_3, i16 %p_ZZN4nnet24compute_output_buffer_2dINS_5arrayI8ap_fixedILi16ELi2EL9ap_q_mode5EL9_23, i16 %p_ZZN4nnet24compute_output_buffer_2dINS_5arrayI8ap_fixedILi16ELi2EL9ap_q_mode5EL9_13, i16 %p_ZZN4nnet24compute_output_buffer_2dINS_5arrayI8ap_fixedILi16ELi2EL9ap_q_mode5EL9_3, i16 %void_compute_output_buffer_2d_array_const_ap_shift_reg_n_chan_stream_weig_2, i16 %p_ZZN4nnet24compute_output_buffer_2dINS_5arrayI8ap_fixedILi16ELi2EL9ap_q_mode5EL9_22, i16 %p_ZZN4nnet24compute_output_buffer_2dINS_5arrayI8ap_fixedILi16ELi2EL9ap_q_mode5EL9_12, i16 %p_ZZN4nnet24compute_output_buffer_2dINS_5arrayI8ap_fixedILi16ELi2EL9ap_q_mode5EL9_2, i16 %void_compute_output_buffer_2d_array_const_ap_shift_reg_n_chan_stream_weig_1, i16 %p_ZZN4nnet24compute_output_buffer_2dINS_5arrayI8ap_fixedILi16ELi2EL9ap_q_mode5EL9_21, i16 %p_ZZN4nnet24compute_output_buffer_2dINS_5arrayI8ap_fixedILi16ELi2EL9ap_q_mode5EL9_11, i16 %p_ZZN4nnet24compute_output_buffer_2dINS_5arrayI8ap_fixedILi16ELi2EL9ap_q_mode5EL9_1, i16 %void_compute_output_buffer_2d_array_const_ap_shift_reg_n_chan_stream_weig, i16 %p_ZZN4nnet24compute_output_buffer_2dINS_5arrayI8ap_fixedILi16ELi2EL9ap_q_mode5EL9_20, i16 %p_ZZN4nnet24compute_output_buffer_2dINS_5arrayI8ap_fixedILi16ELi2EL9ap_q_mode5EL9_10, i16 %p_ZZN4nnet24compute_output_buffer_2dINS_5arrayI8ap_fixedILi16ELi2EL9ap_q_mode5EL9, i16 %void_conv_2d_buffer_latency_cl_stream_stream_weight_t_bias_t_line_buffer_2, i16 %void_conv_2d_buffer_latency_cl_stream_stream_weight_t_bias_t_line_buffer_1, i16 %void_conv_2d_buffer_latency_cl_stream_stream_weight_t_bias_t_line_buffer, i32 %sX, i32 %sY, i32 %pY, i32 %pX" [firmware/nnet_utils/nnet_conv2d_stream.h:31->firmware/nnet_utils/nnet_conv2d_stream.h:75]   --->   Operation 24 'call' 'call_ln31' <Predicate = (!icmp_ln24)> <Delay = 0.00> <CoreType = "Generic">   --->   Core 0 '' <Latency = 0> <II = 1> <Delay = 1.00> <Generic> <Opcode : >

State 5 <SV = 4> <Delay = 0.00>
ST_5 : Operation 25 [4/7] (0.00ns)   --->   "%call_ln31 = call void @compute_output_buffer_2d<array,array<ap_fixed<12,2,5,3,0>,20u>,config2>, i16 %input_1_read, i240 %layer2_out, i16 %void_compute_output_buffer_2d_array_const_ap_shift_reg_n_chan_stream_weig_8, i16 %void_compute_output_buffer_2d_array_const_ap_shift_reg_n_chan_stream_weig_9, i16 %p_ZZN4nnet24compute_output_buffer_2dINS_5arrayI8ap_fixedILi16ELi2EL9ap_q_mode5EL9_28, i16 %p_ZZN4nnet24compute_output_buffer_2dINS_5arrayI8ap_fixedILi16ELi2EL9ap_q_mode5EL9_29, i16 %p_ZZN4nnet24compute_output_buffer_2dINS_5arrayI8ap_fixedILi16ELi2EL9ap_q_mode5EL9_18, i16 %p_ZZN4nnet24compute_output_buffer_2dINS_5arrayI8ap_fixedILi16ELi2EL9ap_q_mode5EL9_19, i16 %p_ZZN4nnet24compute_output_buffer_2dINS_5arrayI8ap_fixedILi16ELi2EL9ap_q_mode5EL9_8, i16 %p_ZZN4nnet24compute_output_buffer_2dINS_5arrayI8ap_fixedILi16ELi2EL9ap_q_mode5EL9_9, i16 %void_compute_output_buffer_2d_array_const_ap_shift_reg_n_chan_stream_weig_7, i16 %p_ZZN4nnet24compute_output_buffer_2dINS_5arrayI8ap_fixedILi16ELi2EL9ap_q_mode5EL9_27, i16 %p_ZZN4nnet24compute_output_buffer_2dINS_5arrayI8ap_fixedILi16ELi2EL9ap_q_mode5EL9_17, i16 %p_ZZN4nnet24compute_output_buffer_2dINS_5arrayI8ap_fixedILi16ELi2EL9ap_q_mode5EL9_7, i16 %void_compute_output_buffer_2d_array_const_ap_shift_reg_n_chan_stream_weig_6, i16 %p_ZZN4nnet24compute_output_buffer_2dINS_5arrayI8ap_fixedILi16ELi2EL9ap_q_mode5EL9_26, i16 %p_ZZN4nnet24compute_output_buffer_2dINS_5arrayI8ap_fixedILi16ELi2EL9ap_q_mode5EL9_16, i16 %p_ZZN4nnet24compute_output_buffer_2dINS_5arrayI8ap_fixedILi16ELi2EL9ap_q_mode5EL9_6, i16 %void_compute_output_buffer_2d_array_const_ap_shift_reg_n_chan_stream_weig_5, i16 %p_ZZN4nnet24compute_output_buffer_2dINS_5arrayI8ap_fixedILi16ELi2EL9ap_q_mode5EL9_25, i16 %p_ZZN4nnet24compute_output_buffer_2dINS_5arrayI8ap_fixedILi16ELi2EL9ap_q_mode5EL9_15, i16 %p_ZZN4nnet24compute_output_buffer_2dINS_5arrayI8ap_fixedILi16ELi2EL9ap_q_mode5EL9_5, i16 %void_compute_output_buffer_2d_array_const_ap_shift_reg_n_chan_stream_weig_4, i16 %p_ZZN4nnet24compute_output_buffer_2dINS_5arrayI8ap_fixedILi16ELi2EL9ap_q_mode5EL9_24, i16 %p_ZZN4nnet24compute_output_buffer_2dINS_5arrayI8ap_fixedILi16ELi2EL9ap_q_mode5EL9_14, i16 %p_ZZN4nnet24compute_output_buffer_2dINS_5arrayI8ap_fixedILi16ELi2EL9ap_q_mode5EL9_4, i16 %void_compute_output_buffer_2d_array_const_ap_shift_reg_n_chan_stream_weig_3, i16 %p_ZZN4nnet24compute_output_buffer_2dINS_5arrayI8ap_fixedILi16ELi2EL9ap_q_mode5EL9_23, i16 %p_ZZN4nnet24compute_output_buffer_2dINS_5arrayI8ap_fixedILi16ELi2EL9ap_q_mode5EL9_13, i16 %p_ZZN4nnet24compute_output_buffer_2dINS_5arrayI8ap_fixedILi16ELi2EL9ap_q_mode5EL9_3, i16 %void_compute_output_buffer_2d_array_const_ap_shift_reg_n_chan_stream_weig_2, i16 %p_ZZN4nnet24compute_output_buffer_2dINS_5arrayI8ap_fixedILi16ELi2EL9ap_q_mode5EL9_22, i16 %p_ZZN4nnet24compute_output_buffer_2dINS_5arrayI8ap_fixedILi16ELi2EL9ap_q_mode5EL9_12, i16 %p_ZZN4nnet24compute_output_buffer_2dINS_5arrayI8ap_fixedILi16ELi2EL9ap_q_mode5EL9_2, i16 %void_compute_output_buffer_2d_array_const_ap_shift_reg_n_chan_stream_weig_1, i16 %p_ZZN4nnet24compute_output_buffer_2dINS_5arrayI8ap_fixedILi16ELi2EL9ap_q_mode5EL9_21, i16 %p_ZZN4nnet24compute_output_buffer_2dINS_5arrayI8ap_fixedILi16ELi2EL9ap_q_mode5EL9_11, i16 %p_ZZN4nnet24compute_output_buffer_2dINS_5arrayI8ap_fixedILi16ELi2EL9ap_q_mode5EL9_1, i16 %void_compute_output_buffer_2d_array_const_ap_shift_reg_n_chan_stream_weig, i16 %p_ZZN4nnet24compute_output_buffer_2dINS_5arrayI8ap_fixedILi16ELi2EL9ap_q_mode5EL9_20, i16 %p_ZZN4nnet24compute_output_buffer_2dINS_5arrayI8ap_fixedILi16ELi2EL9ap_q_mode5EL9_10, i16 %p_ZZN4nnet24compute_output_buffer_2dINS_5arrayI8ap_fixedILi16ELi2EL9ap_q_mode5EL9, i16 %void_conv_2d_buffer_latency_cl_stream_stream_weight_t_bias_t_line_buffer_2, i16 %void_conv_2d_buffer_latency_cl_stream_stream_weight_t_bias_t_line_buffer_1, i16 %void_conv_2d_buffer_latency_cl_stream_stream_weight_t_bias_t_line_buffer, i32 %sX, i32 %sY, i32 %pY, i32 %pX" [firmware/nnet_utils/nnet_conv2d_stream.h:31->firmware/nnet_utils/nnet_conv2d_stream.h:75]   --->   Operation 25 'call' 'call_ln31' <Predicate = (!icmp_ln24)> <Delay = 0.00> <CoreType = "Generic">   --->   Core 0 '' <Latency = 0> <II = 1> <Delay = 1.00> <Generic> <Opcode : >

State 6 <SV = 5> <Delay = 0.00>
ST_6 : Operation 26 [3/7] (0.00ns)   --->   "%call_ln31 = call void @compute_output_buffer_2d<array,array<ap_fixed<12,2,5,3,0>,20u>,config2>, i16 %input_1_read, i240 %layer2_out, i16 %void_compute_output_buffer_2d_array_const_ap_shift_reg_n_chan_stream_weig_8, i16 %void_compute_output_buffer_2d_array_const_ap_shift_reg_n_chan_stream_weig_9, i16 %p_ZZN4nnet24compute_output_buffer_2dINS_5arrayI8ap_fixedILi16ELi2EL9ap_q_mode5EL9_28, i16 %p_ZZN4nnet24compute_output_buffer_2dINS_5arrayI8ap_fixedILi16ELi2EL9ap_q_mode5EL9_29, i16 %p_ZZN4nnet24compute_output_buffer_2dINS_5arrayI8ap_fixedILi16ELi2EL9ap_q_mode5EL9_18, i16 %p_ZZN4nnet24compute_output_buffer_2dINS_5arrayI8ap_fixedILi16ELi2EL9ap_q_mode5EL9_19, i16 %p_ZZN4nnet24compute_output_buffer_2dINS_5arrayI8ap_fixedILi16ELi2EL9ap_q_mode5EL9_8, i16 %p_ZZN4nnet24compute_output_buffer_2dINS_5arrayI8ap_fixedILi16ELi2EL9ap_q_mode5EL9_9, i16 %void_compute_output_buffer_2d_array_const_ap_shift_reg_n_chan_stream_weig_7, i16 %p_ZZN4nnet24compute_output_buffer_2dINS_5arrayI8ap_fixedILi16ELi2EL9ap_q_mode5EL9_27, i16 %p_ZZN4nnet24compute_output_buffer_2dINS_5arrayI8ap_fixedILi16ELi2EL9ap_q_mode5EL9_17, i16 %p_ZZN4nnet24compute_output_buffer_2dINS_5arrayI8ap_fixedILi16ELi2EL9ap_q_mode5EL9_7, i16 %void_compute_output_buffer_2d_array_const_ap_shift_reg_n_chan_stream_weig_6, i16 %p_ZZN4nnet24compute_output_buffer_2dINS_5arrayI8ap_fixedILi16ELi2EL9ap_q_mode5EL9_26, i16 %p_ZZN4nnet24compute_output_buffer_2dINS_5arrayI8ap_fixedILi16ELi2EL9ap_q_mode5EL9_16, i16 %p_ZZN4nnet24compute_output_buffer_2dINS_5arrayI8ap_fixedILi16ELi2EL9ap_q_mode5EL9_6, i16 %void_compute_output_buffer_2d_array_const_ap_shift_reg_n_chan_stream_weig_5, i16 %p_ZZN4nnet24compute_output_buffer_2dINS_5arrayI8ap_fixedILi16ELi2EL9ap_q_mode5EL9_25, i16 %p_ZZN4nnet24compute_output_buffer_2dINS_5arrayI8ap_fixedILi16ELi2EL9ap_q_mode5EL9_15, i16 %p_ZZN4nnet24compute_output_buffer_2dINS_5arrayI8ap_fixedILi16ELi2EL9ap_q_mode5EL9_5, i16 %void_compute_output_buffer_2d_array_const_ap_shift_reg_n_chan_stream_weig_4, i16 %p_ZZN4nnet24compute_output_buffer_2dINS_5arrayI8ap_fixedILi16ELi2EL9ap_q_mode5EL9_24, i16 %p_ZZN4nnet24compute_output_buffer_2dINS_5arrayI8ap_fixedILi16ELi2EL9ap_q_mode5EL9_14, i16 %p_ZZN4nnet24compute_output_buffer_2dINS_5arrayI8ap_fixedILi16ELi2EL9ap_q_mode5EL9_4, i16 %void_compute_output_buffer_2d_array_const_ap_shift_reg_n_chan_stream_weig_3, i16 %p_ZZN4nnet24compute_output_buffer_2dINS_5arrayI8ap_fixedILi16ELi2EL9ap_q_mode5EL9_23, i16 %p_ZZN4nnet24compute_output_buffer_2dINS_5arrayI8ap_fixedILi16ELi2EL9ap_q_mode5EL9_13, i16 %p_ZZN4nnet24compute_output_buffer_2dINS_5arrayI8ap_fixedILi16ELi2EL9ap_q_mode5EL9_3, i16 %void_compute_output_buffer_2d_array_const_ap_shift_reg_n_chan_stream_weig_2, i16 %p_ZZN4nnet24compute_output_buffer_2dINS_5arrayI8ap_fixedILi16ELi2EL9ap_q_mode5EL9_22, i16 %p_ZZN4nnet24compute_output_buffer_2dINS_5arrayI8ap_fixedILi16ELi2EL9ap_q_mode5EL9_12, i16 %p_ZZN4nnet24compute_output_buffer_2dINS_5arrayI8ap_fixedILi16ELi2EL9ap_q_mode5EL9_2, i16 %void_compute_output_buffer_2d_array_const_ap_shift_reg_n_chan_stream_weig_1, i16 %p_ZZN4nnet24compute_output_buffer_2dINS_5arrayI8ap_fixedILi16ELi2EL9ap_q_mode5EL9_21, i16 %p_ZZN4nnet24compute_output_buffer_2dINS_5arrayI8ap_fixedILi16ELi2EL9ap_q_mode5EL9_11, i16 %p_ZZN4nnet24compute_output_buffer_2dINS_5arrayI8ap_fixedILi16ELi2EL9ap_q_mode5EL9_1, i16 %void_compute_output_buffer_2d_array_const_ap_shift_reg_n_chan_stream_weig, i16 %p_ZZN4nnet24compute_output_buffer_2dINS_5arrayI8ap_fixedILi16ELi2EL9ap_q_mode5EL9_20, i16 %p_ZZN4nnet24compute_output_buffer_2dINS_5arrayI8ap_fixedILi16ELi2EL9ap_q_mode5EL9_10, i16 %p_ZZN4nnet24compute_output_buffer_2dINS_5arrayI8ap_fixedILi16ELi2EL9ap_q_mode5EL9, i16 %void_conv_2d_buffer_latency_cl_stream_stream_weight_t_bias_t_line_buffer_2, i16 %void_conv_2d_buffer_latency_cl_stream_stream_weight_t_bias_t_line_buffer_1, i16 %void_conv_2d_buffer_latency_cl_stream_stream_weight_t_bias_t_line_buffer, i32 %sX, i32 %sY, i32 %pY, i32 %pX" [firmware/nnet_utils/nnet_conv2d_stream.h:31->firmware/nnet_utils/nnet_conv2d_stream.h:75]   --->   Operation 26 'call' 'call_ln31' <Predicate = (!icmp_ln24)> <Delay = 0.00> <CoreType = "Generic">   --->   Core 0 '' <Latency = 0> <II = 1> <Delay = 1.00> <Generic> <Opcode : >

State 7 <SV = 6> <Delay = 0.00>
ST_7 : Operation 27 [2/7] (0.00ns)   --->   "%call_ln31 = call void @compute_output_buffer_2d<array,array<ap_fixed<12,2,5,3,0>,20u>,config2>, i16 %input_1_read, i240 %layer2_out, i16 %void_compute_output_buffer_2d_array_const_ap_shift_reg_n_chan_stream_weig_8, i16 %void_compute_output_buffer_2d_array_const_ap_shift_reg_n_chan_stream_weig_9, i16 %p_ZZN4nnet24compute_output_buffer_2dINS_5arrayI8ap_fixedILi16ELi2EL9ap_q_mode5EL9_28, i16 %p_ZZN4nnet24compute_output_buffer_2dINS_5arrayI8ap_fixedILi16ELi2EL9ap_q_mode5EL9_29, i16 %p_ZZN4nnet24compute_output_buffer_2dINS_5arrayI8ap_fixedILi16ELi2EL9ap_q_mode5EL9_18, i16 %p_ZZN4nnet24compute_output_buffer_2dINS_5arrayI8ap_fixedILi16ELi2EL9ap_q_mode5EL9_19, i16 %p_ZZN4nnet24compute_output_buffer_2dINS_5arrayI8ap_fixedILi16ELi2EL9ap_q_mode5EL9_8, i16 %p_ZZN4nnet24compute_output_buffer_2dINS_5arrayI8ap_fixedILi16ELi2EL9ap_q_mode5EL9_9, i16 %void_compute_output_buffer_2d_array_const_ap_shift_reg_n_chan_stream_weig_7, i16 %p_ZZN4nnet24compute_output_buffer_2dINS_5arrayI8ap_fixedILi16ELi2EL9ap_q_mode5EL9_27, i16 %p_ZZN4nnet24compute_output_buffer_2dINS_5arrayI8ap_fixedILi16ELi2EL9ap_q_mode5EL9_17, i16 %p_ZZN4nnet24compute_output_buffer_2dINS_5arrayI8ap_fixedILi16ELi2EL9ap_q_mode5EL9_7, i16 %void_compute_output_buffer_2d_array_const_ap_shift_reg_n_chan_stream_weig_6, i16 %p_ZZN4nnet24compute_output_buffer_2dINS_5arrayI8ap_fixedILi16ELi2EL9ap_q_mode5EL9_26, i16 %p_ZZN4nnet24compute_output_buffer_2dINS_5arrayI8ap_fixedILi16ELi2EL9ap_q_mode5EL9_16, i16 %p_ZZN4nnet24compute_output_buffer_2dINS_5arrayI8ap_fixedILi16ELi2EL9ap_q_mode5EL9_6, i16 %void_compute_output_buffer_2d_array_const_ap_shift_reg_n_chan_stream_weig_5, i16 %p_ZZN4nnet24compute_output_buffer_2dINS_5arrayI8ap_fixedILi16ELi2EL9ap_q_mode5EL9_25, i16 %p_ZZN4nnet24compute_output_buffer_2dINS_5arrayI8ap_fixedILi16ELi2EL9ap_q_mode5EL9_15, i16 %p_ZZN4nnet24compute_output_buffer_2dINS_5arrayI8ap_fixedILi16ELi2EL9ap_q_mode5EL9_5, i16 %void_compute_output_buffer_2d_array_const_ap_shift_reg_n_chan_stream_weig_4, i16 %p_ZZN4nnet24compute_output_buffer_2dINS_5arrayI8ap_fixedILi16ELi2EL9ap_q_mode5EL9_24, i16 %p_ZZN4nnet24compute_output_buffer_2dINS_5arrayI8ap_fixedILi16ELi2EL9ap_q_mode5EL9_14, i16 %p_ZZN4nnet24compute_output_buffer_2dINS_5arrayI8ap_fixedILi16ELi2EL9ap_q_mode5EL9_4, i16 %void_compute_output_buffer_2d_array_const_ap_shift_reg_n_chan_stream_weig_3, i16 %p_ZZN4nnet24compute_output_buffer_2dINS_5arrayI8ap_fixedILi16ELi2EL9ap_q_mode5EL9_23, i16 %p_ZZN4nnet24compute_output_buffer_2dINS_5arrayI8ap_fixedILi16ELi2EL9ap_q_mode5EL9_13, i16 %p_ZZN4nnet24compute_output_buffer_2dINS_5arrayI8ap_fixedILi16ELi2EL9ap_q_mode5EL9_3, i16 %void_compute_output_buffer_2d_array_const_ap_shift_reg_n_chan_stream_weig_2, i16 %p_ZZN4nnet24compute_output_buffer_2dINS_5arrayI8ap_fixedILi16ELi2EL9ap_q_mode5EL9_22, i16 %p_ZZN4nnet24compute_output_buffer_2dINS_5arrayI8ap_fixedILi16ELi2EL9ap_q_mode5EL9_12, i16 %p_ZZN4nnet24compute_output_buffer_2dINS_5arrayI8ap_fixedILi16ELi2EL9ap_q_mode5EL9_2, i16 %void_compute_output_buffer_2d_array_const_ap_shift_reg_n_chan_stream_weig_1, i16 %p_ZZN4nnet24compute_output_buffer_2dINS_5arrayI8ap_fixedILi16ELi2EL9ap_q_mode5EL9_21, i16 %p_ZZN4nnet24compute_output_buffer_2dINS_5arrayI8ap_fixedILi16ELi2EL9ap_q_mode5EL9_11, i16 %p_ZZN4nnet24compute_output_buffer_2dINS_5arrayI8ap_fixedILi16ELi2EL9ap_q_mode5EL9_1, i16 %void_compute_output_buffer_2d_array_const_ap_shift_reg_n_chan_stream_weig, i16 %p_ZZN4nnet24compute_output_buffer_2dINS_5arrayI8ap_fixedILi16ELi2EL9ap_q_mode5EL9_20, i16 %p_ZZN4nnet24compute_output_buffer_2dINS_5arrayI8ap_fixedILi16ELi2EL9ap_q_mode5EL9_10, i16 %p_ZZN4nnet24compute_output_buffer_2dINS_5arrayI8ap_fixedILi16ELi2EL9ap_q_mode5EL9, i16 %void_conv_2d_buffer_latency_cl_stream_stream_weight_t_bias_t_line_buffer_2, i16 %void_conv_2d_buffer_latency_cl_stream_stream_weight_t_bias_t_line_buffer_1, i16 %void_conv_2d_buffer_latency_cl_stream_stream_weight_t_bias_t_line_buffer, i32 %sX, i32 %sY, i32 %pY, i32 %pX" [firmware/nnet_utils/nnet_conv2d_stream.h:31->firmware/nnet_utils/nnet_conv2d_stream.h:75]   --->   Operation 27 'call' 'call_ln31' <Predicate = (!icmp_ln24)> <Delay = 0.00> <CoreType = "Generic">   --->   Core 0 '' <Latency = 0> <II = 1> <Delay = 1.00> <Generic> <Opcode : >

State 8 <SV = 7> <Delay = 0.00>
ST_8 : Operation 28 [1/1] (0.00ns)   --->   "%specloopname_ln0 = specloopname void @_ssdm_op_SpecLoopName, void @ReadInputHeight_ReadInputWidth_str"   --->   Operation 28 'specloopname' 'specloopname_ln0' <Predicate = true> <Delay = 0.00>
ST_8 : Operation 29 [1/1] (0.00ns)   --->   "%speclooptripcount_ln0 = speclooptripcount void @_ssdm_op_SpecLoopTripCount, i64 1024, i64 1024, i64 1024"   --->   Operation 29 'speclooptripcount' 'speclooptripcount_ln0' <Predicate = true> <Delay = 0.00>
ST_8 : Operation 30 [1/1] (0.00ns)   --->   "%specpipeline_ln28 = specpipeline void @_ssdm_op_SpecPipeline, i32 4, i32 0, i32 0, i32 0, void @empty_5" [firmware/nnet_utils/nnet_conv2d_stream.h:28->firmware/nnet_utils/nnet_conv2d_stream.h:75]   --->   Operation 30 'specpipeline' 'specpipeline_ln28' <Predicate = true> <Delay = 0.00>
ST_8 : Operation 31 [1/7] (0.00ns)   --->   "%call_ln31 = call void @compute_output_buffer_2d<array,array<ap_fixed<12,2,5,3,0>,20u>,config2>, i16 %input_1_read, i240 %layer2_out, i16 %void_compute_output_buffer_2d_array_const_ap_shift_reg_n_chan_stream_weig_8, i16 %void_compute_output_buffer_2d_array_const_ap_shift_reg_n_chan_stream_weig_9, i16 %p_ZZN4nnet24compute_output_buffer_2dINS_5arrayI8ap_fixedILi16ELi2EL9ap_q_mode5EL9_28, i16 %p_ZZN4nnet24compute_output_buffer_2dINS_5arrayI8ap_fixedILi16ELi2EL9ap_q_mode5EL9_29, i16 %p_ZZN4nnet24compute_output_buffer_2dINS_5arrayI8ap_fixedILi16ELi2EL9ap_q_mode5EL9_18, i16 %p_ZZN4nnet24compute_output_buffer_2dINS_5arrayI8ap_fixedILi16ELi2EL9ap_q_mode5EL9_19, i16 %p_ZZN4nnet24compute_output_buffer_2dINS_5arrayI8ap_fixedILi16ELi2EL9ap_q_mode5EL9_8, i16 %p_ZZN4nnet24compute_output_buffer_2dINS_5arrayI8ap_fixedILi16ELi2EL9ap_q_mode5EL9_9, i16 %void_compute_output_buffer_2d_array_const_ap_shift_reg_n_chan_stream_weig_7, i16 %p_ZZN4nnet24compute_output_buffer_2dINS_5arrayI8ap_fixedILi16ELi2EL9ap_q_mode5EL9_27, i16 %p_ZZN4nnet24compute_output_buffer_2dINS_5arrayI8ap_fixedILi16ELi2EL9ap_q_mode5EL9_17, i16 %p_ZZN4nnet24compute_output_buffer_2dINS_5arrayI8ap_fixedILi16ELi2EL9ap_q_mode5EL9_7, i16 %void_compute_output_buffer_2d_array_const_ap_shift_reg_n_chan_stream_weig_6, i16 %p_ZZN4nnet24compute_output_buffer_2dINS_5arrayI8ap_fixedILi16ELi2EL9ap_q_mode5EL9_26, i16 %p_ZZN4nnet24compute_output_buffer_2dINS_5arrayI8ap_fixedILi16ELi2EL9ap_q_mode5EL9_16, i16 %p_ZZN4nnet24compute_output_buffer_2dINS_5arrayI8ap_fixedILi16ELi2EL9ap_q_mode5EL9_6, i16 %void_compute_output_buffer_2d_array_const_ap_shift_reg_n_chan_stream_weig_5, i16 %p_ZZN4nnet24compute_output_buffer_2dINS_5arrayI8ap_fixedILi16ELi2EL9ap_q_mode5EL9_25, i16 %p_ZZN4nnet24compute_output_buffer_2dINS_5arrayI8ap_fixedILi16ELi2EL9ap_q_mode5EL9_15, i16 %p_ZZN4nnet24compute_output_buffer_2dINS_5arrayI8ap_fixedILi16ELi2EL9ap_q_mode5EL9_5, i16 %void_compute_output_buffer_2d_array_const_ap_shift_reg_n_chan_stream_weig_4, i16 %p_ZZN4nnet24compute_output_buffer_2dINS_5arrayI8ap_fixedILi16ELi2EL9ap_q_mode5EL9_24, i16 %p_ZZN4nnet24compute_output_buffer_2dINS_5arrayI8ap_fixedILi16ELi2EL9ap_q_mode5EL9_14, i16 %p_ZZN4nnet24compute_output_buffer_2dINS_5arrayI8ap_fixedILi16ELi2EL9ap_q_mode5EL9_4, i16 %void_compute_output_buffer_2d_array_const_ap_shift_reg_n_chan_stream_weig_3, i16 %p_ZZN4nnet24compute_output_buffer_2dINS_5arrayI8ap_fixedILi16ELi2EL9ap_q_mode5EL9_23, i16 %p_ZZN4nnet24compute_output_buffer_2dINS_5arrayI8ap_fixedILi16ELi2EL9ap_q_mode5EL9_13, i16 %p_ZZN4nnet24compute_output_buffer_2dINS_5arrayI8ap_fixedILi16ELi2EL9ap_q_mode5EL9_3, i16 %void_compute_output_buffer_2d_array_const_ap_shift_reg_n_chan_stream_weig_2, i16 %p_ZZN4nnet24compute_output_buffer_2dINS_5arrayI8ap_fixedILi16ELi2EL9ap_q_mode5EL9_22, i16 %p_ZZN4nnet24compute_output_buffer_2dINS_5arrayI8ap_fixedILi16ELi2EL9ap_q_mode5EL9_12, i16 %p_ZZN4nnet24compute_output_buffer_2dINS_5arrayI8ap_fixedILi16ELi2EL9ap_q_mode5EL9_2, i16 %void_compute_output_buffer_2d_array_const_ap_shift_reg_n_chan_stream_weig_1, i16 %p_ZZN4nnet24compute_output_buffer_2dINS_5arrayI8ap_fixedILi16ELi2EL9ap_q_mode5EL9_21, i16 %p_ZZN4nnet24compute_output_buffer_2dINS_5arrayI8ap_fixedILi16ELi2EL9ap_q_mode5EL9_11, i16 %p_ZZN4nnet24compute_output_buffer_2dINS_5arrayI8ap_fixedILi16ELi2EL9ap_q_mode5EL9_1, i16 %void_compute_output_buffer_2d_array_const_ap_shift_reg_n_chan_stream_weig, i16 %p_ZZN4nnet24compute_output_buffer_2dINS_5arrayI8ap_fixedILi16ELi2EL9ap_q_mode5EL9_20, i16 %p_ZZN4nnet24compute_output_buffer_2dINS_5arrayI8ap_fixedILi16ELi2EL9ap_q_mode5EL9_10, i16 %p_ZZN4nnet24compute_output_buffer_2dINS_5arrayI8ap_fixedILi16ELi2EL9ap_q_mode5EL9, i16 %void_conv_2d_buffer_latency_cl_stream_stream_weight_t_bias_t_line_buffer_2, i16 %void_conv_2d_buffer_latency_cl_stream_stream_weight_t_bias_t_line_buffer_1, i16 %void_conv_2d_buffer_latency_cl_stream_stream_weight_t_bias_t_line_buffer, i32 %sX, i32 %sY, i32 %pY, i32 %pX" [firmware/nnet_utils/nnet_conv2d_stream.h:31->firmware/nnet_utils/nnet_conv2d_stream.h:75]   --->   Operation 31 'call' 'call_ln31' <Predicate = true> <Delay = 0.00> <CoreType = "Generic">   --->   Core 0 '' <Latency = 0> <II = 1> <Delay = 1.00> <Generic> <Opcode : >
ST_8 : Operation 32 [1/1] (0.00ns)   --->   "%br_ln26 = br void %for.body12.i" [firmware/nnet_utils/nnet_conv2d_stream.h:26->firmware/nnet_utils/nnet_conv2d_stream.h:75]   --->   Operation 32 'br' 'br_ln26' <Predicate = true> <Delay = 0.00>


============================================================
+ Verbose Summary: Timing violations
============================================================
Target clock period: 5.000ns, clock uncertainty: 0.625ns.

 <State 1>: 1.652ns
The critical path consists of the following:
	'store' operation 0 bit ('store_ln0') of constant 0 on local variable 'indvar_flatten' [53]  (0.427 ns)
	'load' operation 11 bit ('indvar_flatten_load', firmware/nnet_utils/nnet_conv2d_stream.h:24->firmware/nnet_utils/nnet_conv2d_stream.h:75) on local variable 'indvar_flatten' [56]  (0.000 ns)
	'add' operation 11 bit ('add_ln24', firmware/nnet_utils/nnet_conv2d_stream.h:24->firmware/nnet_utils/nnet_conv2d_stream.h:75) [58]  (0.798 ns)
	'store' operation 0 bit ('store_ln24', firmware/nnet_utils/nnet_conv2d_stream.h:24->firmware/nnet_utils/nnet_conv2d_stream.h:75) of variable 'add_ln24', firmware/nnet_utils/nnet_conv2d_stream.h:24->firmware/nnet_utils/nnet_conv2d_stream.h:75 on local variable 'indvar_flatten' [66]  (0.427 ns)

 <State 2>: 1.000ns
The critical path consists of the following:
	axis read operation ('input_1_read', firmware/nnet_utils/nnet_conv2d_stream.h:31->firmware/nnet_utils/nnet_conv2d_stream.h:75) on port 'input_1' (firmware/nnet_utils/nnet_conv2d_stream.h:31->firmware/nnet_utils/nnet_conv2d_stream.h:75) [64]  (1.000 ns)

 <State 3>: 0.000ns
The critical path consists of the following:

 <State 4>: 0.000ns
The critical path consists of the following:

 <State 5>: 0.000ns
The critical path consists of the following:

 <State 6>: 0.000ns
The critical path consists of the following:

 <State 7>: 0.000ns
The critical path consists of the following:

 <State 8>: 0.000ns
The critical path consists of the following:


============================================================
+ Verbose Summary: Binding
============================================================
N/A
* FSMD analyzer results:
  - Output states:
 - Input state : 
  - Chain level:
	State 1
	State 2
	State 3
	State 4
	State 5
	State 6
	State 7
	State 8


============================================================
+ Verbose Summary: Datapath Resource usage 
============================================================
N/A
