/home/albertu/Works/hls_cnn_2d_100s/hls_cnn_2d_100s_prj/solution1/.autopilot/db/hls_cnn_2d_100s.pp.0.cpp:28371:7: warning: Added loop label VITIS_LOOP_1207_1:   [xilinx-label-all-loops]
      for (i = 0; i < __N - 1; ++i) {
      ^~~
      VITIS_LOOP_1207_1: 
/home/albertu/Works/hls_cnn_2d_100s/hls_cnn_2d_100s_prj/solution1/.autopilot/db/hls_cnn_2d_100s.pp.0.cpp:28371:7: note: FIX-IT applied suggested code changes
/home/albertu/Works/hls_cnn_2d_100s/hls_cnn_2d_100s_prj/solution1/.autopilot/db/hls_cnn_2d_100s.pp.0.cpp:29345:5: warning: Added loop label VITIS_LOOP_676_1:   [xilinx-label-all-loops]
    for (unsigned i = low; i != high; ++i) {
    ^~~
    VITIS_LOOP_676_1: 
/home/albertu/Works/hls_cnn_2d_100s/hls_cnn_2d_100s_prj/solution1/.autopilot/db/hls_cnn_2d_100s.pp.0.cpp:29345:5: note: FIX-IT applied suggested code changes
/home/albertu/Works/hls_cnn_2d_100s/hls_cnn_2d_100s_prj/solution1/.autopilot/db/hls_cnn_2d_100s.pp.0.cpp:29359:5: warning: Added loop label VITIS_LOOP_690_1:   [xilinx-label-all-loops]
    for (unsigned i = low; i != high; ++i) {
    ^~~
    VITIS_LOOP_690_1: 
/home/albertu/Works/hls_cnn_2d_100s/hls_cnn_2d_100s_prj/solution1/.autopilot/db/hls_cnn_2d_100s.pp.0.cpp:29359:5: note: FIX-IT applied suggested code changes
/home/albertu/Works/hls_cnn_2d_100s/hls_cnn_2d_100s_prj/solution1/.autopilot/db/hls_cnn_2d_100s.pp.0.cpp:29373:5: warning: Added loop label VITIS_LOOP_704_1:   [xilinx-label-all-loops]
    for (unsigned i = low; i != high; ++i) {
    ^~~
    VITIS_LOOP_704_1: 
/home/albertu/Works/hls_cnn_2d_100s/hls_cnn_2d_100s_prj/solution1/.autopilot/db/hls_cnn_2d_100s.pp.0.cpp:29373:5: note: FIX-IT applied suggested code changes
/home/albertu/Works/hls_cnn_2d_100s/hls_cnn_2d_100s_prj/solution1/.autopilot/db/hls_cnn_2d_100s.pp.0.cpp:30990:7: warning: Added loop label VITIS_LOOP_1247_1:   [xilinx-label-all-loops]
      for (i = 0; i < __N - 1; ++i) {
      ^~~
      VITIS_LOOP_1247_1: 
/home/albertu/Works/hls_cnn_2d_100s/hls_cnn_2d_100s_prj/solution1/.autopilot/db/hls_cnn_2d_100s.pp.0.cpp:30990:7: note: FIX-IT applied suggested code changes
/home/albertu/Works/hls_cnn_2d_100s/hls_cnn_2d_100s_prj/solution1/.autopilot/db/hls_cnn_2d_100s.pp.0.cpp:32973:9: warning: Added loop label VITIS_LOOP_27_1:   [xilinx-label-all-loops]
        for (unsigned i = 0; i < N; i++) {
        ^~~
        VITIS_LOOP_27_1: 
/home/albertu/Works/hls_cnn_2d_100s/hls_cnn_2d_100s_prj/solution1/.autopilot/db/hls_cnn_2d_100s.pp.0.cpp:32973:9: note: FIX-IT applied suggested code changes
/home/albertu/Works/hls_cnn_2d_100s/hls_cnn_2d_100s_prj/solution1/.autopilot/db/hls_cnn_2d_100s.pp.0.cpp:32986:9: warning: Added loop label VITIS_LOOP_40_1:   [xilinx-label-all-loops]
        for (size_t i = 0; i < N; i++) {
        ^~~
        VITIS_LOOP_40_1: 
/home/albertu/Works/hls_cnn_2d_100s/hls_cnn_2d_100s_prj/solution1/.autopilot/db/hls_cnn_2d_100s.pp.0.cpp:32986:9: note: FIX-IT applied suggested code changes
/home/albertu/Works/hls_cnn_2d_100s/hls_cnn_2d_100s_prj/solution1/.autopilot/db/hls_cnn_2d_100s.pp.0.cpp:56164:5: warning: Added loop label VITIS_LOOP_265_1:   [xilinx-label-all-loops]
    for (typename std::vector<src_T>::const_iterator i = in_begin; i != in_end; ++i) {
    ^~~
    VITIS_LOOP_265_1: 
/home/albertu/Works/hls_cnn_2d_100s/hls_cnn_2d_100s_prj/solution1/.autopilot/db/hls_cnn_2d_100s.pp.0.cpp:56164:5: note: FIX-IT applied suggested code changes
/home/albertu/Works/hls_cnn_2d_100s/hls_cnn_2d_100s_prj/solution1/.autopilot/db/hls_cnn_2d_100s.pp.0.cpp:56174:5: warning: Added loop label VITIS_LOOP_275_1:   [xilinx-label-all-loops]
    for (auto i = 0; i < SIZE; i++)
    ^~~
    VITIS_LOOP_275_1: 
/home/albertu/Works/hls_cnn_2d_100s/hls_cnn_2d_100s_prj/solution1/.autopilot/db/hls_cnn_2d_100s.pp.0.cpp:56174:5: note: FIX-IT applied suggested code changes
/home/albertu/Works/hls_cnn_2d_100s/hls_cnn_2d_100s_prj/solution1/.autopilot/db/hls_cnn_2d_100s.pp.0.cpp:56185:5: warning: Added loop label VITIS_LOOP_286_1:   [xilinx-label-all-loops]
    for (int i = 0; i < SIZE; i++) {
    ^~~
    VITIS_LOOP_286_1: 
/home/albertu/Works/hls_cnn_2d_100s/hls_cnn_2d_100s_prj/solution1/.autopilot/db/hls_cnn_2d_100s.pp.0.cpp:56185:5: note: FIX-IT applied suggested code changes
/home/albertu/Works/hls_cnn_2d_100s/hls_cnn_2d_100s_prj/solution1/.autopilot/db/hls_cnn_2d_100s.pp.0.cpp:56192:5: warning: Added loop label VITIS_LOOP_293_1:   [xilinx-label-all-loops]
    for (int i = 0; i < SIZE / res_T::size; i++) {
    ^~~
    VITIS_LOOP_293_1: 
/home/albertu/Works/hls_cnn_2d_100s/hls_cnn_2d_100s_prj/solution1/.autopilot/db/hls_cnn_2d_100s.pp.0.cpp:56192:5: note: FIX-IT applied suggested code changes
/home/albertu/Works/hls_cnn_2d_100s/hls_cnn_2d_100s_prj/solution1/.autopilot/db/hls_cnn_2d_100s.pp.0.cpp:56194:9: warning: Added loop label VITIS_LOOP_295_2:   [xilinx-label-all-loops]
        for (int j = 0; j < res_T::size; j++) {
        ^~~
        VITIS_LOOP_295_2: 
/home/albertu/Works/hls_cnn_2d_100s/hls_cnn_2d_100s_prj/solution1/.autopilot/db/hls_cnn_2d_100s.pp.0.cpp:56194:9: note: FIX-IT applied suggested code changes
/home/albertu/Works/hls_cnn_2d_100s/hls_cnn_2d_100s_prj/solution1/.autopilot/db/hls_cnn_2d_100s.pp.0.cpp:56206:5: warning: Added loop label VITIS_LOOP_307_1:   [xilinx-label-all-loops]
    for (int i = 0; i < SIZE / data_T::size; i++) {
    ^~~
    VITIS_LOOP_307_1: 
/home/albertu/Works/hls_cnn_2d_100s/hls_cnn_2d_100s_prj/solution1/.autopilot/db/hls_cnn_2d_100s.pp.0.cpp:56206:5: note: FIX-IT applied suggested code changes
/home/albertu/Works/hls_cnn_2d_100s/hls_cnn_2d_100s_prj/solution1/.autopilot/db/hls_cnn_2d_100s.pp.0.cpp:56208:9: warning: Added loop label VITIS_LOOP_309_2:   [xilinx-label-all-loops]
        for (int j = 0; j < data_T::size; j++) {
        ^~~
        VITIS_LOOP_309_2: 
/home/albertu/Works/hls_cnn_2d_100s/hls_cnn_2d_100s_prj/solution1/.autopilot/db/hls_cnn_2d_100s.pp.0.cpp:56208:9: note: FIX-IT applied suggested code changes
/home/albertu/Works/hls_cnn_2d_100s/hls_cnn_2d_100s_prj/solution1/.autopilot/db/hls_cnn_2d_100s.pp.0.cpp:56223:5: warning: Added loop label VITIS_LOOP_324_1:   [xilinx-label-all-loops]
    for (int ii = 0; ii < nrows; ii++) {
    ^~~
    VITIS_LOOP_324_1: 
/home/albertu/Works/hls_cnn_2d_100s/hls_cnn_2d_100s_prj/solution1/.autopilot/db/hls_cnn_2d_100s.pp.0.cpp:56223:5: note: FIX-IT applied suggested code changes
/home/albertu/Works/hls_cnn_2d_100s/hls_cnn_2d_100s_prj/solution1/.autopilot/db/hls_cnn_2d_100s.pp.0.cpp:56243:5: warning: Added loop label VITIS_LOOP_344_1:   [xilinx-label-all-loops]
    for (int ii = 0; ii < nrows; ii++) {
    ^~~
    VITIS_LOOP_344_1: 
/home/albertu/Works/hls_cnn_2d_100s/hls_cnn_2d_100s_prj/solution1/.autopilot/db/hls_cnn_2d_100s.pp.0.cpp:56243:5: note: FIX-IT applied suggested code changes
/home/albertu/Works/hls_cnn_2d_100s/hls_cnn_2d_100s_prj/solution1/.autopilot/db/hls_cnn_2d_100s.pp.0.cpp:56244:9: warning: Added loop label VITIS_LOOP_345_2:   [xilinx-label-all-loops]
        for (int jj = 0; jj < ncols; jj++) {
        ^~~
        VITIS_LOOP_345_2: 
/home/albertu/Works/hls_cnn_2d_100s/hls_cnn_2d_100s_prj/solution1/.autopilot/db/hls_cnn_2d_100s.pp.0.cpp:56244:9: note: FIX-IT applied suggested code changes
/home/albertu/Works/hls_cnn_2d_100s/hls_cnn_2d_100s_prj/solution1/.autopilot/db/hls_cnn_2d_100s.pp.0.cpp:56259:5: warning: Added loop label VITIS_LOOP_360_1:   [xilinx-label-all-loops]
    for (int ii = 0; ii < N_IN; ii++) {
    ^~~
    VITIS_LOOP_360_1: 
/home/albertu/Works/hls_cnn_2d_100s/hls_cnn_2d_100s_prj/solution1/.autopilot/db/hls_cnn_2d_100s.pp.0.cpp:56259:5: note: FIX-IT applied suggested code changes
/home/albertu/Works/hls_cnn_2d_100s/hls_cnn_2d_100s_prj/solution1/.autopilot/db/hls_cnn_2d_100s.pp.0.cpp:56266:5: warning: Added loop label VITIS_LOOP_367_1:   [xilinx-label-all-loops]
    for (int ii = 0; ii < N_IN; ii++) {
    ^~~
    VITIS_LOOP_367_1: 
/home/albertu/Works/hls_cnn_2d_100s/hls_cnn_2d_100s_prj/solution1/.autopilot/db/hls_cnn_2d_100s.pp.0.cpp:56266:5: note: FIX-IT applied suggested code changes
/home/albertu/Works/hls_cnn_2d_100s/hls_cnn_2d_100s_prj/solution1/.autopilot/db/hls_cnn_2d_100s.pp.0.cpp:56389:2: warning: Added loop label VITIS_LOOP_31_1:   [xilinx-label-all-loops]
 for (int ii = 0; ii < CONFIG_T::n_in; ii++) {
 ^~~
 VITIS_LOOP_31_1: 
/home/albertu/Works/hls_cnn_2d_100s/hls_cnn_2d_100s_prj/solution1/.autopilot/db/hls_cnn_2d_100s.pp.0.cpp:56389:2: note: FIX-IT applied suggested code changes
/home/albertu/Works/hls_cnn_2d_100s/hls_cnn_2d_100s_prj/solution1/.autopilot/db/hls_cnn_2d_100s.pp.0.cpp:56401:5: warning: Added loop label VITIS_LOOP_43_1:   [xilinx-label-all-loops]
    for (int ii = 0; ii < CONFIG_T::n_in; ii++) {
    ^~~
    VITIS_LOOP_43_1: 
/home/albertu/Works/hls_cnn_2d_100s/hls_cnn_2d_100s_prj/solution1/.autopilot/db/hls_cnn_2d_100s.pp.0.cpp:56401:5: note: FIX-IT applied suggested code changes
/home/albertu/Works/hls_cnn_2d_100s/hls_cnn_2d_100s_prj/solution1/.autopilot/db/hls_cnn_2d_100s.pp.0.cpp:56415:5: warning: Added loop label VITIS_LOOP_57_1:   [xilinx-label-all-loops]
    for (int ii = 0; ii < CONFIG_T::n_in; ii++) {
    ^~~
    VITIS_LOOP_57_1: 
/home/albertu/Works/hls_cnn_2d_100s/hls_cnn_2d_100s_prj/solution1/.autopilot/db/hls_cnn_2d_100s.pp.0.cpp:56415:5: note: FIX-IT applied suggested code changes
/home/albertu/Works/hls_cnn_2d_100s/hls_cnn_2d_100s_prj/solution1/.autopilot/db/hls_cnn_2d_100s.pp.0.cpp:56442:5: warning: Added loop label VITIS_LOOP_84_1:   [xilinx-label-all-loops]
    for (int ii = 0; ii < N_TABLE; ii++) {
    ^~~
    VITIS_LOOP_84_1: 
/home/albertu/Works/hls_cnn_2d_100s/hls_cnn_2d_100s_prj/solution1/.autopilot/db/hls_cnn_2d_100s.pp.0.cpp:56442:5: note: FIX-IT applied suggested code changes
/home/albertu/Works/hls_cnn_2d_100s/hls_cnn_2d_100s_prj/solution1/.autopilot/db/hls_cnn_2d_100s.pp.0.cpp:56472:5: warning: Added loop label VITIS_LOOP_114_1:   [xilinx-label-all-loops]
    for (int ii = 0; ii < CONFIG_T::n_in; ii++) {
    ^~~
    VITIS_LOOP_114_1: 
/home/albertu/Works/hls_cnn_2d_100s/hls_cnn_2d_100s_prj/solution1/.autopilot/db/hls_cnn_2d_100s.pp.0.cpp:56472:5: note: FIX-IT applied suggested code changes
/home/albertu/Works/hls_cnn_2d_100s/hls_cnn_2d_100s_prj/solution1/.autopilot/db/hls_cnn_2d_100s.pp.0.cpp:56509:5: warning: Added loop label VITIS_LOOP_151_1:   [xilinx-label-all-loops]
    for (unsigned i = 0; i < CONFIG_T::table_size; i++) {
    ^~~
    VITIS_LOOP_151_1: 
/home/albertu/Works/hls_cnn_2d_100s/hls_cnn_2d_100s_prj/solution1/.autopilot/db/hls_cnn_2d_100s.pp.0.cpp:56509:5: note: FIX-IT applied suggested code changes
/home/albertu/Works/hls_cnn_2d_100s/hls_cnn_2d_100s_prj/solution1/.autopilot/db/hls_cnn_2d_100s.pp.0.cpp:56520:5: warning: Added loop label VITIS_LOOP_162_1:   [xilinx-label-all-loops]
    for (unsigned i = 0; i < CONFIG_T::table_size; i++) {
    ^~~
    VITIS_LOOP_162_1: 
/home/albertu/Works/hls_cnn_2d_100s/hls_cnn_2d_100s_prj/solution1/.autopilot/db/hls_cnn_2d_100s.pp.0.cpp:56520:5: note: FIX-IT applied suggested code changes
/home/albertu/Works/hls_cnn_2d_100s/hls_cnn_2d_100s_prj/solution1/.autopilot/db/hls_cnn_2d_100s.pp.0.cpp:56553:5: warning: Added loop label VITIS_LOOP_195_1:   [xilinx-label-all-loops]
    for (unsigned i = 0; i < CONFIG_T::n_in; i++) {
    ^~~
    VITIS_LOOP_195_1: 
/home/albertu/Works/hls_cnn_2d_100s/hls_cnn_2d_100s_prj/solution1/.autopilot/db/hls_cnn_2d_100s.pp.0.cpp:56553:5: note: FIX-IT applied suggested code changes
/home/albertu/Works/hls_cnn_2d_100s/hls_cnn_2d_100s_prj/solution1/.autopilot/db/hls_cnn_2d_100s.pp.0.cpp:56567:5: warning: Added loop label VITIS_LOOP_209_2:   [xilinx-label-all-loops]
    for (unsigned i = 0; i < CONFIG_T::n_in; i++) {
    ^~~
    VITIS_LOOP_209_2: 
/home/albertu/Works/hls_cnn_2d_100s/hls_cnn_2d_100s_prj/solution1/.autopilot/db/hls_cnn_2d_100s.pp.0.cpp:56567:5: note: FIX-IT applied suggested code changes
/home/albertu/Works/hls_cnn_2d_100s/hls_cnn_2d_100s_prj/solution1/.autopilot/db/hls_cnn_2d_100s.pp.0.cpp:56601:5: warning: Added loop label VITIS_LOOP_243_1:   [xilinx-label-all-loops]
    for (unsigned i = 0; i < CONFIG_T::n_in; i++) {
    ^~~
    VITIS_LOOP_243_1: 
/home/albertu/Works/hls_cnn_2d_100s/hls_cnn_2d_100s_prj/solution1/.autopilot/db/hls_cnn_2d_100s.pp.0.cpp:56601:5: note: FIX-IT applied suggested code changes
/home/albertu/Works/hls_cnn_2d_100s/hls_cnn_2d_100s_prj/solution1/.autopilot/db/hls_cnn_2d_100s.pp.0.cpp:56610:5: warning: Added loop label VITIS_LOOP_252_2:   [xilinx-label-all-loops]
    for (unsigned i = 0; i < CONFIG_T::n_in; i++) {
    ^~~
    VITIS_LOOP_252_2: 
/home/albertu/Works/hls_cnn_2d_100s/hls_cnn_2d_100s_prj/solution1/.autopilot/db/hls_cnn_2d_100s.pp.0.cpp:56610:5: note: FIX-IT applied suggested code changes
/home/albertu/Works/hls_cnn_2d_100s/hls_cnn_2d_100s_prj/solution1/.autopilot/db/hls_cnn_2d_100s.pp.0.cpp:56624:5: warning: Added loop label VITIS_LOOP_266_3:   [xilinx-label-all-loops]
    for (unsigned i = 0; i < CONFIG_T::n_in; i++) {
    ^~~
    VITIS_LOOP_266_3: 
/home/albertu/Works/hls_cnn_2d_100s/hls_cnn_2d_100s_prj/solution1/.autopilot/db/hls_cnn_2d_100s.pp.0.cpp:56624:5: note: FIX-IT applied suggested code changes
/home/albertu/Works/hls_cnn_2d_100s/hls_cnn_2d_100s_prj/solution1/.autopilot/db/hls_cnn_2d_100s.pp.0.cpp:56631:5: warning: Added loop label VITIS_LOOP_273_1:   [xilinx-label-all-loops]
    for (int ii = 0; ii < N_TABLE; ii++) {
    ^~~
    VITIS_LOOP_273_1: 
/home/albertu/Works/hls_cnn_2d_100s/hls_cnn_2d_100s_prj/solution1/.autopilot/db/hls_cnn_2d_100s.pp.0.cpp:56631:5: note: FIX-IT applied suggested code changes
/home/albertu/Works/hls_cnn_2d_100s/hls_cnn_2d_100s_prj/solution1/.autopilot/db/hls_cnn_2d_100s.pp.0.cpp:56644:5: warning: Added loop label VITIS_LOOP_286_1:   [xilinx-label-all-loops]
    for (int ii = 0; ii < N_TABLE; ii++) {
    ^~~
    VITIS_LOOP_286_1: 
/home/albertu/Works/hls_cnn_2d_100s/hls_cnn_2d_100s_prj/solution1/.autopilot/db/hls_cnn_2d_100s.pp.0.cpp:56644:5: note: FIX-IT applied suggested code changes
/home/albertu/Works/hls_cnn_2d_100s/hls_cnn_2d_100s_prj/solution1/.autopilot/db/hls_cnn_2d_100s.pp.0.cpp:56681:5: warning: Added loop label VITIS_LOOP_323_1:   [xilinx-label-all-loops]
    for (int ii = 0; ii < CONFIG_T::n_in; ii++) {
    ^~~
    VITIS_LOOP_323_1: 
/home/albertu/Works/hls_cnn_2d_100s/hls_cnn_2d_100s_prj/solution1/.autopilot/db/hls_cnn_2d_100s.pp.0.cpp:56681:5: note: FIX-IT applied suggested code changes
/home/albertu/Works/hls_cnn_2d_100s/hls_cnn_2d_100s_prj/solution1/.autopilot/db/hls_cnn_2d_100s.pp.0.cpp:56686:5: warning: Added loop label VITIS_LOOP_328_2:   [xilinx-label-all-loops]
    for (int ii = 0; ii < CONFIG_T::n_in; ii++) {
    ^~~
    VITIS_LOOP_328_2: 
/home/albertu/Works/hls_cnn_2d_100s/hls_cnn_2d_100s_prj/solution1/.autopilot/db/hls_cnn_2d_100s.pp.0.cpp:56686:5: note: FIX-IT applied suggested code changes
/home/albertu/Works/hls_cnn_2d_100s/hls_cnn_2d_100s_prj/solution1/.autopilot/db/hls_cnn_2d_100s.pp.0.cpp:56687:9: warning: Added loop label VITIS_LOOP_329_3:   [xilinx-label-all-loops]
        for (int jj = 0; jj < CONFIG_T::n_in; jj++) {
        ^~~
        VITIS_LOOP_329_3: 
/home/albertu/Works/hls_cnn_2d_100s/hls_cnn_2d_100s_prj/solution1/.autopilot/db/hls_cnn_2d_100s.pp.0.cpp:56687:9: note: FIX-IT applied suggested code changes
/home/albertu/Works/hls_cnn_2d_100s/hls_cnn_2d_100s_prj/solution1/.autopilot/db/hls_cnn_2d_100s.pp.0.cpp:56704:5: warning: Added loop label VITIS_LOOP_346_4:   [xilinx-label-all-loops]
    for (int ii = 0; ii < CONFIG_T::n_in; ii++) {
    ^~~
    VITIS_LOOP_346_4: 
/home/albertu/Works/hls_cnn_2d_100s/hls_cnn_2d_100s_prj/solution1/.autopilot/db/hls_cnn_2d_100s.pp.0.cpp:56704:5: note: FIX-IT applied suggested code changes
/home/albertu/Works/hls_cnn_2d_100s/hls_cnn_2d_100s_prj/solution1/.autopilot/db/hls_cnn_2d_100s.pp.0.cpp:56717:5: warning: Added loop label VITIS_LOOP_359_1:   [xilinx-label-all-loops]
    for (int i = 0; i < CONFIG_T::n_in; i++) {
    ^~~
    VITIS_LOOP_359_1: 
/home/albertu/Works/hls_cnn_2d_100s/hls_cnn_2d_100s_prj/solution1/.autopilot/db/hls_cnn_2d_100s.pp.0.cpp:56717:5: note: FIX-IT applied suggested code changes
/home/albertu/Works/hls_cnn_2d_100s/hls_cnn_2d_100s_prj/solution1/.autopilot/db/hls_cnn_2d_100s.pp.0.cpp:56725:5: warning: Added loop label VITIS_LOOP_367_2:   [xilinx-label-all-loops]
    for (int i = 1; i < CONFIG_T::n_in; i++) {
    ^~~
    VITIS_LOOP_367_2: 
/home/albertu/Works/hls_cnn_2d_100s/hls_cnn_2d_100s_prj/solution1/.autopilot/db/hls_cnn_2d_100s.pp.0.cpp:56725:5: note: FIX-IT applied suggested code changes
/home/albertu/Works/hls_cnn_2d_100s/hls_cnn_2d_100s_prj/solution1/.autopilot/db/hls_cnn_2d_100s.pp.0.cpp:56760:5: warning: Added loop label VITIS_LOOP_402_1:   [xilinx-label-all-loops]
    for (int ii = 0; ii < N_TABLE; ii++) {
    ^~~
    VITIS_LOOP_402_1: 
/home/albertu/Works/hls_cnn_2d_100s/hls_cnn_2d_100s_prj/solution1/.autopilot/db/hls_cnn_2d_100s.pp.0.cpp:56760:5: note: FIX-IT applied suggested code changes
/home/albertu/Works/hls_cnn_2d_100s/hls_cnn_2d_100s_prj/solution1/.autopilot/db/hls_cnn_2d_100s.pp.0.cpp:56790:5: warning: Added loop label VITIS_LOOP_432_1:   [xilinx-label-all-loops]
    for (int ii = 0; ii < CONFIG_T::n_in; ii++) {
    ^~~
    VITIS_LOOP_432_1: 
/home/albertu/Works/hls_cnn_2d_100s/hls_cnn_2d_100s_prj/solution1/.autopilot/db/hls_cnn_2d_100s.pp.0.cpp:56790:5: note: FIX-IT applied suggested code changes
/home/albertu/Works/hls_cnn_2d_100s/hls_cnn_2d_100s_prj/solution1/.autopilot/db/hls_cnn_2d_100s.pp.0.cpp:56809:2: warning: Added loop label VITIS_LOOP_451_1:   [xilinx-label-all-loops]
 for (int ii = 0; ii < CONFIG_T::n_in; ii++) {
 ^~~
 VITIS_LOOP_451_1: 
/home/albertu/Works/hls_cnn_2d_100s/hls_cnn_2d_100s_prj/solution1/.autopilot/db/hls_cnn_2d_100s.pp.0.cpp:56809:2: note: FIX-IT applied suggested code changes
/home/albertu/Works/hls_cnn_2d_100s/hls_cnn_2d_100s_prj/solution1/.autopilot/db/hls_cnn_2d_100s.pp.0.cpp:56825:5: warning: Added loop label VITIS_LOOP_467_1:   [xilinx-label-all-loops]
    for (int ii = 0; ii < CONFIG_T::n_in; ii++) {
    ^~~
    VITIS_LOOP_467_1: 
/home/albertu/Works/hls_cnn_2d_100s/hls_cnn_2d_100s_prj/solution1/.autopilot/db/hls_cnn_2d_100s.pp.0.cpp:56825:5: note: FIX-IT applied suggested code changes
/home/albertu/Works/hls_cnn_2d_100s/hls_cnn_2d_100s_prj/solution1/.autopilot/db/hls_cnn_2d_100s.pp.0.cpp:56843:5: warning: Added loop label VITIS_LOOP_485_1:   [xilinx-label-all-loops]
    for (int ii = 0; ii < CONFIG_T::n_in; ii++) {
    ^~~
    VITIS_LOOP_485_1: 
/home/albertu/Works/hls_cnn_2d_100s/hls_cnn_2d_100s_prj/solution1/.autopilot/db/hls_cnn_2d_100s.pp.0.cpp:56843:5: note: FIX-IT applied suggested code changes
/home/albertu/Works/hls_cnn_2d_100s/hls_cnn_2d_100s_prj/solution1/.autopilot/db/hls_cnn_2d_100s.pp.0.cpp:56860:5: warning: Added loop label VITIS_LOOP_502_1:   [xilinx-label-all-loops]
    for (int ii = 0; ii < CONFIG_T::n_in; ii++) {
    ^~~
    VITIS_LOOP_502_1: 
/home/albertu/Works/hls_cnn_2d_100s/hls_cnn_2d_100s_prj/solution1/.autopilot/db/hls_cnn_2d_100s.pp.0.cpp:56860:5: note: FIX-IT applied suggested code changes
/home/albertu/Works/hls_cnn_2d_100s/hls_cnn_2d_100s_prj/solution1/.autopilot/db/hls_cnn_2d_100s.pp.0.cpp:56877:5: warning: Added loop label VITIS_LOOP_519_1:   [xilinx-label-all-loops]
    for (int ii = 0; ii < N_TABLE; ii++) {
    ^~~
    VITIS_LOOP_519_1: 
/home/albertu/Works/hls_cnn_2d_100s/hls_cnn_2d_100s_prj/solution1/.autopilot/db/hls_cnn_2d_100s.pp.0.cpp:56877:5: note: FIX-IT applied suggested code changes
/home/albertu/Works/hls_cnn_2d_100s/hls_cnn_2d_100s_prj/solution1/.autopilot/db/hls_cnn_2d_100s.pp.0.cpp:56907:5: warning: Added loop label VITIS_LOOP_549_1:   [xilinx-label-all-loops]
    for (int ii = 0; ii < CONFIG_T::n_in; ii++) {
    ^~~
    VITIS_LOOP_549_1: 
/home/albertu/Works/hls_cnn_2d_100s/hls_cnn_2d_100s_prj/solution1/.autopilot/db/hls_cnn_2d_100s.pp.0.cpp:56907:5: note: FIX-IT applied suggested code changes
/home/albertu/Works/hls_cnn_2d_100s/hls_cnn_2d_100s_prj/solution1/.autopilot/db/hls_cnn_2d_100s.pp.0.cpp:56926:5: warning: Added loop label VITIS_LOOP_568_1:   [xilinx-label-all-loops]
    for (int ii = 0; ii < N_TABLE; ii++) {
    ^~~
    VITIS_LOOP_568_1: 
/home/albertu/Works/hls_cnn_2d_100s/hls_cnn_2d_100s_prj/solution1/.autopilot/db/hls_cnn_2d_100s.pp.0.cpp:56926:5: note: FIX-IT applied suggested code changes
/home/albertu/Works/hls_cnn_2d_100s/hls_cnn_2d_100s_prj/solution1/.autopilot/db/hls_cnn_2d_100s.pp.0.cpp:56956:5: warning: Added loop label VITIS_LOOP_598_1:   [xilinx-label-all-loops]
    for (int ii = 0; ii < CONFIG_T::n_in; ii++) {
    ^~~
    VITIS_LOOP_598_1: 
/home/albertu/Works/hls_cnn_2d_100s/hls_cnn_2d_100s_prj/solution1/.autopilot/db/hls_cnn_2d_100s.pp.0.cpp:56956:5: note: FIX-IT applied suggested code changes
/home/albertu/Works/hls_cnn_2d_100s/hls_cnn_2d_100s_prj/solution1/.autopilot/db/hls_cnn_2d_100s.pp.0.cpp:56975:5: warning: Added loop label VITIS_LOOP_617_1:   [xilinx-label-all-loops]
    for (int ii = 0; ii < N_TABLE; ii++) {
    ^~~
    VITIS_LOOP_617_1: 
/home/albertu/Works/hls_cnn_2d_100s/hls_cnn_2d_100s_prj/solution1/.autopilot/db/hls_cnn_2d_100s.pp.0.cpp:56975:5: note: FIX-IT applied suggested code changes
/home/albertu/Works/hls_cnn_2d_100s/hls_cnn_2d_100s_prj/solution1/.autopilot/db/hls_cnn_2d_100s.pp.0.cpp:57005:5: warning: Added loop label VITIS_LOOP_647_1:   [xilinx-label-all-loops]
    for (int ii = 0; ii < CONFIG_T::n_in; ii++) {
    ^~~
    VITIS_LOOP_647_1: 
/home/albertu/Works/hls_cnn_2d_100s/hls_cnn_2d_100s_prj/solution1/.autopilot/db/hls_cnn_2d_100s.pp.0.cpp:57005:5: note: FIX-IT applied suggested code changes
/home/albertu/Works/hls_cnn_2d_100s/hls_cnn_2d_100s_prj/solution1/.autopilot/db/hls_cnn_2d_100s.pp.0.cpp:57032:5: warning: Added loop label VITIS_LOOP_674_1:   [xilinx-label-all-loops]
    for (int ii = 0; ii < N_TABLE; ii++) {
    ^~~
    VITIS_LOOP_674_1: 
/home/albertu/Works/hls_cnn_2d_100s/hls_cnn_2d_100s_prj/solution1/.autopilot/db/hls_cnn_2d_100s.pp.0.cpp:57032:5: note: FIX-IT applied suggested code changes
/home/albertu/Works/hls_cnn_2d_100s/hls_cnn_2d_100s_prj/solution1/.autopilot/db/hls_cnn_2d_100s.pp.0.cpp:57061:5: warning: Added loop label VITIS_LOOP_703_1:   [xilinx-label-all-loops]
    for (int ii = 0; ii < CONFIG_T::n_in; ii++) {
    ^~~
    VITIS_LOOP_703_1: 
/home/albertu/Works/hls_cnn_2d_100s/hls_cnn_2d_100s_prj/solution1/.autopilot/db/hls_cnn_2d_100s.pp.0.cpp:57061:5: note: FIX-IT applied suggested code changes
/home/albertu/Works/hls_cnn_2d_100s/hls_cnn_2d_100s_prj/solution1/.autopilot/db/hls_cnn_2d_100s.pp.0.cpp:57082:5: warning: Added loop label VITIS_LOOP_724_1:   [xilinx-label-all-loops]
    for (int ii = 0; ii < CONFIG_T::n_in; ii++) {
    ^~~
    VITIS_LOOP_724_1: 
/home/albertu/Works/hls_cnn_2d_100s/hls_cnn_2d_100s_prj/solution1/.autopilot/db/hls_cnn_2d_100s.pp.0.cpp:57082:5: note: FIX-IT applied suggested code changes
/home/albertu/Works/hls_cnn_2d_100s/hls_cnn_2d_100s_prj/solution1/.autopilot/db/hls_cnn_2d_100s.pp.0.cpp:57100:5: warning: Added loop label VITIS_LOOP_742_1:   [xilinx-label-all-loops]
    for (int ii = 0; ii < CONFIG_T::n_in; ii++) {
    ^~~
    VITIS_LOOP_742_1: 
/home/albertu/Works/hls_cnn_2d_100s/hls_cnn_2d_100s_prj/solution1/.autopilot/db/hls_cnn_2d_100s.pp.0.cpp:57100:5: note: FIX-IT applied suggested code changes
/home/albertu/Works/hls_cnn_2d_100s/hls_cnn_2d_100s_prj/solution1/.autopilot/db/hls_cnn_2d_100s.pp.0.cpp:57120:5: warning: Added loop label VITIS_LOOP_762_1:   [xilinx-label-all-loops]
    for (int ii = 0; ii < CONFIG_T::n_in; ii++) {
    ^~~
    VITIS_LOOP_762_1: 
/home/albertu/Works/hls_cnn_2d_100s/hls_cnn_2d_100s_prj/solution1/.autopilot/db/hls_cnn_2d_100s.pp.0.cpp:57120:5: note: FIX-IT applied suggested code changes
/home/albertu/Works/hls_cnn_2d_100s/hls_cnn_2d_100s_prj/solution1/.autopilot/db/hls_cnn_2d_100s.pp.0.cpp:57216:9: warning: Added loop label VITIS_LOOP_73_1:   [xilinx-label-all-loops]
        for (int i = 0; i < N / data_T::size; i++) {
        ^~~
        VITIS_LOOP_73_1: 
/home/albertu/Works/hls_cnn_2d_100s/hls_cnn_2d_100s_prj/solution1/.autopilot/db/hls_cnn_2d_100s.pp.0.cpp:57216:9: note: FIX-IT applied suggested code changes
/home/albertu/Works/hls_cnn_2d_100s/hls_cnn_2d_100s_prj/solution1/.autopilot/db/hls_cnn_2d_100s.pp.0.cpp:57223:13: warning: Added loop label VITIS_LOOP_80_2:   [xilinx-label-all-loops]
            for (int j = 0; j < data_T::size; j++) {
            ^~~
            VITIS_LOOP_80_2: 
/home/albertu/Works/hls_cnn_2d_100s/hls_cnn_2d_100s_prj/solution1/.autopilot/db/hls_cnn_2d_100s.pp.0.cpp:57223:13: note: FIX-IT applied suggested code changes
/home/albertu/Works/hls_cnn_2d_100s/hls_cnn_2d_100s_prj/solution1/.autopilot/db/hls_cnn_2d_100s.pp.0.cpp:57232:9: warning: Added loop label VITIS_LOOP_89_3:   [xilinx-label-all-loops]
        for (int i = 0; i < N / data_T::size; i++) {
        ^~~
        VITIS_LOOP_89_3: 
/home/albertu/Works/hls_cnn_2d_100s/hls_cnn_2d_100s_prj/solution1/.autopilot/db/hls_cnn_2d_100s.pp.0.cpp:57232:9: note: FIX-IT applied suggested code changes
/home/albertu/Works/hls_cnn_2d_100s/hls_cnn_2d_100s_prj/solution1/.autopilot/db/hls_cnn_2d_100s.pp.0.cpp:57241:13: warning: Added loop label VITIS_LOOP_98_4:   [xilinx-label-all-loops]
            for (int j = 0; j < pack_diff; j++) {
            ^~~
            VITIS_LOOP_98_4: 
/home/albertu/Works/hls_cnn_2d_100s/hls_cnn_2d_100s_prj/solution1/.autopilot/db/hls_cnn_2d_100s.pp.0.cpp:57241:13: note: FIX-IT applied suggested code changes
/home/albertu/Works/hls_cnn_2d_100s/hls_cnn_2d_100s_prj/solution1/.autopilot/db/hls_cnn_2d_100s.pp.0.cpp:57245:17: warning: Added loop label VITIS_LOOP_102_5:   [xilinx-label-all-loops]
                for (int k = 0; k < res_T::size; k++) {
                ^~~
                VITIS_LOOP_102_5: 
/home/albertu/Works/hls_cnn_2d_100s/hls_cnn_2d_100s_prj/solution1/.autopilot/db/hls_cnn_2d_100s.pp.0.cpp:57245:17: note: FIX-IT applied suggested code changes
/home/albertu/Works/hls_cnn_2d_100s/hls_cnn_2d_100s_prj/solution1/.autopilot/db/hls_cnn_2d_100s.pp.0.cpp:57256:9: warning: Added loop label VITIS_LOOP_113_6:   [xilinx-label-all-loops]
        for (int i = 0; i < N / data_T::size; i++) {
        ^~~
        VITIS_LOOP_113_6: 
/home/albertu/Works/hls_cnn_2d_100s/hls_cnn_2d_100s_prj/solution1/.autopilot/db/hls_cnn_2d_100s.pp.0.cpp:57256:9: note: FIX-IT applied suggested code changes
/home/albertu/Works/hls_cnn_2d_100s/hls_cnn_2d_100s_prj/solution1/.autopilot/db/hls_cnn_2d_100s.pp.0.cpp:57260:13: warning: Added loop label VITIS_LOOP_117_7:   [xilinx-label-all-loops]
            for (int j = 0; j < data_T::size; j++) {
            ^~~
            VITIS_LOOP_117_7: 
/home/albertu/Works/hls_cnn_2d_100s/hls_cnn_2d_100s_prj/solution1/.autopilot/db/hls_cnn_2d_100s.pp.0.cpp:57260:13: note: FIX-IT applied suggested code changes
/home/albertu/Works/hls_cnn_2d_100s/hls_cnn_2d_100s_prj/solution1/.autopilot/db/hls_cnn_2d_100s.pp.0.cpp:57284:9: warning: Added loop label VITIS_LOOP_141_1:   [xilinx-label-all-loops]
        for (int j = 0; j < n_dupl; j++) {
        ^~~
        VITIS_LOOP_141_1: 
/home/albertu/Works/hls_cnn_2d_100s/hls_cnn_2d_100s_prj/solution1/.autopilot/db/hls_cnn_2d_100s.pp.0.cpp:57284:9: note: FIX-IT applied suggested code changes
/home/albertu/Works/hls_cnn_2d_100s/hls_cnn_2d_100s_prj/solution1/.autopilot/db/hls_cnn_2d_100s.pp.0.cpp:57288:13: warning: Added loop label VITIS_LOOP_145_2:   [xilinx-label-all-loops]
            for (int k = 0; k < res_T::size; k++) {
            ^~~
            VITIS_LOOP_145_2: 
/home/albertu/Works/hls_cnn_2d_100s/hls_cnn_2d_100s_prj/solution1/.autopilot/db/hls_cnn_2d_100s.pp.0.cpp:57288:13: note: FIX-IT applied suggested code changes
/home/albertu/Works/hls_cnn_2d_100s/hls_cnn_2d_100s_prj/solution1/.autopilot/db/hls_cnn_2d_100s.pp.0.cpp:57307:9: warning: Added loop label VITIS_LOOP_164_1:   [xilinx-label-all-loops]
        for (int k = 0; k < res_T::size; k++) {
        ^~~
        VITIS_LOOP_164_1: 
/home/albertu/Works/hls_cnn_2d_100s/hls_cnn_2d_100s_prj/solution1/.autopilot/db/hls_cnn_2d_100s.pp.0.cpp:57307:9: note: FIX-IT applied suggested code changes
/home/albertu/Works/hls_cnn_2d_100s/hls_cnn_2d_100s_prj/solution1/.autopilot/db/hls_cnn_2d_100s.pp.0.cpp:57330:2: warning: Added loop label VITIS_LOOP_187_1:   [xilinx-label-all-loops]
 for (int i = 0; i < CONFIG_T::height * CONFIG_T::width / data_T::size; i++) {
 ^~~
 VITIS_LOOP_187_1: 
/home/albertu/Works/hls_cnn_2d_100s/hls_cnn_2d_100s_prj/solution1/.autopilot/db/hls_cnn_2d_100s.pp.0.cpp:57330:2: note: FIX-IT applied suggested code changes
/home/albertu/Works/hls_cnn_2d_100s/hls_cnn_2d_100s_prj/solution1/.autopilot/db/hls_cnn_2d_100s.pp.0.cpp:57333:9: warning: Added loop label VITIS_LOOP_190_2:   [xilinx-label-all-loops]
        for (int j = 0; j < data_T::size; j++) {
        ^~~
        VITIS_LOOP_190_2: 
/home/albertu/Works/hls_cnn_2d_100s/hls_cnn_2d_100s_prj/solution1/.autopilot/db/hls_cnn_2d_100s.pp.0.cpp:57333:9: note: FIX-IT applied suggested code changes
/home/albertu/Works/hls_cnn_2d_100s/hls_cnn_2d_100s_prj/solution1/.autopilot/db/hls_cnn_2d_100s.pp.0.cpp:57338:5: warning: Added loop label VITIS_LOOP_195_3:   [xilinx-label-all-loops]
    for (int i = 0; i < CONFIG_T::height * CONFIG_T::width / res_T::size; i++) {
    ^~~
    VITIS_LOOP_195_3: 
/home/albertu/Works/hls_cnn_2d_100s/hls_cnn_2d_100s_prj/solution1/.autopilot/db/hls_cnn_2d_100s.pp.0.cpp:57338:5: note: FIX-IT applied suggested code changes
/home/albertu/Works/hls_cnn_2d_100s/hls_cnn_2d_100s_prj/solution1/.autopilot/db/hls_cnn_2d_100s.pp.0.cpp:57342:9: warning: Added loop label VITIS_LOOP_199_4:   [xilinx-label-all-loops]
        for (int j = 0; j < res_T::size; j++) {
        ^~~
        VITIS_LOOP_199_4: 
/home/albertu/Works/hls_cnn_2d_100s/hls_cnn_2d_100s_prj/solution1/.autopilot/db/hls_cnn_2d_100s.pp.0.cpp:57342:9: note: FIX-IT applied suggested code changes
/home/albertu/Works/hls_cnn_2d_100s/hls_cnn_2d_100s_prj/solution1/.autopilot/db/hls_cnn_2d_100s.pp.0.cpp:57556:9: warning: Added loop label VITIS_LOOP_213_1:   [xilinx-label-all-loops]
        for (unsigned j = 0; j < data_T::size; j++) {
        ^~~
        VITIS_LOOP_213_1: 
/home/albertu/Works/hls_cnn_2d_100s/hls_cnn_2d_100s_prj/solution1/.autopilot/db/hls_cnn_2d_100s.pp.0.cpp:57556:9: note: FIX-IT applied suggested code changes
/home/albertu/Works/hls_cnn_2d_100s/hls_cnn_2d_100s_prj/solution1/.autopilot/db/hls_cnn_2d_100s.pp.0.cpp:57565:9: warning: Added loop label VITIS_LOOP_222_2:   [xilinx-label-all-loops]
        for (unsigned j = 0; j < data_T::size; j++) {
        ^~~
        VITIS_LOOP_222_2: 
/home/albertu/Works/hls_cnn_2d_100s/hls_cnn_2d_100s_prj/solution1/.autopilot/db/hls_cnn_2d_100s.pp.0.cpp:57565:9: note: FIX-IT applied suggested code changes
/home/albertu/Works/hls_cnn_2d_100s/hls_cnn_2d_100s_prj/solution1/.autopilot/db/hls_cnn_2d_100s.pp.0.cpp:57671:5: warning: Added loop label VITIS_LOOP_328_1:   [xilinx-label-all-loops]
    for (int i = 0; i < CONFIG_T::n_in / res_T::size; i++) {
    ^~~
    VITIS_LOOP_328_1: 
/home/albertu/Works/hls_cnn_2d_100s/hls_cnn_2d_100s_prj/solution1/.autopilot/db/hls_cnn_2d_100s.pp.0.cpp:57671:5: note: FIX-IT applied suggested code changes
/home/albertu/Works/hls_cnn_2d_100s/hls_cnn_2d_100s_prj/solution1/.autopilot/db/hls_cnn_2d_100s.pp.0.cpp:57676:9: warning: Added loop label VITIS_LOOP_333_2:   [xilinx-label-all-loops]
        for (int i = 0; i < res_T::size; i++) {
        ^~~
        VITIS_LOOP_333_2: 
/home/albertu/Works/hls_cnn_2d_100s/hls_cnn_2d_100s_prj/solution1/.autopilot/db/hls_cnn_2d_100s.pp.0.cpp:57676:9: note: FIX-IT applied suggested code changes
/home/albertu/Works/hls_cnn_2d_100s/hls_cnn_2d_100s_prj/solution1/.autopilot/db/hls_cnn_2d_100s.pp.0.cpp:57684:9: warning: Added loop label VITIS_LOOP_341_3:   [xilinx-label-all-loops]
        for (int i = 1; i < res_T::size; i++) {
        ^~~
        VITIS_LOOP_341_3: 
/home/albertu/Works/hls_cnn_2d_100s/hls_cnn_2d_100s_prj/solution1/.autopilot/db/hls_cnn_2d_100s.pp.0.cpp:57684:9: note: FIX-IT applied suggested code changes
/home/albertu/Works/hls_cnn_2d_100s/hls_cnn_2d_100s_prj/solution1/.autopilot/db/hls_cnn_2d_100s.pp.0.cpp:58915:9: warning: Added loop label VITIS_LOOP_64_1:   [xilinx-label-all-loops]
        for (unsigned i = 0; i < __SHIFT_DEPTH__; ++i)
        ^~~
        VITIS_LOOP_64_1: 
/home/albertu/Works/hls_cnn_2d_100s/hls_cnn_2d_100s_prj/solution1/.autopilot/db/hls_cnn_2d_100s.pp.0.cpp:58915:9: note: FIX-IT applied suggested code changes
/home/albertu/Works/hls_cnn_2d_100s/hls_cnn_2d_100s_prj/solution1/.autopilot/db/hls_cnn_2d_100s.pp.0.cpp:58922:9: warning: Added loop label VITIS_LOOP_71_1:   [xilinx-label-all-loops]
        for (unsigned i = 0; i < __SHIFT_DEPTH__; ++i)
        ^~~
        VITIS_LOOP_71_1: 
/home/albertu/Works/hls_cnn_2d_100s/hls_cnn_2d_100s_prj/solution1/.autopilot/db/hls_cnn_2d_100s.pp.0.cpp:58922:9: note: FIX-IT applied suggested code changes
/home/albertu/Works/hls_cnn_2d_100s/hls_cnn_2d_100s_prj/solution1/.autopilot/db/hls_cnn_2d_100s.pp.0.cpp:59450:5: warning: Added loop label VITIS_LOOP_14_1:   [xilinx-label-all-loops]
    for (unsigned k = 0; k < CONFIG_T::n_out; k++) {
    ^~~
    VITIS_LOOP_14_1: 
/home/albertu/Works/hls_cnn_2d_100s/hls_cnn_2d_100s_prj/solution1/.autopilot/db/hls_cnn_2d_100s.pp.0.cpp:59450:5: note: FIX-IT applied suggested code changes
/home/albertu/Works/hls_cnn_2d_100s/hls_cnn_2d_100s_prj/solution1/.autopilot/db/hls_cnn_2d_100s.pp.0.cpp:59510:9: warning: Added loop label VITIS_LOOP_74_1:   [xilinx-label-all-loops]
        for (int im = 0; im < CONFIG_T::n_out; im++) {
        ^~~
        VITIS_LOOP_74_1: 
/home/albertu/Works/hls_cnn_2d_100s/hls_cnn_2d_100s_prj/solution1/.autopilot/db/hls_cnn_2d_100s.pp.0.cpp:59510:9: note: FIX-IT applied suggested code changes
