/home/work1/.local/share/Trash/files/hls_cnn_2d_100s.11/myproject_prj/solution1/.autopilot/db/myproject.pp.0.cpp:28780:7: warning: Added loop label VITIS_LOOP_1207_1:   [xilinx-label-all-loops]
      for (i = 0; i < __N - 1; ++i) {
      ^~~
      VITIS_LOOP_1207_1: 
/home/work1/.local/share/Trash/files/hls_cnn_2d_100s.11/myproject_prj/solution1/.autopilot/db/myproject.pp.0.cpp:28780:7: note: FIX-IT applied suggested code changes
/home/work1/.local/share/Trash/files/hls_cnn_2d_100s.11/myproject_prj/solution1/.autopilot/db/myproject.pp.0.cpp:29754:5: warning: Added loop label VITIS_LOOP_676_1:   [xilinx-label-all-loops]
    for (unsigned i = low; i != high; ++i) {
    ^~~
    VITIS_LOOP_676_1: 
/home/work1/.local/share/Trash/files/hls_cnn_2d_100s.11/myproject_prj/solution1/.autopilot/db/myproject.pp.0.cpp:29754:5: note: FIX-IT applied suggested code changes
/home/work1/.local/share/Trash/files/hls_cnn_2d_100s.11/myproject_prj/solution1/.autopilot/db/myproject.pp.0.cpp:29768:5: warning: Added loop label VITIS_LOOP_690_1:   [xilinx-label-all-loops]
    for (unsigned i = low; i != high; ++i) {
    ^~~
    VITIS_LOOP_690_1: 
/home/work1/.local/share/Trash/files/hls_cnn_2d_100s.11/myproject_prj/solution1/.autopilot/db/myproject.pp.0.cpp:29768:5: note: FIX-IT applied suggested code changes
/home/work1/.local/share/Trash/files/hls_cnn_2d_100s.11/myproject_prj/solution1/.autopilot/db/myproject.pp.0.cpp:29782:5: warning: Added loop label VITIS_LOOP_704_1:   [xilinx-label-all-loops]
    for (unsigned i = low; i != high; ++i) {
    ^~~
    VITIS_LOOP_704_1: 
/home/work1/.local/share/Trash/files/hls_cnn_2d_100s.11/myproject_prj/solution1/.autopilot/db/myproject.pp.0.cpp:29782:5: note: FIX-IT applied suggested code changes
/home/work1/.local/share/Trash/files/hls_cnn_2d_100s.11/myproject_prj/solution1/.autopilot/db/myproject.pp.0.cpp:31399:7: warning: Added loop label VITIS_LOOP_1247_1:   [xilinx-label-all-loops]
      for (i = 0; i < __N - 1; ++i) {
      ^~~
      VITIS_LOOP_1247_1: 
/home/work1/.local/share/Trash/files/hls_cnn_2d_100s.11/myproject_prj/solution1/.autopilot/db/myproject.pp.0.cpp:31399:7: note: FIX-IT applied suggested code changes
/home/work1/.local/share/Trash/files/hls_cnn_2d_100s.11/myproject_prj/solution1/.autopilot/db/myproject.pp.0.cpp:33382:9: warning: Added loop label VITIS_LOOP_27_1:   [xilinx-label-all-loops]
        for (unsigned i = 0; i < N; i++) {
        ^~~
        VITIS_LOOP_27_1: 
/home/work1/.local/share/Trash/files/hls_cnn_2d_100s.11/myproject_prj/solution1/.autopilot/db/myproject.pp.0.cpp:33382:9: note: FIX-IT applied suggested code changes
/home/work1/.local/share/Trash/files/hls_cnn_2d_100s.11/myproject_prj/solution1/.autopilot/db/myproject.pp.0.cpp:33395:9: warning: Added loop label VITIS_LOOP_40_1:   [xilinx-label-all-loops]
        for (size_t i = 0; i < N; i++) {
        ^~~
        VITIS_LOOP_40_1: 
/home/work1/.local/share/Trash/files/hls_cnn_2d_100s.11/myproject_prj/solution1/.autopilot/db/myproject.pp.0.cpp:33395:9: note: FIX-IT applied suggested code changes
/home/work1/.local/share/Trash/files/hls_cnn_2d_100s.11/myproject_prj/solution1/.autopilot/db/myproject.pp.0.cpp:57298:5: warning: Added loop label VITIS_LOOP_265_1:   [xilinx-label-all-loops]
    for (typename std::vector<src_T>::const_iterator i = in_begin; i != in_end; ++i) {
    ^~~
    VITIS_LOOP_265_1: 
/home/work1/.local/share/Trash/files/hls_cnn_2d_100s.11/myproject_prj/solution1/.autopilot/db/myproject.pp.0.cpp:57298:5: note: FIX-IT applied suggested code changes
/home/work1/.local/share/Trash/files/hls_cnn_2d_100s.11/myproject_prj/solution1/.autopilot/db/myproject.pp.0.cpp:57308:5: warning: Added loop label VITIS_LOOP_275_1:   [xilinx-label-all-loops]
    for (auto i = 0; i < SIZE; i++)
    ^~~
    VITIS_LOOP_275_1: 
/home/work1/.local/share/Trash/files/hls_cnn_2d_100s.11/myproject_prj/solution1/.autopilot/db/myproject.pp.0.cpp:57308:5: note: FIX-IT applied suggested code changes
/home/work1/.local/share/Trash/files/hls_cnn_2d_100s.11/myproject_prj/solution1/.autopilot/db/myproject.pp.0.cpp:57319:5: warning: Added loop label VITIS_LOOP_286_1:   [xilinx-label-all-loops]
    for (int i = 0; i < SIZE; i++) {
    ^~~
    VITIS_LOOP_286_1: 
/home/work1/.local/share/Trash/files/hls_cnn_2d_100s.11/myproject_prj/solution1/.autopilot/db/myproject.pp.0.cpp:57319:5: note: FIX-IT applied suggested code changes
/home/work1/.local/share/Trash/files/hls_cnn_2d_100s.11/myproject_prj/solution1/.autopilot/db/myproject.pp.0.cpp:57326:5: warning: Added loop label VITIS_LOOP_293_1:   [xilinx-label-all-loops]
    for (int i = 0; i < SIZE / res_T::size; i++) {
    ^~~
    VITIS_LOOP_293_1: 
/home/work1/.local/share/Trash/files/hls_cnn_2d_100s.11/myproject_prj/solution1/.autopilot/db/myproject.pp.0.cpp:57326:5: note: FIX-IT applied suggested code changes
/home/work1/.local/share/Trash/files/hls_cnn_2d_100s.11/myproject_prj/solution1/.autopilot/db/myproject.pp.0.cpp:57328:9: warning: Added loop label VITIS_LOOP_295_2:   [xilinx-label-all-loops]
        for (int j = 0; j < res_T::size; j++) {
        ^~~
        VITIS_LOOP_295_2: 
/home/work1/.local/share/Trash/files/hls_cnn_2d_100s.11/myproject_prj/solution1/.autopilot/db/myproject.pp.0.cpp:57328:9: note: FIX-IT applied suggested code changes
/home/work1/.local/share/Trash/files/hls_cnn_2d_100s.11/myproject_prj/solution1/.autopilot/db/myproject.pp.0.cpp:57340:5: warning: Added loop label VITIS_LOOP_307_1:   [xilinx-label-all-loops]
    for (int i = 0; i < SIZE / data_T::size; i++) {
    ^~~
    VITIS_LOOP_307_1: 
/home/work1/.local/share/Trash/files/hls_cnn_2d_100s.11/myproject_prj/solution1/.autopilot/db/myproject.pp.0.cpp:57340:5: note: FIX-IT applied suggested code changes
/home/work1/.local/share/Trash/files/hls_cnn_2d_100s.11/myproject_prj/solution1/.autopilot/db/myproject.pp.0.cpp:57342:9: warning: Added loop label VITIS_LOOP_309_2:   [xilinx-label-all-loops]
        for (int j = 0; j < data_T::size; j++) {
        ^~~
        VITIS_LOOP_309_2: 
/home/work1/.local/share/Trash/files/hls_cnn_2d_100s.11/myproject_prj/solution1/.autopilot/db/myproject.pp.0.cpp:57342:9: note: FIX-IT applied suggested code changes
/home/work1/.local/share/Trash/files/hls_cnn_2d_100s.11/myproject_prj/solution1/.autopilot/db/myproject.pp.0.cpp:57357:5: warning: Added loop label VITIS_LOOP_324_1:   [xilinx-label-all-loops]
    for (int ii = 0; ii < nrows; ii++) {
    ^~~
    VITIS_LOOP_324_1: 
/home/work1/.local/share/Trash/files/hls_cnn_2d_100s.11/myproject_prj/solution1/.autopilot/db/myproject.pp.0.cpp:57357:5: note: FIX-IT applied suggested code changes
/home/work1/.local/share/Trash/files/hls_cnn_2d_100s.11/myproject_prj/solution1/.autopilot/db/myproject.pp.0.cpp:57377:5: warning: Added loop label VITIS_LOOP_344_1:   [xilinx-label-all-loops]
    for (int ii = 0; ii < nrows; ii++) {
    ^~~
    VITIS_LOOP_344_1: 
/home/work1/.local/share/Trash/files/hls_cnn_2d_100s.11/myproject_prj/solution1/.autopilot/db/myproject.pp.0.cpp:57377:5: note: FIX-IT applied suggested code changes
/home/work1/.local/share/Trash/files/hls_cnn_2d_100s.11/myproject_prj/solution1/.autopilot/db/myproject.pp.0.cpp:57378:9: warning: Added loop label VITIS_LOOP_345_2:   [xilinx-label-all-loops]
        for (int jj = 0; jj < ncols; jj++) {
        ^~~
        VITIS_LOOP_345_2: 
/home/work1/.local/share/Trash/files/hls_cnn_2d_100s.11/myproject_prj/solution1/.autopilot/db/myproject.pp.0.cpp:57378:9: note: FIX-IT applied suggested code changes
/home/work1/.local/share/Trash/files/hls_cnn_2d_100s.11/myproject_prj/solution1/.autopilot/db/myproject.pp.0.cpp:57393:5: warning: Added loop label VITIS_LOOP_360_1:   [xilinx-label-all-loops]
    for (int ii = 0; ii < N_IN; ii++) {
    ^~~
    VITIS_LOOP_360_1: 
/home/work1/.local/share/Trash/files/hls_cnn_2d_100s.11/myproject_prj/solution1/.autopilot/db/myproject.pp.0.cpp:57393:5: note: FIX-IT applied suggested code changes
/home/work1/.local/share/Trash/files/hls_cnn_2d_100s.11/myproject_prj/solution1/.autopilot/db/myproject.pp.0.cpp:57400:5: warning: Added loop label VITIS_LOOP_367_1:   [xilinx-label-all-loops]
    for (int ii = 0; ii < N_IN; ii++) {
    ^~~
    VITIS_LOOP_367_1: 
/home/work1/.local/share/Trash/files/hls_cnn_2d_100s.11/myproject_prj/solution1/.autopilot/db/myproject.pp.0.cpp:57400:5: note: FIX-IT applied suggested code changes
/home/work1/.local/share/Trash/files/hls_cnn_2d_100s.11/myproject_prj/solution1/.autopilot/db/myproject.pp.0.cpp:57523:2: warning: Added loop label VITIS_LOOP_31_1:   [xilinx-label-all-loops]
 for (int ii = 0; ii < CONFIG_T::n_in; ii++) {
 ^~~
 VITIS_LOOP_31_1: 
/home/work1/.local/share/Trash/files/hls_cnn_2d_100s.11/myproject_prj/solution1/.autopilot/db/myproject.pp.0.cpp:57523:2: note: FIX-IT applied suggested code changes
/home/work1/.local/share/Trash/files/hls_cnn_2d_100s.11/myproject_prj/solution1/.autopilot/db/myproject.pp.0.cpp:57535:5: warning: Added loop label VITIS_LOOP_43_1:   [xilinx-label-all-loops]
    for (int ii = 0; ii < CONFIG_T::n_in; ii++) {
    ^~~
    VITIS_LOOP_43_1: 
/home/work1/.local/share/Trash/files/hls_cnn_2d_100s.11/myproject_prj/solution1/.autopilot/db/myproject.pp.0.cpp:57535:5: note: FIX-IT applied suggested code changes
/home/work1/.local/share/Trash/files/hls_cnn_2d_100s.11/myproject_prj/solution1/.autopilot/db/myproject.pp.0.cpp:57549:5: warning: Added loop label VITIS_LOOP_57_1:   [xilinx-label-all-loops]
    for (int ii = 0; ii < CONFIG_T::n_in; ii++) {
    ^~~
    VITIS_LOOP_57_1: 
/home/work1/.local/share/Trash/files/hls_cnn_2d_100s.11/myproject_prj/solution1/.autopilot/db/myproject.pp.0.cpp:57549:5: note: FIX-IT applied suggested code changes
/home/work1/.local/share/Trash/files/hls_cnn_2d_100s.11/myproject_prj/solution1/.autopilot/db/myproject.pp.0.cpp:57576:5: warning: Added loop label VITIS_LOOP_84_1:   [xilinx-label-all-loops]
    for (int ii = 0; ii < N_TABLE; ii++) {
    ^~~
    VITIS_LOOP_84_1: 
/home/work1/.local/share/Trash/files/hls_cnn_2d_100s.11/myproject_prj/solution1/.autopilot/db/myproject.pp.0.cpp:57576:5: note: FIX-IT applied suggested code changes
/home/work1/.local/share/Trash/files/hls_cnn_2d_100s.11/myproject_prj/solution1/.autopilot/db/myproject.pp.0.cpp:57606:5: warning: Added loop label VITIS_LOOP_114_1:   [xilinx-label-all-loops]
    for (int ii = 0; ii < CONFIG_T::n_in; ii++) {
    ^~~
    VITIS_LOOP_114_1: 
/home/work1/.local/share/Trash/files/hls_cnn_2d_100s.11/myproject_prj/solution1/.autopilot/db/myproject.pp.0.cpp:57606:5: note: FIX-IT applied suggested code changes
/home/work1/.local/share/Trash/files/hls_cnn_2d_100s.11/myproject_prj/solution1/.autopilot/db/myproject.pp.0.cpp:57643:5: warning: Added loop label VITIS_LOOP_151_1:   [xilinx-label-all-loops]
    for (unsigned i = 0; i < CONFIG_T::table_size; i++) {
    ^~~
    VITIS_LOOP_151_1: 
/home/work1/.local/share/Trash/files/hls_cnn_2d_100s.11/myproject_prj/solution1/.autopilot/db/myproject.pp.0.cpp:57643:5: note: FIX-IT applied suggested code changes
/home/work1/.local/share/Trash/files/hls_cnn_2d_100s.11/myproject_prj/solution1/.autopilot/db/myproject.pp.0.cpp:57654:5: warning: Added loop label VITIS_LOOP_162_1:   [xilinx-label-all-loops]
    for (unsigned i = 0; i < CONFIG_T::table_size; i++) {
    ^~~
    VITIS_LOOP_162_1: 
/home/work1/.local/share/Trash/files/hls_cnn_2d_100s.11/myproject_prj/solution1/.autopilot/db/myproject.pp.0.cpp:57654:5: note: FIX-IT applied suggested code changes
/home/work1/.local/share/Trash/files/hls_cnn_2d_100s.11/myproject_prj/solution1/.autopilot/db/myproject.pp.0.cpp:57687:5: warning: Added loop label VITIS_LOOP_195_1:   [xilinx-label-all-loops]
    for (unsigned i = 0; i < CONFIG_T::n_in; i++) {
    ^~~
    VITIS_LOOP_195_1: 
/home/work1/.local/share/Trash/files/hls_cnn_2d_100s.11/myproject_prj/solution1/.autopilot/db/myproject.pp.0.cpp:57687:5: note: FIX-IT applied suggested code changes
/home/work1/.local/share/Trash/files/hls_cnn_2d_100s.11/myproject_prj/solution1/.autopilot/db/myproject.pp.0.cpp:57701:5: warning: Added loop label VITIS_LOOP_209_2:   [xilinx-label-all-loops]
    for (unsigned i = 0; i < CONFIG_T::n_in; i++) {
    ^~~
    VITIS_LOOP_209_2: 
/home/work1/.local/share/Trash/files/hls_cnn_2d_100s.11/myproject_prj/solution1/.autopilot/db/myproject.pp.0.cpp:57701:5: note: FIX-IT applied suggested code changes
/home/work1/.local/share/Trash/files/hls_cnn_2d_100s.11/myproject_prj/solution1/.autopilot/db/myproject.pp.0.cpp:57735:5: warning: Added loop label VITIS_LOOP_243_1:   [xilinx-label-all-loops]
    for (unsigned i = 0; i < CONFIG_T::n_in; i++) {
    ^~~
    VITIS_LOOP_243_1: 
/home/work1/.local/share/Trash/files/hls_cnn_2d_100s.11/myproject_prj/solution1/.autopilot/db/myproject.pp.0.cpp:57735:5: note: FIX-IT applied suggested code changes
/home/work1/.local/share/Trash/files/hls_cnn_2d_100s.11/myproject_prj/solution1/.autopilot/db/myproject.pp.0.cpp:57744:5: warning: Added loop label VITIS_LOOP_252_2:   [xilinx-label-all-loops]
    for (unsigned i = 0; i < CONFIG_T::n_in; i++) {
    ^~~
    VITIS_LOOP_252_2: 
/home/work1/.local/share/Trash/files/hls_cnn_2d_100s.11/myproject_prj/solution1/.autopilot/db/myproject.pp.0.cpp:57744:5: note: FIX-IT applied suggested code changes
/home/work1/.local/share/Trash/files/hls_cnn_2d_100s.11/myproject_prj/solution1/.autopilot/db/myproject.pp.0.cpp:57758:5: warning: Added loop label VITIS_LOOP_266_3:   [xilinx-label-all-loops]
    for (unsigned i = 0; i < CONFIG_T::n_in; i++) {
    ^~~
    VITIS_LOOP_266_3: 
/home/work1/.local/share/Trash/files/hls_cnn_2d_100s.11/myproject_prj/solution1/.autopilot/db/myproject.pp.0.cpp:57758:5: note: FIX-IT applied suggested code changes
/home/work1/.local/share/Trash/files/hls_cnn_2d_100s.11/myproject_prj/solution1/.autopilot/db/myproject.pp.0.cpp:57765:5: warning: Added loop label VITIS_LOOP_273_1:   [xilinx-label-all-loops]
    for (int ii = 0; ii < N_TABLE; ii++) {
    ^~~
    VITIS_LOOP_273_1: 
/home/work1/.local/share/Trash/files/hls_cnn_2d_100s.11/myproject_prj/solution1/.autopilot/db/myproject.pp.0.cpp:57765:5: note: FIX-IT applied suggested code changes
/home/work1/.local/share/Trash/files/hls_cnn_2d_100s.11/myproject_prj/solution1/.autopilot/db/myproject.pp.0.cpp:57778:5: warning: Added loop label VITIS_LOOP_286_1:   [xilinx-label-all-loops]
    for (int ii = 0; ii < N_TABLE; ii++) {
    ^~~
    VITIS_LOOP_286_1: 
/home/work1/.local/share/Trash/files/hls_cnn_2d_100s.11/myproject_prj/solution1/.autopilot/db/myproject.pp.0.cpp:57778:5: note: FIX-IT applied suggested code changes
/home/work1/.local/share/Trash/files/hls_cnn_2d_100s.11/myproject_prj/solution1/.autopilot/db/myproject.pp.0.cpp:57815:5: warning: Added loop label VITIS_LOOP_323_1:   [xilinx-label-all-loops]
    for (int ii = 0; ii < CONFIG_T::n_in; ii++) {
    ^~~
    VITIS_LOOP_323_1: 
/home/work1/.local/share/Trash/files/hls_cnn_2d_100s.11/myproject_prj/solution1/.autopilot/db/myproject.pp.0.cpp:57815:5: note: FIX-IT applied suggested code changes
/home/work1/.local/share/Trash/files/hls_cnn_2d_100s.11/myproject_prj/solution1/.autopilot/db/myproject.pp.0.cpp:57820:5: warning: Added loop label VITIS_LOOP_328_2:   [xilinx-label-all-loops]
    for (int ii = 0; ii < CONFIG_T::n_in; ii++) {
    ^~~
    VITIS_LOOP_328_2: 
/home/work1/.local/share/Trash/files/hls_cnn_2d_100s.11/myproject_prj/solution1/.autopilot/db/myproject.pp.0.cpp:57820:5: note: FIX-IT applied suggested code changes
/home/work1/.local/share/Trash/files/hls_cnn_2d_100s.11/myproject_prj/solution1/.autopilot/db/myproject.pp.0.cpp:57821:9: warning: Added loop label VITIS_LOOP_329_3:   [xilinx-label-all-loops]
        for (int jj = 0; jj < CONFIG_T::n_in; jj++) {
        ^~~
        VITIS_LOOP_329_3: 
/home/work1/.local/share/Trash/files/hls_cnn_2d_100s.11/myproject_prj/solution1/.autopilot/db/myproject.pp.0.cpp:57821:9: note: FIX-IT applied suggested code changes
/home/work1/.local/share/Trash/files/hls_cnn_2d_100s.11/myproject_prj/solution1/.autopilot/db/myproject.pp.0.cpp:57838:5: warning: Added loop label VITIS_LOOP_346_4:   [xilinx-label-all-loops]
    for (int ii = 0; ii < CONFIG_T::n_in; ii++) {
    ^~~
    VITIS_LOOP_346_4: 
/home/work1/.local/share/Trash/files/hls_cnn_2d_100s.11/myproject_prj/solution1/.autopilot/db/myproject.pp.0.cpp:57838:5: note: FIX-IT applied suggested code changes
/home/work1/.local/share/Trash/files/hls_cnn_2d_100s.11/myproject_prj/solution1/.autopilot/db/myproject.pp.0.cpp:57851:5: warning: Added loop label VITIS_LOOP_359_1:   [xilinx-label-all-loops]
    for (int i = 0; i < CONFIG_T::n_in; i++) {
    ^~~
    VITIS_LOOP_359_1: 
/home/work1/.local/share/Trash/files/hls_cnn_2d_100s.11/myproject_prj/solution1/.autopilot/db/myproject.pp.0.cpp:57851:5: note: FIX-IT applied suggested code changes
/home/work1/.local/share/Trash/files/hls_cnn_2d_100s.11/myproject_prj/solution1/.autopilot/db/myproject.pp.0.cpp:57859:5: warning: Added loop label VITIS_LOOP_367_2:   [xilinx-label-all-loops]
    for (int i = 1; i < CONFIG_T::n_in; i++) {
    ^~~
    VITIS_LOOP_367_2: 
/home/work1/.local/share/Trash/files/hls_cnn_2d_100s.11/myproject_prj/solution1/.autopilot/db/myproject.pp.0.cpp:57859:5: note: FIX-IT applied suggested code changes
/home/work1/.local/share/Trash/files/hls_cnn_2d_100s.11/myproject_prj/solution1/.autopilot/db/myproject.pp.0.cpp:57894:5: warning: Added loop label VITIS_LOOP_402_1:   [xilinx-label-all-loops]
    for (int ii = 0; ii < N_TABLE; ii++) {
    ^~~
    VITIS_LOOP_402_1: 
/home/work1/.local/share/Trash/files/hls_cnn_2d_100s.11/myproject_prj/solution1/.autopilot/db/myproject.pp.0.cpp:57894:5: note: FIX-IT applied suggested code changes
/home/work1/.local/share/Trash/files/hls_cnn_2d_100s.11/myproject_prj/solution1/.autopilot/db/myproject.pp.0.cpp:57924:5: warning: Added loop label VITIS_LOOP_432_1:   [xilinx-label-all-loops]
    for (int ii = 0; ii < CONFIG_T::n_in; ii++) {
    ^~~
    VITIS_LOOP_432_1: 
/home/work1/.local/share/Trash/files/hls_cnn_2d_100s.11/myproject_prj/solution1/.autopilot/db/myproject.pp.0.cpp:57924:5: note: FIX-IT applied suggested code changes
/home/work1/.local/share/Trash/files/hls_cnn_2d_100s.11/myproject_prj/solution1/.autopilot/db/myproject.pp.0.cpp:57943:2: warning: Added loop label VITIS_LOOP_451_1:   [xilinx-label-all-loops]
 for (int ii = 0; ii < CONFIG_T::n_in; ii++) {
 ^~~
 VITIS_LOOP_451_1: 
/home/work1/.local/share/Trash/files/hls_cnn_2d_100s.11/myproject_prj/solution1/.autopilot/db/myproject.pp.0.cpp:57943:2: note: FIX-IT applied suggested code changes
/home/work1/.local/share/Trash/files/hls_cnn_2d_100s.11/myproject_prj/solution1/.autopilot/db/myproject.pp.0.cpp:57959:5: warning: Added loop label VITIS_LOOP_467_1:   [xilinx-label-all-loops]
    for (int ii = 0; ii < CONFIG_T::n_in; ii++) {
    ^~~
    VITIS_LOOP_467_1: 
/home/work1/.local/share/Trash/files/hls_cnn_2d_100s.11/myproject_prj/solution1/.autopilot/db/myproject.pp.0.cpp:57959:5: note: FIX-IT applied suggested code changes
/home/work1/.local/share/Trash/files/hls_cnn_2d_100s.11/myproject_prj/solution1/.autopilot/db/myproject.pp.0.cpp:57977:5: warning: Added loop label VITIS_LOOP_485_1:   [xilinx-label-all-loops]
    for (int ii = 0; ii < CONFIG_T::n_in; ii++) {
    ^~~
    VITIS_LOOP_485_1: 
/home/work1/.local/share/Trash/files/hls_cnn_2d_100s.11/myproject_prj/solution1/.autopilot/db/myproject.pp.0.cpp:57977:5: note: FIX-IT applied suggested code changes
/home/work1/.local/share/Trash/files/hls_cnn_2d_100s.11/myproject_prj/solution1/.autopilot/db/myproject.pp.0.cpp:57994:5: warning: Added loop label VITIS_LOOP_502_1:   [xilinx-label-all-loops]
    for (int ii = 0; ii < CONFIG_T::n_in; ii++) {
    ^~~
    VITIS_LOOP_502_1: 
/home/work1/.local/share/Trash/files/hls_cnn_2d_100s.11/myproject_prj/solution1/.autopilot/db/myproject.pp.0.cpp:57994:5: note: FIX-IT applied suggested code changes
/home/work1/.local/share/Trash/files/hls_cnn_2d_100s.11/myproject_prj/solution1/.autopilot/db/myproject.pp.0.cpp:58011:5: warning: Added loop label VITIS_LOOP_519_1:   [xilinx-label-all-loops]
    for (int ii = 0; ii < N_TABLE; ii++) {
    ^~~
    VITIS_LOOP_519_1: 
/home/work1/.local/share/Trash/files/hls_cnn_2d_100s.11/myproject_prj/solution1/.autopilot/db/myproject.pp.0.cpp:58011:5: note: FIX-IT applied suggested code changes
/home/work1/.local/share/Trash/files/hls_cnn_2d_100s.11/myproject_prj/solution1/.autopilot/db/myproject.pp.0.cpp:58041:5: warning: Added loop label VITIS_LOOP_549_1:   [xilinx-label-all-loops]
    for (int ii = 0; ii < CONFIG_T::n_in; ii++) {
    ^~~
    VITIS_LOOP_549_1: 
/home/work1/.local/share/Trash/files/hls_cnn_2d_100s.11/myproject_prj/solution1/.autopilot/db/myproject.pp.0.cpp:58041:5: note: FIX-IT applied suggested code changes
/home/work1/.local/share/Trash/files/hls_cnn_2d_100s.11/myproject_prj/solution1/.autopilot/db/myproject.pp.0.cpp:58060:5: warning: Added loop label VITIS_LOOP_568_1:   [xilinx-label-all-loops]
    for (int ii = 0; ii < N_TABLE; ii++) {
    ^~~
    VITIS_LOOP_568_1: 
/home/work1/.local/share/Trash/files/hls_cnn_2d_100s.11/myproject_prj/solution1/.autopilot/db/myproject.pp.0.cpp:58060:5: note: FIX-IT applied suggested code changes
/home/work1/.local/share/Trash/files/hls_cnn_2d_100s.11/myproject_prj/solution1/.autopilot/db/myproject.pp.0.cpp:58090:5: warning: Added loop label VITIS_LOOP_598_1:   [xilinx-label-all-loops]
    for (int ii = 0; ii < CONFIG_T::n_in; ii++) {
    ^~~
    VITIS_LOOP_598_1: 
/home/work1/.local/share/Trash/files/hls_cnn_2d_100s.11/myproject_prj/solution1/.autopilot/db/myproject.pp.0.cpp:58090:5: note: FIX-IT applied suggested code changes
/home/work1/.local/share/Trash/files/hls_cnn_2d_100s.11/myproject_prj/solution1/.autopilot/db/myproject.pp.0.cpp:58109:5: warning: Added loop label VITIS_LOOP_617_1:   [xilinx-label-all-loops]
    for (int ii = 0; ii < N_TABLE; ii++) {
    ^~~
    VITIS_LOOP_617_1: 
/home/work1/.local/share/Trash/files/hls_cnn_2d_100s.11/myproject_prj/solution1/.autopilot/db/myproject.pp.0.cpp:58109:5: note: FIX-IT applied suggested code changes
/home/work1/.local/share/Trash/files/hls_cnn_2d_100s.11/myproject_prj/solution1/.autopilot/db/myproject.pp.0.cpp:58139:5: warning: Added loop label VITIS_LOOP_647_1:   [xilinx-label-all-loops]
    for (int ii = 0; ii < CONFIG_T::n_in; ii++) {
    ^~~
    VITIS_LOOP_647_1: 
/home/work1/.local/share/Trash/files/hls_cnn_2d_100s.11/myproject_prj/solution1/.autopilot/db/myproject.pp.0.cpp:58139:5: note: FIX-IT applied suggested code changes
/home/work1/.local/share/Trash/files/hls_cnn_2d_100s.11/myproject_prj/solution1/.autopilot/db/myproject.pp.0.cpp:58166:5: warning: Added loop label VITIS_LOOP_674_1:   [xilinx-label-all-loops]
    for (int ii = 0; ii < N_TABLE; ii++) {
    ^~~
    VITIS_LOOP_674_1: 
/home/work1/.local/share/Trash/files/hls_cnn_2d_100s.11/myproject_prj/solution1/.autopilot/db/myproject.pp.0.cpp:58166:5: note: FIX-IT applied suggested code changes
/home/work1/.local/share/Trash/files/hls_cnn_2d_100s.11/myproject_prj/solution1/.autopilot/db/myproject.pp.0.cpp:58195:5: warning: Added loop label VITIS_LOOP_703_1:   [xilinx-label-all-loops]
    for (int ii = 0; ii < CONFIG_T::n_in; ii++) {
    ^~~
    VITIS_LOOP_703_1: 
/home/work1/.local/share/Trash/files/hls_cnn_2d_100s.11/myproject_prj/solution1/.autopilot/db/myproject.pp.0.cpp:58195:5: note: FIX-IT applied suggested code changes
/home/work1/.local/share/Trash/files/hls_cnn_2d_100s.11/myproject_prj/solution1/.autopilot/db/myproject.pp.0.cpp:58216:5: warning: Added loop label VITIS_LOOP_724_1:   [xilinx-label-all-loops]
    for (int ii = 0; ii < CONFIG_T::n_in; ii++) {
    ^~~
    VITIS_LOOP_724_1: 
/home/work1/.local/share/Trash/files/hls_cnn_2d_100s.11/myproject_prj/solution1/.autopilot/db/myproject.pp.0.cpp:58216:5: note: FIX-IT applied suggested code changes
/home/work1/.local/share/Trash/files/hls_cnn_2d_100s.11/myproject_prj/solution1/.autopilot/db/myproject.pp.0.cpp:58234:5: warning: Added loop label VITIS_LOOP_742_1:   [xilinx-label-all-loops]
    for (int ii = 0; ii < CONFIG_T::n_in; ii++) {
    ^~~
    VITIS_LOOP_742_1: 
/home/work1/.local/share/Trash/files/hls_cnn_2d_100s.11/myproject_prj/solution1/.autopilot/db/myproject.pp.0.cpp:58234:5: note: FIX-IT applied suggested code changes
/home/work1/.local/share/Trash/files/hls_cnn_2d_100s.11/myproject_prj/solution1/.autopilot/db/myproject.pp.0.cpp:58254:5: warning: Added loop label VITIS_LOOP_762_1:   [xilinx-label-all-loops]
    for (int ii = 0; ii < CONFIG_T::n_in; ii++) {
    ^~~
    VITIS_LOOP_762_1: 
/home/work1/.local/share/Trash/files/hls_cnn_2d_100s.11/myproject_prj/solution1/.autopilot/db/myproject.pp.0.cpp:58254:5: note: FIX-IT applied suggested code changes
/home/work1/.local/share/Trash/files/hls_cnn_2d_100s.11/myproject_prj/solution1/.autopilot/db/myproject.pp.0.cpp:58350:9: warning: Added loop label VITIS_LOOP_73_1:   [xilinx-label-all-loops]
        for (int i = 0; i < N / data_T::size; i++) {
        ^~~
        VITIS_LOOP_73_1: 
/home/work1/.local/share/Trash/files/hls_cnn_2d_100s.11/myproject_prj/solution1/.autopilot/db/myproject.pp.0.cpp:58350:9: note: FIX-IT applied suggested code changes
/home/work1/.local/share/Trash/files/hls_cnn_2d_100s.11/myproject_prj/solution1/.autopilot/db/myproject.pp.0.cpp:58357:13: warning: Added loop label VITIS_LOOP_80_2:   [xilinx-label-all-loops]
            for (int j = 0; j < data_T::size; j++) {
            ^~~
            VITIS_LOOP_80_2: 
/home/work1/.local/share/Trash/files/hls_cnn_2d_100s.11/myproject_prj/solution1/.autopilot/db/myproject.pp.0.cpp:58357:13: note: FIX-IT applied suggested code changes
/home/work1/.local/share/Trash/files/hls_cnn_2d_100s.11/myproject_prj/solution1/.autopilot/db/myproject.pp.0.cpp:58366:9: warning: Added loop label VITIS_LOOP_89_3:   [xilinx-label-all-loops]
        for (int i = 0; i < N / data_T::size; i++) {
        ^~~
        VITIS_LOOP_89_3: 
/home/work1/.local/share/Trash/files/hls_cnn_2d_100s.11/myproject_prj/solution1/.autopilot/db/myproject.pp.0.cpp:58366:9: note: FIX-IT applied suggested code changes
/home/work1/.local/share/Trash/files/hls_cnn_2d_100s.11/myproject_prj/solution1/.autopilot/db/myproject.pp.0.cpp:58375:13: warning: Added loop label VITIS_LOOP_98_4:   [xilinx-label-all-loops]
            for (int j = 0; j < pack_diff; j++) {
            ^~~
            VITIS_LOOP_98_4: 
/home/work1/.local/share/Trash/files/hls_cnn_2d_100s.11/myproject_prj/solution1/.autopilot/db/myproject.pp.0.cpp:58375:13: note: FIX-IT applied suggested code changes
/home/work1/.local/share/Trash/files/hls_cnn_2d_100s.11/myproject_prj/solution1/.autopilot/db/myproject.pp.0.cpp:58379:17: warning: Added loop label VITIS_LOOP_102_5:   [xilinx-label-all-loops]
                for (int k = 0; k < res_T::size; k++) {
                ^~~
                VITIS_LOOP_102_5: 
/home/work1/.local/share/Trash/files/hls_cnn_2d_100s.11/myproject_prj/solution1/.autopilot/db/myproject.pp.0.cpp:58379:17: note: FIX-IT applied suggested code changes
/home/work1/.local/share/Trash/files/hls_cnn_2d_100s.11/myproject_prj/solution1/.autopilot/db/myproject.pp.0.cpp:58390:9: warning: Added loop label VITIS_LOOP_113_6:   [xilinx-label-all-loops]
        for (int i = 0; i < N / data_T::size; i++) {
        ^~~
        VITIS_LOOP_113_6: 
/home/work1/.local/share/Trash/files/hls_cnn_2d_100s.11/myproject_prj/solution1/.autopilot/db/myproject.pp.0.cpp:58390:9: note: FIX-IT applied suggested code changes
/home/work1/.local/share/Trash/files/hls_cnn_2d_100s.11/myproject_prj/solution1/.autopilot/db/myproject.pp.0.cpp:58394:13: warning: Added loop label VITIS_LOOP_117_7:   [xilinx-label-all-loops]
            for (int j = 0; j < data_T::size; j++) {
            ^~~
            VITIS_LOOP_117_7: 
/home/work1/.local/share/Trash/files/hls_cnn_2d_100s.11/myproject_prj/solution1/.autopilot/db/myproject.pp.0.cpp:58394:13: note: FIX-IT applied suggested code changes
/home/work1/.local/share/Trash/files/hls_cnn_2d_100s.11/myproject_prj/solution1/.autopilot/db/myproject.pp.0.cpp:58418:9: warning: Added loop label VITIS_LOOP_141_1:   [xilinx-label-all-loops]
        for (int j = 0; j < n_dupl; j++) {
        ^~~
        VITIS_LOOP_141_1: 
/home/work1/.local/share/Trash/files/hls_cnn_2d_100s.11/myproject_prj/solution1/.autopilot/db/myproject.pp.0.cpp:58418:9: note: FIX-IT applied suggested code changes
/home/work1/.local/share/Trash/files/hls_cnn_2d_100s.11/myproject_prj/solution1/.autopilot/db/myproject.pp.0.cpp:58422:13: warning: Added loop label VITIS_LOOP_145_2:   [xilinx-label-all-loops]
            for (int k = 0; k < res_T::size; k++) {
            ^~~
            VITIS_LOOP_145_2: 
/home/work1/.local/share/Trash/files/hls_cnn_2d_100s.11/myproject_prj/solution1/.autopilot/db/myproject.pp.0.cpp:58422:13: note: FIX-IT applied suggested code changes
/home/work1/.local/share/Trash/files/hls_cnn_2d_100s.11/myproject_prj/solution1/.autopilot/db/myproject.pp.0.cpp:58441:9: warning: Added loop label VITIS_LOOP_164_1:   [xilinx-label-all-loops]
        for (int k = 0; k < res_T::size; k++) {
        ^~~
        VITIS_LOOP_164_1: 
/home/work1/.local/share/Trash/files/hls_cnn_2d_100s.11/myproject_prj/solution1/.autopilot/db/myproject.pp.0.cpp:58441:9: note: FIX-IT applied suggested code changes
/home/work1/.local/share/Trash/files/hls_cnn_2d_100s.11/myproject_prj/solution1/.autopilot/db/myproject.pp.0.cpp:58464:2: warning: Added loop label VITIS_LOOP_187_1:   [xilinx-label-all-loops]
 for (int i = 0; i < CONFIG_T::height * CONFIG_T::width / data_T::size; i++) {
 ^~~
 VITIS_LOOP_187_1: 
/home/work1/.local/share/Trash/files/hls_cnn_2d_100s.11/myproject_prj/solution1/.autopilot/db/myproject.pp.0.cpp:58464:2: note: FIX-IT applied suggested code changes
/home/work1/.local/share/Trash/files/hls_cnn_2d_100s.11/myproject_prj/solution1/.autopilot/db/myproject.pp.0.cpp:58467:9: warning: Added loop label VITIS_LOOP_190_2:   [xilinx-label-all-loops]
        for (int j = 0; j < data_T::size; j++) {
        ^~~
        VITIS_LOOP_190_2: 
/home/work1/.local/share/Trash/files/hls_cnn_2d_100s.11/myproject_prj/solution1/.autopilot/db/myproject.pp.0.cpp:58467:9: note: FIX-IT applied suggested code changes
/home/work1/.local/share/Trash/files/hls_cnn_2d_100s.11/myproject_prj/solution1/.autopilot/db/myproject.pp.0.cpp:58472:5: warning: Added loop label VITIS_LOOP_195_3:   [xilinx-label-all-loops]
    for (int i = 0; i < CONFIG_T::height * CONFIG_T::width / res_T::size; i++) {
    ^~~
    VITIS_LOOP_195_3: 
/home/work1/.local/share/Trash/files/hls_cnn_2d_100s.11/myproject_prj/solution1/.autopilot/db/myproject.pp.0.cpp:58472:5: note: FIX-IT applied suggested code changes
/home/work1/.local/share/Trash/files/hls_cnn_2d_100s.11/myproject_prj/solution1/.autopilot/db/myproject.pp.0.cpp:58476:9: warning: Added loop label VITIS_LOOP_199_4:   [xilinx-label-all-loops]
        for (int j = 0; j < res_T::size; j++) {
        ^~~
        VITIS_LOOP_199_4: 
/home/work1/.local/share/Trash/files/hls_cnn_2d_100s.11/myproject_prj/solution1/.autopilot/db/myproject.pp.0.cpp:58476:9: note: FIX-IT applied suggested code changes
/home/work1/.local/share/Trash/files/hls_cnn_2d_100s.11/myproject_prj/solution1/.autopilot/db/myproject.pp.0.cpp:58690:9: warning: Added loop label VITIS_LOOP_213_1:   [xilinx-label-all-loops]
        for (unsigned j = 0; j < data_T::size; j++) {
        ^~~
        VITIS_LOOP_213_1: 
/home/work1/.local/share/Trash/files/hls_cnn_2d_100s.11/myproject_prj/solution1/.autopilot/db/myproject.pp.0.cpp:58690:9: note: FIX-IT applied suggested code changes
/home/work1/.local/share/Trash/files/hls_cnn_2d_100s.11/myproject_prj/solution1/.autopilot/db/myproject.pp.0.cpp:58699:9: warning: Added loop label VITIS_LOOP_222_2:   [xilinx-label-all-loops]
        for (unsigned j = 0; j < data_T::size; j++) {
        ^~~
        VITIS_LOOP_222_2: 
/home/work1/.local/share/Trash/files/hls_cnn_2d_100s.11/myproject_prj/solution1/.autopilot/db/myproject.pp.0.cpp:58699:9: note: FIX-IT applied suggested code changes
/home/work1/.local/share/Trash/files/hls_cnn_2d_100s.11/myproject_prj/solution1/.autopilot/db/myproject.pp.0.cpp:58805:5: warning: Added loop label VITIS_LOOP_328_1:   [xilinx-label-all-loops]
    for (int i = 0; i < CONFIG_T::n_in / res_T::size; i++) {
    ^~~
    VITIS_LOOP_328_1: 
/home/work1/.local/share/Trash/files/hls_cnn_2d_100s.11/myproject_prj/solution1/.autopilot/db/myproject.pp.0.cpp:58805:5: note: FIX-IT applied suggested code changes
/home/work1/.local/share/Trash/files/hls_cnn_2d_100s.11/myproject_prj/solution1/.autopilot/db/myproject.pp.0.cpp:58810:9: warning: Added loop label VITIS_LOOP_333_2:   [xilinx-label-all-loops]
        for (int i = 0; i < res_T::size; i++) {
        ^~~
        VITIS_LOOP_333_2: 
/home/work1/.local/share/Trash/files/hls_cnn_2d_100s.11/myproject_prj/solution1/.autopilot/db/myproject.pp.0.cpp:58810:9: note: FIX-IT applied suggested code changes
/home/work1/.local/share/Trash/files/hls_cnn_2d_100s.11/myproject_prj/solution1/.autopilot/db/myproject.pp.0.cpp:58818:9: warning: Added loop label VITIS_LOOP_341_3:   [xilinx-label-all-loops]
        for (int i = 1; i < res_T::size; i++) {
        ^~~
        VITIS_LOOP_341_3: 
/home/work1/.local/share/Trash/files/hls_cnn_2d_100s.11/myproject_prj/solution1/.autopilot/db/myproject.pp.0.cpp:58818:9: note: FIX-IT applied suggested code changes
/home/work1/.local/share/Trash/files/hls_cnn_2d_100s.11/myproject_prj/solution1/.autopilot/db/myproject.pp.0.cpp:60070:9: warning: Added loop label VITIS_LOOP_64_1:   [xilinx-label-all-loops]
        for (unsigned i = 0; i < __SHIFT_DEPTH__; ++i)
        ^~~
        VITIS_LOOP_64_1: 
/home/work1/.local/share/Trash/files/hls_cnn_2d_100s.11/myproject_prj/solution1/.autopilot/db/myproject.pp.0.cpp:60070:9: note: FIX-IT applied suggested code changes
/home/work1/.local/share/Trash/files/hls_cnn_2d_100s.11/myproject_prj/solution1/.autopilot/db/myproject.pp.0.cpp:60077:9: warning: Added loop label VITIS_LOOP_71_1:   [xilinx-label-all-loops]
        for (unsigned i = 0; i < __SHIFT_DEPTH__; ++i)
        ^~~
        VITIS_LOOP_71_1: 
/home/work1/.local/share/Trash/files/hls_cnn_2d_100s.11/myproject_prj/solution1/.autopilot/db/myproject.pp.0.cpp:60077:9: note: FIX-IT applied suggested code changes
/home/work1/.local/share/Trash/files/hls_cnn_2d_100s.11/myproject_prj/solution1/.autopilot/db/myproject.pp.0.cpp:60605:5: warning: Added loop label VITIS_LOOP_14_1:   [xilinx-label-all-loops]
    for (unsigned k = 0; k < CONFIG_T::n_out; k++) {
    ^~~
    VITIS_LOOP_14_1: 
/home/work1/.local/share/Trash/files/hls_cnn_2d_100s.11/myproject_prj/solution1/.autopilot/db/myproject.pp.0.cpp:60605:5: note: FIX-IT applied suggested code changes
/home/work1/.local/share/Trash/files/hls_cnn_2d_100s.11/myproject_prj/solution1/.autopilot/db/myproject.pp.0.cpp:60665:9: warning: Added loop label VITIS_LOOP_74_1:   [xilinx-label-all-loops]
        for (int im = 0; im < CONFIG_T::n_out; im++) {
        ^~~
        VITIS_LOOP_74_1: 
/home/work1/.local/share/Trash/files/hls_cnn_2d_100s.11/myproject_prj/solution1/.autopilot/db/myproject.pp.0.cpp:60665:9: note: FIX-IT applied suggested code changes
