

================================================================
== Vitis HLS Report for 'relu_array_ap_fixed_20u_array_ap_fixed_20_10_5_3_0_20u_relu_config3_s'
================================================================
* Date:           Fri Oct 10 22:54:14 2025

* Version:        2023.2 (Build 4023990 on Oct 11 2023)
* Project:        myproject_prj
* Solution:       solution1 (Vivado IP Flow Target)
* Product family: kintexuplus
* Target device:  xcku5p-ffvb676-2-e


================================================================
== Performance Estimates
================================================================
+ Timing: 
    * Summary: 
    +--------+---------+----------+------------+
    |  Clock |  Target | Estimated| Uncertainty|
    +--------+---------+----------+------------+
    |ap_clk  |  5.00 ns|  2.948 ns|     0.62 ns|
    +--------+---------+----------+------------+

+ Latency: 
    * Summary: 
    +---------+---------+----------+----------+-----+-----+---------+
    |  Latency (cycles) |  Latency (absolute) |  Interval | Pipeline|
    |   min   |   max   |    min   |    max   | min | max |   Type  |
    +---------+---------+----------+----------+-----+-----+---------+
    |      250|      250|  1.250 us|  1.250 us|  250|  250|       no|
    +---------+---------+----------+----------+-----+-----+---------+

    + Detail: 
        * Instance: 
        N/A

        * Loop: 
        +---------------+---------+---------+----------+-----------+-----------+------+----------+
        |               |  Latency (cycles) | Iteration|  Initiation Interval  | Trip |          |
        |   Loop Name   |   min   |   max   |  Latency |  achieved |   target  | Count| Pipelined|
        +---------------+---------+---------+----------+-----------+-----------+------+----------+
        |- ReLUActLoop  |      248|      248|         3|          1|          1|   247|       yes|
        +---------------+---------+---------+----------+-----------+-----------+------+----------+

============================================================
+ Verbose Summary: Synthesis Manager
============================================================
InlineROM: 1
ExposeGlobal: 0
============================================================
+ Verbose Summary: CDFG Model
============================================================
IsTopModel: 0
ResetActiveHigh: 1
IsCombinational: 2
IsDatapathOnly: 0
HasWiredReturn: 1
HasMFsm: 2
HasVarLatency: 1
IsPipeline: 0
IsRtlPipelined: 0
IsInstanceOverlapped: 0
IsDontTouch: 0
HasImplIP: 0
IsGatedGlobalClock: 0

+ Individual pipeline summary: 
  * Pipeline-0: initiation interval (II) = 1, depth = 3


============================================================
+ Verbose Summary: Schedule
============================================================
* Number of FSM states : 3
* Pipeline : 1
  Pipeline-0 : II = 1, D = 3, States = { 1 2 3 }
* Dataflow Pipeline: 0

* FSM state transitions: 
1 --> 2 
2 --> 3 
3 --> 

* FSM state operations: 

State 1 <SV = 0> <Delay = 1.61>
ST_1 : Operation 6 [1/1] (0.00ns)   --->   "%i = alloca i32 1" [firmware/nnet_utils/nnet_activation_stream.h:41]   --->   Operation 6 'alloca' 'i' <Predicate = true> <Delay = 0.00>
ST_1 : Operation 7 [1/1] (0.00ns)   --->   "%specinterface_ln0 = specinterface void @_ssdm_op_SpecInterface, i400 %layer3_out, void @empty, i32 0, i32 0, void @empty_1, i32 0, i32 0, void @empty_1, void @empty_1, void @empty_1, i32 0, i32 0, i32 0, i32 0, void @empty_1, void @empty_1, i32 4294967295, i32 0"   --->   Operation 7 'specinterface' 'specinterface_ln0' <Predicate = true> <Delay = 0.00>
ST_1 : Operation 8 [1/1] (0.00ns)   --->   "%specinterface_ln0 = specinterface void @_ssdm_op_SpecInterface, i400 %layer2_out, void @empty, i32 0, i32 0, void @empty_1, i32 0, i32 0, void @empty_1, void @empty_1, void @empty_1, i32 0, i32 0, i32 0, i32 0, void @empty_1, void @empty_1, i32 4294967295, i32 0"   --->   Operation 8 'specinterface' 'specinterface_ln0' <Predicate = true> <Delay = 0.00>
ST_1 : Operation 9 [1/1] (0.42ns)   --->   "%store_ln41 = store i8 0, i8 %i" [firmware/nnet_utils/nnet_activation_stream.h:41]   --->   Operation 9 'store' 'store_ln41' <Predicate = true> <Delay = 0.42>
ST_1 : Operation 10 [1/1] (0.00ns)   --->   "%br_ln41 = br void %ReLUPackLoop" [firmware/nnet_utils/nnet_activation_stream.h:41]   --->   Operation 10 'br' 'br_ln41' <Predicate = true> <Delay = 0.00>
ST_1 : Operation 11 [1/1] (0.00ns)   --->   "%i_1 = load i8 %i" [firmware/nnet_utils/nnet_activation_stream.h:41]   --->   Operation 11 'load' 'i_1' <Predicate = true> <Delay = 0.00>
ST_1 : Operation 12 [1/1] (0.76ns)   --->   "%icmp_ln41 = icmp_eq  i8 %i_1, i8 247" [firmware/nnet_utils/nnet_activation_stream.h:41]   --->   Operation 12 'icmp' 'icmp_ln41' <Predicate = true> <Delay = 0.76> <CoreInst = "Cmp">   --->   Core 9 'Cmp' <Latency = 0> <II = 1> <Delay = 0.76> <FuncUnit> <Opcode : 'icmp'> <InPorts = 2> <OutPorts = 1>
ST_1 : Operation 13 [1/1] (0.76ns)   --->   "%i_2 = add i8 %i_1, i8 1" [firmware/nnet_utils/nnet_activation_stream.h:41]   --->   Operation 13 'add' 'i_2' <Predicate = true> <Delay = 0.76> <CoreInst = "Adder">   --->   Core 1 'Adder' <Latency = 0> <II = 1> <Delay = 0.76> <FuncUnit> <Opcode : 'add' 'sub'> <InPorts = 2> <OutPorts = 1>
ST_1 : Operation 14 [1/1] (0.00ns)   --->   "%br_ln41 = br i1 %icmp_ln41, void %ReLUPackLoop.split_ifconv, void %for.end14" [firmware/nnet_utils/nnet_activation_stream.h:41]   --->   Operation 14 'br' 'br_ln41' <Predicate = true> <Delay = 0.00>
ST_1 : Operation 15 [1/1] (0.42ns)   --->   "%store_ln41 = store i8 %i_2, i8 %i" [firmware/nnet_utils/nnet_activation_stream.h:41]   --->   Operation 15 'store' 'store_ln41' <Predicate = (!icmp_ln41)> <Delay = 0.42>

State 2 <SV = 1> <Delay = 2.94>
ST_2 : Operation 16 [1/1] (1.66ns)   --->   "%layer2_out_read = read i400 @_ssdm_op_Read.ap_fifo.volatile.i400P0A, i400 %layer2_out" [firmware/nnet_utils/nnet_activation_stream.h:44]   --->   Operation 16 'read' 'layer2_out_read' <Predicate = true> <Delay = 1.66> <CoreInst = "FIFO">   --->   Core 78 'FIFO' <Latency = 0> <II = 1> <Delay = 1.66> <Storage> <Opcode : 'read' 'write' 'nbread' 'nbwrite'> <Ports = 0> <Width = 400> <Depth = 247> <FIFO>
ST_2 : Operation 17 [1/1] (0.00ns)   --->   "%trunc_ln44 = trunc i400 %layer2_out_read" [firmware/nnet_utils/nnet_activation_stream.h:44]   --->   Operation 17 'trunc' 'trunc_ln44' <Predicate = true> <Delay = 0.00>
ST_2 : Operation 18 [1/1] (0.00ns)   --->   "%trunc_ln44_1 = partselect i20 @_ssdm_op_PartSelect.i20.i400.i32.i32, i400 %layer2_out_read, i32 20, i32 39" [firmware/nnet_utils/nnet_activation_stream.h:44]   --->   Operation 18 'partselect' 'trunc_ln44_1' <Predicate = true> <Delay = 0.00>
ST_2 : Operation 19 [1/1] (0.00ns)   --->   "%trunc_ln44_2 = partselect i20 @_ssdm_op_PartSelect.i20.i400.i32.i32, i400 %layer2_out_read, i32 40, i32 59" [firmware/nnet_utils/nnet_activation_stream.h:44]   --->   Operation 19 'partselect' 'trunc_ln44_2' <Predicate = true> <Delay = 0.00>
ST_2 : Operation 20 [1/1] (0.00ns)   --->   "%trunc_ln44_3 = partselect i20 @_ssdm_op_PartSelect.i20.i400.i32.i32, i400 %layer2_out_read, i32 60, i32 79" [firmware/nnet_utils/nnet_activation_stream.h:44]   --->   Operation 20 'partselect' 'trunc_ln44_3' <Predicate = true> <Delay = 0.00>
ST_2 : Operation 21 [1/1] (0.00ns)   --->   "%trunc_ln44_4 = partselect i20 @_ssdm_op_PartSelect.i20.i400.i32.i32, i400 %layer2_out_read, i32 80, i32 99" [firmware/nnet_utils/nnet_activation_stream.h:44]   --->   Operation 21 'partselect' 'trunc_ln44_4' <Predicate = true> <Delay = 0.00>
ST_2 : Operation 22 [1/1] (0.00ns)   --->   "%trunc_ln44_5 = partselect i20 @_ssdm_op_PartSelect.i20.i400.i32.i32, i400 %layer2_out_read, i32 100, i32 119" [firmware/nnet_utils/nnet_activation_stream.h:44]   --->   Operation 22 'partselect' 'trunc_ln44_5' <Predicate = true> <Delay = 0.00>
ST_2 : Operation 23 [1/1] (0.00ns)   --->   "%trunc_ln44_6 = partselect i20 @_ssdm_op_PartSelect.i20.i400.i32.i32, i400 %layer2_out_read, i32 120, i32 139" [firmware/nnet_utils/nnet_activation_stream.h:44]   --->   Operation 23 'partselect' 'trunc_ln44_6' <Predicate = true> <Delay = 0.00>
ST_2 : Operation 24 [1/1] (0.00ns)   --->   "%trunc_ln44_7 = partselect i20 @_ssdm_op_PartSelect.i20.i400.i32.i32, i400 %layer2_out_read, i32 140, i32 159" [firmware/nnet_utils/nnet_activation_stream.h:44]   --->   Operation 24 'partselect' 'trunc_ln44_7' <Predicate = true> <Delay = 0.00>
ST_2 : Operation 25 [1/1] (0.00ns)   --->   "%trunc_ln44_8 = partselect i20 @_ssdm_op_PartSelect.i20.i400.i32.i32, i400 %layer2_out_read, i32 160, i32 179" [firmware/nnet_utils/nnet_activation_stream.h:44]   --->   Operation 25 'partselect' 'trunc_ln44_8' <Predicate = true> <Delay = 0.00>
ST_2 : Operation 26 [1/1] (0.00ns)   --->   "%trunc_ln44_9 = partselect i20 @_ssdm_op_PartSelect.i20.i400.i32.i32, i400 %layer2_out_read, i32 180, i32 199" [firmware/nnet_utils/nnet_activation_stream.h:44]   --->   Operation 26 'partselect' 'trunc_ln44_9' <Predicate = true> <Delay = 0.00>
ST_2 : Operation 27 [1/1] (0.00ns)   --->   "%trunc_ln44_s = partselect i20 @_ssdm_op_PartSelect.i20.i400.i32.i32, i400 %layer2_out_read, i32 200, i32 219" [firmware/nnet_utils/nnet_activation_stream.h:44]   --->   Operation 27 'partselect' 'trunc_ln44_s' <Predicate = true> <Delay = 0.00>
ST_2 : Operation 28 [1/1] (0.00ns)   --->   "%trunc_ln44_10 = partselect i20 @_ssdm_op_PartSelect.i20.i400.i32.i32, i400 %layer2_out_read, i32 220, i32 239" [firmware/nnet_utils/nnet_activation_stream.h:44]   --->   Operation 28 'partselect' 'trunc_ln44_10' <Predicate = true> <Delay = 0.00>
ST_2 : Operation 29 [1/1] (0.00ns)   --->   "%trunc_ln44_11 = partselect i20 @_ssdm_op_PartSelect.i20.i400.i32.i32, i400 %layer2_out_read, i32 240, i32 259" [firmware/nnet_utils/nnet_activation_stream.h:44]   --->   Operation 29 'partselect' 'trunc_ln44_11' <Predicate = true> <Delay = 0.00>
ST_2 : Operation 30 [1/1] (0.00ns)   --->   "%trunc_ln44_12 = partselect i20 @_ssdm_op_PartSelect.i20.i400.i32.i32, i400 %layer2_out_read, i32 260, i32 279" [firmware/nnet_utils/nnet_activation_stream.h:44]   --->   Operation 30 'partselect' 'trunc_ln44_12' <Predicate = true> <Delay = 0.00>
ST_2 : Operation 31 [1/1] (0.00ns)   --->   "%trunc_ln44_13 = partselect i20 @_ssdm_op_PartSelect.i20.i400.i32.i32, i400 %layer2_out_read, i32 280, i32 299" [firmware/nnet_utils/nnet_activation_stream.h:44]   --->   Operation 31 'partselect' 'trunc_ln44_13' <Predicate = true> <Delay = 0.00>
ST_2 : Operation 32 [1/1] (0.00ns)   --->   "%trunc_ln44_14 = partselect i20 @_ssdm_op_PartSelect.i20.i400.i32.i32, i400 %layer2_out_read, i32 300, i32 319" [firmware/nnet_utils/nnet_activation_stream.h:44]   --->   Operation 32 'partselect' 'trunc_ln44_14' <Predicate = true> <Delay = 0.00>
ST_2 : Operation 33 [1/1] (0.00ns)   --->   "%trunc_ln44_15 = partselect i20 @_ssdm_op_PartSelect.i20.i400.i32.i32, i400 %layer2_out_read, i32 320, i32 339" [firmware/nnet_utils/nnet_activation_stream.h:44]   --->   Operation 33 'partselect' 'trunc_ln44_15' <Predicate = true> <Delay = 0.00>
ST_2 : Operation 34 [1/1] (0.00ns)   --->   "%trunc_ln44_16 = partselect i20 @_ssdm_op_PartSelect.i20.i400.i32.i32, i400 %layer2_out_read, i32 340, i32 359" [firmware/nnet_utils/nnet_activation_stream.h:44]   --->   Operation 34 'partselect' 'trunc_ln44_16' <Predicate = true> <Delay = 0.00>
ST_2 : Operation 35 [1/1] (0.00ns)   --->   "%trunc_ln44_17 = partselect i20 @_ssdm_op_PartSelect.i20.i400.i32.i32, i400 %layer2_out_read, i32 360, i32 379" [firmware/nnet_utils/nnet_activation_stream.h:44]   --->   Operation 35 'partselect' 'trunc_ln44_17' <Predicate = true> <Delay = 0.00>
ST_2 : Operation 36 [1/1] (0.00ns)   --->   "%trunc_ln44_18 = partselect i20 @_ssdm_op_PartSelect.i20.i400.i32.i32, i400 %layer2_out_read, i32 380, i32 399" [firmware/nnet_utils/nnet_activation_stream.h:44]   --->   Operation 36 'partselect' 'trunc_ln44_18' <Predicate = true> <Delay = 0.00>
ST_2 : Operation 37 [1/1] (0.89ns)   --->   "%icmp_ln51 = icmp_sgt  i20 %trunc_ln44, i20 0" [firmware/nnet_utils/nnet_activation_stream.h:51]   --->   Operation 37 'icmp' 'icmp_ln51' <Predicate = true> <Delay = 0.89> <CoreInst = "Cmp">   --->   Core 9 'Cmp' <Latency = 0> <II = 1> <Delay = 0.89> <FuncUnit> <Opcode : 'icmp'> <InPorts = 2> <OutPorts = 1>
ST_2 : Operation 38 [1/1] (0.00ns)   --->   "%trunc_ln52 = trunc i400 %layer2_out_read" [firmware/nnet_utils/nnet_activation_stream.h:52]   --->   Operation 38 'trunc' 'trunc_ln52' <Predicate = true> <Delay = 0.00>
ST_2 : Operation 39 [1/1] (0.00ns)   --->   "%trunc_ln52_2 = partselect i3 @_ssdm_op_PartSelect.i3.i400.i32.i32, i400 %layer2_out_read, i32 16, i32 18" [firmware/nnet_utils/nnet_activation_stream.h:52]   --->   Operation 39 'partselect' 'trunc_ln52_2' <Predicate = true> <Delay = 0.00>
ST_2 : Operation 40 [1/1] (0.38ns)   --->   "%select_ln51 = select i1 %icmp_ln51, i8 %trunc_ln52, i8 0" [firmware/nnet_utils/nnet_activation_stream.h:51]   --->   Operation 40 'select' 'select_ln51' <Predicate = true> <Delay = 0.38> <CoreInst = "Sel">   --->   Core 73 'Sel' <Latency = 0> <II = 1> <Delay = 0.38> <FuncUnit> <Opcode : 'select'> <InPorts = 3> <OutPorts = 1>
ST_2 : Operation 41 [1/1] (0.35ns)   --->   "%select_ln51_1 = select i1 %icmp_ln51, i3 %trunc_ln52_2, i3 0" [firmware/nnet_utils/nnet_activation_stream.h:51]   --->   Operation 41 'select' 'select_ln51_1' <Predicate = true> <Delay = 0.35> <CoreInst = "Sel">   --->   Core 73 'Sel' <Latency = 0> <II = 1> <Delay = 0.35> <FuncUnit> <Opcode : 'select'> <InPorts = 3> <OutPorts = 1>
ST_2 : Operation 42 [1/1] (0.89ns)   --->   "%icmp_ln51_1 = icmp_sgt  i20 %trunc_ln44_1, i20 0" [firmware/nnet_utils/nnet_activation_stream.h:51]   --->   Operation 42 'icmp' 'icmp_ln51_1' <Predicate = true> <Delay = 0.89> <CoreInst = "Cmp">   --->   Core 9 'Cmp' <Latency = 0> <II = 1> <Delay = 0.89> <FuncUnit> <Opcode : 'icmp'> <InPorts = 2> <OutPorts = 1>
ST_2 : Operation 43 [1/1] (0.00ns)   --->   "%trunc_ln52_3 = partselect i8 @_ssdm_op_PartSelect.i8.i400.i32.i32, i400 %layer2_out_read, i32 20, i32 27" [firmware/nnet_utils/nnet_activation_stream.h:52]   --->   Operation 43 'partselect' 'trunc_ln52_3' <Predicate = true> <Delay = 0.00>
ST_2 : Operation 44 [1/1] (0.00ns)   --->   "%trunc_ln52_1 = partselect i4 @_ssdm_op_PartSelect.i4.i400.i32.i32, i400 %layer2_out_read, i32 36, i32 39" [firmware/nnet_utils/nnet_activation_stream.h:52]   --->   Operation 44 'partselect' 'trunc_ln52_1' <Predicate = true> <Delay = 0.00>
ST_2 : Operation 45 [1/1] (0.38ns)   --->   "%select_ln51_2 = select i1 %icmp_ln51_1, i8 %trunc_ln52_3, i8 0" [firmware/nnet_utils/nnet_activation_stream.h:51]   --->   Operation 45 'select' 'select_ln51_2' <Predicate = true> <Delay = 0.38> <CoreInst = "Sel">   --->   Core 73 'Sel' <Latency = 0> <II = 1> <Delay = 0.38> <FuncUnit> <Opcode : 'select'> <InPorts = 3> <OutPorts = 1>
ST_2 : Operation 46 [1/1] (0.28ns)   --->   "%select_ln51_3 = select i1 %icmp_ln51_1, i4 %trunc_ln52_1, i4 0" [firmware/nnet_utils/nnet_activation_stream.h:51]   --->   Operation 46 'select' 'select_ln51_3' <Predicate = true> <Delay = 0.28> <CoreInst = "Sel">   --->   Core 73 'Sel' <Latency = 0> <II = 1> <Delay = 0.28> <FuncUnit> <Opcode : 'select'> <InPorts = 3> <OutPorts = 1>
ST_2 : Operation 47 [1/1] (0.89ns)   --->   "%icmp_ln51_2 = icmp_sgt  i20 %trunc_ln44_2, i20 0" [firmware/nnet_utils/nnet_activation_stream.h:51]   --->   Operation 47 'icmp' 'icmp_ln51_2' <Predicate = true> <Delay = 0.89> <CoreInst = "Cmp">   --->   Core 9 'Cmp' <Latency = 0> <II = 1> <Delay = 0.89> <FuncUnit> <Opcode : 'icmp'> <InPorts = 2> <OutPorts = 1>
ST_2 : Operation 48 [1/1] (0.00ns)   --->   "%trunc_ln52_6 = partselect i8 @_ssdm_op_PartSelect.i8.i400.i32.i32, i400 %layer2_out_read, i32 40, i32 47" [firmware/nnet_utils/nnet_activation_stream.h:52]   --->   Operation 48 'partselect' 'trunc_ln52_6' <Predicate = true> <Delay = 0.00>
ST_2 : Operation 49 [1/1] (0.00ns)   --->   "%trunc_ln52_4 = partselect i4 @_ssdm_op_PartSelect.i4.i400.i32.i32, i400 %layer2_out_read, i32 56, i32 59" [firmware/nnet_utils/nnet_activation_stream.h:52]   --->   Operation 49 'partselect' 'trunc_ln52_4' <Predicate = true> <Delay = 0.00>
ST_2 : Operation 50 [1/1] (0.38ns)   --->   "%select_ln51_4 = select i1 %icmp_ln51_2, i8 %trunc_ln52_6, i8 0" [firmware/nnet_utils/nnet_activation_stream.h:51]   --->   Operation 50 'select' 'select_ln51_4' <Predicate = true> <Delay = 0.38> <CoreInst = "Sel">   --->   Core 73 'Sel' <Latency = 0> <II = 1> <Delay = 0.38> <FuncUnit> <Opcode : 'select'> <InPorts = 3> <OutPorts = 1>
ST_2 : Operation 51 [1/1] (0.28ns)   --->   "%select_ln51_5 = select i1 %icmp_ln51_2, i4 %trunc_ln52_4, i4 0" [firmware/nnet_utils/nnet_activation_stream.h:51]   --->   Operation 51 'select' 'select_ln51_5' <Predicate = true> <Delay = 0.28> <CoreInst = "Sel">   --->   Core 73 'Sel' <Latency = 0> <II = 1> <Delay = 0.28> <FuncUnit> <Opcode : 'select'> <InPorts = 3> <OutPorts = 1>
ST_2 : Operation 52 [1/1] (0.89ns)   --->   "%icmp_ln51_3 = icmp_sgt  i20 %trunc_ln44_3, i20 0" [firmware/nnet_utils/nnet_activation_stream.h:51]   --->   Operation 52 'icmp' 'icmp_ln51_3' <Predicate = true> <Delay = 0.89> <CoreInst = "Cmp">   --->   Core 9 'Cmp' <Latency = 0> <II = 1> <Delay = 0.89> <FuncUnit> <Opcode : 'icmp'> <InPorts = 2> <OutPorts = 1>
ST_2 : Operation 53 [1/1] (0.00ns)   --->   "%trunc_ln52_9 = partselect i8 @_ssdm_op_PartSelect.i8.i400.i32.i32, i400 %layer2_out_read, i32 60, i32 67" [firmware/nnet_utils/nnet_activation_stream.h:52]   --->   Operation 53 'partselect' 'trunc_ln52_9' <Predicate = true> <Delay = 0.00>
ST_2 : Operation 54 [1/1] (0.00ns)   --->   "%trunc_ln52_7 = partselect i4 @_ssdm_op_PartSelect.i4.i400.i32.i32, i400 %layer2_out_read, i32 76, i32 79" [firmware/nnet_utils/nnet_activation_stream.h:52]   --->   Operation 54 'partselect' 'trunc_ln52_7' <Predicate = true> <Delay = 0.00>
ST_2 : Operation 55 [1/1] (0.38ns)   --->   "%select_ln51_6 = select i1 %icmp_ln51_3, i8 %trunc_ln52_9, i8 0" [firmware/nnet_utils/nnet_activation_stream.h:51]   --->   Operation 55 'select' 'select_ln51_6' <Predicate = true> <Delay = 0.38> <CoreInst = "Sel">   --->   Core 73 'Sel' <Latency = 0> <II = 1> <Delay = 0.38> <FuncUnit> <Opcode : 'select'> <InPorts = 3> <OutPorts = 1>
ST_2 : Operation 56 [1/1] (0.28ns)   --->   "%select_ln51_7 = select i1 %icmp_ln51_3, i4 %trunc_ln52_7, i4 0" [firmware/nnet_utils/nnet_activation_stream.h:51]   --->   Operation 56 'select' 'select_ln51_7' <Predicate = true> <Delay = 0.28> <CoreInst = "Sel">   --->   Core 73 'Sel' <Latency = 0> <II = 1> <Delay = 0.28> <FuncUnit> <Opcode : 'select'> <InPorts = 3> <OutPorts = 1>
ST_2 : Operation 57 [1/1] (0.89ns)   --->   "%icmp_ln51_4 = icmp_sgt  i20 %trunc_ln44_4, i20 0" [firmware/nnet_utils/nnet_activation_stream.h:51]   --->   Operation 57 'icmp' 'icmp_ln51_4' <Predicate = true> <Delay = 0.89> <CoreInst = "Cmp">   --->   Core 9 'Cmp' <Latency = 0> <II = 1> <Delay = 0.89> <FuncUnit> <Opcode : 'icmp'> <InPorts = 2> <OutPorts = 1>
ST_2 : Operation 58 [1/1] (0.00ns)   --->   "%trunc_ln52_s = partselect i8 @_ssdm_op_PartSelect.i8.i400.i32.i32, i400 %layer2_out_read, i32 80, i32 87" [firmware/nnet_utils/nnet_activation_stream.h:52]   --->   Operation 58 'partselect' 'trunc_ln52_s' <Predicate = true> <Delay = 0.00>
ST_2 : Operation 59 [1/1] (0.00ns)   --->   "%trunc_ln52_10 = partselect i4 @_ssdm_op_PartSelect.i4.i400.i32.i32, i400 %layer2_out_read, i32 96, i32 99" [firmware/nnet_utils/nnet_activation_stream.h:52]   --->   Operation 59 'partselect' 'trunc_ln52_10' <Predicate = true> <Delay = 0.00>
ST_2 : Operation 60 [1/1] (0.38ns)   --->   "%select_ln51_8 = select i1 %icmp_ln51_4, i8 %trunc_ln52_s, i8 0" [firmware/nnet_utils/nnet_activation_stream.h:51]   --->   Operation 60 'select' 'select_ln51_8' <Predicate = true> <Delay = 0.38> <CoreInst = "Sel">   --->   Core 73 'Sel' <Latency = 0> <II = 1> <Delay = 0.38> <FuncUnit> <Opcode : 'select'> <InPorts = 3> <OutPorts = 1>
ST_2 : Operation 61 [1/1] (0.28ns)   --->   "%select_ln51_9 = select i1 %icmp_ln51_4, i4 %trunc_ln52_10, i4 0" [firmware/nnet_utils/nnet_activation_stream.h:51]   --->   Operation 61 'select' 'select_ln51_9' <Predicate = true> <Delay = 0.28> <CoreInst = "Sel">   --->   Core 73 'Sel' <Latency = 0> <II = 1> <Delay = 0.28> <FuncUnit> <Opcode : 'select'> <InPorts = 3> <OutPorts = 1>
ST_2 : Operation 62 [1/1] (0.89ns)   --->   "%icmp_ln51_5 = icmp_sgt  i20 %trunc_ln44_5, i20 0" [firmware/nnet_utils/nnet_activation_stream.h:51]   --->   Operation 62 'icmp' 'icmp_ln51_5' <Predicate = true> <Delay = 0.89> <CoreInst = "Cmp">   --->   Core 9 'Cmp' <Latency = 0> <II = 1> <Delay = 0.89> <FuncUnit> <Opcode : 'icmp'> <InPorts = 2> <OutPorts = 1>
ST_2 : Operation 63 [1/1] (0.00ns)   --->   "%trunc_ln52_5 = partselect i8 @_ssdm_op_PartSelect.i8.i400.i32.i32, i400 %layer2_out_read, i32 100, i32 107" [firmware/nnet_utils/nnet_activation_stream.h:52]   --->   Operation 63 'partselect' 'trunc_ln52_5' <Predicate = true> <Delay = 0.00>
ST_2 : Operation 64 [1/1] (0.00ns)   --->   "%trunc_ln52_13 = partselect i4 @_ssdm_op_PartSelect.i4.i400.i32.i32, i400 %layer2_out_read, i32 116, i32 119" [firmware/nnet_utils/nnet_activation_stream.h:52]   --->   Operation 64 'partselect' 'trunc_ln52_13' <Predicate = true> <Delay = 0.00>
ST_2 : Operation 65 [1/1] (0.38ns)   --->   "%select_ln51_10 = select i1 %icmp_ln51_5, i8 %trunc_ln52_5, i8 0" [firmware/nnet_utils/nnet_activation_stream.h:51]   --->   Operation 65 'select' 'select_ln51_10' <Predicate = true> <Delay = 0.38> <CoreInst = "Sel">   --->   Core 73 'Sel' <Latency = 0> <II = 1> <Delay = 0.38> <FuncUnit> <Opcode : 'select'> <InPorts = 3> <OutPorts = 1>
ST_2 : Operation 66 [1/1] (0.28ns)   --->   "%select_ln51_11 = select i1 %icmp_ln51_5, i4 %trunc_ln52_13, i4 0" [firmware/nnet_utils/nnet_activation_stream.h:51]   --->   Operation 66 'select' 'select_ln51_11' <Predicate = true> <Delay = 0.28> <CoreInst = "Sel">   --->   Core 73 'Sel' <Latency = 0> <II = 1> <Delay = 0.28> <FuncUnit> <Opcode : 'select'> <InPorts = 3> <OutPorts = 1>
ST_2 : Operation 67 [1/1] (0.89ns)   --->   "%icmp_ln51_6 = icmp_sgt  i20 %trunc_ln44_6, i20 0" [firmware/nnet_utils/nnet_activation_stream.h:51]   --->   Operation 67 'icmp' 'icmp_ln51_6' <Predicate = true> <Delay = 0.89> <CoreInst = "Cmp">   --->   Core 9 'Cmp' <Latency = 0> <II = 1> <Delay = 0.89> <FuncUnit> <Opcode : 'icmp'> <InPorts = 2> <OutPorts = 1>
ST_2 : Operation 68 [1/1] (0.00ns)   --->   "%trunc_ln52_8 = partselect i8 @_ssdm_op_PartSelect.i8.i400.i32.i32, i400 %layer2_out_read, i32 120, i32 127" [firmware/nnet_utils/nnet_activation_stream.h:52]   --->   Operation 68 'partselect' 'trunc_ln52_8' <Predicate = true> <Delay = 0.00>
ST_2 : Operation 69 [1/1] (0.00ns)   --->   "%trunc_ln52_16 = partselect i4 @_ssdm_op_PartSelect.i4.i400.i32.i32, i400 %layer2_out_read, i32 136, i32 139" [firmware/nnet_utils/nnet_activation_stream.h:52]   --->   Operation 69 'partselect' 'trunc_ln52_16' <Predicate = true> <Delay = 0.00>
ST_2 : Operation 70 [1/1] (0.38ns)   --->   "%select_ln51_12 = select i1 %icmp_ln51_6, i8 %trunc_ln52_8, i8 0" [firmware/nnet_utils/nnet_activation_stream.h:51]   --->   Operation 70 'select' 'select_ln51_12' <Predicate = true> <Delay = 0.38> <CoreInst = "Sel">   --->   Core 73 'Sel' <Latency = 0> <II = 1> <Delay = 0.38> <FuncUnit> <Opcode : 'select'> <InPorts = 3> <OutPorts = 1>
ST_2 : Operation 71 [1/1] (0.28ns)   --->   "%select_ln51_13 = select i1 %icmp_ln51_6, i4 %trunc_ln52_16, i4 0" [firmware/nnet_utils/nnet_activation_stream.h:51]   --->   Operation 71 'select' 'select_ln51_13' <Predicate = true> <Delay = 0.28> <CoreInst = "Sel">   --->   Core 73 'Sel' <Latency = 0> <II = 1> <Delay = 0.28> <FuncUnit> <Opcode : 'select'> <InPorts = 3> <OutPorts = 1>
ST_2 : Operation 72 [1/1] (0.89ns)   --->   "%icmp_ln51_7 = icmp_sgt  i20 %trunc_ln44_7, i20 0" [firmware/nnet_utils/nnet_activation_stream.h:51]   --->   Operation 72 'icmp' 'icmp_ln51_7' <Predicate = true> <Delay = 0.89> <CoreInst = "Cmp">   --->   Core 9 'Cmp' <Latency = 0> <II = 1> <Delay = 0.89> <FuncUnit> <Opcode : 'icmp'> <InPorts = 2> <OutPorts = 1>
ST_2 : Operation 73 [1/1] (0.00ns)   --->   "%trunc_ln52_11 = partselect i8 @_ssdm_op_PartSelect.i8.i400.i32.i32, i400 %layer2_out_read, i32 140, i32 147" [firmware/nnet_utils/nnet_activation_stream.h:52]   --->   Operation 73 'partselect' 'trunc_ln52_11' <Predicate = true> <Delay = 0.00>
ST_2 : Operation 74 [1/1] (0.00ns)   --->   "%trunc_ln52_19 = partselect i4 @_ssdm_op_PartSelect.i4.i400.i32.i32, i400 %layer2_out_read, i32 156, i32 159" [firmware/nnet_utils/nnet_activation_stream.h:52]   --->   Operation 74 'partselect' 'trunc_ln52_19' <Predicate = true> <Delay = 0.00>
ST_2 : Operation 75 [1/1] (0.38ns)   --->   "%select_ln51_14 = select i1 %icmp_ln51_7, i8 %trunc_ln52_11, i8 0" [firmware/nnet_utils/nnet_activation_stream.h:51]   --->   Operation 75 'select' 'select_ln51_14' <Predicate = true> <Delay = 0.38> <CoreInst = "Sel">   --->   Core 73 'Sel' <Latency = 0> <II = 1> <Delay = 0.38> <FuncUnit> <Opcode : 'select'> <InPorts = 3> <OutPorts = 1>
ST_2 : Operation 76 [1/1] (0.28ns)   --->   "%select_ln51_15 = select i1 %icmp_ln51_7, i4 %trunc_ln52_19, i4 0" [firmware/nnet_utils/nnet_activation_stream.h:51]   --->   Operation 76 'select' 'select_ln51_15' <Predicate = true> <Delay = 0.28> <CoreInst = "Sel">   --->   Core 73 'Sel' <Latency = 0> <II = 1> <Delay = 0.28> <FuncUnit> <Opcode : 'select'> <InPorts = 3> <OutPorts = 1>
ST_2 : Operation 77 [1/1] (0.89ns)   --->   "%icmp_ln51_8 = icmp_sgt  i20 %trunc_ln44_8, i20 0" [firmware/nnet_utils/nnet_activation_stream.h:51]   --->   Operation 77 'icmp' 'icmp_ln51_8' <Predicate = true> <Delay = 0.89> <CoreInst = "Cmp">   --->   Core 9 'Cmp' <Latency = 0> <II = 1> <Delay = 0.89> <FuncUnit> <Opcode : 'icmp'> <InPorts = 2> <OutPorts = 1>
ST_2 : Operation 78 [1/1] (0.00ns)   --->   "%trunc_ln52_12 = partselect i8 @_ssdm_op_PartSelect.i8.i400.i32.i32, i400 %layer2_out_read, i32 160, i32 167" [firmware/nnet_utils/nnet_activation_stream.h:52]   --->   Operation 78 'partselect' 'trunc_ln52_12' <Predicate = true> <Delay = 0.00>
ST_2 : Operation 79 [1/1] (0.00ns)   --->   "%trunc_ln52_22 = partselect i4 @_ssdm_op_PartSelect.i4.i400.i32.i32, i400 %layer2_out_read, i32 176, i32 179" [firmware/nnet_utils/nnet_activation_stream.h:52]   --->   Operation 79 'partselect' 'trunc_ln52_22' <Predicate = true> <Delay = 0.00>
ST_2 : Operation 80 [1/1] (0.38ns)   --->   "%select_ln51_16 = select i1 %icmp_ln51_8, i8 %trunc_ln52_12, i8 0" [firmware/nnet_utils/nnet_activation_stream.h:51]   --->   Operation 80 'select' 'select_ln51_16' <Predicate = true> <Delay = 0.38> <CoreInst = "Sel">   --->   Core 73 'Sel' <Latency = 0> <II = 1> <Delay = 0.38> <FuncUnit> <Opcode : 'select'> <InPorts = 3> <OutPorts = 1>
ST_2 : Operation 81 [1/1] (0.28ns)   --->   "%select_ln51_17 = select i1 %icmp_ln51_8, i4 %trunc_ln52_22, i4 0" [firmware/nnet_utils/nnet_activation_stream.h:51]   --->   Operation 81 'select' 'select_ln51_17' <Predicate = true> <Delay = 0.28> <CoreInst = "Sel">   --->   Core 73 'Sel' <Latency = 0> <II = 1> <Delay = 0.28> <FuncUnit> <Opcode : 'select'> <InPorts = 3> <OutPorts = 1>
ST_2 : Operation 82 [1/1] (0.89ns)   --->   "%icmp_ln51_9 = icmp_sgt  i20 %trunc_ln44_9, i20 0" [firmware/nnet_utils/nnet_activation_stream.h:51]   --->   Operation 82 'icmp' 'icmp_ln51_9' <Predicate = true> <Delay = 0.89> <CoreInst = "Cmp">   --->   Core 9 'Cmp' <Latency = 0> <II = 1> <Delay = 0.89> <FuncUnit> <Opcode : 'icmp'> <InPorts = 2> <OutPorts = 1>
ST_2 : Operation 83 [1/1] (0.00ns)   --->   "%trunc_ln52_14 = partselect i8 @_ssdm_op_PartSelect.i8.i400.i32.i32, i400 %layer2_out_read, i32 180, i32 187" [firmware/nnet_utils/nnet_activation_stream.h:52]   --->   Operation 83 'partselect' 'trunc_ln52_14' <Predicate = true> <Delay = 0.00>
ST_2 : Operation 84 [1/1] (0.00ns)   --->   "%trunc_ln52_25 = partselect i4 @_ssdm_op_PartSelect.i4.i400.i32.i32, i400 %layer2_out_read, i32 196, i32 199" [firmware/nnet_utils/nnet_activation_stream.h:52]   --->   Operation 84 'partselect' 'trunc_ln52_25' <Predicate = true> <Delay = 0.00>
ST_2 : Operation 85 [1/1] (0.38ns)   --->   "%select_ln51_18 = select i1 %icmp_ln51_9, i8 %trunc_ln52_14, i8 0" [firmware/nnet_utils/nnet_activation_stream.h:51]   --->   Operation 85 'select' 'select_ln51_18' <Predicate = true> <Delay = 0.38> <CoreInst = "Sel">   --->   Core 73 'Sel' <Latency = 0> <II = 1> <Delay = 0.38> <FuncUnit> <Opcode : 'select'> <InPorts = 3> <OutPorts = 1>
ST_2 : Operation 86 [1/1] (0.28ns)   --->   "%select_ln51_19 = select i1 %icmp_ln51_9, i4 %trunc_ln52_25, i4 0" [firmware/nnet_utils/nnet_activation_stream.h:51]   --->   Operation 86 'select' 'select_ln51_19' <Predicate = true> <Delay = 0.28> <CoreInst = "Sel">   --->   Core 73 'Sel' <Latency = 0> <II = 1> <Delay = 0.28> <FuncUnit> <Opcode : 'select'> <InPorts = 3> <OutPorts = 1>
ST_2 : Operation 87 [1/1] (0.89ns)   --->   "%icmp_ln51_10 = icmp_sgt  i20 %trunc_ln44_s, i20 0" [firmware/nnet_utils/nnet_activation_stream.h:51]   --->   Operation 87 'icmp' 'icmp_ln51_10' <Predicate = true> <Delay = 0.89> <CoreInst = "Cmp">   --->   Core 9 'Cmp' <Latency = 0> <II = 1> <Delay = 0.89> <FuncUnit> <Opcode : 'icmp'> <InPorts = 2> <OutPorts = 1>
ST_2 : Operation 88 [1/1] (0.00ns)   --->   "%trunc_ln52_15 = partselect i8 @_ssdm_op_PartSelect.i8.i400.i32.i32, i400 %layer2_out_read, i32 200, i32 207" [firmware/nnet_utils/nnet_activation_stream.h:52]   --->   Operation 88 'partselect' 'trunc_ln52_15' <Predicate = true> <Delay = 0.00>
ST_2 : Operation 89 [1/1] (0.00ns)   --->   "%trunc_ln52_28 = partselect i4 @_ssdm_op_PartSelect.i4.i400.i32.i32, i400 %layer2_out_read, i32 216, i32 219" [firmware/nnet_utils/nnet_activation_stream.h:52]   --->   Operation 89 'partselect' 'trunc_ln52_28' <Predicate = true> <Delay = 0.00>
ST_2 : Operation 90 [1/1] (0.38ns)   --->   "%select_ln51_20 = select i1 %icmp_ln51_10, i8 %trunc_ln52_15, i8 0" [firmware/nnet_utils/nnet_activation_stream.h:51]   --->   Operation 90 'select' 'select_ln51_20' <Predicate = true> <Delay = 0.38> <CoreInst = "Sel">   --->   Core 73 'Sel' <Latency = 0> <II = 1> <Delay = 0.38> <FuncUnit> <Opcode : 'select'> <InPorts = 3> <OutPorts = 1>
ST_2 : Operation 91 [1/1] (0.28ns)   --->   "%select_ln51_21 = select i1 %icmp_ln51_10, i4 %trunc_ln52_28, i4 0" [firmware/nnet_utils/nnet_activation_stream.h:51]   --->   Operation 91 'select' 'select_ln51_21' <Predicate = true> <Delay = 0.28> <CoreInst = "Sel">   --->   Core 73 'Sel' <Latency = 0> <II = 1> <Delay = 0.28> <FuncUnit> <Opcode : 'select'> <InPorts = 3> <OutPorts = 1>
ST_2 : Operation 92 [1/1] (0.89ns)   --->   "%icmp_ln51_11 = icmp_sgt  i20 %trunc_ln44_10, i20 0" [firmware/nnet_utils/nnet_activation_stream.h:51]   --->   Operation 92 'icmp' 'icmp_ln51_11' <Predicate = true> <Delay = 0.89> <CoreInst = "Cmp">   --->   Core 9 'Cmp' <Latency = 0> <II = 1> <Delay = 0.89> <FuncUnit> <Opcode : 'icmp'> <InPorts = 2> <OutPorts = 1>
ST_2 : Operation 93 [1/1] (0.00ns)   --->   "%trunc_ln52_17 = partselect i8 @_ssdm_op_PartSelect.i8.i400.i32.i32, i400 %layer2_out_read, i32 220, i32 227" [firmware/nnet_utils/nnet_activation_stream.h:52]   --->   Operation 93 'partselect' 'trunc_ln52_17' <Predicate = true> <Delay = 0.00>
ST_2 : Operation 94 [1/1] (0.00ns)   --->   "%trunc_ln52_29 = partselect i4 @_ssdm_op_PartSelect.i4.i400.i32.i32, i400 %layer2_out_read, i32 236, i32 239" [firmware/nnet_utils/nnet_activation_stream.h:52]   --->   Operation 94 'partselect' 'trunc_ln52_29' <Predicate = true> <Delay = 0.00>
ST_2 : Operation 95 [1/1] (0.38ns)   --->   "%select_ln51_22 = select i1 %icmp_ln51_11, i8 %trunc_ln52_17, i8 0" [firmware/nnet_utils/nnet_activation_stream.h:51]   --->   Operation 95 'select' 'select_ln51_22' <Predicate = true> <Delay = 0.38> <CoreInst = "Sel">   --->   Core 73 'Sel' <Latency = 0> <II = 1> <Delay = 0.38> <FuncUnit> <Opcode : 'select'> <InPorts = 3> <OutPorts = 1>
ST_2 : Operation 96 [1/1] (0.28ns)   --->   "%select_ln51_23 = select i1 %icmp_ln51_11, i4 %trunc_ln52_29, i4 0" [firmware/nnet_utils/nnet_activation_stream.h:51]   --->   Operation 96 'select' 'select_ln51_23' <Predicate = true> <Delay = 0.28> <CoreInst = "Sel">   --->   Core 73 'Sel' <Latency = 0> <II = 1> <Delay = 0.28> <FuncUnit> <Opcode : 'select'> <InPorts = 3> <OutPorts = 1>
ST_2 : Operation 97 [1/1] (0.89ns)   --->   "%icmp_ln51_12 = icmp_sgt  i20 %trunc_ln44_11, i20 0" [firmware/nnet_utils/nnet_activation_stream.h:51]   --->   Operation 97 'icmp' 'icmp_ln51_12' <Predicate = true> <Delay = 0.89> <CoreInst = "Cmp">   --->   Core 9 'Cmp' <Latency = 0> <II = 1> <Delay = 0.89> <FuncUnit> <Opcode : 'icmp'> <InPorts = 2> <OutPorts = 1>
ST_2 : Operation 98 [1/1] (0.00ns)   --->   "%trunc_ln52_18 = partselect i8 @_ssdm_op_PartSelect.i8.i400.i32.i32, i400 %layer2_out_read, i32 240, i32 247" [firmware/nnet_utils/nnet_activation_stream.h:52]   --->   Operation 98 'partselect' 'trunc_ln52_18' <Predicate = true> <Delay = 0.00>
ST_2 : Operation 99 [1/1] (0.00ns)   --->   "%trunc_ln52_30 = partselect i4 @_ssdm_op_PartSelect.i4.i400.i32.i32, i400 %layer2_out_read, i32 256, i32 259" [firmware/nnet_utils/nnet_activation_stream.h:52]   --->   Operation 99 'partselect' 'trunc_ln52_30' <Predicate = true> <Delay = 0.00>
ST_2 : Operation 100 [1/1] (0.38ns)   --->   "%select_ln51_24 = select i1 %icmp_ln51_12, i8 %trunc_ln52_18, i8 0" [firmware/nnet_utils/nnet_activation_stream.h:51]   --->   Operation 100 'select' 'select_ln51_24' <Predicate = true> <Delay = 0.38> <CoreInst = "Sel">   --->   Core 73 'Sel' <Latency = 0> <II = 1> <Delay = 0.38> <FuncUnit> <Opcode : 'select'> <InPorts = 3> <OutPorts = 1>
ST_2 : Operation 101 [1/1] (0.28ns)   --->   "%select_ln51_25 = select i1 %icmp_ln51_12, i4 %trunc_ln52_30, i4 0" [firmware/nnet_utils/nnet_activation_stream.h:51]   --->   Operation 101 'select' 'select_ln51_25' <Predicate = true> <Delay = 0.28> <CoreInst = "Sel">   --->   Core 73 'Sel' <Latency = 0> <II = 1> <Delay = 0.28> <FuncUnit> <Opcode : 'select'> <InPorts = 3> <OutPorts = 1>
ST_2 : Operation 102 [1/1] (0.89ns)   --->   "%icmp_ln51_13 = icmp_sgt  i20 %trunc_ln44_12, i20 0" [firmware/nnet_utils/nnet_activation_stream.h:51]   --->   Operation 102 'icmp' 'icmp_ln51_13' <Predicate = true> <Delay = 0.89> <CoreInst = "Cmp">   --->   Core 9 'Cmp' <Latency = 0> <II = 1> <Delay = 0.89> <FuncUnit> <Opcode : 'icmp'> <InPorts = 2> <OutPorts = 1>
ST_2 : Operation 103 [1/1] (0.00ns)   --->   "%trunc_ln52_20 = partselect i8 @_ssdm_op_PartSelect.i8.i400.i32.i32, i400 %layer2_out_read, i32 260, i32 267" [firmware/nnet_utils/nnet_activation_stream.h:52]   --->   Operation 103 'partselect' 'trunc_ln52_20' <Predicate = true> <Delay = 0.00>
ST_2 : Operation 104 [1/1] (0.00ns)   --->   "%trunc_ln52_31 = partselect i4 @_ssdm_op_PartSelect.i4.i400.i32.i32, i400 %layer2_out_read, i32 276, i32 279" [firmware/nnet_utils/nnet_activation_stream.h:52]   --->   Operation 104 'partselect' 'trunc_ln52_31' <Predicate = true> <Delay = 0.00>
ST_2 : Operation 105 [1/1] (0.38ns)   --->   "%select_ln51_26 = select i1 %icmp_ln51_13, i8 %trunc_ln52_20, i8 0" [firmware/nnet_utils/nnet_activation_stream.h:51]   --->   Operation 105 'select' 'select_ln51_26' <Predicate = true> <Delay = 0.38> <CoreInst = "Sel">   --->   Core 73 'Sel' <Latency = 0> <II = 1> <Delay = 0.38> <FuncUnit> <Opcode : 'select'> <InPorts = 3> <OutPorts = 1>
ST_2 : Operation 106 [1/1] (0.28ns)   --->   "%select_ln51_27 = select i1 %icmp_ln51_13, i4 %trunc_ln52_31, i4 0" [firmware/nnet_utils/nnet_activation_stream.h:51]   --->   Operation 106 'select' 'select_ln51_27' <Predicate = true> <Delay = 0.28> <CoreInst = "Sel">   --->   Core 73 'Sel' <Latency = 0> <II = 1> <Delay = 0.28> <FuncUnit> <Opcode : 'select'> <InPorts = 3> <OutPorts = 1>
ST_2 : Operation 107 [1/1] (0.89ns)   --->   "%icmp_ln51_14 = icmp_sgt  i20 %trunc_ln44_13, i20 0" [firmware/nnet_utils/nnet_activation_stream.h:51]   --->   Operation 107 'icmp' 'icmp_ln51_14' <Predicate = true> <Delay = 0.89> <CoreInst = "Cmp">   --->   Core 9 'Cmp' <Latency = 0> <II = 1> <Delay = 0.89> <FuncUnit> <Opcode : 'icmp'> <InPorts = 2> <OutPorts = 1>
ST_2 : Operation 108 [1/1] (0.00ns)   --->   "%trunc_ln52_21 = partselect i8 @_ssdm_op_PartSelect.i8.i400.i32.i32, i400 %layer2_out_read, i32 280, i32 287" [firmware/nnet_utils/nnet_activation_stream.h:52]   --->   Operation 108 'partselect' 'trunc_ln52_21' <Predicate = true> <Delay = 0.00>
ST_2 : Operation 109 [1/1] (0.00ns)   --->   "%trunc_ln52_32 = partselect i4 @_ssdm_op_PartSelect.i4.i400.i32.i32, i400 %layer2_out_read, i32 296, i32 299" [firmware/nnet_utils/nnet_activation_stream.h:52]   --->   Operation 109 'partselect' 'trunc_ln52_32' <Predicate = true> <Delay = 0.00>
ST_2 : Operation 110 [1/1] (0.38ns)   --->   "%select_ln51_28 = select i1 %icmp_ln51_14, i8 %trunc_ln52_21, i8 0" [firmware/nnet_utils/nnet_activation_stream.h:51]   --->   Operation 110 'select' 'select_ln51_28' <Predicate = true> <Delay = 0.38> <CoreInst = "Sel">   --->   Core 73 'Sel' <Latency = 0> <II = 1> <Delay = 0.38> <FuncUnit> <Opcode : 'select'> <InPorts = 3> <OutPorts = 1>
ST_2 : Operation 111 [1/1] (0.28ns)   --->   "%select_ln51_29 = select i1 %icmp_ln51_14, i4 %trunc_ln52_32, i4 0" [firmware/nnet_utils/nnet_activation_stream.h:51]   --->   Operation 111 'select' 'select_ln51_29' <Predicate = true> <Delay = 0.28> <CoreInst = "Sel">   --->   Core 73 'Sel' <Latency = 0> <II = 1> <Delay = 0.28> <FuncUnit> <Opcode : 'select'> <InPorts = 3> <OutPorts = 1>
ST_2 : Operation 112 [1/1] (0.89ns)   --->   "%icmp_ln51_15 = icmp_sgt  i20 %trunc_ln44_14, i20 0" [firmware/nnet_utils/nnet_activation_stream.h:51]   --->   Operation 112 'icmp' 'icmp_ln51_15' <Predicate = true> <Delay = 0.89> <CoreInst = "Cmp">   --->   Core 9 'Cmp' <Latency = 0> <II = 1> <Delay = 0.89> <FuncUnit> <Opcode : 'icmp'> <InPorts = 2> <OutPorts = 1>
ST_2 : Operation 113 [1/1] (0.00ns)   --->   "%trunc_ln52_23 = partselect i8 @_ssdm_op_PartSelect.i8.i400.i32.i32, i400 %layer2_out_read, i32 300, i32 307" [firmware/nnet_utils/nnet_activation_stream.h:52]   --->   Operation 113 'partselect' 'trunc_ln52_23' <Predicate = true> <Delay = 0.00>
ST_2 : Operation 114 [1/1] (0.00ns)   --->   "%trunc_ln52_33 = partselect i4 @_ssdm_op_PartSelect.i4.i400.i32.i32, i400 %layer2_out_read, i32 316, i32 319" [firmware/nnet_utils/nnet_activation_stream.h:52]   --->   Operation 114 'partselect' 'trunc_ln52_33' <Predicate = true> <Delay = 0.00>
ST_2 : Operation 115 [1/1] (0.38ns)   --->   "%select_ln51_30 = select i1 %icmp_ln51_15, i8 %trunc_ln52_23, i8 0" [firmware/nnet_utils/nnet_activation_stream.h:51]   --->   Operation 115 'select' 'select_ln51_30' <Predicate = true> <Delay = 0.38> <CoreInst = "Sel">   --->   Core 73 'Sel' <Latency = 0> <II = 1> <Delay = 0.38> <FuncUnit> <Opcode : 'select'> <InPorts = 3> <OutPorts = 1>
ST_2 : Operation 116 [1/1] (0.28ns)   --->   "%select_ln51_31 = select i1 %icmp_ln51_15, i4 %trunc_ln52_33, i4 0" [firmware/nnet_utils/nnet_activation_stream.h:51]   --->   Operation 116 'select' 'select_ln51_31' <Predicate = true> <Delay = 0.28> <CoreInst = "Sel">   --->   Core 73 'Sel' <Latency = 0> <II = 1> <Delay = 0.28> <FuncUnit> <Opcode : 'select'> <InPorts = 3> <OutPorts = 1>
ST_2 : Operation 117 [1/1] (0.89ns)   --->   "%icmp_ln51_16 = icmp_sgt  i20 %trunc_ln44_15, i20 0" [firmware/nnet_utils/nnet_activation_stream.h:51]   --->   Operation 117 'icmp' 'icmp_ln51_16' <Predicate = true> <Delay = 0.89> <CoreInst = "Cmp">   --->   Core 9 'Cmp' <Latency = 0> <II = 1> <Delay = 0.89> <FuncUnit> <Opcode : 'icmp'> <InPorts = 2> <OutPorts = 1>
ST_2 : Operation 118 [1/1] (0.00ns)   --->   "%trunc_ln52_24 = partselect i8 @_ssdm_op_PartSelect.i8.i400.i32.i32, i400 %layer2_out_read, i32 320, i32 327" [firmware/nnet_utils/nnet_activation_stream.h:52]   --->   Operation 118 'partselect' 'trunc_ln52_24' <Predicate = true> <Delay = 0.00>
ST_2 : Operation 119 [1/1] (0.00ns)   --->   "%trunc_ln52_34 = partselect i4 @_ssdm_op_PartSelect.i4.i400.i32.i32, i400 %layer2_out_read, i32 336, i32 339" [firmware/nnet_utils/nnet_activation_stream.h:52]   --->   Operation 119 'partselect' 'trunc_ln52_34' <Predicate = true> <Delay = 0.00>
ST_2 : Operation 120 [1/1] (0.38ns)   --->   "%select_ln51_32 = select i1 %icmp_ln51_16, i8 %trunc_ln52_24, i8 0" [firmware/nnet_utils/nnet_activation_stream.h:51]   --->   Operation 120 'select' 'select_ln51_32' <Predicate = true> <Delay = 0.38> <CoreInst = "Sel">   --->   Core 73 'Sel' <Latency = 0> <II = 1> <Delay = 0.38> <FuncUnit> <Opcode : 'select'> <InPorts = 3> <OutPorts = 1>
ST_2 : Operation 121 [1/1] (0.28ns)   --->   "%select_ln51_33 = select i1 %icmp_ln51_16, i4 %trunc_ln52_34, i4 0" [firmware/nnet_utils/nnet_activation_stream.h:51]   --->   Operation 121 'select' 'select_ln51_33' <Predicate = true> <Delay = 0.28> <CoreInst = "Sel">   --->   Core 73 'Sel' <Latency = 0> <II = 1> <Delay = 0.28> <FuncUnit> <Opcode : 'select'> <InPorts = 3> <OutPorts = 1>
ST_2 : Operation 122 [1/1] (0.89ns)   --->   "%icmp_ln51_17 = icmp_sgt  i20 %trunc_ln44_16, i20 0" [firmware/nnet_utils/nnet_activation_stream.h:51]   --->   Operation 122 'icmp' 'icmp_ln51_17' <Predicate = true> <Delay = 0.89> <CoreInst = "Cmp">   --->   Core 9 'Cmp' <Latency = 0> <II = 1> <Delay = 0.89> <FuncUnit> <Opcode : 'icmp'> <InPorts = 2> <OutPorts = 1>
ST_2 : Operation 123 [1/1] (0.00ns)   --->   "%trunc_ln52_26 = partselect i8 @_ssdm_op_PartSelect.i8.i400.i32.i32, i400 %layer2_out_read, i32 340, i32 347" [firmware/nnet_utils/nnet_activation_stream.h:52]   --->   Operation 123 'partselect' 'trunc_ln52_26' <Predicate = true> <Delay = 0.00>
ST_2 : Operation 124 [1/1] (0.00ns)   --->   "%trunc_ln52_35 = partselect i4 @_ssdm_op_PartSelect.i4.i400.i32.i32, i400 %layer2_out_read, i32 356, i32 359" [firmware/nnet_utils/nnet_activation_stream.h:52]   --->   Operation 124 'partselect' 'trunc_ln52_35' <Predicate = true> <Delay = 0.00>
ST_2 : Operation 125 [1/1] (0.38ns)   --->   "%select_ln51_34 = select i1 %icmp_ln51_17, i8 %trunc_ln52_26, i8 0" [firmware/nnet_utils/nnet_activation_stream.h:51]   --->   Operation 125 'select' 'select_ln51_34' <Predicate = true> <Delay = 0.38> <CoreInst = "Sel">   --->   Core 73 'Sel' <Latency = 0> <II = 1> <Delay = 0.38> <FuncUnit> <Opcode : 'select'> <InPorts = 3> <OutPorts = 1>
ST_2 : Operation 126 [1/1] (0.28ns)   --->   "%select_ln51_35 = select i1 %icmp_ln51_17, i4 %trunc_ln52_35, i4 0" [firmware/nnet_utils/nnet_activation_stream.h:51]   --->   Operation 126 'select' 'select_ln51_35' <Predicate = true> <Delay = 0.28> <CoreInst = "Sel">   --->   Core 73 'Sel' <Latency = 0> <II = 1> <Delay = 0.28> <FuncUnit> <Opcode : 'select'> <InPorts = 3> <OutPorts = 1>
ST_2 : Operation 127 [1/1] (0.89ns)   --->   "%icmp_ln51_18 = icmp_sgt  i20 %trunc_ln44_17, i20 0" [firmware/nnet_utils/nnet_activation_stream.h:51]   --->   Operation 127 'icmp' 'icmp_ln51_18' <Predicate = true> <Delay = 0.89> <CoreInst = "Cmp">   --->   Core 9 'Cmp' <Latency = 0> <II = 1> <Delay = 0.89> <FuncUnit> <Opcode : 'icmp'> <InPorts = 2> <OutPorts = 1>
ST_2 : Operation 128 [1/1] (0.00ns)   --->   "%trunc_ln52_27 = partselect i8 @_ssdm_op_PartSelect.i8.i400.i32.i32, i400 %layer2_out_read, i32 360, i32 367" [firmware/nnet_utils/nnet_activation_stream.h:52]   --->   Operation 128 'partselect' 'trunc_ln52_27' <Predicate = true> <Delay = 0.00>
ST_2 : Operation 129 [1/1] (0.00ns)   --->   "%trunc_ln52_36 = partselect i4 @_ssdm_op_PartSelect.i4.i400.i32.i32, i400 %layer2_out_read, i32 376, i32 379" [firmware/nnet_utils/nnet_activation_stream.h:52]   --->   Operation 129 'partselect' 'trunc_ln52_36' <Predicate = true> <Delay = 0.00>
ST_2 : Operation 130 [1/1] (0.38ns)   --->   "%select_ln51_36 = select i1 %icmp_ln51_18, i8 %trunc_ln52_27, i8 0" [firmware/nnet_utils/nnet_activation_stream.h:51]   --->   Operation 130 'select' 'select_ln51_36' <Predicate = true> <Delay = 0.38> <CoreInst = "Sel">   --->   Core 73 'Sel' <Latency = 0> <II = 1> <Delay = 0.38> <FuncUnit> <Opcode : 'select'> <InPorts = 3> <OutPorts = 1>
ST_2 : Operation 131 [1/1] (0.28ns)   --->   "%select_ln51_37 = select i1 %icmp_ln51_18, i4 %trunc_ln52_36, i4 0" [firmware/nnet_utils/nnet_activation_stream.h:51]   --->   Operation 131 'select' 'select_ln51_37' <Predicate = true> <Delay = 0.28> <CoreInst = "Sel">   --->   Core 73 'Sel' <Latency = 0> <II = 1> <Delay = 0.28> <FuncUnit> <Opcode : 'select'> <InPorts = 3> <OutPorts = 1>
ST_2 : Operation 132 [1/1] (0.89ns)   --->   "%icmp_ln51_19 = icmp_sgt  i20 %trunc_ln44_18, i20 0" [firmware/nnet_utils/nnet_activation_stream.h:51]   --->   Operation 132 'icmp' 'icmp_ln51_19' <Predicate = true> <Delay = 0.89> <CoreInst = "Cmp">   --->   Core 9 'Cmp' <Latency = 0> <II = 1> <Delay = 0.89> <FuncUnit> <Opcode : 'icmp'> <InPorts = 2> <OutPorts = 1>
ST_2 : Operation 133 [1/1] (0.00ns)   --->   "%trunc_ln52_37 = partselect i8 @_ssdm_op_PartSelect.i8.i400.i32.i32, i400 %layer2_out_read, i32 380, i32 387" [firmware/nnet_utils/nnet_activation_stream.h:52]   --->   Operation 133 'partselect' 'trunc_ln52_37' <Predicate = true> <Delay = 0.00>
ST_2 : Operation 134 [1/1] (0.00ns)   --->   "%trunc_ln52_38 = partselect i4 @_ssdm_op_PartSelect.i4.i400.i32.i32, i400 %layer2_out_read, i32 396, i32 399" [firmware/nnet_utils/nnet_activation_stream.h:52]   --->   Operation 134 'partselect' 'trunc_ln52_38' <Predicate = true> <Delay = 0.00>
ST_2 : Operation 135 [1/1] (0.38ns)   --->   "%select_ln51_38 = select i1 %icmp_ln51_19, i8 %trunc_ln52_37, i8 0" [firmware/nnet_utils/nnet_activation_stream.h:51]   --->   Operation 135 'select' 'select_ln51_38' <Predicate = true> <Delay = 0.38> <CoreInst = "Sel">   --->   Core 73 'Sel' <Latency = 0> <II = 1> <Delay = 0.38> <FuncUnit> <Opcode : 'select'> <InPorts = 3> <OutPorts = 1>
ST_2 : Operation 136 [1/1] (0.28ns)   --->   "%select_ln51_39 = select i1 %icmp_ln51_19, i4 %trunc_ln52_38, i4 0" [firmware/nnet_utils/nnet_activation_stream.h:51]   --->   Operation 136 'select' 'select_ln51_39' <Predicate = true> <Delay = 0.28> <CoreInst = "Sel">   --->   Core 73 'Sel' <Latency = 0> <II = 1> <Delay = 0.28> <FuncUnit> <Opcode : 'select'> <InPorts = 3> <OutPorts = 1>
ST_2 : Operation 137 [1/1] (0.00ns)   --->   "%tmp = partselect i8 @_ssdm_op_PartSelect.i8.i400.i32.i32, i400 %layer2_out_read, i32 388, i32 395" [firmware/nnet_utils/nnet_activation_stream.h:57]   --->   Operation 137 'partselect' 'tmp' <Predicate = true> <Delay = 0.00>
ST_2 : Operation 138 [1/1] (0.38ns)   --->   "%select_ln51_40 = select i1 %icmp_ln51_19, i8 %tmp, i8 0" [firmware/nnet_utils/nnet_activation_stream.h:51]   --->   Operation 138 'select' 'select_ln51_40' <Predicate = true> <Delay = 0.38> <CoreInst = "Sel">   --->   Core 73 'Sel' <Latency = 0> <II = 1> <Delay = 0.38> <FuncUnit> <Opcode : 'select'> <InPorts = 3> <OutPorts = 1>
ST_2 : Operation 139 [1/1] (0.00ns)   --->   "%tmp_1 = partselect i8 @_ssdm_op_PartSelect.i8.i400.i32.i32, i400 %layer2_out_read, i32 368, i32 375" [firmware/nnet_utils/nnet_activation_stream.h:57]   --->   Operation 139 'partselect' 'tmp_1' <Predicate = true> <Delay = 0.00>
ST_2 : Operation 140 [1/1] (0.38ns)   --->   "%select_ln51_41 = select i1 %icmp_ln51_18, i8 %tmp_1, i8 0" [firmware/nnet_utils/nnet_activation_stream.h:51]   --->   Operation 140 'select' 'select_ln51_41' <Predicate = true> <Delay = 0.38> <CoreInst = "Sel">   --->   Core 73 'Sel' <Latency = 0> <II = 1> <Delay = 0.38> <FuncUnit> <Opcode : 'select'> <InPorts = 3> <OutPorts = 1>
ST_2 : Operation 141 [1/1] (0.00ns)   --->   "%tmp_2 = partselect i8 @_ssdm_op_PartSelect.i8.i400.i32.i32, i400 %layer2_out_read, i32 348, i32 355" [firmware/nnet_utils/nnet_activation_stream.h:57]   --->   Operation 141 'partselect' 'tmp_2' <Predicate = true> <Delay = 0.00>
ST_2 : Operation 142 [1/1] (0.38ns)   --->   "%select_ln51_42 = select i1 %icmp_ln51_17, i8 %tmp_2, i8 0" [firmware/nnet_utils/nnet_activation_stream.h:51]   --->   Operation 142 'select' 'select_ln51_42' <Predicate = true> <Delay = 0.38> <CoreInst = "Sel">   --->   Core 73 'Sel' <Latency = 0> <II = 1> <Delay = 0.38> <FuncUnit> <Opcode : 'select'> <InPorts = 3> <OutPorts = 1>
ST_2 : Operation 143 [1/1] (0.00ns)   --->   "%tmp_3 = partselect i8 @_ssdm_op_PartSelect.i8.i400.i32.i32, i400 %layer2_out_read, i32 328, i32 335" [firmware/nnet_utils/nnet_activation_stream.h:57]   --->   Operation 143 'partselect' 'tmp_3' <Predicate = true> <Delay = 0.00>
ST_2 : Operation 144 [1/1] (0.38ns)   --->   "%select_ln51_43 = select i1 %icmp_ln51_16, i8 %tmp_3, i8 0" [firmware/nnet_utils/nnet_activation_stream.h:51]   --->   Operation 144 'select' 'select_ln51_43' <Predicate = true> <Delay = 0.38> <CoreInst = "Sel">   --->   Core 73 'Sel' <Latency = 0> <II = 1> <Delay = 0.38> <FuncUnit> <Opcode : 'select'> <InPorts = 3> <OutPorts = 1>
ST_2 : Operation 145 [1/1] (0.00ns)   --->   "%tmp_4 = partselect i8 @_ssdm_op_PartSelect.i8.i400.i32.i32, i400 %layer2_out_read, i32 308, i32 315" [firmware/nnet_utils/nnet_activation_stream.h:57]   --->   Operation 145 'partselect' 'tmp_4' <Predicate = true> <Delay = 0.00>
ST_2 : Operation 146 [1/1] (0.38ns)   --->   "%select_ln51_44 = select i1 %icmp_ln51_15, i8 %tmp_4, i8 0" [firmware/nnet_utils/nnet_activation_stream.h:51]   --->   Operation 146 'select' 'select_ln51_44' <Predicate = true> <Delay = 0.38> <CoreInst = "Sel">   --->   Core 73 'Sel' <Latency = 0> <II = 1> <Delay = 0.38> <FuncUnit> <Opcode : 'select'> <InPorts = 3> <OutPorts = 1>
ST_2 : Operation 147 [1/1] (0.00ns)   --->   "%tmp_5 = partselect i8 @_ssdm_op_PartSelect.i8.i400.i32.i32, i400 %layer2_out_read, i32 288, i32 295" [firmware/nnet_utils/nnet_activation_stream.h:57]   --->   Operation 147 'partselect' 'tmp_5' <Predicate = true> <Delay = 0.00>
ST_2 : Operation 148 [1/1] (0.38ns)   --->   "%select_ln51_45 = select i1 %icmp_ln51_14, i8 %tmp_5, i8 0" [firmware/nnet_utils/nnet_activation_stream.h:51]   --->   Operation 148 'select' 'select_ln51_45' <Predicate = true> <Delay = 0.38> <CoreInst = "Sel">   --->   Core 73 'Sel' <Latency = 0> <II = 1> <Delay = 0.38> <FuncUnit> <Opcode : 'select'> <InPorts = 3> <OutPorts = 1>
ST_2 : Operation 149 [1/1] (0.00ns)   --->   "%tmp_6 = partselect i8 @_ssdm_op_PartSelect.i8.i400.i32.i32, i400 %layer2_out_read, i32 268, i32 275" [firmware/nnet_utils/nnet_activation_stream.h:57]   --->   Operation 149 'partselect' 'tmp_6' <Predicate = true> <Delay = 0.00>
ST_2 : Operation 150 [1/1] (0.38ns)   --->   "%select_ln51_46 = select i1 %icmp_ln51_13, i8 %tmp_6, i8 0" [firmware/nnet_utils/nnet_activation_stream.h:51]   --->   Operation 150 'select' 'select_ln51_46' <Predicate = true> <Delay = 0.38> <CoreInst = "Sel">   --->   Core 73 'Sel' <Latency = 0> <II = 1> <Delay = 0.38> <FuncUnit> <Opcode : 'select'> <InPorts = 3> <OutPorts = 1>
ST_2 : Operation 151 [1/1] (0.00ns)   --->   "%tmp_7 = partselect i8 @_ssdm_op_PartSelect.i8.i400.i32.i32, i400 %layer2_out_read, i32 248, i32 255" [firmware/nnet_utils/nnet_activation_stream.h:57]   --->   Operation 151 'partselect' 'tmp_7' <Predicate = true> <Delay = 0.00>
ST_2 : Operation 152 [1/1] (0.38ns)   --->   "%select_ln51_47 = select i1 %icmp_ln51_12, i8 %tmp_7, i8 0" [firmware/nnet_utils/nnet_activation_stream.h:51]   --->   Operation 152 'select' 'select_ln51_47' <Predicate = true> <Delay = 0.38> <CoreInst = "Sel">   --->   Core 73 'Sel' <Latency = 0> <II = 1> <Delay = 0.38> <FuncUnit> <Opcode : 'select'> <InPorts = 3> <OutPorts = 1>
ST_2 : Operation 153 [1/1] (0.00ns)   --->   "%tmp_8 = partselect i8 @_ssdm_op_PartSelect.i8.i400.i32.i32, i400 %layer2_out_read, i32 228, i32 235" [firmware/nnet_utils/nnet_activation_stream.h:57]   --->   Operation 153 'partselect' 'tmp_8' <Predicate = true> <Delay = 0.00>
ST_2 : Operation 154 [1/1] (0.38ns)   --->   "%select_ln51_48 = select i1 %icmp_ln51_11, i8 %tmp_8, i8 0" [firmware/nnet_utils/nnet_activation_stream.h:51]   --->   Operation 154 'select' 'select_ln51_48' <Predicate = true> <Delay = 0.38> <CoreInst = "Sel">   --->   Core 73 'Sel' <Latency = 0> <II = 1> <Delay = 0.38> <FuncUnit> <Opcode : 'select'> <InPorts = 3> <OutPorts = 1>
ST_2 : Operation 155 [1/1] (0.00ns)   --->   "%tmp_9 = partselect i8 @_ssdm_op_PartSelect.i8.i400.i32.i32, i400 %layer2_out_read, i32 208, i32 215" [firmware/nnet_utils/nnet_activation_stream.h:57]   --->   Operation 155 'partselect' 'tmp_9' <Predicate = true> <Delay = 0.00>
ST_2 : Operation 156 [1/1] (0.38ns)   --->   "%select_ln51_49 = select i1 %icmp_ln51_10, i8 %tmp_9, i8 0" [firmware/nnet_utils/nnet_activation_stream.h:51]   --->   Operation 156 'select' 'select_ln51_49' <Predicate = true> <Delay = 0.38> <CoreInst = "Sel">   --->   Core 73 'Sel' <Latency = 0> <II = 1> <Delay = 0.38> <FuncUnit> <Opcode : 'select'> <InPorts = 3> <OutPorts = 1>
ST_2 : Operation 157 [1/1] (0.00ns)   --->   "%tmp_s = partselect i8 @_ssdm_op_PartSelect.i8.i400.i32.i32, i400 %layer2_out_read, i32 188, i32 195" [firmware/nnet_utils/nnet_activation_stream.h:57]   --->   Operation 157 'partselect' 'tmp_s' <Predicate = true> <Delay = 0.00>
ST_2 : Operation 158 [1/1] (0.38ns)   --->   "%select_ln51_50 = select i1 %icmp_ln51_9, i8 %tmp_s, i8 0" [firmware/nnet_utils/nnet_activation_stream.h:51]   --->   Operation 158 'select' 'select_ln51_50' <Predicate = true> <Delay = 0.38> <CoreInst = "Sel">   --->   Core 73 'Sel' <Latency = 0> <II = 1> <Delay = 0.38> <FuncUnit> <Opcode : 'select'> <InPorts = 3> <OutPorts = 1>
ST_2 : Operation 159 [1/1] (0.00ns)   --->   "%tmp_10 = partselect i8 @_ssdm_op_PartSelect.i8.i400.i32.i32, i400 %layer2_out_read, i32 168, i32 175" [firmware/nnet_utils/nnet_activation_stream.h:57]   --->   Operation 159 'partselect' 'tmp_10' <Predicate = true> <Delay = 0.00>
ST_2 : Operation 160 [1/1] (0.38ns)   --->   "%select_ln51_51 = select i1 %icmp_ln51_8, i8 %tmp_10, i8 0" [firmware/nnet_utils/nnet_activation_stream.h:51]   --->   Operation 160 'select' 'select_ln51_51' <Predicate = true> <Delay = 0.38> <CoreInst = "Sel">   --->   Core 73 'Sel' <Latency = 0> <II = 1> <Delay = 0.38> <FuncUnit> <Opcode : 'select'> <InPorts = 3> <OutPorts = 1>
ST_2 : Operation 161 [1/1] (0.00ns)   --->   "%tmp_11 = partselect i8 @_ssdm_op_PartSelect.i8.i400.i32.i32, i400 %layer2_out_read, i32 148, i32 155" [firmware/nnet_utils/nnet_activation_stream.h:57]   --->   Operation 161 'partselect' 'tmp_11' <Predicate = true> <Delay = 0.00>
ST_2 : Operation 162 [1/1] (0.38ns)   --->   "%select_ln51_52 = select i1 %icmp_ln51_7, i8 %tmp_11, i8 0" [firmware/nnet_utils/nnet_activation_stream.h:51]   --->   Operation 162 'select' 'select_ln51_52' <Predicate = true> <Delay = 0.38> <CoreInst = "Sel">   --->   Core 73 'Sel' <Latency = 0> <II = 1> <Delay = 0.38> <FuncUnit> <Opcode : 'select'> <InPorts = 3> <OutPorts = 1>
ST_2 : Operation 163 [1/1] (0.00ns)   --->   "%tmp_12 = partselect i8 @_ssdm_op_PartSelect.i8.i400.i32.i32, i400 %layer2_out_read, i32 128, i32 135" [firmware/nnet_utils/nnet_activation_stream.h:57]   --->   Operation 163 'partselect' 'tmp_12' <Predicate = true> <Delay = 0.00>
ST_2 : Operation 164 [1/1] (0.38ns)   --->   "%select_ln51_53 = select i1 %icmp_ln51_6, i8 %tmp_12, i8 0" [firmware/nnet_utils/nnet_activation_stream.h:51]   --->   Operation 164 'select' 'select_ln51_53' <Predicate = true> <Delay = 0.38> <CoreInst = "Sel">   --->   Core 73 'Sel' <Latency = 0> <II = 1> <Delay = 0.38> <FuncUnit> <Opcode : 'select'> <InPorts = 3> <OutPorts = 1>
ST_2 : Operation 165 [1/1] (0.00ns)   --->   "%tmp_13 = partselect i8 @_ssdm_op_PartSelect.i8.i400.i32.i32, i400 %layer2_out_read, i32 108, i32 115" [firmware/nnet_utils/nnet_activation_stream.h:57]   --->   Operation 165 'partselect' 'tmp_13' <Predicate = true> <Delay = 0.00>
ST_2 : Operation 166 [1/1] (0.38ns)   --->   "%select_ln51_54 = select i1 %icmp_ln51_5, i8 %tmp_13, i8 0" [firmware/nnet_utils/nnet_activation_stream.h:51]   --->   Operation 166 'select' 'select_ln51_54' <Predicate = true> <Delay = 0.38> <CoreInst = "Sel">   --->   Core 73 'Sel' <Latency = 0> <II = 1> <Delay = 0.38> <FuncUnit> <Opcode : 'select'> <InPorts = 3> <OutPorts = 1>
ST_2 : Operation 167 [1/1] (0.00ns)   --->   "%tmp_14 = partselect i8 @_ssdm_op_PartSelect.i8.i400.i32.i32, i400 %layer2_out_read, i32 88, i32 95" [firmware/nnet_utils/nnet_activation_stream.h:57]   --->   Operation 167 'partselect' 'tmp_14' <Predicate = true> <Delay = 0.00>
ST_2 : Operation 168 [1/1] (0.38ns)   --->   "%select_ln51_55 = select i1 %icmp_ln51_4, i8 %tmp_14, i8 0" [firmware/nnet_utils/nnet_activation_stream.h:51]   --->   Operation 168 'select' 'select_ln51_55' <Predicate = true> <Delay = 0.38> <CoreInst = "Sel">   --->   Core 73 'Sel' <Latency = 0> <II = 1> <Delay = 0.38> <FuncUnit> <Opcode : 'select'> <InPorts = 3> <OutPorts = 1>
ST_2 : Operation 169 [1/1] (0.00ns)   --->   "%tmp_15 = partselect i8 @_ssdm_op_PartSelect.i8.i400.i32.i32, i400 %layer2_out_read, i32 68, i32 75" [firmware/nnet_utils/nnet_activation_stream.h:57]   --->   Operation 169 'partselect' 'tmp_15' <Predicate = true> <Delay = 0.00>
ST_2 : Operation 170 [1/1] (0.38ns)   --->   "%select_ln51_56 = select i1 %icmp_ln51_3, i8 %tmp_15, i8 0" [firmware/nnet_utils/nnet_activation_stream.h:51]   --->   Operation 170 'select' 'select_ln51_56' <Predicate = true> <Delay = 0.38> <CoreInst = "Sel">   --->   Core 73 'Sel' <Latency = 0> <II = 1> <Delay = 0.38> <FuncUnit> <Opcode : 'select'> <InPorts = 3> <OutPorts = 1>
ST_2 : Operation 171 [1/1] (0.00ns)   --->   "%tmp_16 = partselect i8 @_ssdm_op_PartSelect.i8.i400.i32.i32, i400 %layer2_out_read, i32 48, i32 55" [firmware/nnet_utils/nnet_activation_stream.h:57]   --->   Operation 171 'partselect' 'tmp_16' <Predicate = true> <Delay = 0.00>
ST_2 : Operation 172 [1/1] (0.38ns)   --->   "%select_ln51_57 = select i1 %icmp_ln51_2, i8 %tmp_16, i8 0" [firmware/nnet_utils/nnet_activation_stream.h:51]   --->   Operation 172 'select' 'select_ln51_57' <Predicate = true> <Delay = 0.38> <CoreInst = "Sel">   --->   Core 73 'Sel' <Latency = 0> <II = 1> <Delay = 0.38> <FuncUnit> <Opcode : 'select'> <InPorts = 3> <OutPorts = 1>
ST_2 : Operation 173 [1/1] (0.00ns)   --->   "%tmp_17 = partselect i8 @_ssdm_op_PartSelect.i8.i400.i32.i32, i400 %layer2_out_read, i32 28, i32 35" [firmware/nnet_utils/nnet_activation_stream.h:57]   --->   Operation 173 'partselect' 'tmp_17' <Predicate = true> <Delay = 0.00>
ST_2 : Operation 174 [1/1] (0.38ns)   --->   "%select_ln51_58 = select i1 %icmp_ln51_1, i8 %tmp_17, i8 0" [firmware/nnet_utils/nnet_activation_stream.h:51]   --->   Operation 174 'select' 'select_ln51_58' <Predicate = true> <Delay = 0.38> <CoreInst = "Sel">   --->   Core 73 'Sel' <Latency = 0> <II = 1> <Delay = 0.38> <FuncUnit> <Opcode : 'select'> <InPorts = 3> <OutPorts = 1>
ST_2 : Operation 175 [1/1] (0.00ns)   --->   "%tmp_18 = partselect i8 @_ssdm_op_PartSelect.i8.i400.i32.i32, i400 %layer2_out_read, i32 8, i32 15" [firmware/nnet_utils/nnet_activation_stream.h:57]   --->   Operation 175 'partselect' 'tmp_18' <Predicate = true> <Delay = 0.00>
ST_2 : Operation 176 [1/1] (0.38ns)   --->   "%select_ln51_59 = select i1 %icmp_ln51, i8 %tmp_18, i8 0" [firmware/nnet_utils/nnet_activation_stream.h:51]   --->   Operation 176 'select' 'select_ln51_59' <Predicate = true> <Delay = 0.38> <CoreInst = "Sel">   --->   Core 73 'Sel' <Latency = 0> <II = 1> <Delay = 0.38> <FuncUnit> <Opcode : 'select'> <InPorts = 3> <OutPorts = 1>
ST_2 : Operation 184 [1/1] (0.00ns)   --->   "%ret_ln59 = ret" [firmware/nnet_utils/nnet_activation_stream.h:59]   --->   Operation 184 'ret' 'ret_ln59' <Predicate = (icmp_ln41)> <Delay = 0.00>

State 3 <SV = 2> <Delay = 1.66>
ST_3 : Operation 177 [1/1] (0.00ns)   --->   "%specpipeline_ln42 = specpipeline void @_ssdm_op_SpecPipeline, i32 4294967295, i32 0, i32 0, i32 0, void @empty_1" [firmware/nnet_utils/nnet_activation_stream.h:42]   --->   Operation 177 'specpipeline' 'specpipeline_ln42' <Predicate = true> <Delay = 0.00>
ST_3 : Operation 178 [1/1] (0.00ns)   --->   "%speclooptripcount_ln41 = speclooptripcount void @_ssdm_op_SpecLoopTripCount, i64 247, i64 247, i64 247" [firmware/nnet_utils/nnet_activation_stream.h:41]   --->   Operation 178 'speclooptripcount' 'speclooptripcount_ln41' <Predicate = true> <Delay = 0.00>
ST_3 : Operation 179 [1/1] (0.00ns)   --->   "%specloopname_ln41 = specloopname void @_ssdm_op_SpecLoopName, void @empty_5" [firmware/nnet_utils/nnet_activation_stream.h:41]   --->   Operation 179 'specloopname' 'specloopname_ln41' <Predicate = true> <Delay = 0.00>
ST_3 : Operation 180 [1/1] (0.00ns)   --->   "%zext_ln57 = zext i3 %select_ln51_1" [firmware/nnet_utils/nnet_activation_stream.h:57]   --->   Operation 180 'zext' 'zext_ln57' <Predicate = true> <Delay = 0.00>
ST_3 : Operation 181 [1/1] (0.00ns)   --->   "%or_ln57_s = bitconcatenate i400 @_ssdm_op_BitConcatenate.i400.i4.i8.i8.i4.i8.i8.i4.i8.i8.i4.i8.i8.i4.i8.i8.i4.i8.i8.i4.i8.i8.i4.i8.i8.i4.i8.i8.i4.i8.i8.i4.i8.i8.i4.i8.i8.i4.i8.i8.i4.i8.i8.i4.i8.i8.i4.i8.i8.i4.i8.i8.i4.i8.i8.i4.i8.i8.i4.i8.i8, i4 %select_ln51_39, i8 %select_ln51_40, i8 %select_ln51_38, i4 %select_ln51_37, i8 %select_ln51_41, i8 %select_ln51_36, i4 %select_ln51_35, i8 %select_ln51_42, i8 %select_ln51_34, i4 %select_ln51_33, i8 %select_ln51_43, i8 %select_ln51_32, i4 %select_ln51_31, i8 %select_ln51_44, i8 %select_ln51_30, i4 %select_ln51_29, i8 %select_ln51_45, i8 %select_ln51_28, i4 %select_ln51_27, i8 %select_ln51_46, i8 %select_ln51_26, i4 %select_ln51_25, i8 %select_ln51_47, i8 %select_ln51_24, i4 %select_ln51_23, i8 %select_ln51_48, i8 %select_ln51_22, i4 %select_ln51_21, i8 %select_ln51_49, i8 %select_ln51_20, i4 %select_ln51_19, i8 %select_ln51_50, i8 %select_ln51_18, i4 %select_ln51_17, i8 %select_ln51_51, i8 %select_ln51_16, i4 %select_ln51_15, i8 %select_ln51_52, i8 %select_ln51_14, i4 %select_ln51_13, i8 %select_ln51_53, i8 %select_ln51_12, i4 %select_ln51_11, i8 %select_ln51_54, i8 %select_ln51_10, i4 %select_ln51_9, i8 %select_ln51_55, i8 %select_ln51_8, i4 %select_ln51_7, i8 %select_ln51_56, i8 %select_ln51_6, i4 %select_ln51_5, i8 %select_ln51_57, i8 %select_ln51_4, i4 %select_ln51_3, i8 %select_ln51_58, i8 %select_ln51_2, i4 %zext_ln57, i8 %select_ln51_59, i8 %select_ln51" [firmware/nnet_utils/nnet_activation_stream.h:57]   --->   Operation 181 'bitconcatenate' 'or_ln57_s' <Predicate = true> <Delay = 0.00>
ST_3 : Operation 182 [1/1] (1.66ns)   --->   "%write_ln57 = write void @_ssdm_op_Write.ap_fifo.volatile.i400P0A, i400 %layer3_out, i400 %or_ln57_s" [firmware/nnet_utils/nnet_activation_stream.h:57]   --->   Operation 182 'write' 'write_ln57' <Predicate = true> <Delay = 1.66> <CoreInst = "FIFO">   --->   Core 78 'FIFO' <Latency = 0> <II = 1> <Delay = 1.66> <Storage> <Opcode : 'read' 'write' 'nbread' 'nbwrite'> <Ports = 0> <Width = 400> <Depth = 247> <FIFO>
ST_3 : Operation 183 [1/1] (0.00ns)   --->   "%br_ln41 = br void %ReLUPackLoop" [firmware/nnet_utils/nnet_activation_stream.h:41]   --->   Operation 183 'br' 'br_ln41' <Predicate = true> <Delay = 0.00>


============================================================
+ Verbose Summary: Timing violations
============================================================
Target clock period: 5.000ns, clock uncertainty: 0.625ns.

 <State 1>: 1.619ns
The critical path consists of the following:
	'store' operation 0 bit ('store_ln41', firmware/nnet_utils/nnet_activation_stream.h:41) of constant 0 on local variable 'i', firmware/nnet_utils/nnet_activation_stream.h:41 [6]  (0.427 ns)
	'load' operation 8 bit ('i', firmware/nnet_utils/nnet_activation_stream.h:41) on local variable 'i', firmware/nnet_utils/nnet_activation_stream.h:41 [9]  (0.000 ns)
	'icmp' operation 1 bit ('icmp_ln41', firmware/nnet_utils/nnet_activation_stream.h:41) [10]  (0.765 ns)
	'store' operation 0 bit ('store_ln41', firmware/nnet_utils/nnet_activation_stream.h:41) of variable 'i', firmware/nnet_utils/nnet_activation_stream.h:41 on local variable 'i', firmware/nnet_utils/nnet_activation_stream.h:41 [181]  (0.427 ns)

 <State 2>: 2.948ns
The critical path consists of the following:
	fifo read operation ('layer2_out_read', firmware/nnet_utils/nnet_activation_stream.h:44) on port 'layer2_out' (firmware/nnet_utils/nnet_activation_stream.h:44) [17]  (1.668 ns)
	'icmp' operation 1 bit ('icmp_ln51', firmware/nnet_utils/nnet_activation_stream.h:51) [38]  (0.894 ns)
	'select' operation 8 bit ('select_ln51', firmware/nnet_utils/nnet_activation_stream.h:51) [41]  (0.387 ns)

 <State 3>: 1.668ns
The critical path consists of the following:
	fifo write operation ('write_ln57', firmware/nnet_utils/nnet_activation_stream.h:57) on port 'layer3_out' (firmware/nnet_utils/nnet_activation_stream.h:57) [180]  (1.668 ns)


============================================================
+ Verbose Summary: Binding
============================================================
N/A
* FSMD analyzer results:
  - Output states:
 - Input state : 
  - Chain level:
	State 1
	State 2
	State 3


============================================================
+ Verbose Summary: Datapath Resource usage 
============================================================
N/A
