

================================================================
== Vitis HLS Report for 'relu_array_ap_fixed_10u_array_ap_fixed_20_10_5_3_0_10u_relu_config5_s'
================================================================
* Date:           Fri Oct 10 23:00:21 2025

* Version:        2023.2 (Build 4023990 on Oct 11 2023)
* Project:        myproject_prj
* Solution:       solution1 (Vivado IP Flow Target)
* Product family: kintexuplus
* Target device:  xcku5p-ffvb676-2-e


================================================================
== Performance Estimates
================================================================
+ Timing: 
    * Summary: 
    +--------+---------+----------+------------+
    |  Clock |  Target | Estimated| Uncertainty|
    +--------+---------+----------+------------+
    |ap_clk  |  5.00 ns|  2.961 ns|     0.62 ns|
    +--------+---------+----------+------------+

+ Latency: 
    * Summary: 
    +---------+---------+----------+----------+-----+-----+---------+
    |  Latency (cycles) |  Latency (absolute) |  Interval | Pipeline|
    |   min   |   max   |    min   |    max   | min | max |   Type  |
    +---------+---------+----------+----------+-----+-----+---------+
    |      241|      241|  1.205 us|  1.205 us|  241|  241|       no|
    +---------+---------+----------+----------+-----+-----+---------+

    + Detail: 
        * Instance: 
        N/A

        * Loop: 
        +---------------+---------+---------+----------+-----------+-----------+------+----------+
        |               |  Latency (cycles) | Iteration|  Initiation Interval  | Trip |          |
        |   Loop Name   |   min   |   max   |  Latency |  achieved |   target  | Count| Pipelined|
        +---------------+---------+---------+----------+-----------+-----------+------+----------+
        |- ReLUActLoop  |      239|      239|         3|          1|          1|   238|       yes|
        +---------------+---------+---------+----------+-----------+-----------+------+----------+

============================================================
+ Verbose Summary: Synthesis Manager
============================================================
InlineROM: 1
ExposeGlobal: 0
============================================================
+ Verbose Summary: CDFG Model
============================================================
IsTopModel: 0
ResetActiveHigh: 1
IsCombinational: 2
IsDatapathOnly: 0
HasWiredReturn: 1
HasMFsm: 2
HasVarLatency: 1
IsPipeline: 0
IsRtlPipelined: 0
IsInstanceOverlapped: 0
IsDontTouch: 0
HasImplIP: 0
IsGatedGlobalClock: 0

+ Individual pipeline summary: 
  * Pipeline-0: initiation interval (II) = 1, depth = 3


============================================================
+ Verbose Summary: Schedule
============================================================
* Number of FSM states : 3
* Pipeline : 1
  Pipeline-0 : II = 1, D = 3, States = { 1 2 3 }
* Dataflow Pipeline: 0

* FSM state transitions: 
1 --> 2 
2 --> 3 
3 --> 

* FSM state operations: 

State 1 <SV = 0> <Delay = 1.61>
ST_1 : Operation 6 [1/1] (0.00ns)   --->   "%i = alloca i32 1" [firmware/nnet_utils/nnet_activation_stream.h:41]   --->   Operation 6 'alloca' 'i' <Predicate = true> <Delay = 0.00>
ST_1 : Operation 7 [1/1] (0.00ns)   --->   "%specinterface_ln0 = specinterface void @_ssdm_op_SpecInterface, i200 %layer5_out, void @empty, i32 0, i32 0, void @empty_1, i32 0, i32 0, void @empty_1, void @empty_1, void @empty_1, i32 0, i32 0, i32 0, i32 0, void @empty_1, void @empty_1, i32 4294967295, i32 0"   --->   Operation 7 'specinterface' 'specinterface_ln0' <Predicate = true> <Delay = 0.00>
ST_1 : Operation 8 [1/1] (0.00ns)   --->   "%specinterface_ln0 = specinterface void @_ssdm_op_SpecInterface, i200 %layer4_out, void @empty, i32 0, i32 0, void @empty_1, i32 0, i32 0, void @empty_1, void @empty_1, void @empty_1, i32 0, i32 0, i32 0, i32 0, void @empty_1, void @empty_1, i32 4294967295, i32 0"   --->   Operation 8 'specinterface' 'specinterface_ln0' <Predicate = true> <Delay = 0.00>
ST_1 : Operation 9 [1/1] (0.42ns)   --->   "%store_ln41 = store i8 0, i8 %i" [firmware/nnet_utils/nnet_activation_stream.h:41]   --->   Operation 9 'store' 'store_ln41' <Predicate = true> <Delay = 0.42>
ST_1 : Operation 10 [1/1] (0.00ns)   --->   "%br_ln41 = br void %ReLUPackLoop" [firmware/nnet_utils/nnet_activation_stream.h:41]   --->   Operation 10 'br' 'br_ln41' <Predicate = true> <Delay = 0.00>
ST_1 : Operation 11 [1/1] (0.00ns)   --->   "%i_3 = load i8 %i" [firmware/nnet_utils/nnet_activation_stream.h:41]   --->   Operation 11 'load' 'i_3' <Predicate = true> <Delay = 0.00>
ST_1 : Operation 12 [1/1] (0.76ns)   --->   "%icmp_ln41 = icmp_eq  i8 %i_3, i8 238" [firmware/nnet_utils/nnet_activation_stream.h:41]   --->   Operation 12 'icmp' 'icmp_ln41' <Predicate = true> <Delay = 0.76> <CoreInst = "Cmp">   --->   Core 9 'Cmp' <Latency = 0> <II = 1> <Delay = 0.76> <FuncUnit> <Opcode : 'icmp'> <InPorts = 2> <OutPorts = 1>
ST_1 : Operation 13 [1/1] (0.76ns)   --->   "%i_4 = add i8 %i_3, i8 1" [firmware/nnet_utils/nnet_activation_stream.h:41]   --->   Operation 13 'add' 'i_4' <Predicate = true> <Delay = 0.76> <CoreInst = "Adder">   --->   Core 1 'Adder' <Latency = 0> <II = 1> <Delay = 0.76> <FuncUnit> <Opcode : 'add' 'sub'> <InPorts = 2> <OutPorts = 1>
ST_1 : Operation 14 [1/1] (0.00ns)   --->   "%br_ln41 = br i1 %icmp_ln41, void %ReLUPackLoop.split_ifconv, void %for.end14" [firmware/nnet_utils/nnet_activation_stream.h:41]   --->   Operation 14 'br' 'br_ln41' <Predicate = true> <Delay = 0.00>
ST_1 : Operation 15 [1/1] (0.42ns)   --->   "%store_ln41 = store i8 %i_4, i8 %i" [firmware/nnet_utils/nnet_activation_stream.h:41]   --->   Operation 15 'store' 'store_ln41' <Predicate = (!icmp_ln41)> <Delay = 0.42>

State 2 <SV = 1> <Delay = 2.96>
ST_2 : Operation 16 [1/1] (1.68ns)   --->   "%layer4_out_read = read i200 @_ssdm_op_Read.ap_fifo.volatile.i200P0A, i200 %layer4_out" [firmware/nnet_utils/nnet_activation_stream.h:44]   --->   Operation 16 'read' 'layer4_out_read' <Predicate = true> <Delay = 1.68> <CoreInst = "FIFO">   --->   Core 78 'FIFO' <Latency = 0> <II = 1> <Delay = 1.68> <Storage> <Opcode : 'read' 'write' 'nbread' 'nbwrite'> <Ports = 0> <Width = 200> <Depth = 238> <FIFO>
ST_2 : Operation 17 [1/1] (0.00ns)   --->   "%trunc_ln44 = trunc i200 %layer4_out_read" [firmware/nnet_utils/nnet_activation_stream.h:44]   --->   Operation 17 'trunc' 'trunc_ln44' <Predicate = true> <Delay = 0.00>
ST_2 : Operation 18 [1/1] (0.00ns)   --->   "%trunc_ln44_s = partselect i20 @_ssdm_op_PartSelect.i20.i200.i32.i32, i200 %layer4_out_read, i32 20, i32 39" [firmware/nnet_utils/nnet_activation_stream.h:44]   --->   Operation 18 'partselect' 'trunc_ln44_s' <Predicate = true> <Delay = 0.00>
ST_2 : Operation 19 [1/1] (0.00ns)   --->   "%trunc_ln44_19 = partselect i20 @_ssdm_op_PartSelect.i20.i200.i32.i32, i200 %layer4_out_read, i32 40, i32 59" [firmware/nnet_utils/nnet_activation_stream.h:44]   --->   Operation 19 'partselect' 'trunc_ln44_19' <Predicate = true> <Delay = 0.00>
ST_2 : Operation 20 [1/1] (0.00ns)   --->   "%trunc_ln44_20 = partselect i20 @_ssdm_op_PartSelect.i20.i200.i32.i32, i200 %layer4_out_read, i32 60, i32 79" [firmware/nnet_utils/nnet_activation_stream.h:44]   --->   Operation 20 'partselect' 'trunc_ln44_20' <Predicate = true> <Delay = 0.00>
ST_2 : Operation 21 [1/1] (0.00ns)   --->   "%trunc_ln44_21 = partselect i20 @_ssdm_op_PartSelect.i20.i200.i32.i32, i200 %layer4_out_read, i32 80, i32 99" [firmware/nnet_utils/nnet_activation_stream.h:44]   --->   Operation 21 'partselect' 'trunc_ln44_21' <Predicate = true> <Delay = 0.00>
ST_2 : Operation 22 [1/1] (0.00ns)   --->   "%trunc_ln44_22 = partselect i20 @_ssdm_op_PartSelect.i20.i200.i32.i32, i200 %layer4_out_read, i32 100, i32 119" [firmware/nnet_utils/nnet_activation_stream.h:44]   --->   Operation 22 'partselect' 'trunc_ln44_22' <Predicate = true> <Delay = 0.00>
ST_2 : Operation 23 [1/1] (0.00ns)   --->   "%trunc_ln44_23 = partselect i20 @_ssdm_op_PartSelect.i20.i200.i32.i32, i200 %layer4_out_read, i32 120, i32 139" [firmware/nnet_utils/nnet_activation_stream.h:44]   --->   Operation 23 'partselect' 'trunc_ln44_23' <Predicate = true> <Delay = 0.00>
ST_2 : Operation 24 [1/1] (0.00ns)   --->   "%trunc_ln44_24 = partselect i20 @_ssdm_op_PartSelect.i20.i200.i32.i32, i200 %layer4_out_read, i32 140, i32 159" [firmware/nnet_utils/nnet_activation_stream.h:44]   --->   Operation 24 'partselect' 'trunc_ln44_24' <Predicate = true> <Delay = 0.00>
ST_2 : Operation 25 [1/1] (0.00ns)   --->   "%trunc_ln44_25 = partselect i20 @_ssdm_op_PartSelect.i20.i200.i32.i32, i200 %layer4_out_read, i32 160, i32 179" [firmware/nnet_utils/nnet_activation_stream.h:44]   --->   Operation 25 'partselect' 'trunc_ln44_25' <Predicate = true> <Delay = 0.00>
ST_2 : Operation 26 [1/1] (0.00ns)   --->   "%trunc_ln44_26 = partselect i20 @_ssdm_op_PartSelect.i20.i200.i32.i32, i200 %layer4_out_read, i32 180, i32 199" [firmware/nnet_utils/nnet_activation_stream.h:44]   --->   Operation 26 'partselect' 'trunc_ln44_26' <Predicate = true> <Delay = 0.00>
ST_2 : Operation 27 [1/1] (0.89ns)   --->   "%icmp_ln51 = icmp_sgt  i20 %trunc_ln44, i20 0" [firmware/nnet_utils/nnet_activation_stream.h:51]   --->   Operation 27 'icmp' 'icmp_ln51' <Predicate = true> <Delay = 0.89> <CoreInst = "Cmp">   --->   Core 9 'Cmp' <Latency = 0> <II = 1> <Delay = 0.89> <FuncUnit> <Opcode : 'icmp'> <InPorts = 2> <OutPorts = 1>
ST_2 : Operation 28 [1/1] (0.00ns)   --->   "%trunc_ln52 = trunc i200 %layer4_out_read" [firmware/nnet_utils/nnet_activation_stream.h:52]   --->   Operation 28 'trunc' 'trunc_ln52' <Predicate = true> <Delay = 0.00>
ST_2 : Operation 29 [1/1] (0.00ns)   --->   "%trunc_ln52_39 = partselect i3 @_ssdm_op_PartSelect.i3.i200.i32.i32, i200 %layer4_out_read, i32 16, i32 18" [firmware/nnet_utils/nnet_activation_stream.h:52]   --->   Operation 29 'partselect' 'trunc_ln52_39' <Predicate = true> <Delay = 0.00>
ST_2 : Operation 30 [1/1] (0.38ns)   --->   "%select_ln51 = select i1 %icmp_ln51, i8 %trunc_ln52, i8 0" [firmware/nnet_utils/nnet_activation_stream.h:51]   --->   Operation 30 'select' 'select_ln51' <Predicate = true> <Delay = 0.38> <CoreInst = "Sel">   --->   Core 73 'Sel' <Latency = 0> <II = 1> <Delay = 0.38> <FuncUnit> <Opcode : 'select'> <InPorts = 3> <OutPorts = 1>
ST_2 : Operation 31 [1/1] (0.35ns)   --->   "%select_ln51_60 = select i1 %icmp_ln51, i3 %trunc_ln52_39, i3 0" [firmware/nnet_utils/nnet_activation_stream.h:51]   --->   Operation 31 'select' 'select_ln51_60' <Predicate = true> <Delay = 0.35> <CoreInst = "Sel">   --->   Core 73 'Sel' <Latency = 0> <II = 1> <Delay = 0.35> <FuncUnit> <Opcode : 'select'> <InPorts = 3> <OutPorts = 1>
ST_2 : Operation 32 [1/1] (0.89ns)   --->   "%icmp_ln51_20 = icmp_sgt  i20 %trunc_ln44_s, i20 0" [firmware/nnet_utils/nnet_activation_stream.h:51]   --->   Operation 32 'icmp' 'icmp_ln51_20' <Predicate = true> <Delay = 0.89> <CoreInst = "Cmp">   --->   Core 9 'Cmp' <Latency = 0> <II = 1> <Delay = 0.89> <FuncUnit> <Opcode : 'icmp'> <InPorts = 2> <OutPorts = 1>
ST_2 : Operation 33 [1/1] (0.00ns)   --->   "%trunc_ln52_s = partselect i8 @_ssdm_op_PartSelect.i8.i200.i32.i32, i200 %layer4_out_read, i32 20, i32 27" [firmware/nnet_utils/nnet_activation_stream.h:52]   --->   Operation 33 'partselect' 'trunc_ln52_s' <Predicate = true> <Delay = 0.00>
ST_2 : Operation 34 [1/1] (0.00ns)   --->   "%trunc_ln52_40 = partselect i4 @_ssdm_op_PartSelect.i4.i200.i32.i32, i200 %layer4_out_read, i32 36, i32 39" [firmware/nnet_utils/nnet_activation_stream.h:52]   --->   Operation 34 'partselect' 'trunc_ln52_40' <Predicate = true> <Delay = 0.00>
ST_2 : Operation 35 [1/1] (0.38ns)   --->   "%select_ln51_61 = select i1 %icmp_ln51_20, i8 %trunc_ln52_s, i8 0" [firmware/nnet_utils/nnet_activation_stream.h:51]   --->   Operation 35 'select' 'select_ln51_61' <Predicate = true> <Delay = 0.38> <CoreInst = "Sel">   --->   Core 73 'Sel' <Latency = 0> <II = 1> <Delay = 0.38> <FuncUnit> <Opcode : 'select'> <InPorts = 3> <OutPorts = 1>
ST_2 : Operation 36 [1/1] (0.28ns)   --->   "%select_ln51_62 = select i1 %icmp_ln51_20, i4 %trunc_ln52_40, i4 0" [firmware/nnet_utils/nnet_activation_stream.h:51]   --->   Operation 36 'select' 'select_ln51_62' <Predicate = true> <Delay = 0.28> <CoreInst = "Sel">   --->   Core 73 'Sel' <Latency = 0> <II = 1> <Delay = 0.28> <FuncUnit> <Opcode : 'select'> <InPorts = 3> <OutPorts = 1>
ST_2 : Operation 37 [1/1] (0.89ns)   --->   "%icmp_ln51_21 = icmp_sgt  i20 %trunc_ln44_19, i20 0" [firmware/nnet_utils/nnet_activation_stream.h:51]   --->   Operation 37 'icmp' 'icmp_ln51_21' <Predicate = true> <Delay = 0.89> <CoreInst = "Cmp">   --->   Core 9 'Cmp' <Latency = 0> <II = 1> <Delay = 0.89> <FuncUnit> <Opcode : 'icmp'> <InPorts = 2> <OutPorts = 1>
ST_2 : Operation 38 [1/1] (0.00ns)   --->   "%trunc_ln52_28 = partselect i8 @_ssdm_op_PartSelect.i8.i200.i32.i32, i200 %layer4_out_read, i32 40, i32 47" [firmware/nnet_utils/nnet_activation_stream.h:52]   --->   Operation 38 'partselect' 'trunc_ln52_28' <Predicate = true> <Delay = 0.00>
ST_2 : Operation 39 [1/1] (0.00ns)   --->   "%trunc_ln52_41 = partselect i4 @_ssdm_op_PartSelect.i4.i200.i32.i32, i200 %layer4_out_read, i32 56, i32 59" [firmware/nnet_utils/nnet_activation_stream.h:52]   --->   Operation 39 'partselect' 'trunc_ln52_41' <Predicate = true> <Delay = 0.00>
ST_2 : Operation 40 [1/1] (0.38ns)   --->   "%select_ln51_63 = select i1 %icmp_ln51_21, i8 %trunc_ln52_28, i8 0" [firmware/nnet_utils/nnet_activation_stream.h:51]   --->   Operation 40 'select' 'select_ln51_63' <Predicate = true> <Delay = 0.38> <CoreInst = "Sel">   --->   Core 73 'Sel' <Latency = 0> <II = 1> <Delay = 0.38> <FuncUnit> <Opcode : 'select'> <InPorts = 3> <OutPorts = 1>
ST_2 : Operation 41 [1/1] (0.28ns)   --->   "%select_ln51_64 = select i1 %icmp_ln51_21, i4 %trunc_ln52_41, i4 0" [firmware/nnet_utils/nnet_activation_stream.h:51]   --->   Operation 41 'select' 'select_ln51_64' <Predicate = true> <Delay = 0.28> <CoreInst = "Sel">   --->   Core 73 'Sel' <Latency = 0> <II = 1> <Delay = 0.28> <FuncUnit> <Opcode : 'select'> <InPorts = 3> <OutPorts = 1>
ST_2 : Operation 42 [1/1] (0.89ns)   --->   "%icmp_ln51_22 = icmp_sgt  i20 %trunc_ln44_20, i20 0" [firmware/nnet_utils/nnet_activation_stream.h:51]   --->   Operation 42 'icmp' 'icmp_ln51_22' <Predicate = true> <Delay = 0.89> <CoreInst = "Cmp">   --->   Core 9 'Cmp' <Latency = 0> <II = 1> <Delay = 0.89> <FuncUnit> <Opcode : 'icmp'> <InPorts = 2> <OutPorts = 1>
ST_2 : Operation 43 [1/1] (0.00ns)   --->   "%trunc_ln52_29 = partselect i8 @_ssdm_op_PartSelect.i8.i200.i32.i32, i200 %layer4_out_read, i32 60, i32 67" [firmware/nnet_utils/nnet_activation_stream.h:52]   --->   Operation 43 'partselect' 'trunc_ln52_29' <Predicate = true> <Delay = 0.00>
ST_2 : Operation 44 [1/1] (0.00ns)   --->   "%trunc_ln52_42 = partselect i4 @_ssdm_op_PartSelect.i4.i200.i32.i32, i200 %layer4_out_read, i32 76, i32 79" [firmware/nnet_utils/nnet_activation_stream.h:52]   --->   Operation 44 'partselect' 'trunc_ln52_42' <Predicate = true> <Delay = 0.00>
ST_2 : Operation 45 [1/1] (0.38ns)   --->   "%select_ln51_65 = select i1 %icmp_ln51_22, i8 %trunc_ln52_29, i8 0" [firmware/nnet_utils/nnet_activation_stream.h:51]   --->   Operation 45 'select' 'select_ln51_65' <Predicate = true> <Delay = 0.38> <CoreInst = "Sel">   --->   Core 73 'Sel' <Latency = 0> <II = 1> <Delay = 0.38> <FuncUnit> <Opcode : 'select'> <InPorts = 3> <OutPorts = 1>
ST_2 : Operation 46 [1/1] (0.28ns)   --->   "%select_ln51_66 = select i1 %icmp_ln51_22, i4 %trunc_ln52_42, i4 0" [firmware/nnet_utils/nnet_activation_stream.h:51]   --->   Operation 46 'select' 'select_ln51_66' <Predicate = true> <Delay = 0.28> <CoreInst = "Sel">   --->   Core 73 'Sel' <Latency = 0> <II = 1> <Delay = 0.28> <FuncUnit> <Opcode : 'select'> <InPorts = 3> <OutPorts = 1>
ST_2 : Operation 47 [1/1] (0.89ns)   --->   "%icmp_ln51_23 = icmp_sgt  i20 %trunc_ln44_21, i20 0" [firmware/nnet_utils/nnet_activation_stream.h:51]   --->   Operation 47 'icmp' 'icmp_ln51_23' <Predicate = true> <Delay = 0.89> <CoreInst = "Cmp">   --->   Core 9 'Cmp' <Latency = 0> <II = 1> <Delay = 0.89> <FuncUnit> <Opcode : 'icmp'> <InPorts = 2> <OutPorts = 1>
ST_2 : Operation 48 [1/1] (0.00ns)   --->   "%trunc_ln52_30 = partselect i8 @_ssdm_op_PartSelect.i8.i200.i32.i32, i200 %layer4_out_read, i32 80, i32 87" [firmware/nnet_utils/nnet_activation_stream.h:52]   --->   Operation 48 'partselect' 'trunc_ln52_30' <Predicate = true> <Delay = 0.00>
ST_2 : Operation 49 [1/1] (0.00ns)   --->   "%trunc_ln52_43 = partselect i4 @_ssdm_op_PartSelect.i4.i200.i32.i32, i200 %layer4_out_read, i32 96, i32 99" [firmware/nnet_utils/nnet_activation_stream.h:52]   --->   Operation 49 'partselect' 'trunc_ln52_43' <Predicate = true> <Delay = 0.00>
ST_2 : Operation 50 [1/1] (0.38ns)   --->   "%select_ln51_67 = select i1 %icmp_ln51_23, i8 %trunc_ln52_30, i8 0" [firmware/nnet_utils/nnet_activation_stream.h:51]   --->   Operation 50 'select' 'select_ln51_67' <Predicate = true> <Delay = 0.38> <CoreInst = "Sel">   --->   Core 73 'Sel' <Latency = 0> <II = 1> <Delay = 0.38> <FuncUnit> <Opcode : 'select'> <InPorts = 3> <OutPorts = 1>
ST_2 : Operation 51 [1/1] (0.28ns)   --->   "%select_ln51_68 = select i1 %icmp_ln51_23, i4 %trunc_ln52_43, i4 0" [firmware/nnet_utils/nnet_activation_stream.h:51]   --->   Operation 51 'select' 'select_ln51_68' <Predicate = true> <Delay = 0.28> <CoreInst = "Sel">   --->   Core 73 'Sel' <Latency = 0> <II = 1> <Delay = 0.28> <FuncUnit> <Opcode : 'select'> <InPorts = 3> <OutPorts = 1>
ST_2 : Operation 52 [1/1] (0.89ns)   --->   "%icmp_ln51_24 = icmp_sgt  i20 %trunc_ln44_22, i20 0" [firmware/nnet_utils/nnet_activation_stream.h:51]   --->   Operation 52 'icmp' 'icmp_ln51_24' <Predicate = true> <Delay = 0.89> <CoreInst = "Cmp">   --->   Core 9 'Cmp' <Latency = 0> <II = 1> <Delay = 0.89> <FuncUnit> <Opcode : 'icmp'> <InPorts = 2> <OutPorts = 1>
ST_2 : Operation 53 [1/1] (0.00ns)   --->   "%trunc_ln52_31 = partselect i8 @_ssdm_op_PartSelect.i8.i200.i32.i32, i200 %layer4_out_read, i32 100, i32 107" [firmware/nnet_utils/nnet_activation_stream.h:52]   --->   Operation 53 'partselect' 'trunc_ln52_31' <Predicate = true> <Delay = 0.00>
ST_2 : Operation 54 [1/1] (0.00ns)   --->   "%trunc_ln52_44 = partselect i4 @_ssdm_op_PartSelect.i4.i200.i32.i32, i200 %layer4_out_read, i32 116, i32 119" [firmware/nnet_utils/nnet_activation_stream.h:52]   --->   Operation 54 'partselect' 'trunc_ln52_44' <Predicate = true> <Delay = 0.00>
ST_2 : Operation 55 [1/1] (0.38ns)   --->   "%select_ln51_69 = select i1 %icmp_ln51_24, i8 %trunc_ln52_31, i8 0" [firmware/nnet_utils/nnet_activation_stream.h:51]   --->   Operation 55 'select' 'select_ln51_69' <Predicate = true> <Delay = 0.38> <CoreInst = "Sel">   --->   Core 73 'Sel' <Latency = 0> <II = 1> <Delay = 0.38> <FuncUnit> <Opcode : 'select'> <InPorts = 3> <OutPorts = 1>
ST_2 : Operation 56 [1/1] (0.28ns)   --->   "%select_ln51_70 = select i1 %icmp_ln51_24, i4 %trunc_ln52_44, i4 0" [firmware/nnet_utils/nnet_activation_stream.h:51]   --->   Operation 56 'select' 'select_ln51_70' <Predicate = true> <Delay = 0.28> <CoreInst = "Sel">   --->   Core 73 'Sel' <Latency = 0> <II = 1> <Delay = 0.28> <FuncUnit> <Opcode : 'select'> <InPorts = 3> <OutPorts = 1>
ST_2 : Operation 57 [1/1] (0.89ns)   --->   "%icmp_ln51_25 = icmp_sgt  i20 %trunc_ln44_23, i20 0" [firmware/nnet_utils/nnet_activation_stream.h:51]   --->   Operation 57 'icmp' 'icmp_ln51_25' <Predicate = true> <Delay = 0.89> <CoreInst = "Cmp">   --->   Core 9 'Cmp' <Latency = 0> <II = 1> <Delay = 0.89> <FuncUnit> <Opcode : 'icmp'> <InPorts = 2> <OutPorts = 1>
ST_2 : Operation 58 [1/1] (0.00ns)   --->   "%trunc_ln52_32 = partselect i8 @_ssdm_op_PartSelect.i8.i200.i32.i32, i200 %layer4_out_read, i32 120, i32 127" [firmware/nnet_utils/nnet_activation_stream.h:52]   --->   Operation 58 'partselect' 'trunc_ln52_32' <Predicate = true> <Delay = 0.00>
ST_2 : Operation 59 [1/1] (0.00ns)   --->   "%trunc_ln52_45 = partselect i4 @_ssdm_op_PartSelect.i4.i200.i32.i32, i200 %layer4_out_read, i32 136, i32 139" [firmware/nnet_utils/nnet_activation_stream.h:52]   --->   Operation 59 'partselect' 'trunc_ln52_45' <Predicate = true> <Delay = 0.00>
ST_2 : Operation 60 [1/1] (0.38ns)   --->   "%select_ln51_71 = select i1 %icmp_ln51_25, i8 %trunc_ln52_32, i8 0" [firmware/nnet_utils/nnet_activation_stream.h:51]   --->   Operation 60 'select' 'select_ln51_71' <Predicate = true> <Delay = 0.38> <CoreInst = "Sel">   --->   Core 73 'Sel' <Latency = 0> <II = 1> <Delay = 0.38> <FuncUnit> <Opcode : 'select'> <InPorts = 3> <OutPorts = 1>
ST_2 : Operation 61 [1/1] (0.28ns)   --->   "%select_ln51_72 = select i1 %icmp_ln51_25, i4 %trunc_ln52_45, i4 0" [firmware/nnet_utils/nnet_activation_stream.h:51]   --->   Operation 61 'select' 'select_ln51_72' <Predicate = true> <Delay = 0.28> <CoreInst = "Sel">   --->   Core 73 'Sel' <Latency = 0> <II = 1> <Delay = 0.28> <FuncUnit> <Opcode : 'select'> <InPorts = 3> <OutPorts = 1>
ST_2 : Operation 62 [1/1] (0.89ns)   --->   "%icmp_ln51_26 = icmp_sgt  i20 %trunc_ln44_24, i20 0" [firmware/nnet_utils/nnet_activation_stream.h:51]   --->   Operation 62 'icmp' 'icmp_ln51_26' <Predicate = true> <Delay = 0.89> <CoreInst = "Cmp">   --->   Core 9 'Cmp' <Latency = 0> <II = 1> <Delay = 0.89> <FuncUnit> <Opcode : 'icmp'> <InPorts = 2> <OutPorts = 1>
ST_2 : Operation 63 [1/1] (0.00ns)   --->   "%trunc_ln52_33 = partselect i8 @_ssdm_op_PartSelect.i8.i200.i32.i32, i200 %layer4_out_read, i32 140, i32 147" [firmware/nnet_utils/nnet_activation_stream.h:52]   --->   Operation 63 'partselect' 'trunc_ln52_33' <Predicate = true> <Delay = 0.00>
ST_2 : Operation 64 [1/1] (0.00ns)   --->   "%trunc_ln52_46 = partselect i4 @_ssdm_op_PartSelect.i4.i200.i32.i32, i200 %layer4_out_read, i32 156, i32 159" [firmware/nnet_utils/nnet_activation_stream.h:52]   --->   Operation 64 'partselect' 'trunc_ln52_46' <Predicate = true> <Delay = 0.00>
ST_2 : Operation 65 [1/1] (0.38ns)   --->   "%select_ln51_73 = select i1 %icmp_ln51_26, i8 %trunc_ln52_33, i8 0" [firmware/nnet_utils/nnet_activation_stream.h:51]   --->   Operation 65 'select' 'select_ln51_73' <Predicate = true> <Delay = 0.38> <CoreInst = "Sel">   --->   Core 73 'Sel' <Latency = 0> <II = 1> <Delay = 0.38> <FuncUnit> <Opcode : 'select'> <InPorts = 3> <OutPorts = 1>
ST_2 : Operation 66 [1/1] (0.28ns)   --->   "%select_ln51_74 = select i1 %icmp_ln51_26, i4 %trunc_ln52_46, i4 0" [firmware/nnet_utils/nnet_activation_stream.h:51]   --->   Operation 66 'select' 'select_ln51_74' <Predicate = true> <Delay = 0.28> <CoreInst = "Sel">   --->   Core 73 'Sel' <Latency = 0> <II = 1> <Delay = 0.28> <FuncUnit> <Opcode : 'select'> <InPorts = 3> <OutPorts = 1>
ST_2 : Operation 67 [1/1] (0.89ns)   --->   "%icmp_ln51_27 = icmp_sgt  i20 %trunc_ln44_25, i20 0" [firmware/nnet_utils/nnet_activation_stream.h:51]   --->   Operation 67 'icmp' 'icmp_ln51_27' <Predicate = true> <Delay = 0.89> <CoreInst = "Cmp">   --->   Core 9 'Cmp' <Latency = 0> <II = 1> <Delay = 0.89> <FuncUnit> <Opcode : 'icmp'> <InPorts = 2> <OutPorts = 1>
ST_2 : Operation 68 [1/1] (0.00ns)   --->   "%trunc_ln52_34 = partselect i8 @_ssdm_op_PartSelect.i8.i200.i32.i32, i200 %layer4_out_read, i32 160, i32 167" [firmware/nnet_utils/nnet_activation_stream.h:52]   --->   Operation 68 'partselect' 'trunc_ln52_34' <Predicate = true> <Delay = 0.00>
ST_2 : Operation 69 [1/1] (0.00ns)   --->   "%trunc_ln52_47 = partselect i4 @_ssdm_op_PartSelect.i4.i200.i32.i32, i200 %layer4_out_read, i32 176, i32 179" [firmware/nnet_utils/nnet_activation_stream.h:52]   --->   Operation 69 'partselect' 'trunc_ln52_47' <Predicate = true> <Delay = 0.00>
ST_2 : Operation 70 [1/1] (0.38ns)   --->   "%select_ln51_75 = select i1 %icmp_ln51_27, i8 %trunc_ln52_34, i8 0" [firmware/nnet_utils/nnet_activation_stream.h:51]   --->   Operation 70 'select' 'select_ln51_75' <Predicate = true> <Delay = 0.38> <CoreInst = "Sel">   --->   Core 73 'Sel' <Latency = 0> <II = 1> <Delay = 0.38> <FuncUnit> <Opcode : 'select'> <InPorts = 3> <OutPorts = 1>
ST_2 : Operation 71 [1/1] (0.28ns)   --->   "%select_ln51_76 = select i1 %icmp_ln51_27, i4 %trunc_ln52_47, i4 0" [firmware/nnet_utils/nnet_activation_stream.h:51]   --->   Operation 71 'select' 'select_ln51_76' <Predicate = true> <Delay = 0.28> <CoreInst = "Sel">   --->   Core 73 'Sel' <Latency = 0> <II = 1> <Delay = 0.28> <FuncUnit> <Opcode : 'select'> <InPorts = 3> <OutPorts = 1>
ST_2 : Operation 72 [1/1] (0.89ns)   --->   "%icmp_ln51_28 = icmp_sgt  i20 %trunc_ln44_26, i20 0" [firmware/nnet_utils/nnet_activation_stream.h:51]   --->   Operation 72 'icmp' 'icmp_ln51_28' <Predicate = true> <Delay = 0.89> <CoreInst = "Cmp">   --->   Core 9 'Cmp' <Latency = 0> <II = 1> <Delay = 0.89> <FuncUnit> <Opcode : 'icmp'> <InPorts = 2> <OutPorts = 1>
ST_2 : Operation 73 [1/1] (0.00ns)   --->   "%trunc_ln52_48 = partselect i8 @_ssdm_op_PartSelect.i8.i200.i32.i32, i200 %layer4_out_read, i32 180, i32 187" [firmware/nnet_utils/nnet_activation_stream.h:52]   --->   Operation 73 'partselect' 'trunc_ln52_48' <Predicate = true> <Delay = 0.00>
ST_2 : Operation 74 [1/1] (0.00ns)   --->   "%trunc_ln52_49 = partselect i4 @_ssdm_op_PartSelect.i4.i200.i32.i32, i200 %layer4_out_read, i32 196, i32 199" [firmware/nnet_utils/nnet_activation_stream.h:52]   --->   Operation 74 'partselect' 'trunc_ln52_49' <Predicate = true> <Delay = 0.00>
ST_2 : Operation 75 [1/1] (0.38ns)   --->   "%select_ln51_77 = select i1 %icmp_ln51_28, i8 %trunc_ln52_48, i8 0" [firmware/nnet_utils/nnet_activation_stream.h:51]   --->   Operation 75 'select' 'select_ln51_77' <Predicate = true> <Delay = 0.38> <CoreInst = "Sel">   --->   Core 73 'Sel' <Latency = 0> <II = 1> <Delay = 0.38> <FuncUnit> <Opcode : 'select'> <InPorts = 3> <OutPorts = 1>
ST_2 : Operation 76 [1/1] (0.28ns)   --->   "%select_ln51_78 = select i1 %icmp_ln51_28, i4 %trunc_ln52_49, i4 0" [firmware/nnet_utils/nnet_activation_stream.h:51]   --->   Operation 76 'select' 'select_ln51_78' <Predicate = true> <Delay = 0.28> <CoreInst = "Sel">   --->   Core 73 'Sel' <Latency = 0> <II = 1> <Delay = 0.28> <FuncUnit> <Opcode : 'select'> <InPorts = 3> <OutPorts = 1>
ST_2 : Operation 77 [1/1] (0.00ns)   --->   "%tmp = partselect i8 @_ssdm_op_PartSelect.i8.i200.i32.i32, i200 %layer4_out_read, i32 188, i32 195" [firmware/nnet_utils/nnet_activation_stream.h:57]   --->   Operation 77 'partselect' 'tmp' <Predicate = true> <Delay = 0.00>
ST_2 : Operation 78 [1/1] (0.38ns)   --->   "%select_ln51_79 = select i1 %icmp_ln51_28, i8 %tmp, i8 0" [firmware/nnet_utils/nnet_activation_stream.h:51]   --->   Operation 78 'select' 'select_ln51_79' <Predicate = true> <Delay = 0.38> <CoreInst = "Sel">   --->   Core 73 'Sel' <Latency = 0> <II = 1> <Delay = 0.38> <FuncUnit> <Opcode : 'select'> <InPorts = 3> <OutPorts = 1>
ST_2 : Operation 79 [1/1] (0.00ns)   --->   "%tmp_s = partselect i8 @_ssdm_op_PartSelect.i8.i200.i32.i32, i200 %layer4_out_read, i32 168, i32 175" [firmware/nnet_utils/nnet_activation_stream.h:57]   --->   Operation 79 'partselect' 'tmp_s' <Predicate = true> <Delay = 0.00>
ST_2 : Operation 80 [1/1] (0.38ns)   --->   "%select_ln51_80 = select i1 %icmp_ln51_27, i8 %tmp_s, i8 0" [firmware/nnet_utils/nnet_activation_stream.h:51]   --->   Operation 80 'select' 'select_ln51_80' <Predicate = true> <Delay = 0.38> <CoreInst = "Sel">   --->   Core 73 'Sel' <Latency = 0> <II = 1> <Delay = 0.38> <FuncUnit> <Opcode : 'select'> <InPorts = 3> <OutPorts = 1>
ST_2 : Operation 81 [1/1] (0.00ns)   --->   "%tmp_19 = partselect i8 @_ssdm_op_PartSelect.i8.i200.i32.i32, i200 %layer4_out_read, i32 148, i32 155" [firmware/nnet_utils/nnet_activation_stream.h:57]   --->   Operation 81 'partselect' 'tmp_19' <Predicate = true> <Delay = 0.00>
ST_2 : Operation 82 [1/1] (0.38ns)   --->   "%select_ln51_81 = select i1 %icmp_ln51_26, i8 %tmp_19, i8 0" [firmware/nnet_utils/nnet_activation_stream.h:51]   --->   Operation 82 'select' 'select_ln51_81' <Predicate = true> <Delay = 0.38> <CoreInst = "Sel">   --->   Core 73 'Sel' <Latency = 0> <II = 1> <Delay = 0.38> <FuncUnit> <Opcode : 'select'> <InPorts = 3> <OutPorts = 1>
ST_2 : Operation 83 [1/1] (0.00ns)   --->   "%tmp_20 = partselect i8 @_ssdm_op_PartSelect.i8.i200.i32.i32, i200 %layer4_out_read, i32 128, i32 135" [firmware/nnet_utils/nnet_activation_stream.h:57]   --->   Operation 83 'partselect' 'tmp_20' <Predicate = true> <Delay = 0.00>
ST_2 : Operation 84 [1/1] (0.38ns)   --->   "%select_ln51_82 = select i1 %icmp_ln51_25, i8 %tmp_20, i8 0" [firmware/nnet_utils/nnet_activation_stream.h:51]   --->   Operation 84 'select' 'select_ln51_82' <Predicate = true> <Delay = 0.38> <CoreInst = "Sel">   --->   Core 73 'Sel' <Latency = 0> <II = 1> <Delay = 0.38> <FuncUnit> <Opcode : 'select'> <InPorts = 3> <OutPorts = 1>
ST_2 : Operation 85 [1/1] (0.00ns)   --->   "%tmp_21 = partselect i8 @_ssdm_op_PartSelect.i8.i200.i32.i32, i200 %layer4_out_read, i32 108, i32 115" [firmware/nnet_utils/nnet_activation_stream.h:57]   --->   Operation 85 'partselect' 'tmp_21' <Predicate = true> <Delay = 0.00>
ST_2 : Operation 86 [1/1] (0.38ns)   --->   "%select_ln51_83 = select i1 %icmp_ln51_24, i8 %tmp_21, i8 0" [firmware/nnet_utils/nnet_activation_stream.h:51]   --->   Operation 86 'select' 'select_ln51_83' <Predicate = true> <Delay = 0.38> <CoreInst = "Sel">   --->   Core 73 'Sel' <Latency = 0> <II = 1> <Delay = 0.38> <FuncUnit> <Opcode : 'select'> <InPorts = 3> <OutPorts = 1>
ST_2 : Operation 87 [1/1] (0.00ns)   --->   "%tmp_22 = partselect i8 @_ssdm_op_PartSelect.i8.i200.i32.i32, i200 %layer4_out_read, i32 88, i32 95" [firmware/nnet_utils/nnet_activation_stream.h:57]   --->   Operation 87 'partselect' 'tmp_22' <Predicate = true> <Delay = 0.00>
ST_2 : Operation 88 [1/1] (0.38ns)   --->   "%select_ln51_84 = select i1 %icmp_ln51_23, i8 %tmp_22, i8 0" [firmware/nnet_utils/nnet_activation_stream.h:51]   --->   Operation 88 'select' 'select_ln51_84' <Predicate = true> <Delay = 0.38> <CoreInst = "Sel">   --->   Core 73 'Sel' <Latency = 0> <II = 1> <Delay = 0.38> <FuncUnit> <Opcode : 'select'> <InPorts = 3> <OutPorts = 1>
ST_2 : Operation 89 [1/1] (0.00ns)   --->   "%tmp_23 = partselect i8 @_ssdm_op_PartSelect.i8.i200.i32.i32, i200 %layer4_out_read, i32 68, i32 75" [firmware/nnet_utils/nnet_activation_stream.h:57]   --->   Operation 89 'partselect' 'tmp_23' <Predicate = true> <Delay = 0.00>
ST_2 : Operation 90 [1/1] (0.38ns)   --->   "%select_ln51_85 = select i1 %icmp_ln51_22, i8 %tmp_23, i8 0" [firmware/nnet_utils/nnet_activation_stream.h:51]   --->   Operation 90 'select' 'select_ln51_85' <Predicate = true> <Delay = 0.38> <CoreInst = "Sel">   --->   Core 73 'Sel' <Latency = 0> <II = 1> <Delay = 0.38> <FuncUnit> <Opcode : 'select'> <InPorts = 3> <OutPorts = 1>
ST_2 : Operation 91 [1/1] (0.00ns)   --->   "%tmp_24 = partselect i8 @_ssdm_op_PartSelect.i8.i200.i32.i32, i200 %layer4_out_read, i32 48, i32 55" [firmware/nnet_utils/nnet_activation_stream.h:57]   --->   Operation 91 'partselect' 'tmp_24' <Predicate = true> <Delay = 0.00>
ST_2 : Operation 92 [1/1] (0.38ns)   --->   "%select_ln51_86 = select i1 %icmp_ln51_21, i8 %tmp_24, i8 0" [firmware/nnet_utils/nnet_activation_stream.h:51]   --->   Operation 92 'select' 'select_ln51_86' <Predicate = true> <Delay = 0.38> <CoreInst = "Sel">   --->   Core 73 'Sel' <Latency = 0> <II = 1> <Delay = 0.38> <FuncUnit> <Opcode : 'select'> <InPorts = 3> <OutPorts = 1>
ST_2 : Operation 93 [1/1] (0.00ns)   --->   "%tmp_25 = partselect i8 @_ssdm_op_PartSelect.i8.i200.i32.i32, i200 %layer4_out_read, i32 28, i32 35" [firmware/nnet_utils/nnet_activation_stream.h:57]   --->   Operation 93 'partselect' 'tmp_25' <Predicate = true> <Delay = 0.00>
ST_2 : Operation 94 [1/1] (0.38ns)   --->   "%select_ln51_87 = select i1 %icmp_ln51_20, i8 %tmp_25, i8 0" [firmware/nnet_utils/nnet_activation_stream.h:51]   --->   Operation 94 'select' 'select_ln51_87' <Predicate = true> <Delay = 0.38> <CoreInst = "Sel">   --->   Core 73 'Sel' <Latency = 0> <II = 1> <Delay = 0.38> <FuncUnit> <Opcode : 'select'> <InPorts = 3> <OutPorts = 1>
ST_2 : Operation 95 [1/1] (0.00ns)   --->   "%tmp_26 = partselect i8 @_ssdm_op_PartSelect.i8.i200.i32.i32, i200 %layer4_out_read, i32 8, i32 15" [firmware/nnet_utils/nnet_activation_stream.h:57]   --->   Operation 95 'partselect' 'tmp_26' <Predicate = true> <Delay = 0.00>
ST_2 : Operation 96 [1/1] (0.38ns)   --->   "%select_ln51_88 = select i1 %icmp_ln51, i8 %tmp_26, i8 0" [firmware/nnet_utils/nnet_activation_stream.h:51]   --->   Operation 96 'select' 'select_ln51_88' <Predicate = true> <Delay = 0.38> <CoreInst = "Sel">   --->   Core 73 'Sel' <Latency = 0> <II = 1> <Delay = 0.38> <FuncUnit> <Opcode : 'select'> <InPorts = 3> <OutPorts = 1>
ST_2 : Operation 104 [1/1] (0.00ns)   --->   "%ret_ln59 = ret" [firmware/nnet_utils/nnet_activation_stream.h:59]   --->   Operation 104 'ret' 'ret_ln59' <Predicate = (icmp_ln41)> <Delay = 0.00>

State 3 <SV = 2> <Delay = 1.68>
ST_3 : Operation 97 [1/1] (0.00ns)   --->   "%specpipeline_ln42 = specpipeline void @_ssdm_op_SpecPipeline, i32 4294967295, i32 0, i32 0, i32 0, void @empty_1" [firmware/nnet_utils/nnet_activation_stream.h:42]   --->   Operation 97 'specpipeline' 'specpipeline_ln42' <Predicate = true> <Delay = 0.00>
ST_3 : Operation 98 [1/1] (0.00ns)   --->   "%speclooptripcount_ln41 = speclooptripcount void @_ssdm_op_SpecLoopTripCount, i64 238, i64 238, i64 238" [firmware/nnet_utils/nnet_activation_stream.h:41]   --->   Operation 98 'speclooptripcount' 'speclooptripcount_ln41' <Predicate = true> <Delay = 0.00>
ST_3 : Operation 99 [1/1] (0.00ns)   --->   "%specloopname_ln41 = specloopname void @_ssdm_op_SpecLoopName, void @empty_5" [firmware/nnet_utils/nnet_activation_stream.h:41]   --->   Operation 99 'specloopname' 'specloopname_ln41' <Predicate = true> <Delay = 0.00>
ST_3 : Operation 100 [1/1] (0.00ns)   --->   "%zext_ln57 = zext i3 %select_ln51_60" [firmware/nnet_utils/nnet_activation_stream.h:57]   --->   Operation 100 'zext' 'zext_ln57' <Predicate = true> <Delay = 0.00>
ST_3 : Operation 101 [1/1] (0.00ns)   --->   "%or_ln57_s = bitconcatenate i200 @_ssdm_op_BitConcatenate.i200.i4.i8.i8.i4.i8.i8.i4.i8.i8.i4.i8.i8.i4.i8.i8.i4.i8.i8.i4.i8.i8.i4.i8.i8.i4.i8.i8.i4.i8.i8, i4 %select_ln51_78, i8 %select_ln51_79, i8 %select_ln51_77, i4 %select_ln51_76, i8 %select_ln51_80, i8 %select_ln51_75, i4 %select_ln51_74, i8 %select_ln51_81, i8 %select_ln51_73, i4 %select_ln51_72, i8 %select_ln51_82, i8 %select_ln51_71, i4 %select_ln51_70, i8 %select_ln51_83, i8 %select_ln51_69, i4 %select_ln51_68, i8 %select_ln51_84, i8 %select_ln51_67, i4 %select_ln51_66, i8 %select_ln51_85, i8 %select_ln51_65, i4 %select_ln51_64, i8 %select_ln51_86, i8 %select_ln51_63, i4 %select_ln51_62, i8 %select_ln51_87, i8 %select_ln51_61, i4 %zext_ln57, i8 %select_ln51_88, i8 %select_ln51" [firmware/nnet_utils/nnet_activation_stream.h:57]   --->   Operation 101 'bitconcatenate' 'or_ln57_s' <Predicate = true> <Delay = 0.00>
ST_3 : Operation 102 [1/1] (1.68ns)   --->   "%write_ln57 = write void @_ssdm_op_Write.ap_fifo.volatile.i200P0A, i200 %layer5_out, i200 %or_ln57_s" [firmware/nnet_utils/nnet_activation_stream.h:57]   --->   Operation 102 'write' 'write_ln57' <Predicate = true> <Delay = 1.68> <CoreInst = "FIFO">   --->   Core 78 'FIFO' <Latency = 0> <II = 1> <Delay = 1.68> <Storage> <Opcode : 'read' 'write' 'nbread' 'nbwrite'> <Ports = 0> <Width = 200> <Depth = 238> <FIFO>
ST_3 : Operation 103 [1/1] (0.00ns)   --->   "%br_ln41 = br void %ReLUPackLoop" [firmware/nnet_utils/nnet_activation_stream.h:41]   --->   Operation 103 'br' 'br_ln41' <Predicate = true> <Delay = 0.00>


============================================================
+ Verbose Summary: Timing violations
============================================================
Target clock period: 5.000ns, clock uncertainty: 0.625ns.

 <State 1>: 1.619ns
The critical path consists of the following:
	'store' operation 0 bit ('store_ln41', firmware/nnet_utils/nnet_activation_stream.h:41) of constant 0 on local variable 'i', firmware/nnet_utils/nnet_activation_stream.h:41 [6]  (0.427 ns)
	'load' operation 8 bit ('i', firmware/nnet_utils/nnet_activation_stream.h:41) on local variable 'i', firmware/nnet_utils/nnet_activation_stream.h:41 [9]  (0.000 ns)
	'icmp' operation 1 bit ('icmp_ln41', firmware/nnet_utils/nnet_activation_stream.h:41) [10]  (0.765 ns)
	'store' operation 0 bit ('store_ln41', firmware/nnet_utils/nnet_activation_stream.h:41) of variable 'i', firmware/nnet_utils/nnet_activation_stream.h:41 on local variable 'i', firmware/nnet_utils/nnet_activation_stream.h:41 [101]  (0.427 ns)

 <State 2>: 2.961ns
The critical path consists of the following:
	fifo read operation ('layer4_out_read', firmware/nnet_utils/nnet_activation_stream.h:44) on port 'layer4_out' (firmware/nnet_utils/nnet_activation_stream.h:44) [17]  (1.680 ns)
	'icmp' operation 1 bit ('icmp_ln51', firmware/nnet_utils/nnet_activation_stream.h:51) [28]  (0.894 ns)
	'select' operation 8 bit ('select_ln51', firmware/nnet_utils/nnet_activation_stream.h:51) [31]  (0.387 ns)

 <State 3>: 1.680ns
The critical path consists of the following:
	fifo write operation ('write_ln57', firmware/nnet_utils/nnet_activation_stream.h:57) on port 'layer5_out' (firmware/nnet_utils/nnet_activation_stream.h:57) [100]  (1.680 ns)


============================================================
+ Verbose Summary: Binding
============================================================
N/A
* FSMD analyzer results:
  - Output states:
 - Input state : 
  - Chain level:
	State 1
	State 2
	State 3


============================================================
+ Verbose Summary: Datapath Resource usage 
============================================================
N/A
