

================================================================
== Vitis HLS Report for 'compute_output_buffer_2d_array_array_ap_fixed_12_2_5_3_0_20u_config2_s'
================================================================
* Date:           Wed Oct 15 23:48:13 2025

* Version:        2023.2 (Build 4023990 on Oct 11 2023)
* Project:        hls_cnn_2d_100s_prj
* Solution:       solution1 (Vivado IP Flow Target)
* Product family: kintexuplus
* Target device:  xcku5p-ffvb676-2-e


================================================================
== Performance Estimates
================================================================
+ Timing: 
    * Summary: 
    +--------+---------+----------+------------+
    |  Clock |  Target | Estimated| Uncertainty|
    +--------+---------+----------+------------+
    |ap_clk  |  5.00 ns|  4.096 ns|     0.62 ns|
    +--------+---------+----------+------------+

+ Latency: 
    * Summary: 
    +---------+---------+-----------+-----------+-----+-----+---------+
    |  Latency (cycles) |   Latency (absolute)  |  Interval | Pipeline|
    |   min   |   max   |    min    |    max    | min | max |   Type  |
    +---------+---------+-----------+-----------+-----+-----+---------+
    |        6|        6|  30.000 ns|  30.000 ns|    6|    6|      yes|
    +---------+---------+-----------+-----------+-----+-----+---------+

    + Detail: 
        * Instance: 
        N/A

        * Loop: 
        N/A

============================================================
+ Verbose Summary: Synthesis Manager
============================================================
InlineROM: 1
ExposeGlobal: 0
============================================================
+ Verbose Summary: CDFG Model
============================================================
IsTopModel: 0
ResetActiveHigh: 1
IsCombinational: 0
IsDatapathOnly: 0
HasWiredReturn: 1
HasMFsm: 2
HasVarLatency: 0
IsPipeline: 1
IsRtlPipelined: 1
IsInstanceOverlapped: 0
IsDontTouch: 0
HasImplIP: 0
IsGatedGlobalClock: 0

+ Individual pipeline summary: 
  * Pipeline-0: initiation interval (II) = 6, depth = 7


============================================================
+ Verbose Summary: Schedule
============================================================
* Number of FSM states : 7
* Pipeline : 1
  Pipeline-0 : II = 6, D = 7, States = { 1 2 3 4 5 6 7 }
* Dataflow Pipeline: 0

* FSM state transitions: 
1 --> 2 
2 --> 3 
3 --> 4 
4 --> 5 
5 --> 6 
6 --> 7 
7 --> 

* FSM state operations: 

State 1 <SV = 0> <Delay = 2.74>
ST_1 : Operation 8 [1/1] (0.00ns)   --->   "%specinterface_ln0 = specinterface void @_ssdm_op_SpecInterface, i240 %layer2_out, void @empty_4, i32 0, i32 0, void @empty_5, i32 0, i32 0, void @empty_5, void @empty_5, void @empty_5, i32 0, i32 0, i32 0, i32 0, void @empty_5, void @empty_5, i32 4294967295, i32 0"   --->   Operation 8 'specinterface' 'specinterface_ln0' <Predicate = true> <Delay = 0.00>
ST_1 : Operation 9 [1/1] (0.00ns)   --->   "%in_elem_0_0_0_0_0_val_read = read i16 @_ssdm_op_Read.ap_auto.i16, i16 %in_elem_0_0_0_0_0_val"   --->   Operation 9 'read' 'in_elem_0_0_0_0_0_val_read' <Predicate = true> <Delay = 0.00>
ST_1 : Operation 10 [1/1] (2.15ns)   --->   "%call_ln286 = call void @shift_line_buffer<array<ap_fixed<16, 2, 5, 3, 0>, 1u>, config2>, i16 %in_elem_0_0_0_0_0_val_read, i16 %void_compute_output_buffer_2d_array_const_ap_shift_reg_n_chan_stream_weig_8, i16 %void_compute_output_buffer_2d_array_const_ap_shift_reg_n_chan_stream_weig_9, i16 %p_ZZN4nnet24compute_output_buffer_2dINS_5arrayI8ap_fixedILi16ELi2EL9ap_q_mode5EL9_28, i16 %p_ZZN4nnet24compute_output_buffer_2dINS_5arrayI8ap_fixedILi16ELi2EL9ap_q_mode5EL9_29, i16 %p_ZZN4nnet24compute_output_buffer_2dINS_5arrayI8ap_fixedILi16ELi2EL9ap_q_mode5EL9_18, i16 %p_ZZN4nnet24compute_output_buffer_2dINS_5arrayI8ap_fixedILi16ELi2EL9ap_q_mode5EL9_19, i16 %p_ZZN4nnet24compute_output_buffer_2dINS_5arrayI8ap_fixedILi16ELi2EL9ap_q_mode5EL9_8, i16 %p_ZZN4nnet24compute_output_buffer_2dINS_5arrayI8ap_fixedILi16ELi2EL9ap_q_mode5EL9_9, i16 %void_compute_output_buffer_2d_array_const_ap_shift_reg_n_chan_stream_weig_7, i16 %p_ZZN4nnet24compute_output_buffer_2dINS_5arrayI8ap_fixedILi16ELi2EL9ap_q_mode5EL9_27, i16 %p_ZZN4nnet24compute_output_buffer_2dINS_5arrayI8ap_fixedILi16ELi2EL9ap_q_mode5EL9_17, i16 %p_ZZN4nnet24compute_output_buffer_2dINS_5arrayI8ap_fixedILi16ELi2EL9ap_q_mode5EL9_7, i16 %void_compute_output_buffer_2d_array_const_ap_shift_reg_n_chan_stream_weig_6, i16 %p_ZZN4nnet24compute_output_buffer_2dINS_5arrayI8ap_fixedILi16ELi2EL9ap_q_mode5EL9_26, i16 %p_ZZN4nnet24compute_output_buffer_2dINS_5arrayI8ap_fixedILi16ELi2EL9ap_q_mode5EL9_16, i16 %p_ZZN4nnet24compute_output_buffer_2dINS_5arrayI8ap_fixedILi16ELi2EL9ap_q_mode5EL9_6, i16 %void_compute_output_buffer_2d_array_const_ap_shift_reg_n_chan_stream_weig_5, i16 %p_ZZN4nnet24compute_output_buffer_2dINS_5arrayI8ap_fixedILi16ELi2EL9ap_q_mode5EL9_25, i16 %p_ZZN4nnet24compute_output_buffer_2dINS_5arrayI8ap_fixedILi16ELi2EL9ap_q_mode5EL9_15, i16 %p_ZZN4nnet24compute_output_buffer_2dINS_5arrayI8ap_fixedILi16ELi2EL9ap_q_mode5EL9_5, i16 %void_compute_output_buffer_2d_array_const_ap_shift_reg_n_chan_stream_weig_4, i16 %p_ZZN4nnet24compute_output_buffer_2dINS_5arrayI8ap_fixedILi16ELi2EL9ap_q_mode5EL9_24, i16 %p_ZZN4nnet24compute_output_buffer_2dINS_5arrayI8ap_fixedILi16ELi2EL9ap_q_mode5EL9_14, i16 %p_ZZN4nnet24compute_output_buffer_2dINS_5arrayI8ap_fixedILi16ELi2EL9ap_q_mode5EL9_4, i16 %void_compute_output_buffer_2d_array_const_ap_shift_reg_n_chan_stream_weig_3, i16 %p_ZZN4nnet24compute_output_buffer_2dINS_5arrayI8ap_fixedILi16ELi2EL9ap_q_mode5EL9_23, i16 %p_ZZN4nnet24compute_output_buffer_2dINS_5arrayI8ap_fixedILi16ELi2EL9ap_q_mode5EL9_13, i16 %p_ZZN4nnet24compute_output_buffer_2dINS_5arrayI8ap_fixedILi16ELi2EL9ap_q_mode5EL9_3, i16 %void_compute_output_buffer_2d_array_const_ap_shift_reg_n_chan_stream_weig_2, i16 %p_ZZN4nnet24compute_output_buffer_2dINS_5arrayI8ap_fixedILi16ELi2EL9ap_q_mode5EL9_22, i16 %p_ZZN4nnet24compute_output_buffer_2dINS_5arrayI8ap_fixedILi16ELi2EL9ap_q_mode5EL9_12, i16 %p_ZZN4nnet24compute_output_buffer_2dINS_5arrayI8ap_fixedILi16ELi2EL9ap_q_mode5EL9_2, i16 %void_compute_output_buffer_2d_array_const_ap_shift_reg_n_chan_stream_weig_1, i16 %p_ZZN4nnet24compute_output_buffer_2dINS_5arrayI8ap_fixedILi16ELi2EL9ap_q_mode5EL9_21, i16 %p_ZZN4nnet24compute_output_buffer_2dINS_5arrayI8ap_fixedILi16ELi2EL9ap_q_mode5EL9_11, i16 %p_ZZN4nnet24compute_output_buffer_2dINS_5arrayI8ap_fixedILi16ELi2EL9ap_q_mode5EL9_1, i16 %void_compute_output_buffer_2d_array_const_ap_shift_reg_n_chan_stream_weig, i16 %p_ZZN4nnet24compute_output_buffer_2dINS_5arrayI8ap_fixedILi16ELi2EL9ap_q_mode5EL9_20, i16 %p_ZZN4nnet24compute_output_buffer_2dINS_5arrayI8ap_fixedILi16ELi2EL9ap_q_mode5EL9_10, i16 %p_ZZN4nnet24compute_output_buffer_2dINS_5arrayI8ap_fixedILi16ELi2EL9ap_q_mode5EL9, i16 %void_conv_2d_buffer_latency_cl_stream_stream_weight_t_bias_t_line_buffer_2, i16 %void_conv_2d_buffer_latency_cl_stream_stream_weight_t_bias_t_line_buffer_1, i16 %void_conv_2d_buffer_latency_cl_stream_stream_weight_t_bias_t_line_buffer" [firmware/nnet_utils/nnet_conv_stream.h:286]   --->   Operation 10 'call' 'call_ln286' <Predicate = true> <Delay = 2.15> <CoreType = "Generic">   --->   Core 0 '' <Latency = 0> <II = 1> <Delay = 1.00> <Generic> <Opcode : >
ST_1 : Operation 11 [1/1] (0.00ns)   --->   "%sX_load = load i32 %sX" [firmware/nnet_utils/nnet_conv_stream.h:289]   --->   Operation 11 'load' 'sX_load' <Predicate = true> <Delay = 0.00>
ST_1 : Operation 12 [1/1] (1.01ns)   --->   "%icmp_ln289 = icmp_eq  i32 %sX_load, i32 9" [firmware/nnet_utils/nnet_conv_stream.h:289]   --->   Operation 12 'icmp' 'icmp_ln289' <Predicate = true> <Delay = 1.01> <CoreInst = "Cmp">   --->   Core 9 'Cmp' <Latency = 0> <II = 1> <Delay = 1.01> <FuncUnit> <Opcode : 'icmp'> <InPorts = 2> <OutPorts = 1>
ST_1 : Operation 13 [1/1] (0.00ns)   --->   "%sY_load = load i32 %sY" [firmware/nnet_utils/nnet_conv_stream.h:289]   --->   Operation 13 'load' 'sY_load' <Predicate = true> <Delay = 0.00>
ST_1 : Operation 14 [1/1] (0.00ns)   --->   "%pY_load = load i32 %pY" [firmware/nnet_utils/nnet_conv_stream.h:289]   --->   Operation 14 'load' 'pY_load' <Predicate = true> <Delay = 0.00>
ST_1 : Operation 15 [1/1] (0.00ns)   --->   "%pX_load = load i32 %pX" [firmware/nnet_utils/nnet_conv_stream.h:289]   --->   Operation 15 'load' 'pX_load' <Predicate = true> <Delay = 0.00>
ST_1 : Operation 16 [1/1] (0.00ns)   --->   "%br_ln289 = br i1 %icmp_ln289, void %if.end, void %land.lhs.true" [firmware/nnet_utils/nnet_conv_stream.h:289]   --->   Operation 16 'br' 'br_ln289' <Predicate = true> <Delay = 0.00>
ST_1 : Operation 17 [1/1] (1.01ns)   --->   "%icmp_ln289_1 = icmp_eq  i32 %sY_load, i32 3" [firmware/nnet_utils/nnet_conv_stream.h:289]   --->   Operation 17 'icmp' 'icmp_ln289_1' <Predicate = (icmp_ln289)> <Delay = 1.01> <CoreInst = "Cmp">   --->   Core 9 'Cmp' <Latency = 0> <II = 1> <Delay = 1.01> <FuncUnit> <Opcode : 'icmp'> <InPorts = 2> <OutPorts = 1>
ST_1 : Operation 18 [1/1] (1.01ns)   --->   "%icmp_ln289_2 = icmp_sgt  i32 %pY_load, i32 2" [firmware/nnet_utils/nnet_conv_stream.h:289]   --->   Operation 18 'icmp' 'icmp_ln289_2' <Predicate = (icmp_ln289)> <Delay = 1.01> <CoreInst = "Cmp">   --->   Core 9 'Cmp' <Latency = 0> <II = 1> <Delay = 1.01> <FuncUnit> <Opcode : 'icmp'> <InPorts = 2> <OutPorts = 1>
ST_1 : Operation 19 [1/1] (1.01ns)   --->   "%icmp_ln289_3 = icmp_sgt  i32 %pX_load, i32 8" [firmware/nnet_utils/nnet_conv_stream.h:289]   --->   Operation 19 'icmp' 'icmp_ln289_3' <Predicate = (icmp_ln289)> <Delay = 1.01> <CoreInst = "Cmp">   --->   Core 9 'Cmp' <Latency = 0> <II = 1> <Delay = 1.01> <FuncUnit> <Opcode : 'icmp'> <InPorts = 2> <OutPorts = 1>
ST_1 : Operation 20 [1/1] (0.00ns) (grouped into LUT with out node and_ln289_1)   --->   "%and_ln289 = and i1 %icmp_ln289_2, i1 %icmp_ln289_3" [firmware/nnet_utils/nnet_conv_stream.h:289]   --->   Operation 20 'and' 'and_ln289' <Predicate = (icmp_ln289)> <Delay = 0.00> <CoreInst = "LogicGate">   --->   Core 74 'LogicGate' <Latency = 0> <II = 1> <Delay = 0.28> <FuncUnit> <Opcode : 'and' 'or' 'xor'> <InPorts = 2> <OutPorts = 1>
ST_1 : Operation 21 [1/1] (0.28ns) (out node of the LUT)   --->   "%and_ln289_1 = and i1 %and_ln289, i1 %icmp_ln289_1" [firmware/nnet_utils/nnet_conv_stream.h:289]   --->   Operation 21 'and' 'and_ln289_1' <Predicate = (icmp_ln289)> <Delay = 0.28> <CoreInst = "LogicGate">   --->   Core 74 'LogicGate' <Latency = 0> <II = 1> <Delay = 0.28> <FuncUnit> <Opcode : 'and' 'or' 'xor'> <InPorts = 2> <OutPorts = 1>
ST_1 : Operation 22 [1/1] (0.00ns)   --->   "%br_ln289 = br i1 %and_ln289_1, void %if.end, void %if.then" [firmware/nnet_utils/nnet_conv_stream.h:289]   --->   Operation 22 'br' 'br_ln289' <Predicate = (icmp_ln289)> <Delay = 0.00>
ST_1 : Operation 23 [1/1] (1.01ns)   --->   "%add_ln313 = add i32 %pX_load, i32 1" [firmware/nnet_utils/nnet_conv_stream.h:313]   --->   Operation 23 'add' 'add_ln313' <Predicate = true> <Delay = 1.01> <CoreInst = "Adder">   --->   Core 1 'Adder' <Latency = 0> <II = 1> <Delay = 1.01> <FuncUnit> <Opcode : 'add' 'sub'> <InPorts = 2> <OutPorts = 1>
ST_1 : Operation 24 [1/1] (1.01ns)   --->   "%icmp_ln313 = icmp_eq  i32 %add_ln313, i32 256" [firmware/nnet_utils/nnet_conv_stream.h:313]   --->   Operation 24 'icmp' 'icmp_ln313' <Predicate = true> <Delay = 1.01> <CoreInst = "Cmp">   --->   Core 9 'Cmp' <Latency = 0> <II = 1> <Delay = 1.01> <FuncUnit> <Opcode : 'icmp'> <InPorts = 2> <OutPorts = 1>
ST_1 : Operation 25 [1/1] (0.00ns)   --->   "%br_ln313 = br i1 %icmp_ln313, void %if.else20, void %if.then9" [firmware/nnet_utils/nnet_conv_stream.h:313]   --->   Operation 25 'br' 'br_ln313' <Predicate = true> <Delay = 0.00>
ST_1 : Operation 26 [1/1] (0.42ns)   --->   "%store_ln326 = store i32 %add_ln313, i32 %pX" [firmware/nnet_utils/nnet_conv_stream.h:326]   --->   Operation 26 'store' 'store_ln326' <Predicate = (!icmp_ln313)> <Delay = 0.42>
ST_1 : Operation 27 [1/1] (1.01ns)   --->   "%add_ln328 = add i32 %sX_load, i32 1" [firmware/nnet_utils/nnet_conv_stream.h:328]   --->   Operation 27 'add' 'add_ln328' <Predicate = (!icmp_ln313)> <Delay = 1.01> <CoreInst = "Adder">   --->   Core 1 'Adder' <Latency = 0> <II = 1> <Delay = 1.01> <FuncUnit> <Opcode : 'add' 'sub'> <InPorts = 2> <OutPorts = 1>
ST_1 : Operation 28 [1/1] (0.41ns)   --->   "%select_ln328 = select i1 %icmp_ln289, i32 9, i32 %add_ln328" [firmware/nnet_utils/nnet_conv_stream.h:328]   --->   Operation 28 'select' 'select_ln328' <Predicate = (!icmp_ln313)> <Delay = 0.41> <CoreInst = "Sel">   --->   Core 73 'Sel' <Latency = 0> <II = 1> <Delay = 0.41> <FuncUnit> <Opcode : 'select'> <InPorts = 3> <OutPorts = 1>
ST_1 : Operation 29 [1/1] (0.42ns)   --->   "%store_ln328 = store i32 %select_ln328, i32 %sX" [firmware/nnet_utils/nnet_conv_stream.h:328]   --->   Operation 29 'store' 'store_ln328' <Predicate = (!icmp_ln313)> <Delay = 0.42>
ST_1 : Operation 30 [1/1] (0.00ns)   --->   "%br_ln0 = br void %if.end31"   --->   Operation 30 'br' 'br_ln0' <Predicate = (!icmp_ln313)> <Delay = 0.00>
ST_1 : Operation 31 [1/1] (0.42ns)   --->   "%store_ln315 = store i32 0, i32 %pX" [firmware/nnet_utils/nnet_conv_stream.h:315]   --->   Operation 31 'store' 'store_ln315' <Predicate = (icmp_ln313)> <Delay = 0.42>
ST_1 : Operation 32 [1/1] (0.42ns)   --->   "%store_ln316 = store i32 0, i32 %sX" [firmware/nnet_utils/nnet_conv_stream.h:316]   --->   Operation 32 'store' 'store_ln316' <Predicate = (icmp_ln313)> <Delay = 0.42>
ST_1 : Operation 33 [1/1] (1.01ns)   --->   "%add_ln317 = add i32 %pY_load, i32 1" [firmware/nnet_utils/nnet_conv_stream.h:317]   --->   Operation 33 'add' 'add_ln317' <Predicate = (icmp_ln313)> <Delay = 1.01> <CoreInst = "Adder">   --->   Core 1 'Adder' <Latency = 0> <II = 1> <Delay = 1.01> <FuncUnit> <Opcode : 'add' 'sub'> <InPorts = 2> <OutPorts = 1>
ST_1 : Operation 34 [1/1] (1.01ns)   --->   "%icmp_ln317 = icmp_eq  i32 %add_ln317, i32 4" [firmware/nnet_utils/nnet_conv_stream.h:317]   --->   Operation 34 'icmp' 'icmp_ln317' <Predicate = (icmp_ln313)> <Delay = 1.01> <CoreInst = "Cmp">   --->   Core 9 'Cmp' <Latency = 0> <II = 1> <Delay = 1.01> <FuncUnit> <Opcode : 'icmp'> <InPorts = 2> <OutPorts = 1>
ST_1 : Operation 35 [1/1] (0.00ns)   --->   "%br_ln317 = br i1 %icmp_ln317, void %if.else, void %if.then12" [firmware/nnet_utils/nnet_conv_stream.h:317]   --->   Operation 35 'br' 'br_ln317' <Predicate = (icmp_ln313)> <Delay = 0.00>
ST_1 : Operation 36 [1/1] (0.42ns)   --->   "%store_ln321 = store i32 %add_ln317, i32 %pY" [firmware/nnet_utils/nnet_conv_stream.h:321]   --->   Operation 36 'store' 'store_ln321' <Predicate = (icmp_ln313 & !icmp_ln317)> <Delay = 0.42>
ST_1 : Operation 37 [1/1] (1.01ns)   --->   "%icmp_ln323 = icmp_eq  i32 %sY_load, i32 3" [firmware/nnet_utils/nnet_conv_stream.h:323]   --->   Operation 37 'icmp' 'icmp_ln323' <Predicate = (icmp_ln313 & !icmp_ln317)> <Delay = 1.01> <CoreInst = "Cmp">   --->   Core 9 'Cmp' <Latency = 0> <II = 1> <Delay = 1.01> <FuncUnit> <Opcode : 'icmp'> <InPorts = 2> <OutPorts = 1>
ST_1 : Operation 38 [1/1] (1.01ns)   --->   "%add_ln323 = add i32 %sY_load, i32 1" [firmware/nnet_utils/nnet_conv_stream.h:323]   --->   Operation 38 'add' 'add_ln323' <Predicate = (icmp_ln313 & !icmp_ln317)> <Delay = 1.01> <CoreInst = "Adder">   --->   Core 1 'Adder' <Latency = 0> <II = 1> <Delay = 1.01> <FuncUnit> <Opcode : 'add' 'sub'> <InPorts = 2> <OutPorts = 1>
ST_1 : Operation 39 [1/1] (0.41ns)   --->   "%select_ln323 = select i1 %icmp_ln323, i32 3, i32 %add_ln323" [firmware/nnet_utils/nnet_conv_stream.h:323]   --->   Operation 39 'select' 'select_ln323' <Predicate = (icmp_ln313 & !icmp_ln317)> <Delay = 0.41> <CoreInst = "Sel">   --->   Core 73 'Sel' <Latency = 0> <II = 1> <Delay = 0.41> <FuncUnit> <Opcode : 'select'> <InPorts = 3> <OutPorts = 1>
ST_1 : Operation 40 [1/1] (0.42ns)   --->   "%br_ln0 = br void %if.end19"   --->   Operation 40 'br' 'br_ln0' <Predicate = (icmp_ln313 & !icmp_ln317)> <Delay = 0.42>
ST_1 : Operation 41 [1/1] (0.42ns)   --->   "%store_ln318 = store i32 0, i32 %pY" [firmware/nnet_utils/nnet_conv_stream.h:318]   --->   Operation 41 'store' 'store_ln318' <Predicate = (icmp_ln313 & icmp_ln317)> <Delay = 0.42>
ST_1 : Operation 42 [1/1] (0.42ns)   --->   "%br_ln320 = br void %if.end19" [firmware/nnet_utils/nnet_conv_stream.h:320]   --->   Operation 42 'br' 'br_ln320' <Predicate = (icmp_ln313 & icmp_ln317)> <Delay = 0.42>

State 2 <SV = 1> <Delay = 0.00>
ST_2 : Operation 43 [5/5] (0.00ns)   --->   "%tmp = call i240 @dense_latency<ap_fixed<16, 2, 5, 3, 0>, ap_fixed<12, 2, 5, 3, 0>, config2_mult>, i16 %void_compute_output_buffer_2d_array_const_ap_shift_reg_n_chan_stream_weig_9, i16 %void_compute_output_buffer_2d_array_const_ap_shift_reg_n_chan_stream_weig_8, i16 %void_compute_output_buffer_2d_array_const_ap_shift_reg_n_chan_stream_weig_7, i16 %void_compute_output_buffer_2d_array_const_ap_shift_reg_n_chan_stream_weig_6, i16 %void_compute_output_buffer_2d_array_const_ap_shift_reg_n_chan_stream_weig_5, i16 %void_compute_output_buffer_2d_array_const_ap_shift_reg_n_chan_stream_weig_4, i16 %void_compute_output_buffer_2d_array_const_ap_shift_reg_n_chan_stream_weig_3, i16 %void_compute_output_buffer_2d_array_const_ap_shift_reg_n_chan_stream_weig_2, i16 %void_compute_output_buffer_2d_array_const_ap_shift_reg_n_chan_stream_weig_1, i16 %void_compute_output_buffer_2d_array_const_ap_shift_reg_n_chan_stream_weig, i16 %p_ZZN4nnet24compute_output_buffer_2dINS_5arrayI8ap_fixedILi16ELi2EL9ap_q_mode5EL9_29, i16 %p_ZZN4nnet24compute_output_buffer_2dINS_5arrayI8ap_fixedILi16ELi2EL9ap_q_mode5EL9_28, i16 %p_ZZN4nnet24compute_output_buffer_2dINS_5arrayI8ap_fixedILi16ELi2EL9ap_q_mode5EL9_27, i16 %p_ZZN4nnet24compute_output_buffer_2dINS_5arrayI8ap_fixedILi16ELi2EL9ap_q_mode5EL9_26, i16 %p_ZZN4nnet24compute_output_buffer_2dINS_5arrayI8ap_fixedILi16ELi2EL9ap_q_mode5EL9_25, i16 %p_ZZN4nnet24compute_output_buffer_2dINS_5arrayI8ap_fixedILi16ELi2EL9ap_q_mode5EL9_24, i16 %p_ZZN4nnet24compute_output_buffer_2dINS_5arrayI8ap_fixedILi16ELi2EL9ap_q_mode5EL9_23, i16 %p_ZZN4nnet24compute_output_buffer_2dINS_5arrayI8ap_fixedILi16ELi2EL9ap_q_mode5EL9_22, i16 %p_ZZN4nnet24compute_output_buffer_2dINS_5arrayI8ap_fixedILi16ELi2EL9ap_q_mode5EL9_21, i16 %p_ZZN4nnet24compute_output_buffer_2dINS_5arrayI8ap_fixedILi16ELi2EL9ap_q_mode5EL9_20, i16 %p_ZZN4nnet24compute_output_buffer_2dINS_5arrayI8ap_fixedILi16ELi2EL9ap_q_mode5EL9_19, i16 %p_ZZN4nnet24compute_output_buffer_2dINS_5arrayI8ap_fixedILi16ELi2EL9ap_q_mode5EL9_18, i16 %p_ZZN4nnet24compute_output_buffer_2dINS_5arrayI8ap_fixedILi16ELi2EL9ap_q_mode5EL9_17, i16 %p_ZZN4nnet24compute_output_buffer_2dINS_5arrayI8ap_fixedILi16ELi2EL9ap_q_mode5EL9_16, i16 %p_ZZN4nnet24compute_output_buffer_2dINS_5arrayI8ap_fixedILi16ELi2EL9ap_q_mode5EL9_15, i16 %p_ZZN4nnet24compute_output_buffer_2dINS_5arrayI8ap_fixedILi16ELi2EL9ap_q_mode5EL9_14, i16 %p_ZZN4nnet24compute_output_buffer_2dINS_5arrayI8ap_fixedILi16ELi2EL9ap_q_mode5EL9_13, i16 %p_ZZN4nnet24compute_output_buffer_2dINS_5arrayI8ap_fixedILi16ELi2EL9ap_q_mode5EL9_12, i16 %p_ZZN4nnet24compute_output_buffer_2dINS_5arrayI8ap_fixedILi16ELi2EL9ap_q_mode5EL9_11, i16 %p_ZZN4nnet24compute_output_buffer_2dINS_5arrayI8ap_fixedILi16ELi2EL9ap_q_mode5EL9_10, i16 %p_ZZN4nnet24compute_output_buffer_2dINS_5arrayI8ap_fixedILi16ELi2EL9ap_q_mode5EL9_9, i16 %p_ZZN4nnet24compute_output_buffer_2dINS_5arrayI8ap_fixedILi16ELi2EL9ap_q_mode5EL9_8, i16 %p_ZZN4nnet24compute_output_buffer_2dINS_5arrayI8ap_fixedILi16ELi2EL9ap_q_mode5EL9_7, i16 %p_ZZN4nnet24compute_output_buffer_2dINS_5arrayI8ap_fixedILi16ELi2EL9ap_q_mode5EL9_6, i16 %p_ZZN4nnet24compute_output_buffer_2dINS_5arrayI8ap_fixedILi16ELi2EL9ap_q_mode5EL9_5, i16 %p_ZZN4nnet24compute_output_buffer_2dINS_5arrayI8ap_fixedILi16ELi2EL9ap_q_mode5EL9_4, i16 %p_ZZN4nnet24compute_output_buffer_2dINS_5arrayI8ap_fixedILi16ELi2EL9ap_q_mode5EL9_3, i16 %p_ZZN4nnet24compute_output_buffer_2dINS_5arrayI8ap_fixedILi16ELi2EL9ap_q_mode5EL9_2, i16 %p_ZZN4nnet24compute_output_buffer_2dINS_5arrayI8ap_fixedILi16ELi2EL9ap_q_mode5EL9_1, i16 %p_ZZN4nnet24compute_output_buffer_2dINS_5arrayI8ap_fixedILi16ELi2EL9ap_q_mode5EL9" [firmware/nnet_utils/nnet_conv_stream.h:294]   --->   Operation 43 'call' 'tmp' <Predicate = (icmp_ln289 & and_ln289_1)> <Delay = 0.00> <CoreType = "Generic">   --->   Core 0 '' <Latency = 0> <II = 1> <Delay = 1.00> <Generic> <Opcode : >
ST_2 : Operation 44 [1/1] (0.00ns)   --->   "%storemerge = phi i32 %select_ln323, void %if.else, i32 0, void %if.then12" [firmware/nnet_utils/nnet_conv_stream.h:323]   --->   Operation 44 'phi' 'storemerge' <Predicate = (icmp_ln313)> <Delay = 0.00>
ST_2 : Operation 45 [1/1] (0.00ns)   --->   "%store_ln319 = store i32 %storemerge, i32 %sY" [firmware/nnet_utils/nnet_conv_stream.h:319]   --->   Operation 45 'store' 'store_ln319' <Predicate = (icmp_ln313)> <Delay = 0.00>
ST_2 : Operation 46 [1/1] (0.00ns)   --->   "%br_ln325 = br void %if.end31" [firmware/nnet_utils/nnet_conv_stream.h:325]   --->   Operation 46 'br' 'br_ln325' <Predicate = (icmp_ln313)> <Delay = 0.00>

State 3 <SV = 2> <Delay = 4.09>
ST_3 : Operation 47 [4/5] (4.09ns)   --->   "%tmp = call i240 @dense_latency<ap_fixed<16, 2, 5, 3, 0>, ap_fixed<12, 2, 5, 3, 0>, config2_mult>, i16 %void_compute_output_buffer_2d_array_const_ap_shift_reg_n_chan_stream_weig_9, i16 %void_compute_output_buffer_2d_array_const_ap_shift_reg_n_chan_stream_weig_8, i16 %void_compute_output_buffer_2d_array_const_ap_shift_reg_n_chan_stream_weig_7, i16 %void_compute_output_buffer_2d_array_const_ap_shift_reg_n_chan_stream_weig_6, i16 %void_compute_output_buffer_2d_array_const_ap_shift_reg_n_chan_stream_weig_5, i16 %void_compute_output_buffer_2d_array_const_ap_shift_reg_n_chan_stream_weig_4, i16 %void_compute_output_buffer_2d_array_const_ap_shift_reg_n_chan_stream_weig_3, i16 %void_compute_output_buffer_2d_array_const_ap_shift_reg_n_chan_stream_weig_2, i16 %void_compute_output_buffer_2d_array_const_ap_shift_reg_n_chan_stream_weig_1, i16 %void_compute_output_buffer_2d_array_const_ap_shift_reg_n_chan_stream_weig, i16 %p_ZZN4nnet24compute_output_buffer_2dINS_5arrayI8ap_fixedILi16ELi2EL9ap_q_mode5EL9_29, i16 %p_ZZN4nnet24compute_output_buffer_2dINS_5arrayI8ap_fixedILi16ELi2EL9ap_q_mode5EL9_28, i16 %p_ZZN4nnet24compute_output_buffer_2dINS_5arrayI8ap_fixedILi16ELi2EL9ap_q_mode5EL9_27, i16 %p_ZZN4nnet24compute_output_buffer_2dINS_5arrayI8ap_fixedILi16ELi2EL9ap_q_mode5EL9_26, i16 %p_ZZN4nnet24compute_output_buffer_2dINS_5arrayI8ap_fixedILi16ELi2EL9ap_q_mode5EL9_25, i16 %p_ZZN4nnet24compute_output_buffer_2dINS_5arrayI8ap_fixedILi16ELi2EL9ap_q_mode5EL9_24, i16 %p_ZZN4nnet24compute_output_buffer_2dINS_5arrayI8ap_fixedILi16ELi2EL9ap_q_mode5EL9_23, i16 %p_ZZN4nnet24compute_output_buffer_2dINS_5arrayI8ap_fixedILi16ELi2EL9ap_q_mode5EL9_22, i16 %p_ZZN4nnet24compute_output_buffer_2dINS_5arrayI8ap_fixedILi16ELi2EL9ap_q_mode5EL9_21, i16 %p_ZZN4nnet24compute_output_buffer_2dINS_5arrayI8ap_fixedILi16ELi2EL9ap_q_mode5EL9_20, i16 %p_ZZN4nnet24compute_output_buffer_2dINS_5arrayI8ap_fixedILi16ELi2EL9ap_q_mode5EL9_19, i16 %p_ZZN4nnet24compute_output_buffer_2dINS_5arrayI8ap_fixedILi16ELi2EL9ap_q_mode5EL9_18, i16 %p_ZZN4nnet24compute_output_buffer_2dINS_5arrayI8ap_fixedILi16ELi2EL9ap_q_mode5EL9_17, i16 %p_ZZN4nnet24compute_output_buffer_2dINS_5arrayI8ap_fixedILi16ELi2EL9ap_q_mode5EL9_16, i16 %p_ZZN4nnet24compute_output_buffer_2dINS_5arrayI8ap_fixedILi16ELi2EL9ap_q_mode5EL9_15, i16 %p_ZZN4nnet24compute_output_buffer_2dINS_5arrayI8ap_fixedILi16ELi2EL9ap_q_mode5EL9_14, i16 %p_ZZN4nnet24compute_output_buffer_2dINS_5arrayI8ap_fixedILi16ELi2EL9ap_q_mode5EL9_13, i16 %p_ZZN4nnet24compute_output_buffer_2dINS_5arrayI8ap_fixedILi16ELi2EL9ap_q_mode5EL9_12, i16 %p_ZZN4nnet24compute_output_buffer_2dINS_5arrayI8ap_fixedILi16ELi2EL9ap_q_mode5EL9_11, i16 %p_ZZN4nnet24compute_output_buffer_2dINS_5arrayI8ap_fixedILi16ELi2EL9ap_q_mode5EL9_10, i16 %p_ZZN4nnet24compute_output_buffer_2dINS_5arrayI8ap_fixedILi16ELi2EL9ap_q_mode5EL9_9, i16 %p_ZZN4nnet24compute_output_buffer_2dINS_5arrayI8ap_fixedILi16ELi2EL9ap_q_mode5EL9_8, i16 %p_ZZN4nnet24compute_output_buffer_2dINS_5arrayI8ap_fixedILi16ELi2EL9ap_q_mode5EL9_7, i16 %p_ZZN4nnet24compute_output_buffer_2dINS_5arrayI8ap_fixedILi16ELi2EL9ap_q_mode5EL9_6, i16 %p_ZZN4nnet24compute_output_buffer_2dINS_5arrayI8ap_fixedILi16ELi2EL9ap_q_mode5EL9_5, i16 %p_ZZN4nnet24compute_output_buffer_2dINS_5arrayI8ap_fixedILi16ELi2EL9ap_q_mode5EL9_4, i16 %p_ZZN4nnet24compute_output_buffer_2dINS_5arrayI8ap_fixedILi16ELi2EL9ap_q_mode5EL9_3, i16 %p_ZZN4nnet24compute_output_buffer_2dINS_5arrayI8ap_fixedILi16ELi2EL9ap_q_mode5EL9_2, i16 %p_ZZN4nnet24compute_output_buffer_2dINS_5arrayI8ap_fixedILi16ELi2EL9ap_q_mode5EL9_1, i16 %p_ZZN4nnet24compute_output_buffer_2dINS_5arrayI8ap_fixedILi16ELi2EL9ap_q_mode5EL9" [firmware/nnet_utils/nnet_conv_stream.h:294]   --->   Operation 47 'call' 'tmp' <Predicate = (icmp_ln289 & and_ln289_1)> <Delay = 4.09> <CoreType = "Generic">   --->   Core 0 '' <Latency = 0> <II = 1> <Delay = 1.00> <Generic> <Opcode : >

State 4 <SV = 3> <Delay = 4.09>
ST_4 : Operation 48 [3/5] (4.09ns)   --->   "%tmp = call i240 @dense_latency<ap_fixed<16, 2, 5, 3, 0>, ap_fixed<12, 2, 5, 3, 0>, config2_mult>, i16 %void_compute_output_buffer_2d_array_const_ap_shift_reg_n_chan_stream_weig_9, i16 %void_compute_output_buffer_2d_array_const_ap_shift_reg_n_chan_stream_weig_8, i16 %void_compute_output_buffer_2d_array_const_ap_shift_reg_n_chan_stream_weig_7, i16 %void_compute_output_buffer_2d_array_const_ap_shift_reg_n_chan_stream_weig_6, i16 %void_compute_output_buffer_2d_array_const_ap_shift_reg_n_chan_stream_weig_5, i16 %void_compute_output_buffer_2d_array_const_ap_shift_reg_n_chan_stream_weig_4, i16 %void_compute_output_buffer_2d_array_const_ap_shift_reg_n_chan_stream_weig_3, i16 %void_compute_output_buffer_2d_array_const_ap_shift_reg_n_chan_stream_weig_2, i16 %void_compute_output_buffer_2d_array_const_ap_shift_reg_n_chan_stream_weig_1, i16 %void_compute_output_buffer_2d_array_const_ap_shift_reg_n_chan_stream_weig, i16 %p_ZZN4nnet24compute_output_buffer_2dINS_5arrayI8ap_fixedILi16ELi2EL9ap_q_mode5EL9_29, i16 %p_ZZN4nnet24compute_output_buffer_2dINS_5arrayI8ap_fixedILi16ELi2EL9ap_q_mode5EL9_28, i16 %p_ZZN4nnet24compute_output_buffer_2dINS_5arrayI8ap_fixedILi16ELi2EL9ap_q_mode5EL9_27, i16 %p_ZZN4nnet24compute_output_buffer_2dINS_5arrayI8ap_fixedILi16ELi2EL9ap_q_mode5EL9_26, i16 %p_ZZN4nnet24compute_output_buffer_2dINS_5arrayI8ap_fixedILi16ELi2EL9ap_q_mode5EL9_25, i16 %p_ZZN4nnet24compute_output_buffer_2dINS_5arrayI8ap_fixedILi16ELi2EL9ap_q_mode5EL9_24, i16 %p_ZZN4nnet24compute_output_buffer_2dINS_5arrayI8ap_fixedILi16ELi2EL9ap_q_mode5EL9_23, i16 %p_ZZN4nnet24compute_output_buffer_2dINS_5arrayI8ap_fixedILi16ELi2EL9ap_q_mode5EL9_22, i16 %p_ZZN4nnet24compute_output_buffer_2dINS_5arrayI8ap_fixedILi16ELi2EL9ap_q_mode5EL9_21, i16 %p_ZZN4nnet24compute_output_buffer_2dINS_5arrayI8ap_fixedILi16ELi2EL9ap_q_mode5EL9_20, i16 %p_ZZN4nnet24compute_output_buffer_2dINS_5arrayI8ap_fixedILi16ELi2EL9ap_q_mode5EL9_19, i16 %p_ZZN4nnet24compute_output_buffer_2dINS_5arrayI8ap_fixedILi16ELi2EL9ap_q_mode5EL9_18, i16 %p_ZZN4nnet24compute_output_buffer_2dINS_5arrayI8ap_fixedILi16ELi2EL9ap_q_mode5EL9_17, i16 %p_ZZN4nnet24compute_output_buffer_2dINS_5arrayI8ap_fixedILi16ELi2EL9ap_q_mode5EL9_16, i16 %p_ZZN4nnet24compute_output_buffer_2dINS_5arrayI8ap_fixedILi16ELi2EL9ap_q_mode5EL9_15, i16 %p_ZZN4nnet24compute_output_buffer_2dINS_5arrayI8ap_fixedILi16ELi2EL9ap_q_mode5EL9_14, i16 %p_ZZN4nnet24compute_output_buffer_2dINS_5arrayI8ap_fixedILi16ELi2EL9ap_q_mode5EL9_13, i16 %p_ZZN4nnet24compute_output_buffer_2dINS_5arrayI8ap_fixedILi16ELi2EL9ap_q_mode5EL9_12, i16 %p_ZZN4nnet24compute_output_buffer_2dINS_5arrayI8ap_fixedILi16ELi2EL9ap_q_mode5EL9_11, i16 %p_ZZN4nnet24compute_output_buffer_2dINS_5arrayI8ap_fixedILi16ELi2EL9ap_q_mode5EL9_10, i16 %p_ZZN4nnet24compute_output_buffer_2dINS_5arrayI8ap_fixedILi16ELi2EL9ap_q_mode5EL9_9, i16 %p_ZZN4nnet24compute_output_buffer_2dINS_5arrayI8ap_fixedILi16ELi2EL9ap_q_mode5EL9_8, i16 %p_ZZN4nnet24compute_output_buffer_2dINS_5arrayI8ap_fixedILi16ELi2EL9ap_q_mode5EL9_7, i16 %p_ZZN4nnet24compute_output_buffer_2dINS_5arrayI8ap_fixedILi16ELi2EL9ap_q_mode5EL9_6, i16 %p_ZZN4nnet24compute_output_buffer_2dINS_5arrayI8ap_fixedILi16ELi2EL9ap_q_mode5EL9_5, i16 %p_ZZN4nnet24compute_output_buffer_2dINS_5arrayI8ap_fixedILi16ELi2EL9ap_q_mode5EL9_4, i16 %p_ZZN4nnet24compute_output_buffer_2dINS_5arrayI8ap_fixedILi16ELi2EL9ap_q_mode5EL9_3, i16 %p_ZZN4nnet24compute_output_buffer_2dINS_5arrayI8ap_fixedILi16ELi2EL9ap_q_mode5EL9_2, i16 %p_ZZN4nnet24compute_output_buffer_2dINS_5arrayI8ap_fixedILi16ELi2EL9ap_q_mode5EL9_1, i16 %p_ZZN4nnet24compute_output_buffer_2dINS_5arrayI8ap_fixedILi16ELi2EL9ap_q_mode5EL9" [firmware/nnet_utils/nnet_conv_stream.h:294]   --->   Operation 48 'call' 'tmp' <Predicate = (icmp_ln289 & and_ln289_1)> <Delay = 4.09> <CoreType = "Generic">   --->   Core 0 '' <Latency = 0> <II = 1> <Delay = 1.00> <Generic> <Opcode : >

State 5 <SV = 4> <Delay = 4.09>
ST_5 : Operation 49 [2/5] (4.09ns)   --->   "%tmp = call i240 @dense_latency<ap_fixed<16, 2, 5, 3, 0>, ap_fixed<12, 2, 5, 3, 0>, config2_mult>, i16 %void_compute_output_buffer_2d_array_const_ap_shift_reg_n_chan_stream_weig_9, i16 %void_compute_output_buffer_2d_array_const_ap_shift_reg_n_chan_stream_weig_8, i16 %void_compute_output_buffer_2d_array_const_ap_shift_reg_n_chan_stream_weig_7, i16 %void_compute_output_buffer_2d_array_const_ap_shift_reg_n_chan_stream_weig_6, i16 %void_compute_output_buffer_2d_array_const_ap_shift_reg_n_chan_stream_weig_5, i16 %void_compute_output_buffer_2d_array_const_ap_shift_reg_n_chan_stream_weig_4, i16 %void_compute_output_buffer_2d_array_const_ap_shift_reg_n_chan_stream_weig_3, i16 %void_compute_output_buffer_2d_array_const_ap_shift_reg_n_chan_stream_weig_2, i16 %void_compute_output_buffer_2d_array_const_ap_shift_reg_n_chan_stream_weig_1, i16 %void_compute_output_buffer_2d_array_const_ap_shift_reg_n_chan_stream_weig, i16 %p_ZZN4nnet24compute_output_buffer_2dINS_5arrayI8ap_fixedILi16ELi2EL9ap_q_mode5EL9_29, i16 %p_ZZN4nnet24compute_output_buffer_2dINS_5arrayI8ap_fixedILi16ELi2EL9ap_q_mode5EL9_28, i16 %p_ZZN4nnet24compute_output_buffer_2dINS_5arrayI8ap_fixedILi16ELi2EL9ap_q_mode5EL9_27, i16 %p_ZZN4nnet24compute_output_buffer_2dINS_5arrayI8ap_fixedILi16ELi2EL9ap_q_mode5EL9_26, i16 %p_ZZN4nnet24compute_output_buffer_2dINS_5arrayI8ap_fixedILi16ELi2EL9ap_q_mode5EL9_25, i16 %p_ZZN4nnet24compute_output_buffer_2dINS_5arrayI8ap_fixedILi16ELi2EL9ap_q_mode5EL9_24, i16 %p_ZZN4nnet24compute_output_buffer_2dINS_5arrayI8ap_fixedILi16ELi2EL9ap_q_mode5EL9_23, i16 %p_ZZN4nnet24compute_output_buffer_2dINS_5arrayI8ap_fixedILi16ELi2EL9ap_q_mode5EL9_22, i16 %p_ZZN4nnet24compute_output_buffer_2dINS_5arrayI8ap_fixedILi16ELi2EL9ap_q_mode5EL9_21, i16 %p_ZZN4nnet24compute_output_buffer_2dINS_5arrayI8ap_fixedILi16ELi2EL9ap_q_mode5EL9_20, i16 %p_ZZN4nnet24compute_output_buffer_2dINS_5arrayI8ap_fixedILi16ELi2EL9ap_q_mode5EL9_19, i16 %p_ZZN4nnet24compute_output_buffer_2dINS_5arrayI8ap_fixedILi16ELi2EL9ap_q_mode5EL9_18, i16 %p_ZZN4nnet24compute_output_buffer_2dINS_5arrayI8ap_fixedILi16ELi2EL9ap_q_mode5EL9_17, i16 %p_ZZN4nnet24compute_output_buffer_2dINS_5arrayI8ap_fixedILi16ELi2EL9ap_q_mode5EL9_16, i16 %p_ZZN4nnet24compute_output_buffer_2dINS_5arrayI8ap_fixedILi16ELi2EL9ap_q_mode5EL9_15, i16 %p_ZZN4nnet24compute_output_buffer_2dINS_5arrayI8ap_fixedILi16ELi2EL9ap_q_mode5EL9_14, i16 %p_ZZN4nnet24compute_output_buffer_2dINS_5arrayI8ap_fixedILi16ELi2EL9ap_q_mode5EL9_13, i16 %p_ZZN4nnet24compute_output_buffer_2dINS_5arrayI8ap_fixedILi16ELi2EL9ap_q_mode5EL9_12, i16 %p_ZZN4nnet24compute_output_buffer_2dINS_5arrayI8ap_fixedILi16ELi2EL9ap_q_mode5EL9_11, i16 %p_ZZN4nnet24compute_output_buffer_2dINS_5arrayI8ap_fixedILi16ELi2EL9ap_q_mode5EL9_10, i16 %p_ZZN4nnet24compute_output_buffer_2dINS_5arrayI8ap_fixedILi16ELi2EL9ap_q_mode5EL9_9, i16 %p_ZZN4nnet24compute_output_buffer_2dINS_5arrayI8ap_fixedILi16ELi2EL9ap_q_mode5EL9_8, i16 %p_ZZN4nnet24compute_output_buffer_2dINS_5arrayI8ap_fixedILi16ELi2EL9ap_q_mode5EL9_7, i16 %p_ZZN4nnet24compute_output_buffer_2dINS_5arrayI8ap_fixedILi16ELi2EL9ap_q_mode5EL9_6, i16 %p_ZZN4nnet24compute_output_buffer_2dINS_5arrayI8ap_fixedILi16ELi2EL9ap_q_mode5EL9_5, i16 %p_ZZN4nnet24compute_output_buffer_2dINS_5arrayI8ap_fixedILi16ELi2EL9ap_q_mode5EL9_4, i16 %p_ZZN4nnet24compute_output_buffer_2dINS_5arrayI8ap_fixedILi16ELi2EL9ap_q_mode5EL9_3, i16 %p_ZZN4nnet24compute_output_buffer_2dINS_5arrayI8ap_fixedILi16ELi2EL9ap_q_mode5EL9_2, i16 %p_ZZN4nnet24compute_output_buffer_2dINS_5arrayI8ap_fixedILi16ELi2EL9ap_q_mode5EL9_1, i16 %p_ZZN4nnet24compute_output_buffer_2dINS_5arrayI8ap_fixedILi16ELi2EL9ap_q_mode5EL9" [firmware/nnet_utils/nnet_conv_stream.h:294]   --->   Operation 49 'call' 'tmp' <Predicate = (icmp_ln289 & and_ln289_1)> <Delay = 4.09> <CoreType = "Generic">   --->   Core 0 '' <Latency = 0> <II = 1> <Delay = 1.00> <Generic> <Opcode : >

State 6 <SV = 5> <Delay = 3.76>
ST_6 : Operation 50 [1/5] (3.76ns)   --->   "%tmp = call i240 @dense_latency<ap_fixed<16, 2, 5, 3, 0>, ap_fixed<12, 2, 5, 3, 0>, config2_mult>, i16 %void_compute_output_buffer_2d_array_const_ap_shift_reg_n_chan_stream_weig_9, i16 %void_compute_output_buffer_2d_array_const_ap_shift_reg_n_chan_stream_weig_8, i16 %void_compute_output_buffer_2d_array_const_ap_shift_reg_n_chan_stream_weig_7, i16 %void_compute_output_buffer_2d_array_const_ap_shift_reg_n_chan_stream_weig_6, i16 %void_compute_output_buffer_2d_array_const_ap_shift_reg_n_chan_stream_weig_5, i16 %void_compute_output_buffer_2d_array_const_ap_shift_reg_n_chan_stream_weig_4, i16 %void_compute_output_buffer_2d_array_const_ap_shift_reg_n_chan_stream_weig_3, i16 %void_compute_output_buffer_2d_array_const_ap_shift_reg_n_chan_stream_weig_2, i16 %void_compute_output_buffer_2d_array_const_ap_shift_reg_n_chan_stream_weig_1, i16 %void_compute_output_buffer_2d_array_const_ap_shift_reg_n_chan_stream_weig, i16 %p_ZZN4nnet24compute_output_buffer_2dINS_5arrayI8ap_fixedILi16ELi2EL9ap_q_mode5EL9_29, i16 %p_ZZN4nnet24compute_output_buffer_2dINS_5arrayI8ap_fixedILi16ELi2EL9ap_q_mode5EL9_28, i16 %p_ZZN4nnet24compute_output_buffer_2dINS_5arrayI8ap_fixedILi16ELi2EL9ap_q_mode5EL9_27, i16 %p_ZZN4nnet24compute_output_buffer_2dINS_5arrayI8ap_fixedILi16ELi2EL9ap_q_mode5EL9_26, i16 %p_ZZN4nnet24compute_output_buffer_2dINS_5arrayI8ap_fixedILi16ELi2EL9ap_q_mode5EL9_25, i16 %p_ZZN4nnet24compute_output_buffer_2dINS_5arrayI8ap_fixedILi16ELi2EL9ap_q_mode5EL9_24, i16 %p_ZZN4nnet24compute_output_buffer_2dINS_5arrayI8ap_fixedILi16ELi2EL9ap_q_mode5EL9_23, i16 %p_ZZN4nnet24compute_output_buffer_2dINS_5arrayI8ap_fixedILi16ELi2EL9ap_q_mode5EL9_22, i16 %p_ZZN4nnet24compute_output_buffer_2dINS_5arrayI8ap_fixedILi16ELi2EL9ap_q_mode5EL9_21, i16 %p_ZZN4nnet24compute_output_buffer_2dINS_5arrayI8ap_fixedILi16ELi2EL9ap_q_mode5EL9_20, i16 %p_ZZN4nnet24compute_output_buffer_2dINS_5arrayI8ap_fixedILi16ELi2EL9ap_q_mode5EL9_19, i16 %p_ZZN4nnet24compute_output_buffer_2dINS_5arrayI8ap_fixedILi16ELi2EL9ap_q_mode5EL9_18, i16 %p_ZZN4nnet24compute_output_buffer_2dINS_5arrayI8ap_fixedILi16ELi2EL9ap_q_mode5EL9_17, i16 %p_ZZN4nnet24compute_output_buffer_2dINS_5arrayI8ap_fixedILi16ELi2EL9ap_q_mode5EL9_16, i16 %p_ZZN4nnet24compute_output_buffer_2dINS_5arrayI8ap_fixedILi16ELi2EL9ap_q_mode5EL9_15, i16 %p_ZZN4nnet24compute_output_buffer_2dINS_5arrayI8ap_fixedILi16ELi2EL9ap_q_mode5EL9_14, i16 %p_ZZN4nnet24compute_output_buffer_2dINS_5arrayI8ap_fixedILi16ELi2EL9ap_q_mode5EL9_13, i16 %p_ZZN4nnet24compute_output_buffer_2dINS_5arrayI8ap_fixedILi16ELi2EL9ap_q_mode5EL9_12, i16 %p_ZZN4nnet24compute_output_buffer_2dINS_5arrayI8ap_fixedILi16ELi2EL9ap_q_mode5EL9_11, i16 %p_ZZN4nnet24compute_output_buffer_2dINS_5arrayI8ap_fixedILi16ELi2EL9ap_q_mode5EL9_10, i16 %p_ZZN4nnet24compute_output_buffer_2dINS_5arrayI8ap_fixedILi16ELi2EL9ap_q_mode5EL9_9, i16 %p_ZZN4nnet24compute_output_buffer_2dINS_5arrayI8ap_fixedILi16ELi2EL9ap_q_mode5EL9_8, i16 %p_ZZN4nnet24compute_output_buffer_2dINS_5arrayI8ap_fixedILi16ELi2EL9ap_q_mode5EL9_7, i16 %p_ZZN4nnet24compute_output_buffer_2dINS_5arrayI8ap_fixedILi16ELi2EL9ap_q_mode5EL9_6, i16 %p_ZZN4nnet24compute_output_buffer_2dINS_5arrayI8ap_fixedILi16ELi2EL9ap_q_mode5EL9_5, i16 %p_ZZN4nnet24compute_output_buffer_2dINS_5arrayI8ap_fixedILi16ELi2EL9ap_q_mode5EL9_4, i16 %p_ZZN4nnet24compute_output_buffer_2dINS_5arrayI8ap_fixedILi16ELi2EL9ap_q_mode5EL9_3, i16 %p_ZZN4nnet24compute_output_buffer_2dINS_5arrayI8ap_fixedILi16ELi2EL9ap_q_mode5EL9_2, i16 %p_ZZN4nnet24compute_output_buffer_2dINS_5arrayI8ap_fixedILi16ELi2EL9ap_q_mode5EL9_1, i16 %p_ZZN4nnet24compute_output_buffer_2dINS_5arrayI8ap_fixedILi16ELi2EL9ap_q_mode5EL9" [firmware/nnet_utils/nnet_conv_stream.h:294]   --->   Operation 50 'call' 'tmp' <Predicate = (icmp_ln289 & and_ln289_1)> <Delay = 3.76> <CoreType = "Generic">   --->   Core 0 '' <Latency = 0> <II = 1> <Delay = 1.00> <Generic> <Opcode : >
ST_6 : Operation 51 [1/1] (0.00ns)   --->   "%res_out = extractvalue i240 %tmp" [firmware/nnet_utils/nnet_conv_stream.h:294]   --->   Operation 51 'extractvalue' 'res_out' <Predicate = (icmp_ln289 & and_ln289_1)> <Delay = 0.00>
ST_6 : Operation 52 [1/1] (0.00ns)   --->   "%res_out_1 = extractvalue i240 %tmp" [firmware/nnet_utils/nnet_conv_stream.h:294]   --->   Operation 52 'extractvalue' 'res_out_1' <Predicate = (icmp_ln289 & and_ln289_1)> <Delay = 0.00>
ST_6 : Operation 53 [1/1] (0.00ns)   --->   "%res_out_2 = extractvalue i240 %tmp" [firmware/nnet_utils/nnet_conv_stream.h:294]   --->   Operation 53 'extractvalue' 'res_out_2' <Predicate = (icmp_ln289 & and_ln289_1)> <Delay = 0.00>
ST_6 : Operation 54 [1/1] (0.00ns)   --->   "%res_out_3 = extractvalue i240 %tmp" [firmware/nnet_utils/nnet_conv_stream.h:294]   --->   Operation 54 'extractvalue' 'res_out_3' <Predicate = (icmp_ln289 & and_ln289_1)> <Delay = 0.00>
ST_6 : Operation 55 [1/1] (0.00ns)   --->   "%res_out_4 = extractvalue i240 %tmp" [firmware/nnet_utils/nnet_conv_stream.h:294]   --->   Operation 55 'extractvalue' 'res_out_4' <Predicate = (icmp_ln289 & and_ln289_1)> <Delay = 0.00>
ST_6 : Operation 56 [1/1] (0.00ns)   --->   "%res_out_5 = extractvalue i240 %tmp" [firmware/nnet_utils/nnet_conv_stream.h:294]   --->   Operation 56 'extractvalue' 'res_out_5' <Predicate = (icmp_ln289 & and_ln289_1)> <Delay = 0.00>
ST_6 : Operation 57 [1/1] (0.00ns)   --->   "%res_out_6 = extractvalue i240 %tmp" [firmware/nnet_utils/nnet_conv_stream.h:294]   --->   Operation 57 'extractvalue' 'res_out_6' <Predicate = (icmp_ln289 & and_ln289_1)> <Delay = 0.00>
ST_6 : Operation 58 [1/1] (0.00ns)   --->   "%res_out_7 = extractvalue i240 %tmp" [firmware/nnet_utils/nnet_conv_stream.h:294]   --->   Operation 58 'extractvalue' 'res_out_7' <Predicate = (icmp_ln289 & and_ln289_1)> <Delay = 0.00>
ST_6 : Operation 59 [1/1] (0.00ns)   --->   "%res_out_8 = extractvalue i240 %tmp" [firmware/nnet_utils/nnet_conv_stream.h:294]   --->   Operation 59 'extractvalue' 'res_out_8' <Predicate = (icmp_ln289 & and_ln289_1)> <Delay = 0.00>
ST_6 : Operation 60 [1/1] (0.00ns)   --->   "%res_out_9 = extractvalue i240 %tmp" [firmware/nnet_utils/nnet_conv_stream.h:294]   --->   Operation 60 'extractvalue' 'res_out_9' <Predicate = (icmp_ln289 & and_ln289_1)> <Delay = 0.00>
ST_6 : Operation 61 [1/1] (0.00ns)   --->   "%res_out_19 = extractvalue i240 %tmp" [firmware/nnet_utils/nnet_conv_stream.h:294]   --->   Operation 61 'extractvalue' 'res_out_19' <Predicate = (icmp_ln289 & and_ln289_1)> <Delay = 0.00>
ST_6 : Operation 62 [1/1] (0.00ns)   --->   "%res_out_20 = extractvalue i240 %tmp" [firmware/nnet_utils/nnet_conv_stream.h:294]   --->   Operation 62 'extractvalue' 'res_out_20' <Predicate = (icmp_ln289 & and_ln289_1)> <Delay = 0.00>
ST_6 : Operation 63 [1/1] (0.00ns)   --->   "%res_out_21 = extractvalue i240 %tmp" [firmware/nnet_utils/nnet_conv_stream.h:294]   --->   Operation 63 'extractvalue' 'res_out_21' <Predicate = (icmp_ln289 & and_ln289_1)> <Delay = 0.00>
ST_6 : Operation 64 [1/1] (0.00ns)   --->   "%res_out_22 = extractvalue i240 %tmp" [firmware/nnet_utils/nnet_conv_stream.h:294]   --->   Operation 64 'extractvalue' 'res_out_22' <Predicate = (icmp_ln289 & and_ln289_1)> <Delay = 0.00>
ST_6 : Operation 65 [1/1] (0.00ns)   --->   "%res_out_23 = extractvalue i240 %tmp" [firmware/nnet_utils/nnet_conv_stream.h:294]   --->   Operation 65 'extractvalue' 'res_out_23' <Predicate = (icmp_ln289 & and_ln289_1)> <Delay = 0.00>
ST_6 : Operation 66 [1/1] (0.00ns)   --->   "%res_out_24 = extractvalue i240 %tmp" [firmware/nnet_utils/nnet_conv_stream.h:294]   --->   Operation 66 'extractvalue' 'res_out_24' <Predicate = (icmp_ln289 & and_ln289_1)> <Delay = 0.00>
ST_6 : Operation 67 [1/1] (0.00ns)   --->   "%res_out_25 = extractvalue i240 %tmp" [firmware/nnet_utils/nnet_conv_stream.h:294]   --->   Operation 67 'extractvalue' 'res_out_25' <Predicate = (icmp_ln289 & and_ln289_1)> <Delay = 0.00>
ST_6 : Operation 68 [1/1] (0.00ns)   --->   "%res_out_26 = extractvalue i240 %tmp" [firmware/nnet_utils/nnet_conv_stream.h:294]   --->   Operation 68 'extractvalue' 'res_out_26' <Predicate = (icmp_ln289 & and_ln289_1)> <Delay = 0.00>
ST_6 : Operation 69 [1/1] (0.00ns)   --->   "%res_out_27 = extractvalue i240 %tmp" [firmware/nnet_utils/nnet_conv_stream.h:294]   --->   Operation 69 'extractvalue' 'res_out_27' <Predicate = (icmp_ln289 & and_ln289_1)> <Delay = 0.00>
ST_6 : Operation 70 [1/1] (0.00ns)   --->   "%res_out_28 = extractvalue i240 %tmp" [firmware/nnet_utils/nnet_conv_stream.h:294]   --->   Operation 70 'extractvalue' 'res_out_28' <Predicate = (icmp_ln289 & and_ln289_1)> <Delay = 0.00>

State 7 <SV = 6> <Delay = 1.66>
ST_7 : Operation 71 [1/1] (0.00ns)   --->   "%p_0 = bitconcatenate i240 @_ssdm_op_BitConcatenate.i240.i12.i12.i12.i12.i12.i12.i12.i12.i12.i12.i12.i12.i12.i12.i12.i12.i12.i12.i12.i12, i12 %res_out_28, i12 %res_out_27, i12 %res_out_26, i12 %res_out_25, i12 %res_out_24, i12 %res_out_23, i12 %res_out_22, i12 %res_out_21, i12 %res_out_20, i12 %res_out_19, i12 %res_out_9, i12 %res_out_8, i12 %res_out_7, i12 %res_out_6, i12 %res_out_5, i12 %res_out_4, i12 %res_out_3, i12 %res_out_2, i12 %res_out_1, i12 %res_out" [firmware/nnet_utils/nnet_conv_stream.h:309]   --->   Operation 71 'bitconcatenate' 'p_0' <Predicate = (icmp_ln289 & and_ln289_1)> <Delay = 0.00>
ST_7 : Operation 72 [1/1] (1.66ns)   --->   "%write_ln309 = write void @_ssdm_op_Write.ap_fifo.volatile.i240P0A, i240 %layer2_out, i240 %p_0" [firmware/nnet_utils/nnet_conv_stream.h:309]   --->   Operation 72 'write' 'write_ln309' <Predicate = (icmp_ln289 & and_ln289_1)> <Delay = 1.66> <CoreInst = "FIFO">   --->   Core 78 'FIFO' <Latency = 0> <II = 1> <Delay = 1.66> <Storage> <Opcode : 'read' 'write' 'nbread' 'nbwrite'> <Ports = 0> <Width = 240> <Depth = 247> <FIFO>
ST_7 : Operation 73 [1/1] (0.00ns)   --->   "%br_ln310 = br void %if.end" [firmware/nnet_utils/nnet_conv_stream.h:310]   --->   Operation 73 'br' 'br_ln310' <Predicate = (icmp_ln289 & and_ln289_1)> <Delay = 0.00>
ST_7 : Operation 74 [1/1] (0.00ns)   --->   "%ret_ln330 = ret" [firmware/nnet_utils/nnet_conv_stream.h:330]   --->   Operation 74 'ret' 'ret_ln330' <Predicate = true> <Delay = 0.00>


============================================================
+ Verbose Summary: Timing violations
============================================================
Target clock period: 5.000ns, clock uncertainty: 0.625ns.

 <State 1>: 2.741ns
The critical path consists of the following:
	'load' operation 32 bit ('pX_load', firmware/nnet_utils/nnet_conv_stream.h:289) on static variable 'pX' [57]  (0.000 ns)
	'add' operation 32 bit ('add_ln313', firmware/nnet_utils/nnet_conv_stream.h:313) [92]  (1.016 ns)
	'icmp' operation 1 bit ('icmp_ln313', firmware/nnet_utils/nnet_conv_stream.h:313) [93]  (1.016 ns)
	'store' operation 0 bit ('store_ln326', firmware/nnet_utils/nnet_conv_stream.h:326) of variable 'add_ln313', firmware/nnet_utils/nnet_conv_stream.h:313 on static variable 'pX' [96]  (0.427 ns)
	blocking operation 0.282 ns on control path)

 <State 2>: 0.000ns
The critical path consists of the following:

 <State 3>: 4.096ns
The critical path consists of the following:
	'call' operation 240 bit ('tmp', firmware/nnet_utils/nnet_conv_stream.h:294) to 'dense_latency<ap_fixed<16, 2, 5, 3, 0>, ap_fixed<12, 2, 5, 3, 0>, config2_mult>' [67]  (4.096 ns)

 <State 4>: 4.096ns
The critical path consists of the following:
	'call' operation 240 bit ('tmp', firmware/nnet_utils/nnet_conv_stream.h:294) to 'dense_latency<ap_fixed<16, 2, 5, 3, 0>, ap_fixed<12, 2, 5, 3, 0>, config2_mult>' [67]  (4.096 ns)

 <State 5>: 4.096ns
The critical path consists of the following:
	'call' operation 240 bit ('tmp', firmware/nnet_utils/nnet_conv_stream.h:294) to 'dense_latency<ap_fixed<16, 2, 5, 3, 0>, ap_fixed<12, 2, 5, 3, 0>, config2_mult>' [67]  (4.096 ns)

 <State 6>: 3.761ns
The critical path consists of the following:
	'call' operation 240 bit ('tmp', firmware/nnet_utils/nnet_conv_stream.h:294) to 'dense_latency<ap_fixed<16, 2, 5, 3, 0>, ap_fixed<12, 2, 5, 3, 0>, config2_mult>' [67]  (3.761 ns)

 <State 7>: 1.668ns
The critical path consists of the following:
	fifo write operation ('write_ln309', firmware/nnet_utils/nnet_conv_stream.h:309) on port 'layer2_out' (firmware/nnet_utils/nnet_conv_stream.h:309) [89]  (1.668 ns)


============================================================
+ Verbose Summary: Binding
============================================================
N/A
* FSMD analyzer results:
  - Output states:
 - Input state : 
  - Chain level:
	State 1
	State 2
	State 3
	State 4
	State 5
	State 6
	State 7


============================================================
+ Verbose Summary: Datapath Resource usage 
============================================================
N/A
